[0.139s] Invoking command in '/home/riley/ros2_ws/src/build/my_package': CMAKE_PREFIX_PATH=/opt/ros/humble /usr/bin/cmake --build /home/riley/ros2_ws/src/build/my_package -- -j8 -l8
[0.169s] [35m[1mConsolidate compiler generated dependencies of target my_node[0m
[0.184s] [100%] Built target my_node
[0.383s] Invoked command in '/home/riley/ros2_ws/src/build/my_package' returned '0': CMAKE_PREFIX_PATH=/opt/ros/humble /usr/bin/cmake --build /home/riley/ros2_ws/src/build/my_package -- -j8 -l8
[0.410s] Invoking command in '/home/riley/ros2_ws/src/build/my_package': CMAKE_PREFIX_PATH=/opt/ros/humble /usr/bin/cmake --install /home/riley/ros2_ws/src/build/my_package
[0.415s] -- Install configuration: ""
[0.415s] -- Up-to-date: /home/riley/ros2_ws/src/install/my_package/lib/my_package/my_node
[0.415s] -- Up-to-date: /home/riley/ros2_ws/src/install/my_package/share/ament_index/resource_index/package_run_dependencies/my_package
[0.415s] -- Up-to-date: /home/riley/ros2_ws/src/install/my_package/share/ament_index/resource_index/parent_prefix_path/my_package
[0.415s] -- Up-to-date: /home/riley/ros2_ws/src/install/my_package/share/my_package/environment/ament_prefix_path.sh
[0.415s] -- Up-to-date: /home/riley/ros2_ws/src/install/my_package/share/my_package/environment/ament_prefix_path.dsv
[0.415s] -- Up-to-date: /home/riley/ros2_ws/src/install/my_package/share/my_package/environment/path.sh
[0.416s] -- Up-to-date: /home/riley/ros2_ws/src/install/my_package/share/my_package/environment/path.dsv
[0.416s] -- Up-to-date: /home/riley/ros2_ws/src/install/my_package/share/my_package/local_setup.bash
[0.416s] -- Up-to-date: /home/riley/ros2_ws/src/install/my_package/share/my_package/local_setup.sh
[0.416s] -- Up-to-date: /home/riley/ros2_ws/src/install/my_package/share/my_package/local_setup.zsh
[0.416s] -- Up-to-date: /home/riley/ros2_ws/src/install/my_package/share/my_package/local_setup.dsv
[0.416s] -- Up-to-date: /home/riley/ros2_ws/src/install/my_package/share/my_package/package.dsv
[0.416s] -- Up-to-date: /home/riley/ros2_ws/src/install/my_package/share/ament_index/resource_index/packages/my_package
[0.416s] -- Up-to-date: /home/riley/ros2_ws/src/install/my_package/share/my_package/cmake/my_packageConfig.cmake
[0.416s] -- Up-to-date: /home/riley/ros2_ws/src/install/my_package/share/my_package/cmake/my_packageConfig-version.cmake
[0.416s] -- Up-to-date: /home/riley/ros2_ws/src/install/my_package/share/my_package/package.xml
[0.419s] Invoked command in '/home/riley/ros2_ws/src/build/my_package' returned '0': CMAKE_PREFIX_PATH=/opt/ros/humble /usr/bin/cmake --install /home/riley/ros2_ws/src/build/my_package
