[0.081s] Invoking command in '/home/riley/ros2_ws/build/cpp_srvcli': CMAKE_PREFIX_PATH=${CMAKE_PREFIX_PATH}:/home/riley/ros2_ws/install/six_leg_controller:/home/riley/ros2_ws/src/install/six_leg_controller:/opt/ros/humble /usr/bin/cmake --build /home/riley/ros2_ws/build/cpp_srvcli -- -j8 -l8
[0.103s] -- Found ament_cmake: 1.3.5 (/opt/ros/humble/share/ament_cmake/cmake)
[0.212s] -- Found rclcpp: 16.0.6 (/opt/ros/humble/share/rclcpp/cmake)
[0.233s] -- Found rosidl_generator_c: 3.1.5 (/opt/ros/humble/share/rosidl_generator_c/cmake)
[0.235s] -- Found rosidl_adapter: 3.1.5 (/opt/ros/humble/share/rosidl_adapter/cmake)
[0.239s] -- Found rosidl_generator_cpp: 3.1.5 (/opt/ros/humble/share/rosidl_generator_cpp/cmake)
[0.247s] -- Using all available rosidl_typesupport_c: rosidl_typesupport_fastrtps_c;rosidl_typesupport_introspection_c
[0.258s] -- Using all available rosidl_typesupport_cpp: rosidl_typesupport_fastrtps_cpp;rosidl_typesupport_introspection_cpp
[0.308s] -- Found rmw_implementation_cmake: 6.1.1 (/opt/ros/humble/share/rmw_implementation_cmake/cmake)
[0.309s] -- Found rmw_fastrtps_cpp: 6.2.4 (/opt/ros/humble/share/rmw_fastrtps_cpp/cmake)
[0.398s] -- Using RMW implementation 'rmw_fastrtps_cpp' as default
[0.500s] -- Found example_interfaces: 0.9.3 (/opt/ros/humble/share/example_interfaces/cmake)
[0.634s] -- Configuring done
[0.643s] -- Generating done
[0.645s] -- Build files have been written to: /home/riley/ros2_ws/build/cpp_srvcli
[0.667s] [35m[1mConsolidate compiler generated dependencies of target server[0m
[0.675s] [ 25%] [32mBuilding CXX object CMakeFiles/client.dir/src/add_two_ints_client.cpp.o[0m
[0.680s] [ 50%] [32mBuilding CXX object CMakeFiles/server.dir/src/add_two_ints_server.cpp.o[0m
[3.274s] [ 75%] [32m[1mLinking CXX executable server[0m
[3.390s] [ 75%] Built target server
[3.467s] [100%] [32m[1mLinking CXX executable client[0m
[3.579s] [100%] Built target client
[3.589s] Invoked command in '/home/riley/ros2_ws/build/cpp_srvcli' returned '0': CMAKE_PREFIX_PATH=${CMAKE_PREFIX_PATH}:/home/riley/ros2_ws/install/six_leg_controller:/home/riley/ros2_ws/src/install/six_leg_controller:/opt/ros/humble /usr/bin/cmake --build /home/riley/ros2_ws/build/cpp_srvcli -- -j8 -l8
[3.621s] Invoking command in '/home/riley/ros2_ws/build/cpp_srvcli': CMAKE_PREFIX_PATH=${CMAKE_PREFIX_PATH}:/home/riley/ros2_ws/install/six_leg_controller:/home/riley/ros2_ws/src/install/six_leg_controller:/opt/ros/humble /usr/bin/cmake --install /home/riley/ros2_ws/build/cpp_srvcli
[3.626s] -- Install configuration: ""
[3.626s] -- Installing: /home/riley/ros2_ws/install/cpp_srvcli/lib/cpp_srvcli/server
[3.627s] -- Set runtime path of "/home/riley/ros2_ws/install/cpp_srvcli/lib/cpp_srvcli/server" to ""
[3.627s] -- Up-to-date: /home/riley/ros2_ws/install/cpp_srvcli/share/ament_index/resource_index/package_run_dependencies/cpp_srvcli
[3.628s] -- Installing: /home/riley/ros2_ws/install/cpp_srvcli/share/ament_index/resource_index/parent_prefix_path/cpp_srvcli
[3.628s] -- Up-to-date: /home/riley/ros2_ws/install/cpp_srvcli/share/cpp_srvcli/environment/ament_prefix_path.sh
[3.628s] -- Installing: /home/riley/ros2_ws/install/cpp_srvcli/share/cpp_srvcli/environment/ament_prefix_path.dsv
[3.628s] -- Up-to-date: /home/riley/ros2_ws/install/cpp_srvcli/share/cpp_srvcli/environment/path.sh
[3.628s] -- Installing: /home/riley/ros2_ws/install/cpp_srvcli/share/cpp_srvcli/environment/path.dsv
[3.628s] -- Up-to-date: /home/riley/ros2_ws/install/cpp_srvcli/share/cpp_srvcli/local_setup.bash
[3.628s] -- Up-to-date: /home/riley/ros2_ws/install/cpp_srvcli/share/cpp_srvcli/local_setup.sh
[3.628s] -- Up-to-date: /home/riley/ros2_ws/install/cpp_srvcli/share/cpp_srvcli/local_setup.zsh
[3.628s] -- Installing: /home/riley/ros2_ws/install/cpp_srvcli/share/cpp_srvcli/local_setup.dsv
[3.628s] -- Installing: /home/riley/ros2_ws/install/cpp_srvcli/share/cpp_srvcli/package.dsv
[3.628s] -- Up-to-date: /home/riley/ros2_ws/install/cpp_srvcli/share/ament_index/resource_index/packages/cpp_srvcli
[3.628s] -- Up-to-date: /home/riley/ros2_ws/install/cpp_srvcli/share/cpp_srvcli/cmake/cpp_srvcliConfig.cmake
[3.628s] -- Up-to-date: /home/riley/ros2_ws/install/cpp_srvcli/share/cpp_srvcli/cmake/cpp_srvcliConfig-version.cmake
[3.628s] -- Up-to-date: /home/riley/ros2_ws/install/cpp_srvcli/share/cpp_srvcli/package.xml
[3.630s] Invoked command in '/home/riley/ros2_ws/build/cpp_srvcli' returned '0': CMAKE_PREFIX_PATH=${CMAKE_PREFIX_PATH}:/home/riley/ros2_ws/install/six_leg_controller:/home/riley/ros2_ws/src/install/six_leg_controller:/opt/ros/humble /usr/bin/cmake --install /home/riley/ros2_ws/build/cpp_srvcli
