[0.259s] Invoking command in '/home/riley/ros2_ws/build/cpp_srvcli': CMAKE_PREFIX_PATH=${CMAKE_PREFIX_PATH}:/home/riley/ros2_ws/src/install/six_leg_controller:/home/riley/ros2_ws/install/six_leg_controller:/opt/ros/humble /usr/bin/cmake --build /home/riley/ros2_ws/build/cpp_srvcli -- -j8 -l8
[0.296s] [35m[1mConsolidate compiler generated dependencies of target client[0m
[0.298s] [35m[1mConsolidate compiler generated dependencies of target server[0m
[0.315s] [ 50%] Built target client
[0.316s] [100%] Built target server
[0.529s] Invoked command in '/home/riley/ros2_ws/build/cpp_srvcli' returned '0': CMAKE_PREFIX_PATH=${CMAKE_PREFIX_PATH}:/home/riley/ros2_ws/src/install/six_leg_controller:/home/riley/ros2_ws/install/six_leg_controller:/opt/ros/humble /usr/bin/cmake --build /home/riley/ros2_ws/build/cpp_srvcli -- -j8 -l8
[0.565s] Invoking command in '/home/riley/ros2_ws/build/cpp_srvcli': CMAKE_PREFIX_PATH=${CMAKE_PREFIX_PATH}:/home/riley/ros2_ws/src/install/six_leg_controller:/home/riley/ros2_ws/install/six_leg_controller:/opt/ros/humble /usr/bin/cmake --install /home/riley/ros2_ws/build/cpp_srvcli
[0.579s] -- Install configuration: ""
[0.579s] -- Up-to-date: /home/riley/ros2_ws/install/cpp_srvcli/lib/cpp_srvcli/server
[0.579s] -- Up-to-date: /home/riley/ros2_ws/install/cpp_srvcli/share/ament_index/resource_index/package_run_dependencies/cpp_srvcli
[0.579s] -- Up-to-date: /home/riley/ros2_ws/install/cpp_srvcli/share/ament_index/resource_index/parent_prefix_path/cpp_srvcli
[0.579s] -- Up-to-date: /home/riley/ros2_ws/install/cpp_srvcli/share/cpp_srvcli/environment/ament_prefix_path.sh
[0.579s] -- Up-to-date: /home/riley/ros2_ws/install/cpp_srvcli/share/cpp_srvcli/environment/ament_prefix_path.dsv
[0.579s] -- Up-to-date: /home/riley/ros2_ws/install/cpp_srvcli/share/cpp_srvcli/environment/path.sh
[0.579s] -- Up-to-date: /home/riley/ros2_ws/install/cpp_srvcli/share/cpp_srvcli/environment/path.dsv
[0.579s] -- Up-to-date: /home/riley/ros2_ws/install/cpp_srvcli/share/cpp_srvcli/local_setup.bash
[0.579s] -- Up-to-date: /home/riley/ros2_ws/install/cpp_srvcli/share/cpp_srvcli/local_setup.sh
[0.579s] -- Up-to-date: /home/riley/ros2_ws/install/cpp_srvcli/share/cpp_srvcli/local_setup.zsh
[0.580s] -- Up-to-date: /home/riley/ros2_ws/install/cpp_srvcli/share/cpp_srvcli/local_setup.dsv
[0.580s] -- Installing: /home/riley/ros2_ws/install/cpp_srvcli/share/cpp_srvcli/package.dsv
[0.580s] -- Up-to-date: /home/riley/ros2_ws/install/cpp_srvcli/share/ament_index/resource_index/packages/cpp_srvcli
[0.580s] -- Up-to-date: /home/riley/ros2_ws/install/cpp_srvcli/share/cpp_srvcli/cmake/cpp_srvcliConfig.cmake
[0.580s] -- Up-to-date: /home/riley/ros2_ws/install/cpp_srvcli/share/cpp_srvcli/cmake/cpp_srvcliConfig-version.cmake
[0.580s] -- Up-to-date: /home/riley/ros2_ws/install/cpp_srvcli/share/cpp_srvcli/package.xml
[0.659s] Invoked command in '/home/riley/ros2_ws/build/cpp_srvcli' returned '0': CMAKE_PREFIX_PATH=${CMAKE_PREFIX_PATH}:/home/riley/ros2_ws/src/install/six_leg_controller:/home/riley/ros2_ws/install/six_leg_controller:/opt/ros/humble /usr/bin/cmake --install /home/riley/ros2_ws/build/cpp_srvcli
