[0.197s] Invoking command in '/home/riley/ros2_ws/build/my_package': CMAKE_PREFIX_PATH=${CMAKE_PREFIX_PATH}:/home/riley/ros2_ws/src/install/six_leg_controller:/home/riley/ros2_ws/install/six_leg_controller:/opt/ros/humble /usr/bin/cmake --build /home/riley/ros2_ws/build/my_package -- -j8 -l8
[0.238s] [35m[1mConsolidate compiler generated dependencies of target my_node[0m
[0.250s] [100%] Built target my_node
[0.468s] Invoked command in '/home/riley/ros2_ws/build/my_package' returned '0': CMAKE_PREFIX_PATH=${CMAKE_PREFIX_PATH}:/home/riley/ros2_ws/src/install/six_leg_controller:/home/riley/ros2_ws/install/six_leg_controller:/opt/ros/humble /usr/bin/cmake --build /home/riley/ros2_ws/build/my_package -- -j8 -l8
[0.498s] Invoking command in '/home/riley/ros2_ws/build/my_package': CMAKE_PREFIX_PATH=${CMAKE_PREFIX_PATH}:/home/riley/ros2_ws/src/install/six_leg_controller:/home/riley/ros2_ws/install/six_leg_controller:/opt/ros/humble /usr/bin/cmake --install /home/riley/ros2_ws/build/my_package
[0.506s] -- Install configuration: ""
[0.507s] -- Up-to-date: /home/riley/ros2_ws/install/my_package/lib/my_package/my_node
[0.507s] -- Up-to-date: /home/riley/ros2_ws/install/my_package/share/ament_index/resource_index/package_run_dependencies/my_package
[0.507s] -- Up-to-date: /home/riley/ros2_ws/install/my_package/share/ament_index/resource_index/parent_prefix_path/my_package
[0.507s] -- Up-to-date: /home/riley/ros2_ws/install/my_package/share/my_package/environment/ament_prefix_path.sh
[0.507s] -- Up-to-date: /home/riley/ros2_ws/install/my_package/share/my_package/environment/ament_prefix_path.dsv
[0.508s] -- Up-to-date: /home/riley/ros2_ws/install/my_package/share/my_package/environment/path.sh
[0.509s] -- Up-to-date: /home/riley/ros2_ws/install/my_package/share/my_package/environment/path.dsv
[0.509s] -- Up-to-date: /home/riley/ros2_ws/install/my_package/share/my_package/local_setup.bash
[0.510s] -- Up-to-date: /home/riley/ros2_ws/install/my_package/share/my_package/local_setup.sh
[0.510s] -- Up-to-date: /home/riley/ros2_ws/install/my_package/share/my_package/local_setup.zsh
[0.511s] -- Up-to-date: /home/riley/ros2_ws/install/my_package/share/my_package/local_setup.dsv
[0.511s] -- Up-to-date: /home/riley/ros2_ws/install/my_package/share/my_package/package.dsv
[0.511s] -- Up-to-date: /home/riley/ros2_ws/install/my_package/share/ament_index/resource_index/packages/my_package
[0.512s] -- Up-to-date: /home/riley/ros2_ws/install/my_package/share/my_package/cmake/my_packageConfig.cmake
[0.512s] -- Up-to-date: /home/riley/ros2_ws/install/my_package/share/my_package/cmake/my_packageConfig-version.cmake
[0.512s] -- Up-to-date: /home/riley/ros2_ws/install/my_package/share/my_package/package.xml
[0.557s] Invoked command in '/home/riley/ros2_ws/build/my_package' returned '0': CMAKE_PREFIX_PATH=${CMAKE_PREFIX_PATH}:/home/riley/ros2_ws/src/install/six_leg_controller:/home/riley/ros2_ws/install/six_leg_controller:/opt/ros/humble /usr/bin/cmake --install /home/riley/ros2_ws/build/my_package
