[35m[1mConsolidate compiler generated dependencies of target fake_ar_publisher__rosidl_generator_c[0m
[  3%] Built target fake_ar_publisher__cpp
[ 12%] Built target fake_ar_publisher__rosidl_generator_c
[ 12%] Built target ament_cmake_python_copy_fake_ar_publisher
[35m[1mConsolidate compiler generated dependencies of target fake_ar_publisher__rosidl_typesupport_cpp[0m
[35m[1mConsolidate compiler generated dependencies of target fake_ar_publisher__rosidl_typesupport_introspection_cpp[0m
[35m[1mConsolidate compiler generated dependencies of target fake_ar_publisher__rosidl_typesupport_fastrtps_cpp[0m
[35m[1mConsolidate compiler generated dependencies of target fake_ar_publisher__rosidl_typesupport_introspection_c[0m
[35m[1mConsolidate compiler generated dependencies of target fake_ar_publisher__rosidl_typesupport_c[0m
[35m[1mConsolidate compiler generated dependencies of target fake_ar_publisher__rosidl_typesupport_fastrtps_c[0m
[ 21%] Built target fake_ar_publisher__rosidl_typesupport_introspection_cpp
[ 33%] Built target fake_ar_publisher__rosidl_typesupport_cpp
[ 42%] Built target fake_ar_publisher__rosidl_typesupport_fastrtps_cpp
[ 51%] Built target fake_ar_publisher__rosidl_typesupport_c
[ 57%] Built target fake_ar_publisher__rosidl_typesupport_introspection_c
[ 66%] Built target fake_ar_publisher__rosidl_typesupport_fastrtps_c
[ 66%] Built target fake_ar_publisher
[35m[1mConsolidate compiler generated dependencies of target fake_ar_publisher_node[0m
[ 69%] Built target fake_ar_publisher__py
[ 75%] Built target fake_ar_publisher_node
[35m[1mConsolidate compiler generated dependencies of target fake_ar_publisher__rosidl_generator_py[0m
[ 81%] Built target fake_ar_publisher__rosidl_generator_py
[35m[1mConsolidate compiler generated dependencies of target fake_ar_publisher__rosidl_typesupport_c__pyext[0m
[35m[1mConsolidate compiler generated dependencies of target fake_ar_publisher__rosidl_typesupport_introspection_c__pyext[0m
[35m[1mConsolidate compiler generated dependencies of target fake_ar_publisher__rosidl_typesupport_fastrtps_c__pyext[0m
[ 87%] Built target fake_ar_publisher__rosidl_typesupport_introspection_c__pyext
[ 93%] Built target fake_ar_publisher__rosidl_typesupport_c__pyext
[100%] Built target fake_ar_publisher__rosidl_typesupport_fastrtps_c__pyext
running egg_info
writing fake_ar_publisher.egg-info/PKG-INFO
writing dependency_links to fake_ar_publisher.egg-info/dependency_links.txt
writing top-level names to fake_ar_publisher.egg-info/top_level.txt
reading manifest file 'fake_ar_publisher.egg-info/SOURCES.txt'
writing manifest file 'fake_ar_publisher.egg-info/SOURCES.txt'
[100%] Built target ament_cmake_python_build_fake_ar_publisher_egg
-- Install configuration: ""
-- Up-to-date: /home/riley/ros2_ws/install/fake_ar_publisher/share/ament_index/resource_index/rosidl_interfaces/fake_ar_publisher
-- Up-to-date: /home/riley/ros2_ws/install/fake_ar_publisher/include/fake_ar_publisher/fake_ar_publisher
-- Up-to-date: /home/riley/ros2_ws/install/fake_ar_publisher/include/fake_ar_publisher/fake_ar_publisher/msg
-- Up-to-date: /home/riley/ros2_ws/install/fake_ar_publisher/include/fake_ar_publisher/fake_ar_publisher/msg/detail
-- Up-to-date: /home/riley/ros2_ws/install/fake_ar_publisher/include/fake_ar_publisher/fake_ar_publisher/msg/detail/ar_marker__type_support.h
-- Up-to-date: /home/riley/ros2_ws/install/fake_ar_publisher/include/fake_ar_publisher/fake_ar_publisher/msg/detail/ar_marker__functions.c
-- Up-to-date: /home/riley/ros2_ws/install/fake_ar_publisher/include/fake_ar_publisher/fake_ar_publisher/msg/detail/ar_marker__functions.h
-- Up-to-date: /home/riley/ros2_ws/install/fake_ar_publisher/include/fake_ar_publisher/fake_ar_publisher/msg/detail/ar_marker__struct.h
-- Up-to-date: /home/riley/ros2_ws/install/fake_ar_publisher/include/fake_ar_publisher/fake_ar_publisher/msg/rosidl_generator_c__visibility_control.h
-- Up-to-date: /home/riley/ros2_ws/install/fake_ar_publisher/include/fake_ar_publisher/fake_ar_publisher/msg/ar_marker.h
-- Up-to-date: /home/riley/ros2_ws/install/fake_ar_publisher/share/fake_ar_publisher/environment/library_path.sh
-- Up-to-date: /home/riley/ros2_ws/install/fake_ar_publisher/share/fake_ar_publisher/environment/library_path.dsv
-- Up-to-date: /home/riley/ros2_ws/install/fake_ar_publisher/lib/libfake_ar_publisher__rosidl_generator_c.so
-- Up-to-date: /home/riley/ros2_ws/install/fake_ar_publisher/include/fake_ar_publisher/fake_ar_publisher
-- Up-to-date: /home/riley/ros2_ws/install/fake_ar_publisher/include/fake_ar_publisher/fake_ar_publisher/msg
-- Up-to-date: /home/riley/ros2_ws/install/fake_ar_publisher/include/fake_ar_publisher/fake_ar_publisher/msg/rosidl_typesupport_fastrtps_c__visibility_control.h
-- Up-to-date: /home/riley/ros2_ws/install/fake_ar_publisher/include/fake_ar_publisher/fake_ar_publisher/msg/detail
-- Up-to-date: /home/riley/ros2_ws/install/fake_ar_publisher/include/fake_ar_publisher/fake_ar_publisher/msg/detail/ar_marker__rosidl_typesupport_fastrtps_c.h
-- Up-to-date: /home/riley/ros2_ws/install/fake_ar_publisher/lib/libfake_ar_publisher__rosidl_typesupport_fastrtps_c.so
-- Up-to-date: /home/riley/ros2_ws/install/fake_ar_publisher/include/fake_ar_publisher/fake_ar_publisher
-- Up-to-date: /home/riley/ros2_ws/install/fake_ar_publisher/include/fake_ar_publisher/fake_ar_publisher/msg
-- Up-to-date: /home/riley/ros2_ws/install/fake_ar_publisher/include/fake_ar_publisher/fake_ar_publisher/msg/detail
-- Up-to-date: /home/riley/ros2_ws/install/fake_ar_publisher/include/fake_ar_publisher/fake_ar_publisher/msg/detail/ar_marker__struct.hpp
-- Up-to-date: /home/riley/ros2_ws/install/fake_ar_publisher/include/fake_ar_publisher/fake_ar_publisher/msg/detail/ar_marker__builder.hpp
-- Up-to-date: /home/riley/ros2_ws/install/fake_ar_publisher/include/fake_ar_publisher/fake_ar_publisher/msg/detail/ar_marker__traits.hpp
-- Up-to-date: /home/riley/ros2_ws/install/fake_ar_publisher/include/fake_ar_publisher/fake_ar_publisher/msg/ar_marker.hpp
-- Up-to-date: /home/riley/ros2_ws/install/fake_ar_publisher/include/fake_ar_publisher/fake_ar_publisher
-- Up-to-date: /home/riley/ros2_ws/install/fake_ar_publisher/include/fake_ar_publisher/fake_ar_publisher/msg
-- Up-to-date: /home/riley/ros2_ws/install/fake_ar_publisher/include/fake_ar_publisher/fake_ar_publisher/msg/detail
-- Up-to-date: /home/riley/ros2_ws/install/fake_ar_publisher/include/fake_ar_publisher/fake_ar_publisher/msg/detail/ar_marker__rosidl_typesupport_fastrtps_cpp.hpp
-- Up-to-date: /home/riley/ros2_ws/install/fake_ar_publisher/include/fake_ar_publisher/fake_ar_publisher/msg/detail/dds_fastrtps
-- Up-to-date: /home/riley/ros2_ws/install/fake_ar_publisher/include/fake_ar_publisher/fake_ar_publisher/msg/rosidl_typesupport_fastrtps_cpp__visibility_control.h
-- Up-to-date: /home/riley/ros2_ws/install/fake_ar_publisher/lib/libfake_ar_publisher__rosidl_typesupport_fastrtps_cpp.so
-- Up-to-date: /home/riley/ros2_ws/install/fake_ar_publisher/include/fake_ar_publisher/fake_ar_publisher
-- Up-to-date: /home/riley/ros2_ws/install/fake_ar_publisher/include/fake_ar_publisher/fake_ar_publisher/msg
-- Up-to-date: /home/riley/ros2_ws/install/fake_ar_publisher/include/fake_ar_publisher/fake_ar_publisher/msg/rosidl_typesupport_introspection_c__visibility_control.h
-- Up-to-date: /home/riley/ros2_ws/install/fake_ar_publisher/include/fake_ar_publisher/fake_ar_publisher/msg/detail
-- Up-to-date: /home/riley/ros2_ws/install/fake_ar_publisher/include/fake_ar_publisher/fake_ar_publisher/msg/detail/ar_marker__type_support.c
-- Up-to-date: /home/riley/ros2_ws/install/fake_ar_publisher/include/fake_ar_publisher/fake_ar_publisher/msg/detail/ar_marker__rosidl_typesupport_introspection_c.h
-- Up-to-date: /home/riley/ros2_ws/install/fake_ar_publisher/lib/libfake_ar_publisher__rosidl_typesupport_introspection_c.so
-- Up-to-date: /home/riley/ros2_ws/install/fake_ar_publisher/lib/libfake_ar_publisher__rosidl_typesupport_c.so
-- Up-to-date: /home/riley/ros2_ws/install/fake_ar_publisher/include/fake_ar_publisher/fake_ar_publisher
-- Up-to-date: /home/riley/ros2_ws/install/fake_ar_publisher/include/fake_ar_publisher/fake_ar_publisher/msg
-- Up-to-date: /home/riley/ros2_ws/install/fake_ar_publisher/include/fake_ar_publisher/fake_ar_publisher/msg/detail
-- Up-to-date: /home/riley/ros2_ws/install/fake_ar_publisher/include/fake_ar_publisher/fake_ar_publisher/msg/detail/ar_marker__type_support.cpp
-- Up-to-date: /home/riley/ros2_ws/install/fake_ar_publisher/include/fake_ar_publisher/fake_ar_publisher/msg/detail/ar_marker__rosidl_typesupport_introspection_cpp.hpp
-- Up-to-date: /home/riley/ros2_ws/install/fake_ar_publisher/lib/libfake_ar_publisher__rosidl_typesupport_introspection_cpp.so
-- Up-to-date: /home/riley/ros2_ws/install/fake_ar_publisher/lib/libfake_ar_publisher__rosidl_typesupport_cpp.so
-- Up-to-date: /home/riley/ros2_ws/install/fake_ar_publisher/share/fake_ar_publisher/environment/pythonpath.sh
-- Up-to-date: /home/riley/ros2_ws/install/fake_ar_publisher/share/fake_ar_publisher/environment/pythonpath.dsv
-- Up-to-date: /home/riley/ros2_ws/install/fake_ar_publisher/local/lib/python3.10/dist-packages/fake_ar_publisher-0.0.0-py3.10.egg-info
-- Installing: /home/riley/ros2_ws/install/fake_ar_publisher/local/lib/python3.10/dist-packages/fake_ar_publisher-0.0.0-py3.10.egg-info/SOURCES.txt
-- Installing: /home/riley/ros2_ws/install/fake_ar_publisher/local/lib/python3.10/dist-packages/fake_ar_publisher-0.0.0-py3.10.egg-info/dependency_links.txt
-- Installing: /home/riley/ros2_ws/install/fake_ar_publisher/local/lib/python3.10/dist-packages/fake_ar_publisher-0.0.0-py3.10.egg-info/PKG-INFO
-- Installing: /home/riley/ros2_ws/install/fake_ar_publisher/local/lib/python3.10/dist-packages/fake_ar_publisher-0.0.0-py3.10.egg-info/top_level.txt
-- Up-to-date: /home/riley/ros2_ws/install/fake_ar_publisher/local/lib/python3.10/dist-packages/fake_ar_publisher
-- Up-to-date: /home/riley/ros2_ws/install/fake_ar_publisher/local/lib/python3.10/dist-packages/fake_ar_publisher/_fake_ar_publisher_s.ep.rosidl_typesupport_introspection_c.c
-- Up-to-date: /home/riley/ros2_ws/install/fake_ar_publisher/local/lib/python3.10/dist-packages/fake_ar_publisher/fake_ar_publisher_s__rosidl_typesupport_c.cpython-310-x86_64-linux-gnu.so
-- Up-to-date: /home/riley/ros2_ws/install/fake_ar_publisher/local/lib/python3.10/dist-packages/fake_ar_publisher/libfake_ar_publisher__rosidl_generator_py.so
-- Up-to-date: /home/riley/ros2_ws/install/fake_ar_publisher/local/lib/python3.10/dist-packages/fake_ar_publisher/_fake_ar_publisher_s.ep.rosidl_typesupport_fastrtps_c.c
-- Up-to-date: /home/riley/ros2_ws/install/fake_ar_publisher/local/lib/python3.10/dist-packages/fake_ar_publisher/__init__.py
-- Up-to-date: /home/riley/ros2_ws/install/fake_ar_publisher/local/lib/python3.10/dist-packages/fake_ar_publisher/_fake_ar_publisher_s.ep.rosidl_typesupport_c.c
-- Up-to-date: /home/riley/ros2_ws/install/fake_ar_publisher/local/lib/python3.10/dist-packages/fake_ar_publisher/fake_ar_publisher_s__rosidl_typesupport_fastrtps_c.cpython-310-x86_64-linux-gnu.so
-- Up-to-date: /home/riley/ros2_ws/install/fake_ar_publisher/local/lib/python3.10/dist-packages/fake_ar_publisher/fake_ar_publisher_s__rosidl_typesupport_introspection_c.cpython-310-x86_64-linux-gnu.so
-- Up-to-date: /home/riley/ros2_ws/install/fake_ar_publisher/local/lib/python3.10/dist-packages/fake_ar_publisher/msg
-- Up-to-date: /home/riley/ros2_ws/install/fake_ar_publisher/local/lib/python3.10/dist-packages/fake_ar_publisher/msg/_ar_marker.py
-- Up-to-date: /home/riley/ros2_ws/install/fake_ar_publisher/local/lib/python3.10/dist-packages/fake_ar_publisher/msg/_ar_marker_s.c
-- Up-to-date: /home/riley/ros2_ws/install/fake_ar_publisher/local/lib/python3.10/dist-packages/fake_ar_publisher/msg/__init__.py
Listing '/home/riley/ros2_ws/install/fake_ar_publisher/local/lib/python3.10/dist-packages/fake_ar_publisher'...
Listing '/home/riley/ros2_ws/install/fake_ar_publisher/local/lib/python3.10/dist-packages/fake_ar_publisher/msg'...
-- Up-to-date: /home/riley/ros2_ws/install/fake_ar_publisher/local/lib/python3.10/dist-packages/fake_ar_publisher/fake_ar_publisher_s__rosidl_typesupport_fastrtps_c.cpython-310-x86_64-linux-gnu.so
-- Up-to-date: /home/riley/ros2_ws/install/fake_ar_publisher/local/lib/python3.10/dist-packages/fake_ar_publisher/fake_ar_publisher_s__rosidl_typesupport_introspection_c.cpython-310-x86_64-linux-gnu.so
-- Up-to-date: /home/riley/ros2_ws/install/fake_ar_publisher/local/lib/python3.10/dist-packages/fake_ar_publisher/fake_ar_publisher_s__rosidl_typesupport_c.cpython-310-x86_64-linux-gnu.so
-- Up-to-date: /home/riley/ros2_ws/install/fake_ar_publisher/lib/libfake_ar_publisher__rosidl_generator_py.so
-- Up-to-date: /home/riley/ros2_ws/install/fake_ar_publisher/share/fake_ar_publisher/msg/ARMarker.idl
-- Up-to-date: /home/riley/ros2_ws/install/fake_ar_publisher/share/fake_ar_publisher/msg/ARMarker.msg
-- Up-to-date: /home/riley/ros2_ws/install/fake_ar_publisher/lib/fake_ar_publisher/fake_ar_publisher_node
-- Up-to-date: /home/riley/ros2_ws/install/fake_ar_publisher/share/ament_index/resource_index/package_run_dependencies/fake_ar_publisher
-- Up-to-date: /home/riley/ros2_ws/install/fake_ar_publisher/share/ament_index/resource_index/parent_prefix_path/fake_ar_publisher
-- Up-to-date: /home/riley/ros2_ws/install/fake_ar_publisher/share/fake_ar_publisher/environment/ament_prefix_path.sh
-- Up-to-date: /home/riley/ros2_ws/install/fake_ar_publisher/share/fake_ar_publisher/environment/ament_prefix_path.dsv
-- Up-to-date: /home/riley/ros2_ws/install/fake_ar_publisher/share/fake_ar_publisher/environment/path.sh
-- Up-to-date: /home/riley/ros2_ws/install/fake_ar_publisher/share/fake_ar_publisher/environment/path.dsv
-- Up-to-date: /home/riley/ros2_ws/install/fake_ar_publisher/share/fake_ar_publisher/local_setup.bash
-- Up-to-date: /home/riley/ros2_ws/install/fake_ar_publisher/share/fake_ar_publisher/local_setup.sh
-- Up-to-date: /home/riley/ros2_ws/install/fake_ar_publisher/share/fake_ar_publisher/local_setup.zsh
-- Up-to-date: /home/riley/ros2_ws/install/fake_ar_publisher/share/fake_ar_publisher/local_setup.dsv
-- Installing: /home/riley/ros2_ws/install/fake_ar_publisher/share/fake_ar_publisher/package.dsv
-- Up-to-date: /home/riley/ros2_ws/install/fake_ar_publisher/share/ament_index/resource_index/packages/fake_ar_publisher
-- Up-to-date: /home/riley/ros2_ws/install/fake_ar_publisher/share/fake_ar_publisher/cmake/export_fake_ar_publisher__rosidl_generator_cExport.cmake
-- Up-to-date: /home/riley/ros2_ws/install/fake_ar_publisher/share/fake_ar_publisher/cmake/export_fake_ar_publisher__rosidl_generator_cExport-noconfig.cmake
-- Up-to-date: /home/riley/ros2_ws/install/fake_ar_publisher/share/fake_ar_publisher/cmake/export_fake_ar_publisher__rosidl_typesupport_fastrtps_cExport.cmake
-- Up-to-date: /home/riley/ros2_ws/install/fake_ar_publisher/share/fake_ar_publisher/cmake/export_fake_ar_publisher__rosidl_typesupport_fastrtps_cExport-noconfig.cmake
-- Up-to-date: /home/riley/ros2_ws/install/fake_ar_publisher/share/fake_ar_publisher/cmake/export_fake_ar_publisher__rosidl_generator_cppExport.cmake
-- Up-to-date: /home/riley/ros2_ws/install/fake_ar_publisher/share/fake_ar_publisher/cmake/export_fake_ar_publisher__rosidl_typesupport_fastrtps_cppExport.cmake
-- Up-to-date: /home/riley/ros2_ws/install/fake_ar_publisher/share/fake_ar_publisher/cmake/export_fake_ar_publisher__rosidl_typesupport_fastrtps_cppExport-noconfig.cmake
-- Up-to-date: /home/riley/ros2_ws/install/fake_ar_publisher/share/fake_ar_publisher/cmake/fake_ar_publisher__rosidl_typesupport_introspection_cExport.cmake
-- Up-to-date: /home/riley/ros2_ws/install/fake_ar_publisher/share/fake_ar_publisher/cmake/fake_ar_publisher__rosidl_typesupport_introspection_cExport-noconfig.cmake
-- Up-to-date: /home/riley/ros2_ws/install/fake_ar_publisher/share/fake_ar_publisher/cmake/fake_ar_publisher__rosidl_typesupport_cExport.cmake
-- Up-to-date: /home/riley/ros2_ws/install/fake_ar_publisher/share/fake_ar_publisher/cmake/fake_ar_publisher__rosidl_typesupport_cExport-noconfig.cmake
-- Up-to-date: /home/riley/ros2_ws/install/fake_ar_publisher/share/fake_ar_publisher/cmake/fake_ar_publisher__rosidl_typesupport_introspection_cppExport.cmake
-- Up-to-date: /home/riley/ros2_ws/install/fake_ar_publisher/share/fake_ar_publisher/cmake/fake_ar_publisher__rosidl_typesupport_introspection_cppExport-noconfig.cmake
-- Up-to-date: /home/riley/ros2_ws/install/fake_ar_publisher/share/fake_ar_publisher/cmake/fake_ar_publisher__rosidl_typesupport_cppExport.cmake
-- Up-to-date: /home/riley/ros2_ws/install/fake_ar_publisher/share/fake_ar_publisher/cmake/fake_ar_publisher__rosidl_typesupport_cppExport-noconfig.cmake
-- Up-to-date: /home/riley/ros2_ws/install/fake_ar_publisher/share/fake_ar_publisher/cmake/export_fake_ar_publisher__rosidl_generator_pyExport.cmake
-- Up-to-date: /home/riley/ros2_ws/install/fake_ar_publisher/share/fake_ar_publisher/cmake/export_fake_ar_publisher__rosidl_generator_pyExport-noconfig.cmake
-- Up-to-date: /home/riley/ros2_ws/install/fake_ar_publisher/share/fake_ar_publisher/cmake/rosidl_cmake-extras.cmake
-- Up-to-date: /home/riley/ros2_ws/install/fake_ar_publisher/share/fake_ar_publisher/cmake/ament_cmake_export_dependencies-extras.cmake
-- Up-to-date: /home/riley/ros2_ws/install/fake_ar_publisher/share/fake_ar_publisher/cmake/ament_cmake_export_include_directories-extras.cmake
-- Up-to-date: /home/riley/ros2_ws/install/fake_ar_publisher/share/fake_ar_publisher/cmake/ament_cmake_export_libraries-extras.cmake
-- Up-to-date: /home/riley/ros2_ws/install/fake_ar_publisher/share/fake_ar_publisher/cmake/ament_cmake_export_targets-extras.cmake
-- Up-to-date: /home/riley/ros2_ws/install/fake_ar_publisher/share/fake_ar_publisher/cmake/rosidl_cmake_export_typesupport_targets-extras.cmake
-- Up-to-date: /home/riley/ros2_ws/install/fake_ar_publisher/share/fake_ar_publisher/cmake/rosidl_cmake_export_typesupport_libraries-extras.cmake
-- Up-to-date: /home/riley/ros2_ws/install/fake_ar_publisher/share/fake_ar_publisher/cmake/fake_ar_publisherConfig.cmake
-- Up-to-date: /home/riley/ros2_ws/install/fake_ar_publisher/share/fake_ar_publisher/cmake/fake_ar_publisherConfig-version.cmake
-- Up-to-date: /home/riley/ros2_ws/install/fake_ar_publisher/share/fake_ar_publisher/package.xml
