[0.123s] Invoking command in '/home/riley/ros2_ws/build/fake_ar_publisher': CMAKE_PREFIX_PATH=/opt/ros/humble /usr/bin/cmake --build /home/riley/ros2_ws/build/fake_ar_publisher -- -j8 -l8
[0.162s] [35m[1mConsolidate compiler generated dependencies of target fake_ar_publisher__rosidl_generator_c[0m
[0.170s] [  3%] Built target fake_ar_publisher__cpp
[0.172s] [ 12%] Built target fake_ar_publisher__rosidl_generator_c
[0.178s] [ 12%] Built target ament_cmake_python_copy_fake_ar_publisher
[0.179s] [35m[1mConsolidate compiler generated dependencies of target fake_ar_publisher__rosidl_typesupport_cpp[0m
[0.179s] [35m[1mConsolidate compiler generated dependencies of target fake_ar_publisher__rosidl_typesupport_introspection_cpp[0m
[0.180s] [35m[1mConsolidate compiler generated dependencies of target fake_ar_publisher__rosidl_typesupport_fastrtps_cpp[0m
[0.184s] [35m[1mConsolidate compiler generated dependencies of target fake_ar_publisher__rosidl_typesupport_introspection_c[0m
[0.186s] [35m[1mConsolidate compiler generated dependencies of target fake_ar_publisher__rosidl_typesupport_c[0m
[0.189s] [35m[1mConsolidate compiler generated dependencies of target fake_ar_publisher__rosidl_typesupport_fastrtps_c[0m
[0.194s] [ 21%] Built target fake_ar_publisher__rosidl_typesupport_introspection_cpp
[0.195s] [ 33%] Built target fake_ar_publisher__rosidl_typesupport_cpp
[0.195s] [ 42%] Built target fake_ar_publisher__rosidl_typesupport_fastrtps_cpp
[0.195s] [ 51%] Built target fake_ar_publisher__rosidl_typesupport_c
[0.195s] [ 57%] Built target fake_ar_publisher__rosidl_typesupport_introspection_c
[0.202s] [ 66%] Built target fake_ar_publisher__rosidl_typesupport_fastrtps_c
[0.220s] [ 66%] Built target fake_ar_publisher
[0.236s] [35m[1mConsolidate compiler generated dependencies of target fake_ar_publisher_node[0m
[0.245s] [ 69%] Built target fake_ar_publisher__py
[0.254s] [ 75%] Built target fake_ar_publisher_node
[0.257s] [35m[1mConsolidate compiler generated dependencies of target fake_ar_publisher__rosidl_generator_py[0m
[0.269s] [ 81%] Built target fake_ar_publisher__rosidl_generator_py
[0.279s] [35m[1mConsolidate compiler generated dependencies of target fake_ar_publisher__rosidl_typesupport_c__pyext[0m
[0.279s] [35m[1mConsolidate compiler generated dependencies of target fake_ar_publisher__rosidl_typesupport_introspection_c__pyext[0m
[0.279s] [35m[1mConsolidate compiler generated dependencies of target fake_ar_publisher__rosidl_typesupport_fastrtps_c__pyext[0m
[0.291s] [ 87%] Built target fake_ar_publisher__rosidl_typesupport_introspection_c__pyext
[0.292s] [ 93%] Built target fake_ar_publisher__rosidl_typesupport_c__pyext
[0.292s] [100%] Built target fake_ar_publisher__rosidl_typesupport_fastrtps_c__pyext
[0.376s] running egg_info
[0.377s] writing fake_ar_publisher.egg-info/PKG-INFO
[0.377s] writing dependency_links to fake_ar_publisher.egg-info/dependency_links.txt
[0.378s] writing top-level names to fake_ar_publisher.egg-info/top_level.txt
[0.379s] reading manifest file 'fake_ar_publisher.egg-info/SOURCES.txt'
[0.379s] writing manifest file 'fake_ar_publisher.egg-info/SOURCES.txt'
[0.407s] [100%] Built target ament_cmake_python_build_fake_ar_publisher_egg
[0.421s] Invoked command in '/home/riley/ros2_ws/build/fake_ar_publisher' returned '0': CMAKE_PREFIX_PATH=/opt/ros/humble /usr/bin/cmake --build /home/riley/ros2_ws/build/fake_ar_publisher -- -j8 -l8
[0.478s] Invoking command in '/home/riley/ros2_ws/build/fake_ar_publisher': CMAKE_PREFIX_PATH=/opt/ros/humble /usr/bin/cmake --install /home/riley/ros2_ws/build/fake_ar_publisher
[0.485s] -- Install configuration: ""
[0.485s] -- Up-to-date: /home/riley/ros2_ws/install/fake_ar_publisher/share/ament_index/resource_index/rosidl_interfaces/fake_ar_publisher
[0.485s] -- Up-to-date: /home/riley/ros2_ws/install/fake_ar_publisher/include/fake_ar_publisher/fake_ar_publisher
[0.485s] -- Up-to-date: /home/riley/ros2_ws/install/fake_ar_publisher/include/fake_ar_publisher/fake_ar_publisher/msg
[0.485s] -- Up-to-date: /home/riley/ros2_ws/install/fake_ar_publisher/include/fake_ar_publisher/fake_ar_publisher/msg/detail
[0.485s] -- Up-to-date: /home/riley/ros2_ws/install/fake_ar_publisher/include/fake_ar_publisher/fake_ar_publisher/msg/detail/ar_marker__type_support.h
[0.485s] -- Up-to-date: /home/riley/ros2_ws/install/fake_ar_publisher/include/fake_ar_publisher/fake_ar_publisher/msg/detail/ar_marker__functions.c
[0.485s] -- Up-to-date: /home/riley/ros2_ws/install/fake_ar_publisher/include/fake_ar_publisher/fake_ar_publisher/msg/detail/ar_marker__functions.h
[0.485s] -- Up-to-date: /home/riley/ros2_ws/install/fake_ar_publisher/include/fake_ar_publisher/fake_ar_publisher/msg/detail/ar_marker__struct.h
[0.485s] -- Up-to-date: /home/riley/ros2_ws/install/fake_ar_publisher/include/fake_ar_publisher/fake_ar_publisher/msg/rosidl_generator_c__visibility_control.h
[0.486s] -- Up-to-date: /home/riley/ros2_ws/install/fake_ar_publisher/include/fake_ar_publisher/fake_ar_publisher/msg/ar_marker.h
[0.486s] -- Up-to-date: /home/riley/ros2_ws/install/fake_ar_publisher/share/fake_ar_publisher/environment/library_path.sh
[0.486s] -- Up-to-date: /home/riley/ros2_ws/install/fake_ar_publisher/share/fake_ar_publisher/environment/library_path.dsv
[0.486s] -- Up-to-date: /home/riley/ros2_ws/install/fake_ar_publisher/lib/libfake_ar_publisher__rosidl_generator_c.so
[0.486s] -- Up-to-date: /home/riley/ros2_ws/install/fake_ar_publisher/include/fake_ar_publisher/fake_ar_publisher
[0.486s] -- Up-to-date: /home/riley/ros2_ws/install/fake_ar_publisher/include/fake_ar_publisher/fake_ar_publisher/msg
[0.487s] -- Up-to-date: /home/riley/ros2_ws/install/fake_ar_publisher/include/fake_ar_publisher/fake_ar_publisher/msg/rosidl_typesupport_fastrtps_c__visibility_control.h
[0.487s] -- Up-to-date: /home/riley/ros2_ws/install/fake_ar_publisher/include/fake_ar_publisher/fake_ar_publisher/msg/detail
[0.487s] -- Up-to-date: /home/riley/ros2_ws/install/fake_ar_publisher/include/fake_ar_publisher/fake_ar_publisher/msg/detail/ar_marker__rosidl_typesupport_fastrtps_c.h
[0.487s] -- Up-to-date: /home/riley/ros2_ws/install/fake_ar_publisher/lib/libfake_ar_publisher__rosidl_typesupport_fastrtps_c.so
[0.487s] -- Up-to-date: /home/riley/ros2_ws/install/fake_ar_publisher/include/fake_ar_publisher/fake_ar_publisher
[0.487s] -- Up-to-date: /home/riley/ros2_ws/install/fake_ar_publisher/include/fake_ar_publisher/fake_ar_publisher/msg
[0.487s] -- Up-to-date: /home/riley/ros2_ws/install/fake_ar_publisher/include/fake_ar_publisher/fake_ar_publisher/msg/detail
[0.487s] -- Up-to-date: /home/riley/ros2_ws/install/fake_ar_publisher/include/fake_ar_publisher/fake_ar_publisher/msg/detail/ar_marker__struct.hpp
[0.487s] -- Up-to-date: /home/riley/ros2_ws/install/fake_ar_publisher/include/fake_ar_publisher/fake_ar_publisher/msg/detail/ar_marker__builder.hpp
[0.488s] -- Up-to-date: /home/riley/ros2_ws/install/fake_ar_publisher/include/fake_ar_publisher/fake_ar_publisher/msg/detail/ar_marker__traits.hpp
[0.488s] -- Up-to-date: /home/riley/ros2_ws/install/fake_ar_publisher/include/fake_ar_publisher/fake_ar_publisher/msg/ar_marker.hpp
[0.488s] -- Up-to-date: /home/riley/ros2_ws/install/fake_ar_publisher/include/fake_ar_publisher/fake_ar_publisher
[0.488s] -- Up-to-date: /home/riley/ros2_ws/install/fake_ar_publisher/include/fake_ar_publisher/fake_ar_publisher/msg
[0.488s] -- Up-to-date: /home/riley/ros2_ws/install/fake_ar_publisher/include/fake_ar_publisher/fake_ar_publisher/msg/detail
[0.488s] -- Up-to-date: /home/riley/ros2_ws/install/fake_ar_publisher/include/fake_ar_publisher/fake_ar_publisher/msg/detail/ar_marker__rosidl_typesupport_fastrtps_cpp.hpp
[0.488s] -- Up-to-date: /home/riley/ros2_ws/install/fake_ar_publisher/include/fake_ar_publisher/fake_ar_publisher/msg/detail/dds_fastrtps
[0.488s] -- Up-to-date: /home/riley/ros2_ws/install/fake_ar_publisher/include/fake_ar_publisher/fake_ar_publisher/msg/rosidl_typesupport_fastrtps_cpp__visibility_control.h
[0.488s] -- Up-to-date: /home/riley/ros2_ws/install/fake_ar_publisher/lib/libfake_ar_publisher__rosidl_typesupport_fastrtps_cpp.so
[0.489s] -- Up-to-date: /home/riley/ros2_ws/install/fake_ar_publisher/include/fake_ar_publisher/fake_ar_publisher
[0.489s] -- Up-to-date: /home/riley/ros2_ws/install/fake_ar_publisher/include/fake_ar_publisher/fake_ar_publisher/msg
[0.489s] -- Up-to-date: /home/riley/ros2_ws/install/fake_ar_publisher/include/fake_ar_publisher/fake_ar_publisher/msg/rosidl_typesupport_introspection_c__visibility_control.h
[0.489s] -- Up-to-date: /home/riley/ros2_ws/install/fake_ar_publisher/include/fake_ar_publisher/fake_ar_publisher/msg/detail
[0.489s] -- Up-to-date: /home/riley/ros2_ws/install/fake_ar_publisher/include/fake_ar_publisher/fake_ar_publisher/msg/detail/ar_marker__type_support.c
[0.489s] -- Up-to-date: /home/riley/ros2_ws/install/fake_ar_publisher/include/fake_ar_publisher/fake_ar_publisher/msg/detail/ar_marker__rosidl_typesupport_introspection_c.h
[0.490s] -- Up-to-date: /home/riley/ros2_ws/install/fake_ar_publisher/lib/libfake_ar_publisher__rosidl_typesupport_introspection_c.so
[0.490s] -- Up-to-date: /home/riley/ros2_ws/install/fake_ar_publisher/lib/libfake_ar_publisher__rosidl_typesupport_c.so
[0.490s] -- Up-to-date: /home/riley/ros2_ws/install/fake_ar_publisher/include/fake_ar_publisher/fake_ar_publisher
[0.490s] -- Up-to-date: /home/riley/ros2_ws/install/fake_ar_publisher/include/fake_ar_publisher/fake_ar_publisher/msg
[0.490s] -- Up-to-date: /home/riley/ros2_ws/install/fake_ar_publisher/include/fake_ar_publisher/fake_ar_publisher/msg/detail
[0.490s] -- Up-to-date: /home/riley/ros2_ws/install/fake_ar_publisher/include/fake_ar_publisher/fake_ar_publisher/msg/detail/ar_marker__type_support.cpp
[0.490s] -- Up-to-date: /home/riley/ros2_ws/install/fake_ar_publisher/include/fake_ar_publisher/fake_ar_publisher/msg/detail/ar_marker__rosidl_typesupport_introspection_cpp.hpp
[0.491s] -- Up-to-date: /home/riley/ros2_ws/install/fake_ar_publisher/lib/libfake_ar_publisher__rosidl_typesupport_introspection_cpp.so
[0.491s] -- Up-to-date: /home/riley/ros2_ws/install/fake_ar_publisher/lib/libfake_ar_publisher__rosidl_typesupport_cpp.so
[0.491s] -- Up-to-date: /home/riley/ros2_ws/install/fake_ar_publisher/share/fake_ar_publisher/environment/pythonpath.sh
[0.491s] -- Up-to-date: /home/riley/ros2_ws/install/fake_ar_publisher/share/fake_ar_publisher/environment/pythonpath.dsv
[0.491s] -- Up-to-date: /home/riley/ros2_ws/install/fake_ar_publisher/local/lib/python3.10/dist-packages/fake_ar_publisher-0.0.0-py3.10.egg-info
[0.491s] -- Installing: /home/riley/ros2_ws/install/fake_ar_publisher/local/lib/python3.10/dist-packages/fake_ar_publisher-0.0.0-py3.10.egg-info/SOURCES.txt
[0.492s] -- Installing: /home/riley/ros2_ws/install/fake_ar_publisher/local/lib/python3.10/dist-packages/fake_ar_publisher-0.0.0-py3.10.egg-info/dependency_links.txt
[0.492s] -- Installing: /home/riley/ros2_ws/install/fake_ar_publisher/local/lib/python3.10/dist-packages/fake_ar_publisher-0.0.0-py3.10.egg-info/PKG-INFO
[0.492s] -- Installing: /home/riley/ros2_ws/install/fake_ar_publisher/local/lib/python3.10/dist-packages/fake_ar_publisher-0.0.0-py3.10.egg-info/top_level.txt
[0.493s] -- Up-to-date: /home/riley/ros2_ws/install/fake_ar_publisher/local/lib/python3.10/dist-packages/fake_ar_publisher
[0.493s] -- Up-to-date: /home/riley/ros2_ws/install/fake_ar_publisher/local/lib/python3.10/dist-packages/fake_ar_publisher/_fake_ar_publisher_s.ep.rosidl_typesupport_introspection_c.c
[0.493s] -- Up-to-date: /home/riley/ros2_ws/install/fake_ar_publisher/local/lib/python3.10/dist-packages/fake_ar_publisher/fake_ar_publisher_s__rosidl_typesupport_c.cpython-310-x86_64-linux-gnu.so
[0.493s] -- Up-to-date: /home/riley/ros2_ws/install/fake_ar_publisher/local/lib/python3.10/dist-packages/fake_ar_publisher/libfake_ar_publisher__rosidl_generator_py.so
[0.493s] -- Up-to-date: /home/riley/ros2_ws/install/fake_ar_publisher/local/lib/python3.10/dist-packages/fake_ar_publisher/_fake_ar_publisher_s.ep.rosidl_typesupport_fastrtps_c.c
[0.493s] -- Up-to-date: /home/riley/ros2_ws/install/fake_ar_publisher/local/lib/python3.10/dist-packages/fake_ar_publisher/__init__.py
[0.493s] -- Up-to-date: /home/riley/ros2_ws/install/fake_ar_publisher/local/lib/python3.10/dist-packages/fake_ar_publisher/_fake_ar_publisher_s.ep.rosidl_typesupport_c.c
[0.494s] -- Up-to-date: /home/riley/ros2_ws/install/fake_ar_publisher/local/lib/python3.10/dist-packages/fake_ar_publisher/fake_ar_publisher_s__rosidl_typesupport_fastrtps_c.cpython-310-x86_64-linux-gnu.so
[0.494s] -- Up-to-date: /home/riley/ros2_ws/install/fake_ar_publisher/local/lib/python3.10/dist-packages/fake_ar_publisher/fake_ar_publisher_s__rosidl_typesupport_introspection_c.cpython-310-x86_64-linux-gnu.so
[0.494s] -- Up-to-date: /home/riley/ros2_ws/install/fake_ar_publisher/local/lib/python3.10/dist-packages/fake_ar_publisher/msg
[0.494s] -- Up-to-date: /home/riley/ros2_ws/install/fake_ar_publisher/local/lib/python3.10/dist-packages/fake_ar_publisher/msg/_ar_marker.py
[0.494s] -- Up-to-date: /home/riley/ros2_ws/install/fake_ar_publisher/local/lib/python3.10/dist-packages/fake_ar_publisher/msg/_ar_marker_s.c
[0.494s] -- Up-to-date: /home/riley/ros2_ws/install/fake_ar_publisher/local/lib/python3.10/dist-packages/fake_ar_publisher/msg/__init__.py
[0.519s] Listing '/home/riley/ros2_ws/install/fake_ar_publisher/local/lib/python3.10/dist-packages/fake_ar_publisher'...
[0.519s] Listing '/home/riley/ros2_ws/install/fake_ar_publisher/local/lib/python3.10/dist-packages/fake_ar_publisher/msg'...
[0.523s] -- Up-to-date: /home/riley/ros2_ws/install/fake_ar_publisher/local/lib/python3.10/dist-packages/fake_ar_publisher/fake_ar_publisher_s__rosidl_typesupport_fastrtps_c.cpython-310-x86_64-linux-gnu.so
[0.523s] -- Up-to-date: /home/riley/ros2_ws/install/fake_ar_publisher/local/lib/python3.10/dist-packages/fake_ar_publisher/fake_ar_publisher_s__rosidl_typesupport_introspection_c.cpython-310-x86_64-linux-gnu.so
[0.523s] -- Up-to-date: /home/riley/ros2_ws/install/fake_ar_publisher/local/lib/python3.10/dist-packages/fake_ar_publisher/fake_ar_publisher_s__rosidl_typesupport_c.cpython-310-x86_64-linux-gnu.so
[0.524s] -- Up-to-date: /home/riley/ros2_ws/install/fake_ar_publisher/lib/libfake_ar_publisher__rosidl_generator_py.so
[0.525s] -- Up-to-date: /home/riley/ros2_ws/install/fake_ar_publisher/share/fake_ar_publisher/msg/ARMarker.idl
[0.525s] -- Up-to-date: /home/riley/ros2_ws/install/fake_ar_publisher/share/fake_ar_publisher/msg/ARMarker.msg
[0.525s] -- Up-to-date: /home/riley/ros2_ws/install/fake_ar_publisher/lib/fake_ar_publisher/fake_ar_publisher_node
[0.525s] -- Up-to-date: /home/riley/ros2_ws/install/fake_ar_publisher/share/ament_index/resource_index/package_run_dependencies/fake_ar_publisher
[0.525s] -- Up-to-date: /home/riley/ros2_ws/install/fake_ar_publisher/share/ament_index/resource_index/parent_prefix_path/fake_ar_publisher
[0.525s] -- Up-to-date: /home/riley/ros2_ws/install/fake_ar_publisher/share/fake_ar_publisher/environment/ament_prefix_path.sh
[0.527s] -- Up-to-date: /home/riley/ros2_ws/install/fake_ar_publisher/share/fake_ar_publisher/environment/ament_prefix_path.dsv
[0.528s] -- Up-to-date: /home/riley/ros2_ws/install/fake_ar_publisher/share/fake_ar_publisher/environment/path.sh
[0.528s] -- Up-to-date: /home/riley/ros2_ws/install/fake_ar_publisher/share/fake_ar_publisher/environment/path.dsv
[0.528s] -- Up-to-date: /home/riley/ros2_ws/install/fake_ar_publisher/share/fake_ar_publisher/local_setup.bash
[0.528s] -- Up-to-date: /home/riley/ros2_ws/install/fake_ar_publisher/share/fake_ar_publisher/local_setup.sh
[0.528s] -- Up-to-date: /home/riley/ros2_ws/install/fake_ar_publisher/share/fake_ar_publisher/local_setup.zsh
[0.528s] -- Up-to-date: /home/riley/ros2_ws/install/fake_ar_publisher/share/fake_ar_publisher/local_setup.dsv
[0.528s] -- Installing: /home/riley/ros2_ws/install/fake_ar_publisher/share/fake_ar_publisher/package.dsv
[0.528s] -- Up-to-date: /home/riley/ros2_ws/install/fake_ar_publisher/share/ament_index/resource_index/packages/fake_ar_publisher
[0.528s] -- Up-to-date: /home/riley/ros2_ws/install/fake_ar_publisher/share/fake_ar_publisher/cmake/export_fake_ar_publisher__rosidl_generator_cExport.cmake
[0.529s] -- Up-to-date: /home/riley/ros2_ws/install/fake_ar_publisher/share/fake_ar_publisher/cmake/export_fake_ar_publisher__rosidl_generator_cExport-noconfig.cmake
[0.529s] -- Up-to-date: /home/riley/ros2_ws/install/fake_ar_publisher/share/fake_ar_publisher/cmake/export_fake_ar_publisher__rosidl_typesupport_fastrtps_cExport.cmake
[0.529s] -- Up-to-date: /home/riley/ros2_ws/install/fake_ar_publisher/share/fake_ar_publisher/cmake/export_fake_ar_publisher__rosidl_typesupport_fastrtps_cExport-noconfig.cmake
[0.529s] -- Up-to-date: /home/riley/ros2_ws/install/fake_ar_publisher/share/fake_ar_publisher/cmake/export_fake_ar_publisher__rosidl_generator_cppExport.cmake
[0.529s] -- Up-to-date: /home/riley/ros2_ws/install/fake_ar_publisher/share/fake_ar_publisher/cmake/export_fake_ar_publisher__rosidl_typesupport_fastrtps_cppExport.cmake
[0.529s] -- Up-to-date: /home/riley/ros2_ws/install/fake_ar_publisher/share/fake_ar_publisher/cmake/export_fake_ar_publisher__rosidl_typesupport_fastrtps_cppExport-noconfig.cmake
[0.529s] -- Up-to-date: /home/riley/ros2_ws/install/fake_ar_publisher/share/fake_ar_publisher/cmake/fake_ar_publisher__rosidl_typesupport_introspection_cExport.cmake
[0.529s] -- Up-to-date: /home/riley/ros2_ws/install/fake_ar_publisher/share/fake_ar_publisher/cmake/fake_ar_publisher__rosidl_typesupport_introspection_cExport-noconfig.cmake
[0.529s] -- Up-to-date: /home/riley/ros2_ws/install/fake_ar_publisher/share/fake_ar_publisher/cmake/fake_ar_publisher__rosidl_typesupport_cExport.cmake
[0.529s] -- Up-to-date: /home/riley/ros2_ws/install/fake_ar_publisher/share/fake_ar_publisher/cmake/fake_ar_publisher__rosidl_typesupport_cExport-noconfig.cmake
[0.529s] -- Up-to-date: /home/riley/ros2_ws/install/fake_ar_publisher/share/fake_ar_publisher/cmake/fake_ar_publisher__rosidl_typesupport_introspection_cppExport.cmake
[0.529s] -- Up-to-date: /home/riley/ros2_ws/install/fake_ar_publisher/share/fake_ar_publisher/cmake/fake_ar_publisher__rosidl_typesupport_introspection_cppExport-noconfig.cmake
[0.529s] -- Up-to-date: /home/riley/ros2_ws/install/fake_ar_publisher/share/fake_ar_publisher/cmake/fake_ar_publisher__rosidl_typesupport_cppExport.cmake
[0.530s] -- Up-to-date: /home/riley/ros2_ws/install/fake_ar_publisher/share/fake_ar_publisher/cmake/fake_ar_publisher__rosidl_typesupport_cppExport-noconfig.cmake
[0.530s] -- Up-to-date: /home/riley/ros2_ws/install/fake_ar_publisher/share/fake_ar_publisher/cmake/export_fake_ar_publisher__rosidl_generator_pyExport.cmake
[0.530s] -- Up-to-date: /home/riley/ros2_ws/install/fake_ar_publisher/share/fake_ar_publisher/cmake/export_fake_ar_publisher__rosidl_generator_pyExport-noconfig.cmake
[0.530s] -- Up-to-date: /home/riley/ros2_ws/install/fake_ar_publisher/share/fake_ar_publisher/cmake/rosidl_cmake-extras.cmake
[0.530s] -- Up-to-date: /home/riley/ros2_ws/install/fake_ar_publisher/share/fake_ar_publisher/cmake/ament_cmake_export_dependencies-extras.cmake
[0.530s] -- Up-to-date: /home/riley/ros2_ws/install/fake_ar_publisher/share/fake_ar_publisher/cmake/ament_cmake_export_include_directories-extras.cmake
[0.530s] -- Up-to-date: /home/riley/ros2_ws/install/fake_ar_publisher/share/fake_ar_publisher/cmake/ament_cmake_export_libraries-extras.cmake
[0.530s] -- Up-to-date: /home/riley/ros2_ws/install/fake_ar_publisher/share/fake_ar_publisher/cmake/ament_cmake_export_targets-extras.cmake
[0.530s] -- Up-to-date: /home/riley/ros2_ws/install/fake_ar_publisher/share/fake_ar_publisher/cmake/rosidl_cmake_export_typesupport_targets-extras.cmake
[0.530s] -- Up-to-date: /home/riley/ros2_ws/install/fake_ar_publisher/share/fake_ar_publisher/cmake/rosidl_cmake_export_typesupport_libraries-extras.cmake
[0.531s] -- Up-to-date: /home/riley/ros2_ws/install/fake_ar_publisher/share/fake_ar_publisher/cmake/fake_ar_publisherConfig.cmake
[0.531s] -- Up-to-date: /home/riley/ros2_ws/install/fake_ar_publisher/share/fake_ar_publisher/cmake/fake_ar_publisherConfig-version.cmake
[0.531s] -- Up-to-date: /home/riley/ros2_ws/install/fake_ar_publisher/share/fake_ar_publisher/package.xml
[0.561s] Invoked command in '/home/riley/ros2_ws/build/fake_ar_publisher' returned '0': CMAKE_PREFIX_PATH=/opt/ros/humble /usr/bin/cmake --install /home/riley/ros2_ws/build/fake_ar_publisher
