[0.039s] Invoking command in '/home/riley/ros2_ws/build/myworkcell_core': AMENT_PREFIX_PATH=/home/riley/ros2_ws/install/fake_ar_publisher:${AMENT_PREFIX_PATH} CMAKE_PREFIX_PATH=/home/riley/ros2_ws/install/fake_ar_publisher:/opt/ros/humble LD_LIBRARY_PATH=/home/riley/ros2_ws/install/fake_ar_publisher/lib:${LD_LIBRARY_PATH} PYTHONPATH=/home/riley/ros2_ws/install/fake_ar_publisher/local/lib/python3.10/dist-packages:${PYTHONPATH} /usr/bin/cmake --build /home/riley/ros2_ws/build/myworkcell_core -- -j8 -l8
[0.063s] -- Found ament_cmake: 1.3.5 (/opt/ros/humble/share/ament_cmake/cmake)
[0.162s] -- Found rclcpp: 16.0.6 (/opt/ros/humble/share/rclcpp/cmake)
[0.184s] -- Found rosidl_generator_c: 3.1.5 (/opt/ros/humble/share/rosidl_generator_c/cmake)
[0.185s] -- Found rosidl_adapter: 3.1.5 (/opt/ros/humble/share/rosidl_adapter/cmake)
[0.189s] -- Found rosidl_generator_cpp: 3.1.5 (/opt/ros/humble/share/rosidl_generator_cpp/cmake)
[0.197s] -- Using all available rosidl_typesupport_c: rosidl_typesupport_fastrtps_c;rosidl_typesupport_introspection_c
[0.207s] -- Using all available rosidl_typesupport_cpp: rosidl_typesupport_fastrtps_cpp;rosidl_typesupport_introspection_cpp
[0.243s] -- Found rmw_implementation_cmake: 6.1.1 (/opt/ros/humble/share/rmw_implementation_cmake/cmake)
[0.244s] -- Found rmw_fastrtps_cpp: 6.2.4 (/opt/ros/humble/share/rmw_fastrtps_cpp/cmake)
[0.332s] -- Using RMW implementation 'rmw_fastrtps_cpp' as default
[0.431s] -- Found fake_ar_publisher: 0.0.0 (/home/riley/ros2_ws/install/fake_ar_publisher/share/fake_ar_publisher/cmake)
[0.663s] -- Found ament_lint_auto: 0.12.8 (/opt/ros/humble/share/ament_lint_auto/cmake)
[0.724s] -- Added test 'cppcheck' to perform static code analysis on C / C++ code
[0.725s] -- Configured cppcheck include dirs: 
[0.725s] -- Configured cppcheck exclude dirs and/or files: 
[0.725s] -- Added test 'lint_cmake' to check CMake code style
[0.726s] -- Added test 'uncrustify' to check C / C++ code style
[0.726s] -- Configured uncrustify additional arguments: 
[0.727s] -- Added test 'xmllint' to check XML markup files
[0.728s] -- Configuring done
[0.738s] -- Generating done
[0.740s] -- Build files have been written to: /home/riley/ros2_ws/build/myworkcell_core
[0.767s] [35m[1mConsolidate compiler generated dependencies of target vision_node[0m
[0.782s] [ 50%] [32mBuilding CXX object CMakeFiles/vision_node.dir/src/vision_node.cpp.o[0m
[2.766s] [100%] [32m[1mLinking CXX executable vision_node[0m
[2.866s] [100%] Built target vision_node
[2.874s] Invoked command in '/home/riley/ros2_ws/build/myworkcell_core' returned '0': AMENT_PREFIX_PATH=/home/riley/ros2_ws/install/fake_ar_publisher:${AMENT_PREFIX_PATH} CMAKE_PREFIX_PATH=/home/riley/ros2_ws/install/fake_ar_publisher:/opt/ros/humble LD_LIBRARY_PATH=/home/riley/ros2_ws/install/fake_ar_publisher/lib:${LD_LIBRARY_PATH} PYTHONPATH=/home/riley/ros2_ws/install/fake_ar_publisher/local/lib/python3.10/dist-packages:${PYTHONPATH} /usr/bin/cmake --build /home/riley/ros2_ws/build/myworkcell_core -- -j8 -l8
[2.894s] Invoking command in '/home/riley/ros2_ws/build/myworkcell_core': AMENT_PREFIX_PATH=/home/riley/ros2_ws/install/fake_ar_publisher:${AMENT_PREFIX_PATH} CMAKE_PREFIX_PATH=/home/riley/ros2_ws/install/fake_ar_publisher:/opt/ros/humble LD_LIBRARY_PATH=/home/riley/ros2_ws/install/fake_ar_publisher/lib:${LD_LIBRARY_PATH} PYTHONPATH=/home/riley/ros2_ws/install/fake_ar_publisher/local/lib/python3.10/dist-packages:${PYTHONPATH} /usr/bin/cmake --install /home/riley/ros2_ws/build/myworkcell_core
[2.901s] -- Install configuration: ""
[2.903s] -- Installing: /home/riley/ros2_ws/install/myworkcell_core/lib/myworkcell_core/vision_node
[2.903s] -- Set runtime path of "/home/riley/ros2_ws/install/myworkcell_core/lib/myworkcell_core/vision_node" to ""
[2.904s] -- Installing: /home/riley/ros2_ws/install/myworkcell_core/share/ament_index/resource_index/package_run_dependencies/myworkcell_core
[2.904s] -- Installing: /home/riley/ros2_ws/install/myworkcell_core/share/ament_index/resource_index/parent_prefix_path/myworkcell_core
[2.905s] -- Up-to-date: /home/riley/ros2_ws/install/myworkcell_core/share/myworkcell_core/environment/ament_prefix_path.sh
[2.905s] -- Installing: /home/riley/ros2_ws/install/myworkcell_core/share/myworkcell_core/environment/ament_prefix_path.dsv
[2.905s] -- Up-to-date: /home/riley/ros2_ws/install/myworkcell_core/share/myworkcell_core/environment/path.sh
[2.905s] -- Installing: /home/riley/ros2_ws/install/myworkcell_core/share/myworkcell_core/environment/path.dsv
[2.905s] -- Up-to-date: /home/riley/ros2_ws/install/myworkcell_core/share/myworkcell_core/local_setup.bash
[2.905s] -- Up-to-date: /home/riley/ros2_ws/install/myworkcell_core/share/myworkcell_core/local_setup.sh
[2.905s] -- Up-to-date: /home/riley/ros2_ws/install/myworkcell_core/share/myworkcell_core/local_setup.zsh
[2.905s] -- Installing: /home/riley/ros2_ws/install/myworkcell_core/share/myworkcell_core/local_setup.dsv
[2.906s] -- Installing: /home/riley/ros2_ws/install/myworkcell_core/share/myworkcell_core/package.dsv
[2.906s] -- Up-to-date: /home/riley/ros2_ws/install/myworkcell_core/share/ament_index/resource_index/packages/myworkcell_core
[2.906s] -- Up-to-date: /home/riley/ros2_ws/install/myworkcell_core/share/myworkcell_core/cmake/myworkcell_coreConfig.cmake
[2.906s] -- Up-to-date: /home/riley/ros2_ws/install/myworkcell_core/share/myworkcell_core/cmake/myworkcell_coreConfig-version.cmake
[2.906s] -- Installing: /home/riley/ros2_ws/install/myworkcell_core/share/myworkcell_core/package.xml
[2.909s] Invoked command in '/home/riley/ros2_ws/build/myworkcell_core' returned '0': AMENT_PREFIX_PATH=/home/riley/ros2_ws/install/fake_ar_publisher:${AMENT_PREFIX_PATH} CMAKE_PREFIX_PATH=/home/riley/ros2_ws/install/fake_ar_publisher:/opt/ros/humble LD_LIBRARY_PATH=/home/riley/ros2_ws/install/fake_ar_publisher/lib:${LD_LIBRARY_PATH} PYTHONPATH=/home/riley/ros2_ws/install/fake_ar_publisher/local/lib/python3.10/dist-packages:${PYTHONPATH} /usr/bin/cmake --install /home/riley/ros2_ws/build/myworkcell_core
