[0.695s] DEBUG:colcon:Command line arguments: ['/home/riley/.local/bin/colcon', 'build']
[0.695s] DEBUG:colcon:Parsed command line arguments: Namespace(log_base=None, log_level=None, verb_name='build', build_base='build', install_base='install', merge_install=False, symlink_install=False, test_result_base=None, continue_on_error=False, executor='parallel', parallel_workers=8, event_handlers=None, ignore_user_meta=False, metas=['./colcon.meta'], base_paths=['.'], packages_ignore=None, packages_ignore_regex=None, paths=None, packages_up_to=None, packages_up_to_regex=None, packages_above=None, packages_above_and_dependencies=None, packages_above_depth=None, packages_select_by_dep=None, packages_skip_by_dep=None, packages_skip_up_to=None, packages_select_build_failed=False, packages_skip_build_finished=False, packages_select_test_failures=False, packages_skip_test_passed=False, packages_select=None, packages_skip=None, packages_select_regex=None, packages_skip_regex=None, packages_start=None, packages_end=None, cmake_args=None, cmake_target=None, cmake_target_skip_unavailable=False, cmake_clean_cache=False, cmake_clean_first=False, cmake_force_configure=False, ament_cmake_args=None, catkin_cmake_args=None, catkin_skip_building_tests=False, verb_parser=<colcon_defaults.argument_parser.defaults.DefaultArgumentsDecorator object at 0x7fc5bf1529b0>, verb_extension=<colcon_core.verb.build.BuildVerb object at 0x7fc5bf5a73d0>, main=<bound method BuildVerb.main of <colcon_core.verb.build.BuildVerb object at 0x7fc5bf5a73d0>>)
[0.728s] Level 1:colcon.colcon_core.package_discovery:discover_packages(colcon_meta) check parameters
[0.728s] Level 1:colcon.colcon_core.package_discovery:discover_packages(recursive) check parameters
[0.728s] Level 1:colcon.colcon_core.package_discovery:discover_packages(ignore) check parameters
[0.728s] Level 1:colcon.colcon_core.package_discovery:discover_packages(path) check parameters
[0.728s] Level 1:colcon.colcon_core.package_discovery:discover_packages(colcon_meta) discover
[0.729s] Level 1:colcon.colcon_core.package_discovery:discover_packages(recursive) discover
[0.729s] INFO:colcon.colcon_core.package_discovery:Crawling recursively for packages in '/home/riley/ros2_ws'
[0.729s] Level 1:colcon.colcon_core.package_identification:_identify(.) by extensions ['ignore', 'ignore_ament_install']
[0.729s] Level 1:colcon.colcon_core.package_identification:_identify(.) by extension 'ignore'
[0.729s] Level 1:colcon.colcon_core.package_identification:_identify(.) by extension 'ignore_ament_install'
[0.729s] Level 1:colcon.colcon_core.package_identification:_identify(.) by extensions ['colcon_pkg']
[0.729s] Level 1:colcon.colcon_core.package_identification:_identify(.) by extension 'colcon_pkg'
[0.729s] Level 1:colcon.colcon_core.package_identification:_identify(.) by extensions ['colcon_meta']
[0.729s] Level 1:colcon.colcon_core.package_identification:_identify(.) by extension 'colcon_meta'
[0.729s] Level 1:colcon.colcon_core.package_identification:_identify(.) by extensions ['ros']
[0.729s] Level 1:colcon.colcon_core.package_identification:_identify(.) by extension 'ros'
[0.737s] Level 1:colcon.colcon_core.package_identification:_identify(.) by extensions ['cmake', 'python']
[0.737s] Level 1:colcon.colcon_core.package_identification:_identify(.) by extension 'cmake'
[0.737s] Level 1:colcon.colcon_core.package_identification:_identify(.) by extension 'python'
[0.737s] Level 1:colcon.colcon_core.package_identification:_identify(.) by extensions ['python_setup_py']
[0.737s] Level 1:colcon.colcon_core.package_identification:_identify(.) by extension 'python_setup_py'
[0.737s] Level 1:colcon.colcon_core.package_identification:_identify(build) by extensions ['ignore', 'ignore_ament_install']
[0.737s] Level 1:colcon.colcon_core.package_identification:_identify(build) by extension 'ignore'
[0.737s] Level 1:colcon.colcon_core.package_identification:_identify(build) ignored
[0.737s] Level 1:colcon.colcon_core.package_identification:_identify(install) by extensions ['ignore', 'ignore_ament_install']
[0.737s] Level 1:colcon.colcon_core.package_identification:_identify(install) by extension 'ignore'
[0.737s] Level 1:colcon.colcon_core.package_identification:_identify(install) ignored
[0.737s] Level 1:colcon.colcon_core.package_identification:_identify(log) by extensions ['ignore', 'ignore_ament_install']
[0.737s] Level 1:colcon.colcon_core.package_identification:_identify(log) by extension 'ignore'
[0.737s] Level 1:colcon.colcon_core.package_identification:_identify(log) ignored
[0.737s] Level 1:colcon.colcon_core.package_identification:_identify(src) by extensions ['ignore', 'ignore_ament_install']
[0.738s] Level 1:colcon.colcon_core.package_identification:_identify(src) by extension 'ignore'
[0.738s] Level 1:colcon.colcon_core.package_identification:_identify(src) by extension 'ignore_ament_install'
[0.738s] Level 1:colcon.colcon_core.package_identification:_identify(src) by extensions ['colcon_pkg']
[0.738s] Level 1:colcon.colcon_core.package_identification:_identify(src) by extension 'colcon_pkg'
[0.738s] Level 1:colcon.colcon_core.package_identification:_identify(src) by extensions ['colcon_meta']
[0.738s] Level 1:colcon.colcon_core.package_identification:_identify(src) by extension 'colcon_meta'
[0.738s] Level 1:colcon.colcon_core.package_identification:_identify(src) by extensions ['ros']
[0.738s] Level 1:colcon.colcon_core.package_identification:_identify(src) by extension 'ros'
[0.738s] Level 1:colcon.colcon_core.package_identification:_identify(src) by extensions ['cmake', 'python']
[0.738s] Level 1:colcon.colcon_core.package_identification:_identify(src) by extension 'cmake'
[0.738s] Level 1:colcon.colcon_core.package_identification:_identify(src) by extension 'python'
[0.738s] Level 1:colcon.colcon_core.package_identification:_identify(src) by extensions ['python_setup_py']
[0.738s] Level 1:colcon.colcon_core.package_identification:_identify(src) by extension 'python_setup_py'
[0.738s] Level 1:colcon.colcon_core.package_identification:_identify(src/build) by extensions ['ignore', 'ignore_ament_install']
[0.738s] Level 1:colcon.colcon_core.package_identification:_identify(src/build) by extension 'ignore'
[0.738s] Level 1:colcon.colcon_core.package_identification:_identify(src/build) ignored
[0.738s] Level 1:colcon.colcon_core.package_identification:_identify(src/cpp_pubsub) by extensions ['ignore', 'ignore_ament_install']
[0.738s] Level 1:colcon.colcon_core.package_identification:_identify(src/cpp_pubsub) by extension 'ignore'
[0.738s] Level 1:colcon.colcon_core.package_identification:_identify(src/cpp_pubsub) by extension 'ignore_ament_install'
[0.738s] Level 1:colcon.colcon_core.package_identification:_identify(src/cpp_pubsub) by extensions ['colcon_pkg']
[0.738s] Level 1:colcon.colcon_core.package_identification:_identify(src/cpp_pubsub) by extension 'colcon_pkg'
[0.738s] Level 1:colcon.colcon_core.package_identification:_identify(src/cpp_pubsub) by extensions ['colcon_meta']
[0.738s] Level 1:colcon.colcon_core.package_identification:_identify(src/cpp_pubsub) by extension 'colcon_meta'
[0.738s] Level 1:colcon.colcon_core.package_identification:_identify(src/cpp_pubsub) by extensions ['ros']
[0.738s] Level 1:colcon.colcon_core.package_identification:_identify(src/cpp_pubsub) by extension 'ros'
[0.740s] DEBUG:colcon.colcon_core.package_identification:Package 'src/cpp_pubsub' with type 'ros.ament_cmake' and name 'cpp_pubsub'
[0.740s] Level 1:colcon.colcon_core.package_identification:_identify(src/cpp_srvcli) by extensions ['ignore', 'ignore_ament_install']
[0.740s] Level 1:colcon.colcon_core.package_identification:_identify(src/cpp_srvcli) by extension 'ignore'
[0.740s] Level 1:colcon.colcon_core.package_identification:_identify(src/cpp_srvcli) by extension 'ignore_ament_install'
[0.740s] Level 1:colcon.colcon_core.package_identification:_identify(src/cpp_srvcli) by extensions ['colcon_pkg']
[0.740s] Level 1:colcon.colcon_core.package_identification:_identify(src/cpp_srvcli) by extension 'colcon_pkg'
[0.740s] Level 1:colcon.colcon_core.package_identification:_identify(src/cpp_srvcli) by extensions ['colcon_meta']
[0.740s] Level 1:colcon.colcon_core.package_identification:_identify(src/cpp_srvcli) by extension 'colcon_meta'
[0.740s] Level 1:colcon.colcon_core.package_identification:_identify(src/cpp_srvcli) by extensions ['ros']
[0.740s] Level 1:colcon.colcon_core.package_identification:_identify(src/cpp_srvcli) by extension 'ros'
[0.741s] DEBUG:colcon.colcon_core.package_identification:Package 'src/cpp_srvcli' with type 'ros.ament_cmake' and name 'cpp_srvcli'
[0.741s] Level 1:colcon.colcon_core.package_identification:_identify(src/install) by extensions ['ignore', 'ignore_ament_install']
[0.741s] Level 1:colcon.colcon_core.package_identification:_identify(src/install) by extension 'ignore'
[0.741s] Level 1:colcon.colcon_core.package_identification:_identify(src/install) ignored
[0.741s] Level 1:colcon.colcon_core.package_identification:_identify(src/log) by extensions ['ignore', 'ignore_ament_install']
[0.741s] Level 1:colcon.colcon_core.package_identification:_identify(src/log) by extension 'ignore'
[0.741s] Level 1:colcon.colcon_core.package_identification:_identify(src/log) ignored
[0.741s] Level 1:colcon.colcon_core.package_identification:_identify(src/my_package) by extensions ['ignore', 'ignore_ament_install']
[0.741s] Level 1:colcon.colcon_core.package_identification:_identify(src/my_package) by extension 'ignore'
[0.741s] Level 1:colcon.colcon_core.package_identification:_identify(src/my_package) by extension 'ignore_ament_install'
[0.741s] Level 1:colcon.colcon_core.package_identification:_identify(src/my_package) by extensions ['colcon_pkg']
[0.741s] Level 1:colcon.colcon_core.package_identification:_identify(src/my_package) by extension 'colcon_pkg'
[0.741s] Level 1:colcon.colcon_core.package_identification:_identify(src/my_package) by extensions ['colcon_meta']
[0.741s] Level 1:colcon.colcon_core.package_identification:_identify(src/my_package) by extension 'colcon_meta'
[0.741s] Level 1:colcon.colcon_core.package_identification:_identify(src/my_package) by extensions ['ros']
[0.741s] Level 1:colcon.colcon_core.package_identification:_identify(src/my_package) by extension 'ros'
[0.741s] DEBUG:colcon.colcon_core.package_identification:Package 'src/my_package' with type 'ros.ament_cmake' and name 'my_package'
[0.742s] Level 1:colcon.colcon_core.package_identification:_identify(src/myworkcell_core) by extensions ['ignore', 'ignore_ament_install']
[0.742s] Level 1:colcon.colcon_core.package_identification:_identify(src/myworkcell_core) by extension 'ignore'
[0.742s] Level 1:colcon.colcon_core.package_identification:_identify(src/myworkcell_core) by extension 'ignore_ament_install'
[0.742s] Level 1:colcon.colcon_core.package_identification:_identify(src/myworkcell_core) by extensions ['colcon_pkg']
[0.742s] Level 1:colcon.colcon_core.package_identification:_identify(src/myworkcell_core) by extension 'colcon_pkg'
[0.742s] Level 1:colcon.colcon_core.package_identification:_identify(src/myworkcell_core) by extensions ['colcon_meta']
[0.742s] Level 1:colcon.colcon_core.package_identification:_identify(src/myworkcell_core) by extension 'colcon_meta'
[0.742s] Level 1:colcon.colcon_core.package_identification:_identify(src/myworkcell_core) by extensions ['ros']
[0.742s] Level 1:colcon.colcon_core.package_identification:_identify(src/myworkcell_core) by extension 'ros'
[0.742s] DEBUG:colcon.colcon_core.package_identification:Package 'src/myworkcell_core' with type 'ros.ament_cmake' and name 'myworkcell_core'
[0.743s] Level 1:colcon.colcon_core.package_identification:_identify(src/six_leg_controller) by extensions ['ignore', 'ignore_ament_install']
[0.743s] Level 1:colcon.colcon_core.package_identification:_identify(src/six_leg_controller) by extension 'ignore'
[0.743s] Level 1:colcon.colcon_core.package_identification:_identify(src/six_leg_controller) by extension 'ignore_ament_install'
[0.743s] Level 1:colcon.colcon_core.package_identification:_identify(src/six_leg_controller) by extensions ['colcon_pkg']
[0.743s] Level 1:colcon.colcon_core.package_identification:_identify(src/six_leg_controller) by extension 'colcon_pkg'
[0.743s] Level 1:colcon.colcon_core.package_identification:_identify(src/six_leg_controller) by extensions ['colcon_meta']
[0.743s] Level 1:colcon.colcon_core.package_identification:_identify(src/six_leg_controller) by extension 'colcon_meta'
[0.743s] Level 1:colcon.colcon_core.package_identification:_identify(src/six_leg_controller) by extensions ['ros']
[0.743s] Level 1:colcon.colcon_core.package_identification:_identify(src/six_leg_controller) by extension 'ros'
[0.743s] DEBUG:colcon.colcon_core.package_identification:Package 'src/six_leg_controller' with type 'ros.ament_python' and name 'six_leg_controller'
[0.743s] Level 1:colcon.colcon_core.package_discovery:discover_packages(recursive) using defaults
[0.743s] Level 1:colcon.colcon_core.package_discovery:discover_packages(ignore) discover
[0.743s] Level 1:colcon.colcon_core.package_discovery:discover_packages(ignore) using defaults
[0.743s] Level 1:colcon.colcon_core.package_discovery:discover_packages(path) discover
[0.743s] Level 1:colcon.colcon_core.package_discovery:discover_packages(path) using defaults
[0.797s] Level 5:colcon.colcon_core.verb:set package 'cpp_pubsub' build argument 'cmake_args' from command line to 'None'
[0.797s] Level 5:colcon.colcon_core.verb:set package 'cpp_pubsub' build argument 'cmake_target' from command line to 'None'
[0.797s] Level 5:colcon.colcon_core.verb:set package 'cpp_pubsub' build argument 'cmake_target_skip_unavailable' from command line to 'False'
[0.797s] Level 5:colcon.colcon_core.verb:set package 'cpp_pubsub' build argument 'cmake_clean_cache' from command line to 'False'
[0.797s] Level 5:colcon.colcon_core.verb:set package 'cpp_pubsub' build argument 'cmake_clean_first' from command line to 'False'
[0.797s] Level 5:colcon.colcon_core.verb:set package 'cpp_pubsub' build argument 'cmake_force_configure' from command line to 'False'
[0.797s] Level 5:colcon.colcon_core.verb:set package 'cpp_pubsub' build argument 'ament_cmake_args' from command line to 'None'
[0.797s] Level 5:colcon.colcon_core.verb:set package 'cpp_pubsub' build argument 'catkin_cmake_args' from command line to 'None'
[0.797s] Level 5:colcon.colcon_core.verb:set package 'cpp_pubsub' build argument 'catkin_skip_building_tests' from command line to 'False'
[0.797s] DEBUG:colcon.colcon_core.verb:Building package 'cpp_pubsub' with the following arguments: {'ament_cmake_args': None, 'build_base': '/home/riley/ros2_ws/build/cpp_pubsub', 'catkin_cmake_args': None, 'catkin_skip_building_tests': False, 'cmake_args': None, 'cmake_clean_cache': False, 'cmake_clean_first': False, 'cmake_force_configure': False, 'cmake_target': None, 'cmake_target_skip_unavailable': False, 'install_base': '/home/riley/ros2_ws/install/cpp_pubsub', 'merge_install': False, 'path': '/home/riley/ros2_ws/src/cpp_pubsub', 'symlink_install': False, 'test_result_base': None}
[0.807s] Level 5:colcon.colcon_core.verb:set package 'cpp_srvcli' build argument 'cmake_args' from command line to 'None'
[0.807s] Level 5:colcon.colcon_core.verb:set package 'cpp_srvcli' build argument 'cmake_target' from command line to 'None'
[0.807s] Level 5:colcon.colcon_core.verb:set package 'cpp_srvcli' build argument 'cmake_target_skip_unavailable' from command line to 'False'
[0.807s] Level 5:colcon.colcon_core.verb:set package 'cpp_srvcli' build argument 'cmake_clean_cache' from command line to 'False'
[0.807s] Level 5:colcon.colcon_core.verb:set package 'cpp_srvcli' build argument 'cmake_clean_first' from command line to 'False'
[0.807s] Level 5:colcon.colcon_core.verb:set package 'cpp_srvcli' build argument 'cmake_force_configure' from command line to 'False'
[0.807s] Level 5:colcon.colcon_core.verb:set package 'cpp_srvcli' build argument 'ament_cmake_args' from command line to 'None'
[0.807s] Level 5:colcon.colcon_core.verb:set package 'cpp_srvcli' build argument 'catkin_cmake_args' from command line to 'None'
[0.807s] Level 5:colcon.colcon_core.verb:set package 'cpp_srvcli' build argument 'catkin_skip_building_tests' from command line to 'False'
[0.807s] DEBUG:colcon.colcon_core.verb:Building package 'cpp_srvcli' with the following arguments: {'ament_cmake_args': None, 'build_base': '/home/riley/ros2_ws/build/cpp_srvcli', 'catkin_cmake_args': None, 'catkin_skip_building_tests': False, 'cmake_args': None, 'cmake_clean_cache': False, 'cmake_clean_first': False, 'cmake_force_configure': False, 'cmake_target': None, 'cmake_target_skip_unavailable': False, 'install_base': '/home/riley/ros2_ws/install/cpp_srvcli', 'merge_install': False, 'path': '/home/riley/ros2_ws/src/cpp_srvcli', 'symlink_install': False, 'test_result_base': None}
[0.817s] Level 5:colcon.colcon_core.verb:set package 'my_package' build argument 'cmake_args' from command line to 'None'
[0.817s] Level 5:colcon.colcon_core.verb:set package 'my_package' build argument 'cmake_target' from command line to 'None'
[0.817s] Level 5:colcon.colcon_core.verb:set package 'my_package' build argument 'cmake_target_skip_unavailable' from command line to 'False'
[0.817s] Level 5:colcon.colcon_core.verb:set package 'my_package' build argument 'cmake_clean_cache' from command line to 'False'
[0.817s] Level 5:colcon.colcon_core.verb:set package 'my_package' build argument 'cmake_clean_first' from command line to 'False'
[0.817s] Level 5:colcon.colcon_core.verb:set package 'my_package' build argument 'cmake_force_configure' from command line to 'False'
[0.817s] Level 5:colcon.colcon_core.verb:set package 'my_package' build argument 'ament_cmake_args' from command line to 'None'
[0.817s] Level 5:colcon.colcon_core.verb:set package 'my_package' build argument 'catkin_cmake_args' from command line to 'None'
[0.817s] Level 5:colcon.colcon_core.verb:set package 'my_package' build argument 'catkin_skip_building_tests' from command line to 'False'
[0.817s] DEBUG:colcon.colcon_core.verb:Building package 'my_package' with the following arguments: {'ament_cmake_args': None, 'build_base': '/home/riley/ros2_ws/build/my_package', 'catkin_cmake_args': None, 'catkin_skip_building_tests': False, 'cmake_args': None, 'cmake_clean_cache': False, 'cmake_clean_first': False, 'cmake_force_configure': False, 'cmake_target': None, 'cmake_target_skip_unavailable': False, 'install_base': '/home/riley/ros2_ws/install/my_package', 'merge_install': False, 'path': '/home/riley/ros2_ws/src/my_package', 'symlink_install': False, 'test_result_base': None}
[0.826s] Level 5:colcon.colcon_core.verb:set package 'myworkcell_core' build argument 'cmake_args' from command line to 'None'
[0.826s] Level 5:colcon.colcon_core.verb:set package 'myworkcell_core' build argument 'cmake_target' from command line to 'None'
[0.826s] Level 5:colcon.colcon_core.verb:set package 'myworkcell_core' build argument 'cmake_target_skip_unavailable' from command line to 'False'
[0.826s] Level 5:colcon.colcon_core.verb:set package 'myworkcell_core' build argument 'cmake_clean_cache' from command line to 'False'
[0.826s] Level 5:colcon.colcon_core.verb:set package 'myworkcell_core' build argument 'cmake_clean_first' from command line to 'False'
[0.826s] Level 5:colcon.colcon_core.verb:set package 'myworkcell_core' build argument 'cmake_force_configure' from command line to 'False'
[0.826s] Level 5:colcon.colcon_core.verb:set package 'myworkcell_core' build argument 'ament_cmake_args' from command line to 'None'
[0.826s] Level 5:colcon.colcon_core.verb:set package 'myworkcell_core' build argument 'catkin_cmake_args' from command line to 'None'
[0.826s] Level 5:colcon.colcon_core.verb:set package 'myworkcell_core' build argument 'catkin_skip_building_tests' from command line to 'False'
[0.826s] DEBUG:colcon.colcon_core.verb:Building package 'myworkcell_core' with the following arguments: {'ament_cmake_args': None, 'build_base': '/home/riley/ros2_ws/build/myworkcell_core', 'catkin_cmake_args': None, 'catkin_skip_building_tests': False, 'cmake_args': None, 'cmake_clean_cache': False, 'cmake_clean_first': False, 'cmake_force_configure': False, 'cmake_target': None, 'cmake_target_skip_unavailable': False, 'install_base': '/home/riley/ros2_ws/install/myworkcell_core', 'merge_install': False, 'path': '/home/riley/ros2_ws/src/myworkcell_core', 'symlink_install': False, 'test_result_base': None}
[0.836s] Level 5:colcon.colcon_core.verb:set package 'six_leg_controller' build argument 'cmake_args' from command line to 'None'
[0.836s] Level 5:colcon.colcon_core.verb:set package 'six_leg_controller' build argument 'cmake_target' from command line to 'None'
[0.836s] Level 5:colcon.colcon_core.verb:set package 'six_leg_controller' build argument 'cmake_target_skip_unavailable' from command line to 'False'
[0.836s] Level 5:colcon.colcon_core.verb:set package 'six_leg_controller' build argument 'cmake_clean_cache' from command line to 'False'
[0.836s] Level 5:colcon.colcon_core.verb:set package 'six_leg_controller' build argument 'cmake_clean_first' from command line to 'False'
[0.836s] Level 5:colcon.colcon_core.verb:set package 'six_leg_controller' build argument 'cmake_force_configure' from command line to 'False'
[0.836s] Level 5:colcon.colcon_core.verb:set package 'six_leg_controller' build argument 'ament_cmake_args' from command line to 'None'
[0.836s] Level 5:colcon.colcon_core.verb:set package 'six_leg_controller' build argument 'catkin_cmake_args' from command line to 'None'
[0.836s] Level 5:colcon.colcon_core.verb:set package 'six_leg_controller' build argument 'catkin_skip_building_tests' from command line to 'False'
[0.837s] DEBUG:colcon.colcon_core.verb:Building package 'six_leg_controller' with the following arguments: {'ament_cmake_args': None, 'build_base': '/home/riley/ros2_ws/build/six_leg_controller', 'catkin_cmake_args': None, 'catkin_skip_building_tests': False, 'cmake_args': None, 'cmake_clean_cache': False, 'cmake_clean_first': False, 'cmake_force_configure': False, 'cmake_target': None, 'cmake_target_skip_unavailable': False, 'install_base': '/home/riley/ros2_ws/install/six_leg_controller', 'merge_install': False, 'path': '/home/riley/ros2_ws/src/six_leg_controller', 'symlink_install': False, 'test_result_base': None}
[0.846s] INFO:colcon.colcon_core.executor:Executing jobs using 'parallel' executor
[0.858s] DEBUG:colcon.colcon_parallel_executor.executor.parallel:run_until_complete
[0.858s] INFO:colcon.colcon_ros.task.ament_cmake.build:Building ROS package in '/home/riley/ros2_ws/src/cpp_pubsub' with build type 'ament_cmake'
[0.858s] INFO:colcon.colcon_cmake.task.cmake.build:Building CMake package in '/home/riley/ros2_ws/src/cpp_pubsub'
[0.871s] INFO:colcon.colcon_core.plugin_system:Skipping extension 'colcon_core.shell.bat': Not used on non-Windows systems
[0.871s] INFO:colcon.colcon_core.shell:Skip shell extension 'powershell' for command environment: Not usable outside of PowerShell
[0.871s] DEBUG:colcon.colcon_core.shell:Skip shell extension 'dsv' for command environment
[0.919s] INFO:colcon.colcon_ros.task.ament_cmake.build:Building ROS package in '/home/riley/ros2_ws/src/cpp_srvcli' with build type 'ament_cmake'
[0.919s] INFO:colcon.colcon_cmake.task.cmake.build:Building CMake package in '/home/riley/ros2_ws/src/cpp_srvcli'
[0.930s] INFO:colcon.colcon_core.shell:Skip shell extension 'powershell' for command environment: Not usable outside of PowerShell
[0.930s] DEBUG:colcon.colcon_core.shell:Skip shell extension 'dsv' for command environment
[0.975s] INFO:colcon.colcon_ros.task.ament_cmake.build:Building ROS package in '/home/riley/ros2_ws/src/my_package' with build type 'ament_cmake'
[0.975s] INFO:colcon.colcon_cmake.task.cmake.build:Building CMake package in '/home/riley/ros2_ws/src/my_package'
[0.987s] INFO:colcon.colcon_core.shell:Skip shell extension 'powershell' for command environment: Not usable outside of PowerShell
[0.987s] DEBUG:colcon.colcon_core.shell:Skip shell extension 'dsv' for command environment
[1.030s] INFO:colcon.colcon_ros.task.ament_cmake.build:Building ROS package in '/home/riley/ros2_ws/src/myworkcell_core' with build type 'ament_cmake'
[1.031s] INFO:colcon.colcon_cmake.task.cmake.build:Building CMake package in '/home/riley/ros2_ws/src/myworkcell_core'
[1.042s] INFO:colcon.colcon_core.shell:Skip shell extension 'powershell' for command environment: Not usable outside of PowerShell
[1.042s] DEBUG:colcon.colcon_core.shell:Skip shell extension 'dsv' for command environment
[1.088s] INFO:colcon.colcon_ros.task.ament_python.build:Building ROS package in '/home/riley/ros2_ws/src/six_leg_controller' with build type 'ament_python'
[1.088s] Level 1:colcon.colcon_core.shell:create_environment_hook('six_leg_controller', 'ament_prefix_path')
[1.100s] INFO:colcon.colcon_core.shell:Creating environment hook '/home/riley/ros2_ws/install/six_leg_controller/share/six_leg_controller/hook/ament_prefix_path.ps1'
[1.101s] INFO:colcon.colcon_core.shell:Creating environment descriptor '/home/riley/ros2_ws/install/six_leg_controller/share/six_leg_controller/hook/ament_prefix_path.dsv'
[1.101s] INFO:colcon.colcon_core.shell:Creating environment hook '/home/riley/ros2_ws/install/six_leg_controller/share/six_leg_controller/hook/ament_prefix_path.sh'
[1.112s] INFO:colcon.colcon_core.shell:Skip shell extension 'powershell' for command environment: Not usable outside of PowerShell
[1.112s] DEBUG:colcon.colcon_core.shell:Skip shell extension 'dsv' for command environment
[1.162s] DEBUG:colcon.colcon_core.event_handler.log_command:Invoking command in '/home/riley/ros2_ws/build/cpp_pubsub': CMAKE_PREFIX_PATH=${CMAKE_PREFIX_PATH}:/home/riley/ros2_ws/src/install/six_leg_controller:/home/riley/ros2_ws/install/six_leg_controller:/opt/ros/humble /usr/bin/cmake --build /home/riley/ros2_ws/build/cpp_pubsub -- -j8 -l8
[1.165s] DEBUG:colcon.colcon_core.event_handler.log_command:Invoking command in '/home/riley/ros2_ws/build/cpp_srvcli': CMAKE_PREFIX_PATH=${CMAKE_PREFIX_PATH}:/home/riley/ros2_ws/src/install/six_leg_controller:/home/riley/ros2_ws/install/six_leg_controller:/opt/ros/humble /usr/bin/cmake --build /home/riley/ros2_ws/build/cpp_srvcli -- -j8 -l8
[1.166s] DEBUG:colcon.colcon_core.event_handler.log_command:Invoking command in '/home/riley/ros2_ws/build/my_package': CMAKE_PREFIX_PATH=${CMAKE_PREFIX_PATH}:/home/riley/ros2_ws/src/install/six_leg_controller:/home/riley/ros2_ws/install/six_leg_controller:/opt/ros/humble /usr/bin/cmake --build /home/riley/ros2_ws/build/my_package -- -j8 -l8
[1.170s] DEBUG:colcon.colcon_core.event_handler.log_command:Invoking command in '/home/riley/ros2_ws/build/myworkcell_core': CMAKE_PREFIX_PATH=${CMAKE_PREFIX_PATH}:/home/riley/ros2_ws/src/install/six_leg_controller:/home/riley/ros2_ws/install/six_leg_controller:/opt/ros/humble /usr/bin/cmake --build /home/riley/ros2_ws/build/myworkcell_core -- -j8 -l8
[1.379s] INFO:colcon.colcon_core.task.python.build:Building Python package in '/home/riley/ros2_ws/src/six_leg_controller'
[1.389s] INFO:colcon.colcon_core.shell:Skip shell extension 'powershell' for command environment: Not usable outside of PowerShell
[1.389s] DEBUG:colcon.colcon_core.shell:Skip shell extension 'dsv' for command environment
[1.435s] DEBUG:colcon.colcon_core.event_handler.log_command:Invoked command in '/home/riley/ros2_ws/build/cpp_srvcli' returned '0': CMAKE_PREFIX_PATH=${CMAKE_PREFIX_PATH}:/home/riley/ros2_ws/src/install/six_leg_controller:/home/riley/ros2_ws/install/six_leg_controller:/opt/ros/humble /usr/bin/cmake --build /home/riley/ros2_ws/build/cpp_srvcli -- -j8 -l8
[1.436s] DEBUG:colcon.colcon_core.event_handler.log_command:Invoked command in '/home/riley/ros2_ws/build/cpp_pubsub' returned '0': CMAKE_PREFIX_PATH=${CMAKE_PREFIX_PATH}:/home/riley/ros2_ws/src/install/six_leg_controller:/home/riley/ros2_ws/install/six_leg_controller:/opt/ros/humble /usr/bin/cmake --build /home/riley/ros2_ws/build/cpp_pubsub -- -j8 -l8
[1.437s] DEBUG:colcon.colcon_core.event_handler.log_command:Invoked command in '/home/riley/ros2_ws/build/my_package' returned '0': CMAKE_PREFIX_PATH=${CMAKE_PREFIX_PATH}:/home/riley/ros2_ws/src/install/six_leg_controller:/home/riley/ros2_ws/install/six_leg_controller:/opt/ros/humble /usr/bin/cmake --build /home/riley/ros2_ws/build/my_package -- -j8 -l8
[1.438s] DEBUG:colcon.colcon_core.event_handler.log_command:Invoked command in '/home/riley/ros2_ws/build/myworkcell_core' returned '0': CMAKE_PREFIX_PATH=${CMAKE_PREFIX_PATH}:/home/riley/ros2_ws/src/install/six_leg_controller:/home/riley/ros2_ws/install/six_leg_controller:/opt/ros/humble /usr/bin/cmake --build /home/riley/ros2_ws/build/myworkcell_core -- -j8 -l8
[1.468s] DEBUG:colcon.colcon_core.event_handler.log_command:Invoking command in '/home/riley/ros2_ws/build/my_package': CMAKE_PREFIX_PATH=${CMAKE_PREFIX_PATH}:/home/riley/ros2_ws/src/install/six_leg_controller:/home/riley/ros2_ws/install/six_leg_controller:/opt/ros/humble /usr/bin/cmake --install /home/riley/ros2_ws/build/my_package
[1.470s] DEBUG:colcon.colcon_core.event_handler.log_command:Invoking command in '/home/riley/ros2_ws/build/cpp_srvcli': CMAKE_PREFIX_PATH=${CMAKE_PREFIX_PATH}:/home/riley/ros2_ws/src/install/six_leg_controller:/home/riley/ros2_ws/install/six_leg_controller:/opt/ros/humble /usr/bin/cmake --install /home/riley/ros2_ws/build/cpp_srvcli
[1.471s] DEBUG:colcon.colcon_core.event_handler.log_command:Invoking command in '/home/riley/ros2_ws/build/myworkcell_core': CMAKE_PREFIX_PATH=${CMAKE_PREFIX_PATH}:/home/riley/ros2_ws/src/install/six_leg_controller:/home/riley/ros2_ws/install/six_leg_controller:/opt/ros/humble /usr/bin/cmake --install /home/riley/ros2_ws/build/myworkcell_core
[1.473s] DEBUG:colcon.colcon_core.event_handler.log_command:Invoking command in '/home/riley/ros2_ws/build/cpp_pubsub': CMAKE_PREFIX_PATH=${CMAKE_PREFIX_PATH}:/home/riley/ros2_ws/src/install/six_leg_controller:/home/riley/ros2_ws/install/six_leg_controller:/opt/ros/humble /usr/bin/cmake --install /home/riley/ros2_ws/build/cpp_pubsub
[1.478s] Level 1:colcon.colcon_core.environment:create_environment_scripts_only(my_package)
[1.479s] DEBUG:colcon.colcon_core.event_handler.log_command:Invoked command in '/home/riley/ros2_ws/build/my_package' returned '0': CMAKE_PREFIX_PATH=${CMAKE_PREFIX_PATH}:/home/riley/ros2_ws/src/install/six_leg_controller:/home/riley/ros2_ws/install/six_leg_controller:/opt/ros/humble /usr/bin/cmake --install /home/riley/ros2_ws/build/my_package
[1.498s] Level 1:colcon.colcon_core.environment:checking '/home/riley/ros2_ws/install/my_package' for CMake module files
[1.499s] Level 1:colcon.colcon_core.environment:checking '/home/riley/ros2_ws/install/my_package' for CMake config files
[1.499s] Level 1:colcon.colcon_core.shell:create_environment_hook('my_package', 'cmake_prefix_path')
[1.511s] INFO:colcon.colcon_core.shell:Creating environment hook '/home/riley/ros2_ws/install/my_package/share/my_package/hook/cmake_prefix_path.ps1'
[1.512s] INFO:colcon.colcon_core.shell:Creating environment descriptor '/home/riley/ros2_ws/install/my_package/share/my_package/hook/cmake_prefix_path.dsv'
[1.512s] INFO:colcon.colcon_core.shell:Creating environment hook '/home/riley/ros2_ws/install/my_package/share/my_package/hook/cmake_prefix_path.sh'
[1.513s] Level 1:colcon.colcon_core.environment:checking '/home/riley/ros2_ws/install/my_package/lib'
[1.513s] Level 1:colcon.colcon_core.environment:checking '/home/riley/ros2_ws/install/my_package/bin'
[1.513s] Level 1:colcon.colcon_core.environment:checking '/home/riley/ros2_ws/install/my_package/lib/pkgconfig/my_package.pc'
[1.513s] Level 1:colcon.colcon_core.environment:checking '/home/riley/ros2_ws/install/my_package/lib/python3.10/site-packages'
[1.514s] Level 1:colcon.colcon_core.environment:checking '/home/riley/ros2_ws/install/my_package/bin'
[1.524s] INFO:colcon.colcon_core.shell:Creating package script '/home/riley/ros2_ws/install/my_package/share/my_package/package.ps1'
[1.524s] INFO:colcon.colcon_core.shell:Creating package descriptor '/home/riley/ros2_ws/install/my_package/share/my_package/package.dsv'
[1.525s] INFO:colcon.colcon_core.shell:Creating package script '/home/riley/ros2_ws/install/my_package/share/my_package/package.sh'
[1.526s] INFO:colcon.colcon_core.shell:Creating package script '/home/riley/ros2_ws/install/my_package/share/my_package/package.bash'
[1.526s] INFO:colcon.colcon_core.shell:Creating package script '/home/riley/ros2_ws/install/my_package/share/my_package/package.zsh'
[1.527s] Level 1:colcon.colcon_core.environment:create_file_with_runtime_dependencies(/home/riley/ros2_ws/install/my_package/share/colcon-core/packages/my_package)
[1.529s] Level 1:colcon.colcon_core.environment:create_environment_scripts_only(myworkcell_core)
[1.529s] DEBUG:colcon.colcon_core.event_handler.log_command:Invoked command in '/home/riley/ros2_ws/build/myworkcell_core' returned '0': CMAKE_PREFIX_PATH=${CMAKE_PREFIX_PATH}:/home/riley/ros2_ws/src/install/six_leg_controller:/home/riley/ros2_ws/install/six_leg_controller:/opt/ros/humble /usr/bin/cmake --install /home/riley/ros2_ws/build/myworkcell_core
[1.540s] Level 1:colcon.colcon_core.environment:checking '/home/riley/ros2_ws/install/myworkcell_core' for CMake module files
[1.540s] Level 1:colcon.colcon_core.environment:checking '/home/riley/ros2_ws/install/myworkcell_core' for CMake config files
[1.540s] Level 1:colcon.colcon_core.shell:create_environment_hook('myworkcell_core', 'cmake_prefix_path')
[1.550s] INFO:colcon.colcon_core.shell:Creating environment hook '/home/riley/ros2_ws/install/myworkcell_core/share/myworkcell_core/hook/cmake_prefix_path.ps1'
[1.551s] INFO:colcon.colcon_core.shell:Creating environment descriptor '/home/riley/ros2_ws/install/myworkcell_core/share/myworkcell_core/hook/cmake_prefix_path.dsv'
[1.551s] INFO:colcon.colcon_core.shell:Creating environment hook '/home/riley/ros2_ws/install/myworkcell_core/share/myworkcell_core/hook/cmake_prefix_path.sh'
[1.552s] Level 1:colcon.colcon_core.environment:checking '/home/riley/ros2_ws/install/myworkcell_core/lib'
[1.552s] Level 1:colcon.colcon_core.environment:checking '/home/riley/ros2_ws/install/myworkcell_core/bin'
[1.552s] Level 1:colcon.colcon_core.environment:checking '/home/riley/ros2_ws/install/myworkcell_core/lib/pkgconfig/myworkcell_core.pc'
[1.552s] Level 1:colcon.colcon_core.environment:checking '/home/riley/ros2_ws/install/myworkcell_core/lib/python3.10/site-packages'
[1.552s] Level 1:colcon.colcon_core.environment:checking '/home/riley/ros2_ws/install/myworkcell_core/bin'
[1.563s] INFO:colcon.colcon_core.shell:Creating package script '/home/riley/ros2_ws/install/myworkcell_core/share/myworkcell_core/package.ps1'
[1.564s] INFO:colcon.colcon_core.shell:Creating package descriptor '/home/riley/ros2_ws/install/myworkcell_core/share/myworkcell_core/package.dsv'
[1.564s] INFO:colcon.colcon_core.shell:Creating package script '/home/riley/ros2_ws/install/myworkcell_core/share/myworkcell_core/package.sh'
[1.564s] INFO:colcon.colcon_core.shell:Creating package script '/home/riley/ros2_ws/install/myworkcell_core/share/myworkcell_core/package.bash'
[1.564s] INFO:colcon.colcon_core.shell:Creating package script '/home/riley/ros2_ws/install/myworkcell_core/share/myworkcell_core/package.zsh'
[1.565s] Level 1:colcon.colcon_core.environment:create_file_with_runtime_dependencies(/home/riley/ros2_ws/install/myworkcell_core/share/colcon-core/packages/myworkcell_core)
[1.566s] Level 1:colcon.colcon_core.environment:create_environment_scripts_only(cpp_srvcli)
[1.566s] DEBUG:colcon.colcon_core.event_handler.log_command:Invoked command in '/home/riley/ros2_ws/build/cpp_srvcli' returned '0': CMAKE_PREFIX_PATH=${CMAKE_PREFIX_PATH}:/home/riley/ros2_ws/src/install/six_leg_controller:/home/riley/ros2_ws/install/six_leg_controller:/opt/ros/humble /usr/bin/cmake --install /home/riley/ros2_ws/build/cpp_srvcli
[1.577s] Level 1:colcon.colcon_core.environment:checking '/home/riley/ros2_ws/install/cpp_srvcli' for CMake module files
[1.578s] Level 1:colcon.colcon_core.environment:checking '/home/riley/ros2_ws/install/cpp_srvcli' for CMake config files
[1.578s] Level 1:colcon.colcon_core.shell:create_environment_hook('cpp_srvcli', 'cmake_prefix_path')
[1.591s] INFO:colcon.colcon_core.shell:Creating environment hook '/home/riley/ros2_ws/install/cpp_srvcli/share/cpp_srvcli/hook/cmake_prefix_path.ps1'
[1.591s] INFO:colcon.colcon_core.shell:Creating environment descriptor '/home/riley/ros2_ws/install/cpp_srvcli/share/cpp_srvcli/hook/cmake_prefix_path.dsv'
[1.592s] INFO:colcon.colcon_core.shell:Creating environment hook '/home/riley/ros2_ws/install/cpp_srvcli/share/cpp_srvcli/hook/cmake_prefix_path.sh'
[1.592s] Level 1:colcon.colcon_core.environment:checking '/home/riley/ros2_ws/install/cpp_srvcli/lib'
[1.592s] Level 1:colcon.colcon_core.environment:checking '/home/riley/ros2_ws/install/cpp_srvcli/bin'
[1.592s] Level 1:colcon.colcon_core.environment:checking '/home/riley/ros2_ws/install/cpp_srvcli/lib/pkgconfig/cpp_srvcli.pc'
[1.593s] Level 1:colcon.colcon_core.environment:checking '/home/riley/ros2_ws/install/cpp_srvcli/lib/python3.10/site-packages'
[1.593s] Level 1:colcon.colcon_core.environment:checking '/home/riley/ros2_ws/install/cpp_srvcli/bin'
[1.607s] INFO:colcon.colcon_core.shell:Creating package script '/home/riley/ros2_ws/install/cpp_srvcli/share/cpp_srvcli/package.ps1'
[1.607s] INFO:colcon.colcon_core.shell:Creating package descriptor '/home/riley/ros2_ws/install/cpp_srvcli/share/cpp_srvcli/package.dsv'
[1.608s] INFO:colcon.colcon_core.shell:Creating package script '/home/riley/ros2_ws/install/cpp_srvcli/share/cpp_srvcli/package.sh'
[1.608s] INFO:colcon.colcon_core.shell:Creating package script '/home/riley/ros2_ws/install/cpp_srvcli/share/cpp_srvcli/package.bash'
[1.608s] INFO:colcon.colcon_core.shell:Creating package script '/home/riley/ros2_ws/install/cpp_srvcli/share/cpp_srvcli/package.zsh'
[1.608s] Level 1:colcon.colcon_core.environment:create_file_with_runtime_dependencies(/home/riley/ros2_ws/install/cpp_srvcli/share/colcon-core/packages/cpp_srvcli)
[1.610s] Level 1:colcon.colcon_core.environment:create_environment_scripts_only(cpp_pubsub)
[1.611s] DEBUG:colcon.colcon_core.event_handler.log_command:Invoked command in '/home/riley/ros2_ws/build/cpp_pubsub' returned '0': CMAKE_PREFIX_PATH=${CMAKE_PREFIX_PATH}:/home/riley/ros2_ws/src/install/six_leg_controller:/home/riley/ros2_ws/install/six_leg_controller:/opt/ros/humble /usr/bin/cmake --install /home/riley/ros2_ws/build/cpp_pubsub
[1.623s] Level 1:colcon.colcon_core.environment:checking '/home/riley/ros2_ws/install/cpp_pubsub' for CMake module files
[1.624s] Level 1:colcon.colcon_core.environment:checking '/home/riley/ros2_ws/install/cpp_pubsub' for CMake config files
[1.624s] Level 1:colcon.colcon_core.shell:create_environment_hook('cpp_pubsub', 'cmake_prefix_path')
[1.637s] INFO:colcon.colcon_core.shell:Creating environment hook '/home/riley/ros2_ws/install/cpp_pubsub/share/cpp_pubsub/hook/cmake_prefix_path.ps1'
[1.637s] INFO:colcon.colcon_core.shell:Creating environment descriptor '/home/riley/ros2_ws/install/cpp_pubsub/share/cpp_pubsub/hook/cmake_prefix_path.dsv'
[1.638s] INFO:colcon.colcon_core.shell:Creating environment hook '/home/riley/ros2_ws/install/cpp_pubsub/share/cpp_pubsub/hook/cmake_prefix_path.sh'
[1.638s] Level 1:colcon.colcon_core.environment:checking '/home/riley/ros2_ws/install/cpp_pubsub/lib'
[1.638s] Level 1:colcon.colcon_core.environment:checking '/home/riley/ros2_ws/install/cpp_pubsub/bin'
[1.638s] Level 1:colcon.colcon_core.environment:checking '/home/riley/ros2_ws/install/cpp_pubsub/lib/pkgconfig/cpp_pubsub.pc'
[1.638s] Level 1:colcon.colcon_core.environment:checking '/home/riley/ros2_ws/install/cpp_pubsub/lib/python3.10/site-packages'
[1.639s] Level 1:colcon.colcon_core.environment:checking '/home/riley/ros2_ws/install/cpp_pubsub/bin'
[1.650s] INFO:colcon.colcon_core.shell:Creating package script '/home/riley/ros2_ws/install/cpp_pubsub/share/cpp_pubsub/package.ps1'
[1.651s] INFO:colcon.colcon_core.shell:Creating package descriptor '/home/riley/ros2_ws/install/cpp_pubsub/share/cpp_pubsub/package.dsv'
[1.651s] INFO:colcon.colcon_core.shell:Creating package script '/home/riley/ros2_ws/install/cpp_pubsub/share/cpp_pubsub/package.sh'
[1.652s] INFO:colcon.colcon_core.shell:Creating package script '/home/riley/ros2_ws/install/cpp_pubsub/share/cpp_pubsub/package.bash'
[1.652s] INFO:colcon.colcon_core.shell:Creating package script '/home/riley/ros2_ws/install/cpp_pubsub/share/cpp_pubsub/package.zsh'
[1.652s] Level 1:colcon.colcon_core.environment:create_file_with_runtime_dependencies(/home/riley/ros2_ws/install/cpp_pubsub/share/colcon-core/packages/cpp_pubsub)
[1.665s] Level 1:colcon.colcon_core.environment:create_environment_scripts_only(my_package)
[1.679s] Level 1:colcon.colcon_core.environment:checking '/home/riley/ros2_ws/install/my_package' for CMake module files
[1.679s] Level 1:colcon.colcon_core.environment:checking '/home/riley/ros2_ws/install/my_package' for CMake config files
[1.680s] Level 1:colcon.colcon_core.shell:create_environment_hook('my_package', 'cmake_prefix_path')
[1.691s] INFO:colcon.colcon_core.shell:Creating environment hook '/home/riley/ros2_ws/install/my_package/share/my_package/hook/cmake_prefix_path.ps1'
[1.692s] INFO:colcon.colcon_core.shell:Creating environment descriptor '/home/riley/ros2_ws/install/my_package/share/my_package/hook/cmake_prefix_path.dsv'
[1.692s] INFO:colcon.colcon_core.shell:Creating environment hook '/home/riley/ros2_ws/install/my_package/share/my_package/hook/cmake_prefix_path.sh'
[1.693s] Level 1:colcon.colcon_core.environment:checking '/home/riley/ros2_ws/install/my_package/lib'
[1.693s] Level 1:colcon.colcon_core.environment:checking '/home/riley/ros2_ws/install/my_package/bin'
[1.693s] Level 1:colcon.colcon_core.environment:checking '/home/riley/ros2_ws/install/my_package/lib/pkgconfig/my_package.pc'
[1.693s] Level 1:colcon.colcon_core.environment:checking '/home/riley/ros2_ws/install/my_package/lib/python3.10/site-packages'
[1.693s] Level 1:colcon.colcon_core.environment:checking '/home/riley/ros2_ws/install/my_package/bin'
[1.706s] INFO:colcon.colcon_core.shell:Creating package script '/home/riley/ros2_ws/install/my_package/share/my_package/package.ps1'
[1.707s] INFO:colcon.colcon_core.shell:Creating package descriptor '/home/riley/ros2_ws/install/my_package/share/my_package/package.dsv'
[1.708s] INFO:colcon.colcon_core.shell:Creating package script '/home/riley/ros2_ws/install/my_package/share/my_package/package.sh'
[1.708s] INFO:colcon.colcon_core.shell:Creating package script '/home/riley/ros2_ws/install/my_package/share/my_package/package.bash'
[1.709s] INFO:colcon.colcon_core.shell:Creating package script '/home/riley/ros2_ws/install/my_package/share/my_package/package.zsh'
[1.709s] Level 1:colcon.colcon_core.environment:create_file_with_runtime_dependencies(/home/riley/ros2_ws/install/my_package/share/colcon-core/packages/my_package)
[1.725s] Level 1:colcon.colcon_core.environment:create_environment_scripts_only(myworkcell_core)
[1.737s] Level 1:colcon.colcon_core.environment:checking '/home/riley/ros2_ws/install/myworkcell_core' for CMake module files
[1.738s] Level 1:colcon.colcon_core.environment:checking '/home/riley/ros2_ws/install/myworkcell_core' for CMake config files
[1.738s] Level 1:colcon.colcon_core.shell:create_environment_hook('myworkcell_core', 'cmake_prefix_path')
[1.749s] INFO:colcon.colcon_core.shell:Creating environment hook '/home/riley/ros2_ws/install/myworkcell_core/share/myworkcell_core/hook/cmake_prefix_path.ps1'
[1.750s] INFO:colcon.colcon_core.shell:Creating environment descriptor '/home/riley/ros2_ws/install/myworkcell_core/share/myworkcell_core/hook/cmake_prefix_path.dsv'
[1.750s] INFO:colcon.colcon_core.shell:Creating environment hook '/home/riley/ros2_ws/install/myworkcell_core/share/myworkcell_core/hook/cmake_prefix_path.sh'
[1.750s] Level 1:colcon.colcon_core.environment:checking '/home/riley/ros2_ws/install/myworkcell_core/lib'
[1.750s] Level 1:colcon.colcon_core.environment:checking '/home/riley/ros2_ws/install/myworkcell_core/bin'
[1.750s] Level 1:colcon.colcon_core.environment:checking '/home/riley/ros2_ws/install/myworkcell_core/lib/pkgconfig/myworkcell_core.pc'
[1.751s] Level 1:colcon.colcon_core.environment:checking '/home/riley/ros2_ws/install/myworkcell_core/lib/python3.10/site-packages'
[1.751s] Level 1:colcon.colcon_core.environment:checking '/home/riley/ros2_ws/install/myworkcell_core/bin'
[1.761s] INFO:colcon.colcon_core.shell:Creating package script '/home/riley/ros2_ws/install/myworkcell_core/share/myworkcell_core/package.ps1'
[1.761s] INFO:colcon.colcon_core.shell:Creating package descriptor '/home/riley/ros2_ws/install/myworkcell_core/share/myworkcell_core/package.dsv'
[1.762s] INFO:colcon.colcon_core.shell:Creating package script '/home/riley/ros2_ws/install/myworkcell_core/share/myworkcell_core/package.sh'
[1.762s] INFO:colcon.colcon_core.shell:Creating package script '/home/riley/ros2_ws/install/myworkcell_core/share/myworkcell_core/package.bash'
[1.762s] INFO:colcon.colcon_core.shell:Creating package script '/home/riley/ros2_ws/install/myworkcell_core/share/myworkcell_core/package.zsh'
[1.762s] Level 1:colcon.colcon_core.environment:create_file_with_runtime_dependencies(/home/riley/ros2_ws/install/myworkcell_core/share/colcon-core/packages/myworkcell_core)
[1.785s] Level 1:colcon.colcon_core.environment:create_environment_scripts_only(cpp_srvcli)
[1.796s] Level 1:colcon.colcon_core.environment:checking '/home/riley/ros2_ws/install/cpp_srvcli' for CMake module files
[1.797s] Level 1:colcon.colcon_core.environment:checking '/home/riley/ros2_ws/install/cpp_srvcli' for CMake config files
[1.797s] Level 1:colcon.colcon_core.shell:create_environment_hook('cpp_srvcli', 'cmake_prefix_path')
[1.808s] INFO:colcon.colcon_core.shell:Creating environment hook '/home/riley/ros2_ws/install/cpp_srvcli/share/cpp_srvcli/hook/cmake_prefix_path.ps1'
[1.808s] INFO:colcon.colcon_core.shell:Creating environment descriptor '/home/riley/ros2_ws/install/cpp_srvcli/share/cpp_srvcli/hook/cmake_prefix_path.dsv'
[1.808s] INFO:colcon.colcon_core.shell:Creating environment hook '/home/riley/ros2_ws/install/cpp_srvcli/share/cpp_srvcli/hook/cmake_prefix_path.sh'
[1.809s] Level 1:colcon.colcon_core.environment:checking '/home/riley/ros2_ws/install/cpp_srvcli/lib'
[1.809s] Level 1:colcon.colcon_core.environment:checking '/home/riley/ros2_ws/install/cpp_srvcli/bin'
[1.809s] Level 1:colcon.colcon_core.environment:checking '/home/riley/ros2_ws/install/cpp_srvcli/lib/pkgconfig/cpp_srvcli.pc'
[1.809s] Level 1:colcon.colcon_core.environment:checking '/home/riley/ros2_ws/install/cpp_srvcli/lib/python3.10/site-packages'
[1.810s] Level 1:colcon.colcon_core.environment:checking '/home/riley/ros2_ws/install/cpp_srvcli/bin'
[1.820s] INFO:colcon.colcon_core.shell:Creating package script '/home/riley/ros2_ws/install/cpp_srvcli/share/cpp_srvcli/package.ps1'
[1.820s] INFO:colcon.colcon_core.shell:Creating package descriptor '/home/riley/ros2_ws/install/cpp_srvcli/share/cpp_srvcli/package.dsv'
[1.821s] INFO:colcon.colcon_core.shell:Creating package script '/home/riley/ros2_ws/install/cpp_srvcli/share/cpp_srvcli/package.sh'
[1.821s] INFO:colcon.colcon_core.shell:Creating package script '/home/riley/ros2_ws/install/cpp_srvcli/share/cpp_srvcli/package.bash'
[1.822s] INFO:colcon.colcon_core.shell:Creating package script '/home/riley/ros2_ws/install/cpp_srvcli/share/cpp_srvcli/package.zsh'
[1.822s] Level 1:colcon.colcon_core.environment:create_file_with_runtime_dependencies(/home/riley/ros2_ws/install/cpp_srvcli/share/colcon-core/packages/cpp_srvcli)
[1.833s] Level 1:colcon.colcon_core.environment:create_environment_scripts_only(cpp_pubsub)
[1.844s] Level 1:colcon.colcon_core.environment:checking '/home/riley/ros2_ws/install/cpp_pubsub' for CMake module files
[1.845s] Level 1:colcon.colcon_core.environment:checking '/home/riley/ros2_ws/install/cpp_pubsub' for CMake config files
[1.845s] Level 1:colcon.colcon_core.shell:create_environment_hook('cpp_pubsub', 'cmake_prefix_path')
[1.856s] INFO:colcon.colcon_core.shell:Creating environment hook '/home/riley/ros2_ws/install/cpp_pubsub/share/cpp_pubsub/hook/cmake_prefix_path.ps1'
[1.857s] INFO:colcon.colcon_core.shell:Creating environment descriptor '/home/riley/ros2_ws/install/cpp_pubsub/share/cpp_pubsub/hook/cmake_prefix_path.dsv'
[1.857s] INFO:colcon.colcon_core.shell:Creating environment hook '/home/riley/ros2_ws/install/cpp_pubsub/share/cpp_pubsub/hook/cmake_prefix_path.sh'
[1.858s] Level 1:colcon.colcon_core.environment:checking '/home/riley/ros2_ws/install/cpp_pubsub/lib'
[1.858s] Level 1:colcon.colcon_core.environment:checking '/home/riley/ros2_ws/install/cpp_pubsub/bin'
[1.858s] Level 1:colcon.colcon_core.environment:checking '/home/riley/ros2_ws/install/cpp_pubsub/lib/pkgconfig/cpp_pubsub.pc'
[1.858s] Level 1:colcon.colcon_core.environment:checking '/home/riley/ros2_ws/install/cpp_pubsub/lib/python3.10/site-packages'
[1.858s] Level 1:colcon.colcon_core.environment:checking '/home/riley/ros2_ws/install/cpp_pubsub/bin'
[1.869s] INFO:colcon.colcon_core.shell:Creating package script '/home/riley/ros2_ws/install/cpp_pubsub/share/cpp_pubsub/package.ps1'
[1.869s] INFO:colcon.colcon_core.shell:Creating package descriptor '/home/riley/ros2_ws/install/cpp_pubsub/share/cpp_pubsub/package.dsv'
[1.870s] INFO:colcon.colcon_core.shell:Creating package script '/home/riley/ros2_ws/install/cpp_pubsub/share/cpp_pubsub/package.sh'
[1.870s] INFO:colcon.colcon_core.shell:Creating package script '/home/riley/ros2_ws/install/cpp_pubsub/share/cpp_pubsub/package.bash'
[1.870s] INFO:colcon.colcon_core.shell:Creating package script '/home/riley/ros2_ws/install/cpp_pubsub/share/cpp_pubsub/package.zsh'
[1.871s] Level 1:colcon.colcon_core.environment:create_file_with_runtime_dependencies(/home/riley/ros2_ws/install/cpp_pubsub/share/colcon-core/packages/cpp_pubsub)
[1.876s] DEBUG:colcon.colcon_core.event_handler.log_command:Invoking command in '/home/riley/ros2_ws/src/six_leg_controller': PYTHONPATH=/home/riley/ros2_ws/build/six_leg_controller/prefix_override:/home/riley/ros2_ws/install/six_leg_controller/lib/python3.10/site-packages:${PYTHONPATH} /usr/bin/python3 setup.py egg_info --egg-base ../../build/six_leg_controller build --build-base /home/riley/ros2_ws/build/six_leg_controller/build install --record /home/riley/ros2_ws/build/six_leg_controller/install.log --single-version-externally-managed
[2.105s] DEBUG:colcon.colcon_core.event_handler.log_command:Invoked command in '/home/riley/ros2_ws/src/six_leg_controller' returned '0': PYTHONPATH=/home/riley/ros2_ws/build/six_leg_controller/prefix_override:/home/riley/ros2_ws/install/six_leg_controller/lib/python3.10/site-packages:${PYTHONPATH} /usr/bin/python3 setup.py egg_info --egg-base ../../build/six_leg_controller build --build-base /home/riley/ros2_ws/build/six_leg_controller/build install --record /home/riley/ros2_ws/build/six_leg_controller/install.log --single-version-externally-managed
[2.117s] Level 1:colcon.colcon_core.environment:checking '/home/riley/ros2_ws/install/six_leg_controller' for CMake module files
[2.117s] Level 1:colcon.colcon_core.environment:checking '/home/riley/ros2_ws/install/six_leg_controller' for CMake config files
[2.118s] Level 1:colcon.colcon_core.environment:checking '/home/riley/ros2_ws/install/six_leg_controller/lib'
[2.118s] Level 1:colcon.colcon_core.environment:checking '/home/riley/ros2_ws/install/six_leg_controller/bin'
[2.118s] Level 1:colcon.colcon_core.environment:checking '/home/riley/ros2_ws/install/six_leg_controller/lib/pkgconfig/six_leg_controller.pc'
[2.118s] Level 1:colcon.colcon_core.environment:checking '/home/riley/ros2_ws/install/six_leg_controller/lib/python3.10/site-packages'
[2.119s] Level 1:colcon.colcon_core.shell:create_environment_hook('six_leg_controller', 'pythonpath')
[2.130s] INFO:colcon.colcon_core.shell:Creating environment hook '/home/riley/ros2_ws/install/six_leg_controller/share/six_leg_controller/hook/pythonpath.ps1'
[2.131s] INFO:colcon.colcon_core.shell:Creating environment descriptor '/home/riley/ros2_ws/install/six_leg_controller/share/six_leg_controller/hook/pythonpath.dsv'
[2.131s] INFO:colcon.colcon_core.shell:Creating environment hook '/home/riley/ros2_ws/install/six_leg_controller/share/six_leg_controller/hook/pythonpath.sh'
[2.132s] Level 1:colcon.colcon_core.environment:checking '/home/riley/ros2_ws/install/six_leg_controller/bin'
[2.132s] Level 1:colcon.colcon_core.environment:create_environment_scripts_only(six_leg_controller)
[2.142s] INFO:colcon.colcon_core.shell:Creating package script '/home/riley/ros2_ws/install/six_leg_controller/share/six_leg_controller/package.ps1'
[2.143s] INFO:colcon.colcon_core.shell:Creating package descriptor '/home/riley/ros2_ws/install/six_leg_controller/share/six_leg_controller/package.dsv'
[2.143s] INFO:colcon.colcon_core.shell:Creating package script '/home/riley/ros2_ws/install/six_leg_controller/share/six_leg_controller/package.sh'
[2.144s] INFO:colcon.colcon_core.shell:Creating package script '/home/riley/ros2_ws/install/six_leg_controller/share/six_leg_controller/package.bash'
[2.144s] INFO:colcon.colcon_core.shell:Creating package script '/home/riley/ros2_ws/install/six_leg_controller/share/six_leg_controller/package.zsh'
[2.144s] Level 1:colcon.colcon_core.environment:create_file_with_runtime_dependencies(/home/riley/ros2_ws/install/six_leg_controller/share/colcon-core/packages/six_leg_controller)
[2.145s] DEBUG:colcon.colcon_parallel_executor.executor.parallel:closing loop
[2.145s] DEBUG:colcon.colcon_parallel_executor.executor.parallel:loop closed
[2.145s] DEBUG:colcon.colcon_parallel_executor.executor.parallel:run_until_complete finished with '0'
[2.145s] DEBUG:colcon.colcon_core.event_reactor:joining thread
[2.160s] INFO:colcon.colcon_core.plugin_system:Skipping extension 'colcon_notification.desktop_notification.terminal_notifier': Not used on non-Darwin systems
[2.160s] INFO:colcon.colcon_core.plugin_system:Skipping extension 'colcon_notification.desktop_notification.win32': Not used on non-Windows systems
[2.160s] INFO:colcon.colcon_notification.desktop_notification:Sending desktop notification using 'notify2'
[2.177s] DEBUG:colcon.colcon_core.event_reactor:joined thread
[2.190s] INFO:colcon.colcon_core.shell:Creating prefix script '/home/riley/ros2_ws/install/local_setup.ps1'
[2.191s] INFO:colcon.colcon_core.shell:Creating prefix util module '/home/riley/ros2_ws/install/_local_setup_util_ps1.py'
[2.192s] INFO:colcon.colcon_core.shell:Creating prefix chain script '/home/riley/ros2_ws/install/setup.ps1'
[2.204s] INFO:colcon.colcon_core.shell:Creating prefix script '/home/riley/ros2_ws/install/local_setup.sh'
[2.204s] INFO:colcon.colcon_core.shell:Creating prefix util module '/home/riley/ros2_ws/install/_local_setup_util_sh.py'
[2.205s] INFO:colcon.colcon_core.shell:Creating prefix chain script '/home/riley/ros2_ws/install/setup.sh'
[2.221s] INFO:colcon.colcon_core.shell:Creating prefix script '/home/riley/ros2_ws/install/local_setup.bash'
[2.222s] INFO:colcon.colcon_core.shell:Creating prefix chain script '/home/riley/ros2_ws/install/setup.bash'
[2.234s] INFO:colcon.colcon_core.shell:Creating prefix script '/home/riley/ros2_ws/install/local_setup.zsh'
[2.234s] INFO:colcon.colcon_core.shell:Creating prefix chain script '/home/riley/ros2_ws/install/setup.zsh'
