[0.624s] Invoking command in '/home/riley/ros2_ws/src/six_leg_controller': PYTHONPATH=/home/riley/ros2_ws/src/build/six_leg_controller/prefix_override:/home/riley/ros2_ws/src/install/six_leg_controller/lib/python3.10/site-packages:${PYTHONPATH} /usr/bin/python3 setup.py egg_info --egg-base ../build/six_leg_controller build --build-base /home/riley/ros2_ws/src/build/six_leg_controller/build install --record /home/riley/ros2_ws/src/build/six_leg_controller/install.log --single-version-externally-managed
[0.789s] running egg_info
[0.789s] writing ../build/six_leg_controller/six_leg_controller.egg-info/PKG-INFO
[0.790s] writing dependency_links to ../build/six_leg_controller/six_leg_controller.egg-info/dependency_links.txt
[0.790s] writing entry points to ../build/six_leg_controller/six_leg_controller.egg-info/entry_points.txt
[0.790s] writing requirements to ../build/six_leg_controller/six_leg_controller.egg-info/requires.txt
[0.790s] writing top-level names to ../build/six_leg_controller/six_leg_controller.egg-info/top_level.txt
[0.791s] reading manifest file '../build/six_leg_controller/six_leg_controller.egg-info/SOURCES.txt'
[0.792s] writing manifest file '../build/six_leg_controller/six_leg_controller.egg-info/SOURCES.txt'
[0.792s] running build
[0.792s] running build_py
[0.792s] running install
[0.792s] running install_lib
[0.793s] running install_data
[0.793s] running install_egg_info
[0.794s] removing '/home/riley/ros2_ws/src/install/six_leg_controller/lib/python3.10/site-packages/six_leg_controller-0.0.0-py3.10.egg-info' (and everything under it)
[0.795s] Copying ../build/six_leg_controller/six_leg_controller.egg-info to /home/riley/ros2_ws/src/install/six_leg_controller/lib/python3.10/site-packages/six_leg_controller-0.0.0-py3.10.egg-info
[0.795s] running install_scripts
[0.809s] writing list of installed files to '/home/riley/ros2_ws/src/build/six_leg_controller/install.log'
[0.832s] Invoked command in '/home/riley/ros2_ws/src/six_leg_controller' returned '0': PYTHONPATH=/home/riley/ros2_ws/src/build/six_leg_controller/prefix_override:/home/riley/ros2_ws/src/install/six_leg_controller/lib/python3.10/site-packages:${PYTHONPATH} /usr/bin/python3 setup.py egg_info --egg-base ../build/six_leg_controller build --build-base /home/riley/ros2_ws/src/build/six_leg_controller/build install --record /home/riley/ros2_ws/src/build/six_leg_controller/install.log --single-version-externally-managed
