[0.590s] Invoking command in '/home/riley/ros2_ws/src/six_leg_controller': PYTHONPATH=/home/riley/ros2_ws/build/six_leg_controller/prefix_override:/home/riley/ros2_ws/install/six_leg_controller/lib/python3.10/site-packages:${PYTHONPATH} /usr/bin/python3 setup.py egg_info --egg-base ../../build/six_leg_controller build --build-base /home/riley/ros2_ws/build/six_leg_controller/build install --record /home/riley/ros2_ws/build/six_leg_controller/install.log --single-version-externally-managed
[0.771s] running egg_info
[0.772s] writing ../../build/six_leg_controller/six_leg_controller.egg-info/PKG-INFO
[0.772s] writing dependency_links to ../../build/six_leg_controller/six_leg_controller.egg-info/dependency_links.txt
[0.772s] writing entry points to ../../build/six_leg_controller/six_leg_controller.egg-info/entry_points.txt
[0.773s] writing requirements to ../../build/six_leg_controller/six_leg_controller.egg-info/requires.txt
[0.773s] writing top-level names to ../../build/six_leg_controller/six_leg_controller.egg-info/top_level.txt
[0.774s] reading manifest file '../../build/six_leg_controller/six_leg_controller.egg-info/SOURCES.txt'
[0.774s] writing manifest file '../../build/six_leg_controller/six_leg_controller.egg-info/SOURCES.txt'
[0.775s] running build
[0.775s] running build_py
[0.775s] running install
[0.775s] /usr/lib/python3/dist-packages/setuptools/command/install.py:34: SetuptoolsDeprecationWarning: setup.py install is deprecated. Use build and pip and other standards-based tools.
[0.775s]   warnings.warn(
[0.775s] running install_lib
[0.776s] running install_data
[0.777s] copying package.xml -> /home/riley/ros2_ws/install/six_leg_controller/share/six_leg_controller
[0.777s] running install_egg_info
[0.778s] removing '/home/riley/ros2_ws/install/six_leg_controller/lib/python3.10/site-packages/six_leg_controller-0.0.0-py3.10.egg-info' (and everything under it)
[0.778s] Copying ../../build/six_leg_controller/six_leg_controller.egg-info to /home/riley/ros2_ws/install/six_leg_controller/lib/python3.10/site-packages/six_leg_controller-0.0.0-py3.10.egg-info
[0.779s] running install_scripts
[0.799s] writing list of installed files to '/home/riley/ros2_ws/build/six_leg_controller/install.log'
[0.823s] Invoked command in '/home/riley/ros2_ws/src/six_leg_controller' returned '0': PYTHONPATH=/home/riley/ros2_ws/build/six_leg_controller/prefix_override:/home/riley/ros2_ws/install/six_leg_controller/lib/python3.10/site-packages:${PYTHONPATH} /usr/bin/python3 setup.py egg_info --egg-base ../../build/six_leg_controller build --build-base /home/riley/ros2_ws/build/six_leg_controller/build install --record /home/riley/ros2_ws/build/six_leg_controller/install.log --single-version-externally-managed
