[0.090s] Invoking command in '/home/riley/ros2_ws/src/build/my_package': CMAKE_PREFIX_PATH=/opt/ros/humble /usr/bin/cmake /home/riley/ros2_ws/src/my_package -DCMAKE_INSTALL_PREFIX=/home/riley/ros2_ws/src/install/my_package
[0.182s] -- The C compiler identification is GNU 11.4.0
[0.250s] -- The CXX compiler identification is GNU 11.4.0
[0.261s] -- Detecting C compiler ABI info
[0.314s] -- Detecting C compiler ABI info - done
[0.319s] -- Check for working C compiler: /usr/bin/cc - skipped
[0.320s] -- Detecting C compile features
[0.322s] -- Detecting C compile features - done
[0.326s] -- Detecting CXX compiler ABI info
[0.385s] -- Detecting CXX compiler ABI info - done
[0.391s] -- Check for working CXX compiler: /usr/bin/c++ - skipped
[0.392s] -- Detecting CXX compile features
[0.392s] -- Detecting CXX compile features - done
[0.397s] -- Found ament_cmake: 1.3.5 (/opt/ros/humble/share/ament_cmake/cmake)
[0.531s] -- Found Python3: /usr/bin/python3.10 (found version "3.10.12") found components: Interpreter 
[0.620s] -- Found ament_lint_auto: 0.12.8 (/opt/ros/humble/share/ament_lint_auto/cmake)
[0.687s] -- Added test 'cppcheck' to perform static code analysis on C / C++ code
[0.687s] -- Configured cppcheck include dirs: $<BUILD_INTERFACE:/home/riley/ros2_ws/src/my_package/include>
[0.687s] -- Configured cppcheck exclude dirs and/or files: 
[0.688s] -- Added test 'lint_cmake' to check CMake code style
[0.689s] -- Added test 'uncrustify' to check C / C++ code style
[0.689s] -- Configured uncrustify additional arguments: 
[0.690s] -- Added test 'xmllint' to check XML markup files
[0.691s] -- Configuring done
[0.694s] -- Generating done
[0.694s] -- Build files have been written to: /home/riley/ros2_ws/src/build/my_package
[0.698s] Invoked command in '/home/riley/ros2_ws/src/build/my_package' returned '0': CMAKE_PREFIX_PATH=/opt/ros/humble /usr/bin/cmake /home/riley/ros2_ws/src/my_package -DCMAKE_INSTALL_PREFIX=/home/riley/ros2_ws/src/install/my_package
[0.699s] Invoking command in '/home/riley/ros2_ws/src/build/my_package': CMAKE_PREFIX_PATH=/opt/ros/humble /usr/bin/cmake --build /home/riley/ros2_ws/src/build/my_package -- -j8 -l8
[0.733s] [ 50%] [32mBuilding CXX object CMakeFiles/my_node.dir/src/my_node.cpp.o[0m
[0.758s] [100%] [32m[1mLinking CXX executable my_node[0m
[0.791s] [100%] Built target my_node
[0.801s] Invoked command in '/home/riley/ros2_ws/src/build/my_package' returned '0': CMAKE_PREFIX_PATH=/opt/ros/humble /usr/bin/cmake --build /home/riley/ros2_ws/src/build/my_package -- -j8 -l8
[0.825s] Invoking command in '/home/riley/ros2_ws/src/build/my_package': CMAKE_PREFIX_PATH=/opt/ros/humble /usr/bin/cmake --install /home/riley/ros2_ws/src/build/my_package
[0.830s] -- Install configuration: ""
[0.830s] -- Installing: /home/riley/ros2_ws/src/install/my_package/lib/my_package/my_node
[0.830s] -- Installing: /home/riley/ros2_ws/src/install/my_package/share/ament_index/resource_index/package_run_dependencies/my_package
[0.831s] -- Installing: /home/riley/ros2_ws/src/install/my_package/share/ament_index/resource_index/parent_prefix_path/my_package
[0.831s] -- Installing: /home/riley/ros2_ws/src/install/my_package/share/my_package/environment/ament_prefix_path.sh
[0.831s] -- Installing: /home/riley/ros2_ws/src/install/my_package/share/my_package/environment/ament_prefix_path.dsv
[0.831s] -- Installing: /home/riley/ros2_ws/src/install/my_package/share/my_package/environment/path.sh
[0.831s] -- Installing: /home/riley/ros2_ws/src/install/my_package/share/my_package/environment/path.dsv
[0.831s] -- Installing: /home/riley/ros2_ws/src/install/my_package/share/my_package/local_setup.bash
[0.832s] -- Installing: /home/riley/ros2_ws/src/install/my_package/share/my_package/local_setup.sh
[0.832s] -- Installing: /home/riley/ros2_ws/src/install/my_package/share/my_package/local_setup.zsh
[0.832s] -- Installing: /home/riley/ros2_ws/src/install/my_package/share/my_package/local_setup.dsv
[0.832s] -- Installing: /home/riley/ros2_ws/src/install/my_package/share/my_package/package.dsv
[0.833s] -- Installing: /home/riley/ros2_ws/src/install/my_package/share/ament_index/resource_index/packages/my_package
[0.833s] -- Installing: /home/riley/ros2_ws/src/install/my_package/share/my_package/cmake/my_packageConfig.cmake
[0.833s] -- Installing: /home/riley/ros2_ws/src/install/my_package/share/my_package/cmake/my_packageConfig-version.cmake
[0.833s] -- Installing: /home/riley/ros2_ws/src/install/my_package/share/my_package/package.xml
[0.835s] Invoked command in '/home/riley/ros2_ws/src/build/my_package' returned '0': CMAKE_PREFIX_PATH=/opt/ros/humble /usr/bin/cmake --install /home/riley/ros2_ws/src/build/my_package
