[0.251s] Invoking command in '/home/riley/ros2_ws/build/cpp_srvcli': CMAKE_PREFIX_PATH=${CMAKE_PREFIX_PATH}:/home/riley/ros2_ws/src/install/six_leg_controller:/home/riley/ros2_ws/install/six_leg_controller:/opt/ros/humble /usr/bin/cmake --build /home/riley/ros2_ws/build/cpp_srvcli -- -j8 -l8
[0.274s] -- Found ament_cmake: 1.3.5 (/opt/ros/humble/share/ament_cmake/cmake)
[0.399s] -- Found rclcpp: 16.0.6 (/opt/ros/humble/share/rclcpp/cmake)
[0.421s] -- Found rosidl_generator_c: 3.1.5 (/opt/ros/humble/share/rosidl_generator_c/cmake)
[0.422s] -- Found rosidl_adapter: 3.1.5 (/opt/ros/humble/share/rosidl_adapter/cmake)
[0.427s] -- Found rosidl_generator_cpp: 3.1.5 (/opt/ros/humble/share/rosidl_generator_cpp/cmake)
[0.435s] -- Using all available rosidl_typesupport_c: rosidl_typesupport_fastrtps_c;rosidl_typesupport_introspection_c
[0.446s] -- Using all available rosidl_typesupport_cpp: rosidl_typesupport_fastrtps_cpp;rosidl_typesupport_introspection_cpp
[0.489s] -- Found rmw_implementation_cmake: 6.1.1 (/opt/ros/humble/share/rmw_implementation_cmake/cmake)
[0.490s] -- Found rmw_fastrtps_cpp: 6.2.4 (/opt/ros/humble/share/rmw_fastrtps_cpp/cmake)
[0.595s] -- Using RMW implementation 'rmw_fastrtps_cpp' as default
[0.714s] -- Found example_interfaces: 0.9.3 (/opt/ros/humble/share/example_interfaces/cmake)
[0.887s] -- Configuring done
[0.890s] -- Generating done
[0.892s] -- Build files have been written to: /home/riley/ros2_ws/build/cpp_srvcli
[0.917s] [35m[1mConsolidate compiler generated dependencies of target server[0m
[0.918s] [35m[1mConsolidate compiler generated dependencies of target client[0m
[0.933s] [ 50%] Built target server
[0.937s] [ 75%] [32mBuilding CXX object CMakeFiles/client.dir/src/add_two_ints_client.cpp.o[0m
[3.598s] [100%] [32m[1mLinking CXX executable client[0m
[3.714s] [100%] Built target client
[3.725s] Invoked command in '/home/riley/ros2_ws/build/cpp_srvcli' returned '0': CMAKE_PREFIX_PATH=${CMAKE_PREFIX_PATH}:/home/riley/ros2_ws/src/install/six_leg_controller:/home/riley/ros2_ws/install/six_leg_controller:/opt/ros/humble /usr/bin/cmake --build /home/riley/ros2_ws/build/cpp_srvcli -- -j8 -l8
[3.759s] Invoking command in '/home/riley/ros2_ws/build/cpp_srvcli': CMAKE_PREFIX_PATH=${CMAKE_PREFIX_PATH}:/home/riley/ros2_ws/src/install/six_leg_controller:/home/riley/ros2_ws/install/six_leg_controller:/opt/ros/humble /usr/bin/cmake --install /home/riley/ros2_ws/build/cpp_srvcli
[3.765s] -- Install configuration: ""
[3.766s] -- Up-to-date: /home/riley/ros2_ws/install/cpp_srvcli/lib/cpp_srvcli/server
[3.766s] -- Up-to-date: /home/riley/ros2_ws/install/cpp_srvcli/share/ament_index/resource_index/package_run_dependencies/cpp_srvcli
[3.766s] -- Installing: /home/riley/ros2_ws/install/cpp_srvcli/share/ament_index/resource_index/parent_prefix_path/cpp_srvcli
[3.766s] -- Up-to-date: /home/riley/ros2_ws/install/cpp_srvcli/share/cpp_srvcli/environment/ament_prefix_path.sh
[3.766s] -- Installing: /home/riley/ros2_ws/install/cpp_srvcli/share/cpp_srvcli/environment/ament_prefix_path.dsv
[3.767s] -- Up-to-date: /home/riley/ros2_ws/install/cpp_srvcli/share/cpp_srvcli/environment/path.sh
[3.767s] -- Installing: /home/riley/ros2_ws/install/cpp_srvcli/share/cpp_srvcli/environment/path.dsv
[3.767s] -- Up-to-date: /home/riley/ros2_ws/install/cpp_srvcli/share/cpp_srvcli/local_setup.bash
[3.767s] -- Up-to-date: /home/riley/ros2_ws/install/cpp_srvcli/share/cpp_srvcli/local_setup.sh
[3.767s] -- Up-to-date: /home/riley/ros2_ws/install/cpp_srvcli/share/cpp_srvcli/local_setup.zsh
[3.767s] -- Installing: /home/riley/ros2_ws/install/cpp_srvcli/share/cpp_srvcli/local_setup.dsv
[3.768s] -- Installing: /home/riley/ros2_ws/install/cpp_srvcli/share/cpp_srvcli/package.dsv
[3.768s] -- Up-to-date: /home/riley/ros2_ws/install/cpp_srvcli/share/ament_index/resource_index/packages/cpp_srvcli
[3.768s] -- Up-to-date: /home/riley/ros2_ws/install/cpp_srvcli/share/cpp_srvcli/cmake/cpp_srvcliConfig.cmake
[3.768s] -- Up-to-date: /home/riley/ros2_ws/install/cpp_srvcli/share/cpp_srvcli/cmake/cpp_srvcliConfig-version.cmake
[3.768s] -- Up-to-date: /home/riley/ros2_ws/install/cpp_srvcli/share/cpp_srvcli/package.xml
[3.770s] Invoked command in '/home/riley/ros2_ws/build/cpp_srvcli' returned '0': CMAKE_PREFIX_PATH=${CMAKE_PREFIX_PATH}:/home/riley/ros2_ws/src/install/six_leg_controller:/home/riley/ros2_ws/install/six_leg_controller:/opt/ros/humble /usr/bin/cmake --install /home/riley/ros2_ws/build/cpp_srvcli
