[0.089s] Invoking command in '/home/riley/ros2_ws/build/cpp_pubsub': CMAKE_PREFIX_PATH=/opt/ros/humble /usr/bin/cmake --build /home/riley/ros2_ws/build/cpp_pubsub -- -j8 -l8
[0.124s] [35m[1mConsolidate compiler generated dependencies of target listener[0m
[0.124s] [35m[1mConsolidate compiler generated dependencies of target talker[0m
[0.140s] [ 75%] Built target listener
[0.140s] [100%] Built target talker
[0.348s] Invoked command in '/home/riley/ros2_ws/build/cpp_pubsub' returned '0': CMAKE_PREFIX_PATH=/opt/ros/humble /usr/bin/cmake --build /home/riley/ros2_ws/build/cpp_pubsub -- -j8 -l8
[0.383s] Invoking command in '/home/riley/ros2_ws/build/cpp_pubsub': CMAKE_PREFIX_PATH=/opt/ros/humble /usr/bin/cmake --install /home/riley/ros2_ws/build/cpp_pubsub
[0.389s] -- Install configuration: ""
[0.390s] -- Up-to-date: /home/riley/ros2_ws/install/cpp_pubsub/lib/cpp_pubsub/talker
[0.390s] -- Up-to-date: /home/riley/ros2_ws/install/cpp_pubsub/lib/cpp_pubsub/listener
[0.390s] -- Up-to-date: /home/riley/ros2_ws/install/cpp_pubsub/share/ament_index/resource_index/package_run_dependencies/cpp_pubsub
[0.390s] -- Up-to-date: /home/riley/ros2_ws/install/cpp_pubsub/share/ament_index/resource_index/parent_prefix_path/cpp_pubsub
[0.390s] -- Up-to-date: /home/riley/ros2_ws/install/cpp_pubsub/share/cpp_pubsub/environment/ament_prefix_path.sh
[0.390s] -- Up-to-date: /home/riley/ros2_ws/install/cpp_pubsub/share/cpp_pubsub/environment/ament_prefix_path.dsv
[0.390s] -- Up-to-date: /home/riley/ros2_ws/install/cpp_pubsub/share/cpp_pubsub/environment/path.sh
[0.390s] -- Up-to-date: /home/riley/ros2_ws/install/cpp_pubsub/share/cpp_pubsub/environment/path.dsv
[0.390s] -- Up-to-date: /home/riley/ros2_ws/install/cpp_pubsub/share/cpp_pubsub/local_setup.bash
[0.390s] -- Up-to-date: /home/riley/ros2_ws/install/cpp_pubsub/share/cpp_pubsub/local_setup.sh
[0.390s] -- Up-to-date: /home/riley/ros2_ws/install/cpp_pubsub/share/cpp_pubsub/local_setup.zsh
[0.391s] -- Up-to-date: /home/riley/ros2_ws/install/cpp_pubsub/share/cpp_pubsub/local_setup.dsv
[0.391s] -- Installing: /home/riley/ros2_ws/install/cpp_pubsub/share/cpp_pubsub/package.dsv
[0.391s] -- Up-to-date: /home/riley/ros2_ws/install/cpp_pubsub/share/ament_index/resource_index/packages/cpp_pubsub
[0.391s] -- Up-to-date: /home/riley/ros2_ws/install/cpp_pubsub/share/cpp_pubsub/cmake/cpp_pubsubConfig.cmake
[0.391s] -- Up-to-date: /home/riley/ros2_ws/install/cpp_pubsub/share/cpp_pubsub/cmake/cpp_pubsubConfig-version.cmake
[0.391s] -- Up-to-date: /home/riley/ros2_ws/install/cpp_pubsub/share/cpp_pubsub/package.xml
[0.394s] Invoked command in '/home/riley/ros2_ws/build/cpp_pubsub' returned '0': CMAKE_PREFIX_PATH=/opt/ros/humble /usr/bin/cmake --install /home/riley/ros2_ws/build/cpp_pubsub
