[0.704s] DEBUG:colcon:Command line arguments: ['/home/riley/.local/bin/colcon', 'build']
[0.704s] DEBUG:colcon:Parsed command line arguments: Namespace(log_base=None, log_level=None, verb_name='build', build_base='build', install_base='install', merge_install=False, symlink_install=False, test_result_base=None, continue_on_error=False, executor='parallel', parallel_workers=8, event_handlers=None, ignore_user_meta=False, metas=['./colcon.meta'], base_paths=['.'], packages_ignore=None, packages_ignore_regex=None, paths=None, packages_up_to=None, packages_up_to_regex=None, packages_above=None, packages_above_and_dependencies=None, packages_above_depth=None, packages_select_by_dep=None, packages_skip_by_dep=None, packages_skip_up_to=None, packages_select_build_failed=False, packages_skip_build_finished=False, packages_select_test_failures=False, packages_skip_test_passed=False, packages_select=None, packages_skip=None, packages_select_regex=None, packages_skip_regex=None, packages_start=None, packages_end=None, cmake_args=None, cmake_target=None, cmake_target_skip_unavailable=False, cmake_clean_cache=False, cmake_clean_first=False, cmake_force_configure=False, ament_cmake_args=None, catkin_cmake_args=None, catkin_skip_building_tests=False, verb_parser=<colcon_defaults.argument_parser.defaults.DefaultArgumentsDecorator object at 0x7f9306169870>, verb_extension=<colcon_core.verb.build.BuildVerb object at 0x7f93065baec0>, main=<bound method BuildVerb.main of <colcon_core.verb.build.BuildVerb object at 0x7f93065baec0>>)
[0.742s] Level 1:colcon.colcon_core.package_discovery:discover_packages(colcon_meta) check parameters
[0.742s] Level 1:colcon.colcon_core.package_discovery:discover_packages(recursive) check parameters
[0.742s] Level 1:colcon.colcon_core.package_discovery:discover_packages(ignore) check parameters
[0.742s] Level 1:colcon.colcon_core.package_discovery:discover_packages(path) check parameters
[0.742s] Level 1:colcon.colcon_core.package_discovery:discover_packages(colcon_meta) discover
[0.742s] Level 1:colcon.colcon_core.package_discovery:discover_packages(recursive) discover
[0.742s] INFO:colcon.colcon_core.package_discovery:Crawling recursively for packages in '/home/riley/ros2_ws'
[0.742s] Level 1:colcon.colcon_core.package_identification:_identify(.) by extensions ['ignore', 'ignore_ament_install']
[0.742s] Level 1:colcon.colcon_core.package_identification:_identify(.) by extension 'ignore'
[0.742s] Level 1:colcon.colcon_core.package_identification:_identify(.) by extension 'ignore_ament_install'
[0.742s] Level 1:colcon.colcon_core.package_identification:_identify(.) by extensions ['colcon_pkg']
[0.742s] Level 1:colcon.colcon_core.package_identification:_identify(.) by extension 'colcon_pkg'
[0.742s] Level 1:colcon.colcon_core.package_identification:_identify(.) by extensions ['colcon_meta']
[0.742s] Level 1:colcon.colcon_core.package_identification:_identify(.) by extension 'colcon_meta'
[0.742s] Level 1:colcon.colcon_core.package_identification:_identify(.) by extensions ['ros']
[0.742s] Level 1:colcon.colcon_core.package_identification:_identify(.) by extension 'ros'
[0.750s] Level 1:colcon.colcon_core.package_identification:_identify(.) by extensions ['cmake', 'python']
[0.750s] Level 1:colcon.colcon_core.package_identification:_identify(.) by extension 'cmake'
[0.750s] Level 1:colcon.colcon_core.package_identification:_identify(.) by extension 'python'
[0.750s] Level 1:colcon.colcon_core.package_identification:_identify(.) by extensions ['python_setup_py']
[0.750s] Level 1:colcon.colcon_core.package_identification:_identify(.) by extension 'python_setup_py'
[0.751s] Level 1:colcon.colcon_core.package_identification:_identify(build) by extensions ['ignore', 'ignore_ament_install']
[0.751s] Level 1:colcon.colcon_core.package_identification:_identify(build) by extension 'ignore'
[0.751s] Level 1:colcon.colcon_core.package_identification:_identify(build) ignored
[0.751s] Level 1:colcon.colcon_core.package_identification:_identify(install) by extensions ['ignore', 'ignore_ament_install']
[0.751s] Level 1:colcon.colcon_core.package_identification:_identify(install) by extension 'ignore'
[0.751s] Level 1:colcon.colcon_core.package_identification:_identify(install) ignored
[0.751s] Level 1:colcon.colcon_core.package_identification:_identify(log) by extensions ['ignore', 'ignore_ament_install']
[0.751s] Level 1:colcon.colcon_core.package_identification:_identify(log) by extension 'ignore'
[0.751s] Level 1:colcon.colcon_core.package_identification:_identify(log) ignored
[0.751s] Level 1:colcon.colcon_core.package_identification:_identify(src) by extensions ['ignore', 'ignore_ament_install']
[0.751s] Level 1:colcon.colcon_core.package_identification:_identify(src) by extension 'ignore'
[0.751s] Level 1:colcon.colcon_core.package_identification:_identify(src) by extension 'ignore_ament_install'
[0.751s] Level 1:colcon.colcon_core.package_identification:_identify(src) by extensions ['colcon_pkg']
[0.751s] Level 1:colcon.colcon_core.package_identification:_identify(src) by extension 'colcon_pkg'
[0.751s] Level 1:colcon.colcon_core.package_identification:_identify(src) by extensions ['colcon_meta']
[0.751s] Level 1:colcon.colcon_core.package_identification:_identify(src) by extension 'colcon_meta'
[0.751s] Level 1:colcon.colcon_core.package_identification:_identify(src) by extensions ['ros']
[0.751s] Level 1:colcon.colcon_core.package_identification:_identify(src) by extension 'ros'
[0.751s] Level 1:colcon.colcon_core.package_identification:_identify(src) by extensions ['cmake', 'python']
[0.751s] Level 1:colcon.colcon_core.package_identification:_identify(src) by extension 'cmake'
[0.751s] Level 1:colcon.colcon_core.package_identification:_identify(src) by extension 'python'
[0.751s] Level 1:colcon.colcon_core.package_identification:_identify(src) by extensions ['python_setup_py']
[0.751s] Level 1:colcon.colcon_core.package_identification:_identify(src) by extension 'python_setup_py'
[0.752s] Level 1:colcon.colcon_core.package_identification:_identify(src/cpp_pubsub) by extensions ['ignore', 'ignore_ament_install']
[0.752s] Level 1:colcon.colcon_core.package_identification:_identify(src/cpp_pubsub) by extension 'ignore'
[0.752s] Level 1:colcon.colcon_core.package_identification:_identify(src/cpp_pubsub) by extension 'ignore_ament_install'
[0.752s] Level 1:colcon.colcon_core.package_identification:_identify(src/cpp_pubsub) by extensions ['colcon_pkg']
[0.752s] Level 1:colcon.colcon_core.package_identification:_identify(src/cpp_pubsub) by extension 'colcon_pkg'
[0.752s] Level 1:colcon.colcon_core.package_identification:_identify(src/cpp_pubsub) by extensions ['colcon_meta']
[0.752s] Level 1:colcon.colcon_core.package_identification:_identify(src/cpp_pubsub) by extension 'colcon_meta'
[0.752s] Level 1:colcon.colcon_core.package_identification:_identify(src/cpp_pubsub) by extensions ['ros']
[0.752s] Level 1:colcon.colcon_core.package_identification:_identify(src/cpp_pubsub) by extension 'ros'
[0.754s] DEBUG:colcon.colcon_core.package_identification:Package 'src/cpp_pubsub' with type 'ros.ament_cmake' and name 'cpp_pubsub'
[0.754s] Level 1:colcon.colcon_core.package_identification:_identify(src/fake_ar_publisher) by extensions ['ignore', 'ignore_ament_install']
[0.754s] Level 1:colcon.colcon_core.package_identification:_identify(src/fake_ar_publisher) by extension 'ignore'
[0.754s] Level 1:colcon.colcon_core.package_identification:_identify(src/fake_ar_publisher) by extension 'ignore_ament_install'
[0.754s] Level 1:colcon.colcon_core.package_identification:_identify(src/fake_ar_publisher) by extensions ['colcon_pkg']
[0.754s] Level 1:colcon.colcon_core.package_identification:_identify(src/fake_ar_publisher) by extension 'colcon_pkg'
[0.754s] Level 1:colcon.colcon_core.package_identification:_identify(src/fake_ar_publisher) by extensions ['colcon_meta']
[0.754s] Level 1:colcon.colcon_core.package_identification:_identify(src/fake_ar_publisher) by extension 'colcon_meta'
[0.754s] Level 1:colcon.colcon_core.package_identification:_identify(src/fake_ar_publisher) by extensions ['ros']
[0.754s] Level 1:colcon.colcon_core.package_identification:_identify(src/fake_ar_publisher) by extension 'ros'
[0.755s] DEBUG:colcon.colcon_core.package_identification:Package 'src/fake_ar_publisher' with type 'ros.ament_cmake' and name 'fake_ar_publisher'
[0.755s] Level 1:colcon.colcon_core.package_identification:_identify(src/myworkcell_core) by extensions ['ignore', 'ignore_ament_install']
[0.755s] Level 1:colcon.colcon_core.package_identification:_identify(src/myworkcell_core) by extension 'ignore'
[0.755s] Level 1:colcon.colcon_core.package_identification:_identify(src/myworkcell_core) by extension 'ignore_ament_install'
[0.755s] Level 1:colcon.colcon_core.package_identification:_identify(src/myworkcell_core) by extensions ['colcon_pkg']
[0.755s] Level 1:colcon.colcon_core.package_identification:_identify(src/myworkcell_core) by extension 'colcon_pkg'
[0.755s] Level 1:colcon.colcon_core.package_identification:_identify(src/myworkcell_core) by extensions ['colcon_meta']
[0.755s] Level 1:colcon.colcon_core.package_identification:_identify(src/myworkcell_core) by extension 'colcon_meta'
[0.755s] Level 1:colcon.colcon_core.package_identification:_identify(src/myworkcell_core) by extensions ['ros']
[0.755s] Level 1:colcon.colcon_core.package_identification:_identify(src/myworkcell_core) by extension 'ros'
[0.755s] DEBUG:colcon.colcon_core.package_identification:Package 'src/myworkcell_core' with type 'ros.ament_cmake' and name 'myworkcell_core'
[0.756s] Level 1:colcon.colcon_core.package_identification:_identify(src/six_leg_controller) by extensions ['ignore', 'ignore_ament_install']
[0.756s] Level 1:colcon.colcon_core.package_identification:_identify(src/six_leg_controller) by extension 'ignore'
[0.756s] Level 1:colcon.colcon_core.package_identification:_identify(src/six_leg_controller) by extension 'ignore_ament_install'
[0.756s] Level 1:colcon.colcon_core.package_identification:_identify(src/six_leg_controller) by extensions ['colcon_pkg']
[0.756s] Level 1:colcon.colcon_core.package_identification:_identify(src/six_leg_controller) by extension 'colcon_pkg'
[0.756s] Level 1:colcon.colcon_core.package_identification:_identify(src/six_leg_controller) by extensions ['colcon_meta']
[0.756s] Level 1:colcon.colcon_core.package_identification:_identify(src/six_leg_controller) by extension 'colcon_meta'
[0.756s] Level 1:colcon.colcon_core.package_identification:_identify(src/six_leg_controller) by extensions ['ros']
[0.756s] Level 1:colcon.colcon_core.package_identification:_identify(src/six_leg_controller) by extension 'ros'
[0.756s] DEBUG:colcon.colcon_core.package_identification:Package 'src/six_leg_controller' with type 'ros.ament_python' and name 'six_leg_controller'
[0.756s] Level 1:colcon.colcon_core.package_discovery:discover_packages(recursive) using defaults
[0.756s] Level 1:colcon.colcon_core.package_discovery:discover_packages(ignore) discover
[0.756s] Level 1:colcon.colcon_core.package_discovery:discover_packages(ignore) using defaults
[0.756s] Level 1:colcon.colcon_core.package_discovery:discover_packages(path) discover
[0.756s] Level 1:colcon.colcon_core.package_discovery:discover_packages(path) using defaults
[0.814s] Level 5:colcon.colcon_core.verb:set package 'cpp_pubsub' build argument 'cmake_args' from command line to 'None'
[0.814s] Level 5:colcon.colcon_core.verb:set package 'cpp_pubsub' build argument 'cmake_target' from command line to 'None'
[0.814s] Level 5:colcon.colcon_core.verb:set package 'cpp_pubsub' build argument 'cmake_target_skip_unavailable' from command line to 'False'
[0.814s] Level 5:colcon.colcon_core.verb:set package 'cpp_pubsub' build argument 'cmake_clean_cache' from command line to 'False'
[0.814s] Level 5:colcon.colcon_core.verb:set package 'cpp_pubsub' build argument 'cmake_clean_first' from command line to 'False'
[0.814s] Level 5:colcon.colcon_core.verb:set package 'cpp_pubsub' build argument 'cmake_force_configure' from command line to 'False'
[0.814s] Level 5:colcon.colcon_core.verb:set package 'cpp_pubsub' build argument 'ament_cmake_args' from command line to 'None'
[0.814s] Level 5:colcon.colcon_core.verb:set package 'cpp_pubsub' build argument 'catkin_cmake_args' from command line to 'None'
[0.814s] Level 5:colcon.colcon_core.verb:set package 'cpp_pubsub' build argument 'catkin_skip_building_tests' from command line to 'False'
[0.814s] DEBUG:colcon.colcon_core.verb:Building package 'cpp_pubsub' with the following arguments: {'ament_cmake_args': None, 'build_base': '/home/riley/ros2_ws/build/cpp_pubsub', 'catkin_cmake_args': None, 'catkin_skip_building_tests': False, 'cmake_args': None, 'cmake_clean_cache': False, 'cmake_clean_first': False, 'cmake_force_configure': False, 'cmake_target': None, 'cmake_target_skip_unavailable': False, 'install_base': '/home/riley/ros2_ws/install/cpp_pubsub', 'merge_install': False, 'path': '/home/riley/ros2_ws/src/cpp_pubsub', 'symlink_install': False, 'test_result_base': None}
[0.825s] Level 5:colcon.colcon_core.verb:set package 'fake_ar_publisher' build argument 'cmake_args' from command line to 'None'
[0.825s] Level 5:colcon.colcon_core.verb:set package 'fake_ar_publisher' build argument 'cmake_target' from command line to 'None'
[0.825s] Level 5:colcon.colcon_core.verb:set package 'fake_ar_publisher' build argument 'cmake_target_skip_unavailable' from command line to 'False'
[0.825s] Level 5:colcon.colcon_core.verb:set package 'fake_ar_publisher' build argument 'cmake_clean_cache' from command line to 'False'
[0.826s] Level 5:colcon.colcon_core.verb:set package 'fake_ar_publisher' build argument 'cmake_clean_first' from command line to 'False'
[0.826s] Level 5:colcon.colcon_core.verb:set package 'fake_ar_publisher' build argument 'cmake_force_configure' from command line to 'False'
[0.826s] Level 5:colcon.colcon_core.verb:set package 'fake_ar_publisher' build argument 'ament_cmake_args' from command line to 'None'
[0.826s] Level 5:colcon.colcon_core.verb:set package 'fake_ar_publisher' build argument 'catkin_cmake_args' from command line to 'None'
[0.826s] Level 5:colcon.colcon_core.verb:set package 'fake_ar_publisher' build argument 'catkin_skip_building_tests' from command line to 'False'
[0.826s] DEBUG:colcon.colcon_core.verb:Building package 'fake_ar_publisher' with the following arguments: {'ament_cmake_args': None, 'build_base': '/home/riley/ros2_ws/build/fake_ar_publisher', 'catkin_cmake_args': None, 'catkin_skip_building_tests': False, 'cmake_args': None, 'cmake_clean_cache': False, 'cmake_clean_first': False, 'cmake_force_configure': False, 'cmake_target': None, 'cmake_target_skip_unavailable': False, 'install_base': '/home/riley/ros2_ws/install/fake_ar_publisher', 'merge_install': False, 'path': '/home/riley/ros2_ws/src/fake_ar_publisher', 'symlink_install': False, 'test_result_base': None}
[0.836s] Level 5:colcon.colcon_core.verb:set package 'six_leg_controller' build argument 'cmake_args' from command line to 'None'
[0.836s] Level 5:colcon.colcon_core.verb:set package 'six_leg_controller' build argument 'cmake_target' from command line to 'None'
[0.836s] Level 5:colcon.colcon_core.verb:set package 'six_leg_controller' build argument 'cmake_target_skip_unavailable' from command line to 'False'
[0.836s] Level 5:colcon.colcon_core.verb:set package 'six_leg_controller' build argument 'cmake_clean_cache' from command line to 'False'
[0.836s] Level 5:colcon.colcon_core.verb:set package 'six_leg_controller' build argument 'cmake_clean_first' from command line to 'False'
[0.836s] Level 5:colcon.colcon_core.verb:set package 'six_leg_controller' build argument 'cmake_force_configure' from command line to 'False'
[0.836s] Level 5:colcon.colcon_core.verb:set package 'six_leg_controller' build argument 'ament_cmake_args' from command line to 'None'
[0.836s] Level 5:colcon.colcon_core.verb:set package 'six_leg_controller' build argument 'catkin_cmake_args' from command line to 'None'
[0.836s] Level 5:colcon.colcon_core.verb:set package 'six_leg_controller' build argument 'catkin_skip_building_tests' from command line to 'False'
[0.836s] DEBUG:colcon.colcon_core.verb:Building package 'six_leg_controller' with the following arguments: {'ament_cmake_args': None, 'build_base': '/home/riley/ros2_ws/build/six_leg_controller', 'catkin_cmake_args': None, 'catkin_skip_building_tests': False, 'cmake_args': None, 'cmake_clean_cache': False, 'cmake_clean_first': False, 'cmake_force_configure': False, 'cmake_target': None, 'cmake_target_skip_unavailable': False, 'install_base': '/home/riley/ros2_ws/install/six_leg_controller', 'merge_install': False, 'path': '/home/riley/ros2_ws/src/six_leg_controller', 'symlink_install': False, 'test_result_base': None}
[0.847s] Level 5:colcon.colcon_core.verb:set package 'myworkcell_core' build argument 'cmake_args' from command line to 'None'
[0.847s] Level 5:colcon.colcon_core.verb:set package 'myworkcell_core' build argument 'cmake_target' from command line to 'None'
[0.847s] Level 5:colcon.colcon_core.verb:set package 'myworkcell_core' build argument 'cmake_target_skip_unavailable' from command line to 'False'
[0.847s] Level 5:colcon.colcon_core.verb:set package 'myworkcell_core' build argument 'cmake_clean_cache' from command line to 'False'
[0.847s] Level 5:colcon.colcon_core.verb:set package 'myworkcell_core' build argument 'cmake_clean_first' from command line to 'False'
[0.847s] Level 5:colcon.colcon_core.verb:set package 'myworkcell_core' build argument 'cmake_force_configure' from command line to 'False'
[0.847s] Level 5:colcon.colcon_core.verb:set package 'myworkcell_core' build argument 'ament_cmake_args' from command line to 'None'
[0.847s] Level 5:colcon.colcon_core.verb:set package 'myworkcell_core' build argument 'catkin_cmake_args' from command line to 'None'
[0.847s] Level 5:colcon.colcon_core.verb:set package 'myworkcell_core' build argument 'catkin_skip_building_tests' from command line to 'False'
[0.847s] DEBUG:colcon.colcon_core.verb:Building package 'myworkcell_core' with the following arguments: {'ament_cmake_args': None, 'build_base': '/home/riley/ros2_ws/build/myworkcell_core', 'catkin_cmake_args': None, 'catkin_skip_building_tests': False, 'cmake_args': None, 'cmake_clean_cache': False, 'cmake_clean_first': False, 'cmake_force_configure': False, 'cmake_target': None, 'cmake_target_skip_unavailable': False, 'install_base': '/home/riley/ros2_ws/install/myworkcell_core', 'merge_install': False, 'path': '/home/riley/ros2_ws/src/myworkcell_core', 'symlink_install': False, 'test_result_base': None}
[0.858s] INFO:colcon.colcon_core.executor:Executing jobs using 'parallel' executor
[0.869s] DEBUG:colcon.colcon_parallel_executor.executor.parallel:run_until_complete
[0.869s] INFO:colcon.colcon_ros.task.ament_cmake.build:Building ROS package in '/home/riley/ros2_ws/src/fake_ar_publisher' with build type 'ament_cmake'
[0.869s] INFO:colcon.colcon_cmake.task.cmake.build:Building CMake package in '/home/riley/ros2_ws/src/fake_ar_publisher'
[0.881s] INFO:colcon.colcon_core.plugin_system:Skipping extension 'colcon_core.shell.bat': Not used on non-Windows systems
[0.881s] INFO:colcon.colcon_core.shell:Skip shell extension 'powershell' for command environment: Not usable outside of PowerShell
[0.881s] DEBUG:colcon.colcon_core.shell:Skip shell extension 'dsv' for command environment
[0.907s] INFO:colcon.colcon_ros.task.ament_cmake.build:Building ROS package in '/home/riley/ros2_ws/src/cpp_pubsub' with build type 'ament_cmake'
[0.907s] INFO:colcon.colcon_cmake.task.cmake.build:Building CMake package in '/home/riley/ros2_ws/src/cpp_pubsub'
[0.919s] INFO:colcon.colcon_core.shell:Skip shell extension 'powershell' for command environment: Not usable outside of PowerShell
[0.919s] DEBUG:colcon.colcon_core.shell:Skip shell extension 'dsv' for command environment
[0.942s] INFO:colcon.colcon_ros.task.ament_python.build:Building ROS package in '/home/riley/ros2_ws/src/six_leg_controller' with build type 'ament_python'
[0.942s] Level 1:colcon.colcon_core.shell:create_environment_hook('six_leg_controller', 'ament_prefix_path')
[0.954s] INFO:colcon.colcon_core.shell:Creating environment hook '/home/riley/ros2_ws/install/six_leg_controller/share/six_leg_controller/hook/ament_prefix_path.ps1'
[0.954s] INFO:colcon.colcon_core.shell:Creating environment descriptor '/home/riley/ros2_ws/install/six_leg_controller/share/six_leg_controller/hook/ament_prefix_path.dsv'
[0.955s] INFO:colcon.colcon_core.shell:Creating environment hook '/home/riley/ros2_ws/install/six_leg_controller/share/six_leg_controller/hook/ament_prefix_path.sh'
[0.967s] INFO:colcon.colcon_core.shell:Skip shell extension 'powershell' for command environment: Not usable outside of PowerShell
[0.967s] DEBUG:colcon.colcon_core.shell:Skip shell extension 'dsv' for command environment
[0.999s] DEBUG:colcon.colcon_core.event_handler.log_command:Invoking command in '/home/riley/ros2_ws/build/fake_ar_publisher': CMAKE_PREFIX_PATH=/opt/ros/humble /usr/bin/cmake --build /home/riley/ros2_ws/build/fake_ar_publisher -- -j8 -l8
[1.000s] DEBUG:colcon.colcon_core.event_handler.log_command:Invoking command in '/home/riley/ros2_ws/build/cpp_pubsub': CMAKE_PREFIX_PATH=/opt/ros/humble /usr/bin/cmake --build /home/riley/ros2_ws/build/cpp_pubsub -- -j8 -l8
[1.225s] INFO:colcon.colcon_core.task.python.build:Building Python package in '/home/riley/ros2_ws/src/six_leg_controller'
[1.236s] INFO:colcon.colcon_core.shell:Skip shell extension 'powershell' for command environment: Not usable outside of PowerShell
[1.236s] DEBUG:colcon.colcon_core.shell:Skip shell extension 'dsv' for command environment
[1.260s] DEBUG:colcon.colcon_core.event_handler.log_command:Invoked command in '/home/riley/ros2_ws/build/cpp_pubsub' returned '0': CMAKE_PREFIX_PATH=/opt/ros/humble /usr/bin/cmake --build /home/riley/ros2_ws/build/cpp_pubsub -- -j8 -l8
[1.294s] DEBUG:colcon.colcon_core.event_handler.log_command:Invoking command in '/home/riley/ros2_ws/build/cpp_pubsub': CMAKE_PREFIX_PATH=/opt/ros/humble /usr/bin/cmake --install /home/riley/ros2_ws/build/cpp_pubsub
[1.303s] Level 1:colcon.colcon_core.environment:create_environment_scripts_only(cpp_pubsub)
[1.304s] DEBUG:colcon.colcon_core.event_handler.log_command:Invoked command in '/home/riley/ros2_ws/build/cpp_pubsub' returned '0': CMAKE_PREFIX_PATH=/opt/ros/humble /usr/bin/cmake --install /home/riley/ros2_ws/build/cpp_pubsub
[1.317s] Level 1:colcon.colcon_core.environment:checking '/home/riley/ros2_ws/install/cpp_pubsub' for CMake module files
[1.318s] Level 1:colcon.colcon_core.environment:checking '/home/riley/ros2_ws/install/cpp_pubsub' for CMake config files
[1.318s] Level 1:colcon.colcon_core.shell:create_environment_hook('cpp_pubsub', 'cmake_prefix_path')
[1.330s] INFO:colcon.colcon_core.shell:Creating environment hook '/home/riley/ros2_ws/install/cpp_pubsub/share/cpp_pubsub/hook/cmake_prefix_path.ps1'
[1.331s] INFO:colcon.colcon_core.shell:Creating environment descriptor '/home/riley/ros2_ws/install/cpp_pubsub/share/cpp_pubsub/hook/cmake_prefix_path.dsv'
[1.331s] INFO:colcon.colcon_core.shell:Creating environment hook '/home/riley/ros2_ws/install/cpp_pubsub/share/cpp_pubsub/hook/cmake_prefix_path.sh'
[1.332s] Level 1:colcon.colcon_core.environment:checking '/home/riley/ros2_ws/install/cpp_pubsub/lib'
[1.332s] Level 1:colcon.colcon_core.environment:checking '/home/riley/ros2_ws/install/cpp_pubsub/bin'
[1.332s] Level 1:colcon.colcon_core.environment:checking '/home/riley/ros2_ws/install/cpp_pubsub/lib/pkgconfig/cpp_pubsub.pc'
[1.332s] Level 1:colcon.colcon_core.environment:checking '/home/riley/ros2_ws/install/cpp_pubsub/lib/python3.10/site-packages'
[1.332s] Level 1:colcon.colcon_core.environment:checking '/home/riley/ros2_ws/install/cpp_pubsub/bin'
[1.343s] INFO:colcon.colcon_core.shell:Creating package script '/home/riley/ros2_ws/install/cpp_pubsub/share/cpp_pubsub/package.ps1'
[1.344s] INFO:colcon.colcon_core.shell:Creating package descriptor '/home/riley/ros2_ws/install/cpp_pubsub/share/cpp_pubsub/package.dsv'
[1.344s] INFO:colcon.colcon_core.shell:Creating package script '/home/riley/ros2_ws/install/cpp_pubsub/share/cpp_pubsub/package.sh'
[1.345s] INFO:colcon.colcon_core.shell:Creating package script '/home/riley/ros2_ws/install/cpp_pubsub/share/cpp_pubsub/package.bash'
[1.345s] INFO:colcon.colcon_core.shell:Creating package script '/home/riley/ros2_ws/install/cpp_pubsub/share/cpp_pubsub/package.zsh'
[1.346s] Level 1:colcon.colcon_core.environment:create_file_with_runtime_dependencies(/home/riley/ros2_ws/install/cpp_pubsub/share/colcon-core/packages/cpp_pubsub)
[1.348s] DEBUG:colcon.colcon_core.event_handler.log_command:Invoked command in '/home/riley/ros2_ws/build/fake_ar_publisher' returned '0': CMAKE_PREFIX_PATH=/opt/ros/humble /usr/bin/cmake --build /home/riley/ros2_ws/build/fake_ar_publisher -- -j8 -l8
[1.381s] Level 1:colcon.colcon_core.environment:create_environment_scripts_only(cpp_pubsub)
[1.392s] Level 1:colcon.colcon_core.environment:checking '/home/riley/ros2_ws/install/cpp_pubsub' for CMake module files
[1.392s] Level 1:colcon.colcon_core.environment:checking '/home/riley/ros2_ws/install/cpp_pubsub' for CMake config files
[1.392s] Level 1:colcon.colcon_core.shell:create_environment_hook('cpp_pubsub', 'cmake_prefix_path')
[1.404s] INFO:colcon.colcon_core.shell:Creating environment hook '/home/riley/ros2_ws/install/cpp_pubsub/share/cpp_pubsub/hook/cmake_prefix_path.ps1'
[1.405s] INFO:colcon.colcon_core.shell:Creating environment descriptor '/home/riley/ros2_ws/install/cpp_pubsub/share/cpp_pubsub/hook/cmake_prefix_path.dsv'
[1.405s] INFO:colcon.colcon_core.shell:Creating environment hook '/home/riley/ros2_ws/install/cpp_pubsub/share/cpp_pubsub/hook/cmake_prefix_path.sh'
[1.406s] Level 1:colcon.colcon_core.environment:checking '/home/riley/ros2_ws/install/cpp_pubsub/lib'
[1.406s] Level 1:colcon.colcon_core.environment:checking '/home/riley/ros2_ws/install/cpp_pubsub/bin'
[1.406s] Level 1:colcon.colcon_core.environment:checking '/home/riley/ros2_ws/install/cpp_pubsub/lib/pkgconfig/cpp_pubsub.pc'
[1.406s] Level 1:colcon.colcon_core.environment:checking '/home/riley/ros2_ws/install/cpp_pubsub/lib/python3.10/site-packages'
[1.406s] Level 1:colcon.colcon_core.environment:checking '/home/riley/ros2_ws/install/cpp_pubsub/bin'
[1.418s] INFO:colcon.colcon_core.shell:Creating package script '/home/riley/ros2_ws/install/cpp_pubsub/share/cpp_pubsub/package.ps1'
[1.418s] INFO:colcon.colcon_core.shell:Creating package descriptor '/home/riley/ros2_ws/install/cpp_pubsub/share/cpp_pubsub/package.dsv'
[1.418s] INFO:colcon.colcon_core.shell:Creating package script '/home/riley/ros2_ws/install/cpp_pubsub/share/cpp_pubsub/package.sh'
[1.419s] INFO:colcon.colcon_core.shell:Creating package script '/home/riley/ros2_ws/install/cpp_pubsub/share/cpp_pubsub/package.bash'
[1.419s] INFO:colcon.colcon_core.shell:Creating package script '/home/riley/ros2_ws/install/cpp_pubsub/share/cpp_pubsub/package.zsh'
[1.419s] Level 1:colcon.colcon_core.environment:create_file_with_runtime_dependencies(/home/riley/ros2_ws/install/cpp_pubsub/share/colcon-core/packages/cpp_pubsub)
[1.424s] DEBUG:colcon.colcon_core.event_handler.log_command:Invoking command in '/home/riley/ros2_ws/build/fake_ar_publisher': CMAKE_PREFIX_PATH=/opt/ros/humble /usr/bin/cmake --install /home/riley/ros2_ws/build/fake_ar_publisher
[1.467s] Level 1:colcon.colcon_core.environment:create_environment_scripts_only(fake_ar_publisher)
[1.468s] DEBUG:colcon.colcon_core.event_handler.log_command:Invoked command in '/home/riley/ros2_ws/build/fake_ar_publisher' returned '0': CMAKE_PREFIX_PATH=/opt/ros/humble /usr/bin/cmake --install /home/riley/ros2_ws/build/fake_ar_publisher
[1.479s] Level 1:colcon.colcon_core.environment:checking '/home/riley/ros2_ws/install/fake_ar_publisher' for CMake module files
[1.479s] Level 1:colcon.colcon_core.environment:checking '/home/riley/ros2_ws/install/fake_ar_publisher' for CMake config files
[1.480s] Level 1:colcon.colcon_core.shell:create_environment_hook('fake_ar_publisher', 'cmake_prefix_path')
[1.491s] INFO:colcon.colcon_core.shell:Creating environment hook '/home/riley/ros2_ws/install/fake_ar_publisher/share/fake_ar_publisher/hook/cmake_prefix_path.ps1'
[1.491s] INFO:colcon.colcon_core.shell:Creating environment descriptor '/home/riley/ros2_ws/install/fake_ar_publisher/share/fake_ar_publisher/hook/cmake_prefix_path.dsv'
[1.492s] INFO:colcon.colcon_core.shell:Creating environment hook '/home/riley/ros2_ws/install/fake_ar_publisher/share/fake_ar_publisher/hook/cmake_prefix_path.sh'
[1.492s] Level 1:colcon.colcon_core.environment:checking '/home/riley/ros2_ws/install/fake_ar_publisher/lib'
[1.492s] Level 1:colcon.colcon_core.shell:create_environment_hook('fake_ar_publisher', 'ld_library_path_lib')
[1.506s] INFO:colcon.colcon_core.shell:Creating environment hook '/home/riley/ros2_ws/install/fake_ar_publisher/share/fake_ar_publisher/hook/ld_library_path_lib.ps1'
[1.507s] INFO:colcon.colcon_core.shell:Creating environment descriptor '/home/riley/ros2_ws/install/fake_ar_publisher/share/fake_ar_publisher/hook/ld_library_path_lib.dsv'
[1.508s] INFO:colcon.colcon_core.shell:Creating environment hook '/home/riley/ros2_ws/install/fake_ar_publisher/share/fake_ar_publisher/hook/ld_library_path_lib.sh'
[1.508s] Level 1:colcon.colcon_core.environment:checking '/home/riley/ros2_ws/install/fake_ar_publisher/bin'
[1.509s] Level 1:colcon.colcon_core.environment:checking '/home/riley/ros2_ws/install/fake_ar_publisher/lib/pkgconfig/fake_ar_publisher.pc'
[1.509s] Level 1:colcon.colcon_core.environment:checking '/home/riley/ros2_ws/install/fake_ar_publisher/lib/python3.10/site-packages'
[1.509s] Level 1:colcon.colcon_core.environment:checking '/home/riley/ros2_ws/install/fake_ar_publisher/bin'
[1.521s] INFO:colcon.colcon_core.shell:Creating package script '/home/riley/ros2_ws/install/fake_ar_publisher/share/fake_ar_publisher/package.ps1'
[1.522s] INFO:colcon.colcon_core.shell:Creating package descriptor '/home/riley/ros2_ws/install/fake_ar_publisher/share/fake_ar_publisher/package.dsv'
[1.522s] INFO:colcon.colcon_core.shell:Creating package script '/home/riley/ros2_ws/install/fake_ar_publisher/share/fake_ar_publisher/package.sh'
[1.523s] INFO:colcon.colcon_core.shell:Creating package script '/home/riley/ros2_ws/install/fake_ar_publisher/share/fake_ar_publisher/package.bash'
[1.523s] INFO:colcon.colcon_core.shell:Creating package script '/home/riley/ros2_ws/install/fake_ar_publisher/share/fake_ar_publisher/package.zsh'
[1.523s] Level 1:colcon.colcon_core.environment:create_file_with_runtime_dependencies(/home/riley/ros2_ws/install/fake_ar_publisher/share/colcon-core/packages/fake_ar_publisher)
[1.549s] DEBUG:colcon.colcon_core.event_handler.log_command:Invoking command in '/home/riley/ros2_ws/src/six_leg_controller': PYTHONPATH=/home/riley/ros2_ws/build/six_leg_controller/prefix_override:/home/riley/ros2_ws/install/six_leg_controller/lib/python3.10/site-packages:${PYTHONPATH} /usr/bin/python3 setup.py egg_info --egg-base ../../build/six_leg_controller build --build-base /home/riley/ros2_ws/build/six_leg_controller/build install --record /home/riley/ros2_ws/build/six_leg_controller/install.log --single-version-externally-managed
[1.588s] Level 1:colcon.colcon_core.environment:create_environment_scripts_only(fake_ar_publisher)
[1.599s] Level 1:colcon.colcon_core.environment:checking '/home/riley/ros2_ws/install/fake_ar_publisher' for CMake module files
[1.600s] Level 1:colcon.colcon_core.environment:checking '/home/riley/ros2_ws/install/fake_ar_publisher' for CMake config files
[1.600s] Level 1:colcon.colcon_core.shell:create_environment_hook('fake_ar_publisher', 'cmake_prefix_path')
[1.613s] INFO:colcon.colcon_core.shell:Creating environment hook '/home/riley/ros2_ws/install/fake_ar_publisher/share/fake_ar_publisher/hook/cmake_prefix_path.ps1'
[1.614s] INFO:colcon.colcon_core.shell:Creating environment descriptor '/home/riley/ros2_ws/install/fake_ar_publisher/share/fake_ar_publisher/hook/cmake_prefix_path.dsv'
[1.614s] INFO:colcon.colcon_core.shell:Creating environment hook '/home/riley/ros2_ws/install/fake_ar_publisher/share/fake_ar_publisher/hook/cmake_prefix_path.sh'
[1.615s] Level 1:colcon.colcon_core.environment:checking '/home/riley/ros2_ws/install/fake_ar_publisher/lib'
[1.615s] Level 1:colcon.colcon_core.shell:create_environment_hook('fake_ar_publisher', 'ld_library_path_lib')
[1.627s] INFO:colcon.colcon_core.shell:Creating environment hook '/home/riley/ros2_ws/install/fake_ar_publisher/share/fake_ar_publisher/hook/ld_library_path_lib.ps1'
[1.627s] INFO:colcon.colcon_core.shell:Creating environment descriptor '/home/riley/ros2_ws/install/fake_ar_publisher/share/fake_ar_publisher/hook/ld_library_path_lib.dsv'
[1.627s] INFO:colcon.colcon_core.shell:Creating environment hook '/home/riley/ros2_ws/install/fake_ar_publisher/share/fake_ar_publisher/hook/ld_library_path_lib.sh'
[1.628s] Level 1:colcon.colcon_core.environment:checking '/home/riley/ros2_ws/install/fake_ar_publisher/bin'
[1.628s] Level 1:colcon.colcon_core.environment:checking '/home/riley/ros2_ws/install/fake_ar_publisher/lib/pkgconfig/fake_ar_publisher.pc'
[1.628s] Level 1:colcon.colcon_core.environment:checking '/home/riley/ros2_ws/install/fake_ar_publisher/lib/python3.10/site-packages'
[1.628s] Level 1:colcon.colcon_core.environment:checking '/home/riley/ros2_ws/install/fake_ar_publisher/bin'
[1.639s] INFO:colcon.colcon_core.shell:Creating package script '/home/riley/ros2_ws/install/fake_ar_publisher/share/fake_ar_publisher/package.ps1'
[1.640s] INFO:colcon.colcon_core.shell:Creating package descriptor '/home/riley/ros2_ws/install/fake_ar_publisher/share/fake_ar_publisher/package.dsv'
[1.640s] INFO:colcon.colcon_core.shell:Creating package script '/home/riley/ros2_ws/install/fake_ar_publisher/share/fake_ar_publisher/package.sh'
[1.640s] INFO:colcon.colcon_core.shell:Creating package script '/home/riley/ros2_ws/install/fake_ar_publisher/share/fake_ar_publisher/package.bash'
[1.641s] INFO:colcon.colcon_core.shell:Creating package script '/home/riley/ros2_ws/install/fake_ar_publisher/share/fake_ar_publisher/package.zsh'
[1.641s] Level 1:colcon.colcon_core.environment:create_file_with_runtime_dependencies(/home/riley/ros2_ws/install/fake_ar_publisher/share/colcon-core/packages/fake_ar_publisher)
[1.641s] INFO:colcon.colcon_ros.task.ament_cmake.build:Building ROS package in '/home/riley/ros2_ws/src/myworkcell_core' with build type 'ament_cmake'
[1.641s] INFO:colcon.colcon_cmake.task.cmake.build:Building CMake package in '/home/riley/ros2_ws/src/myworkcell_core'
[1.653s] INFO:colcon.colcon_core.shell:Skip shell extension 'powershell' for command environment: Not usable outside of PowerShell
[1.653s] DEBUG:colcon.colcon_core.shell:Skip shell extension 'dsv' for command environment
[1.688s] DEBUG:colcon.colcon_core.event_handler.log_command:Invoking command in '/home/riley/ros2_ws/build/myworkcell_core': AMENT_PREFIX_PATH=/home/riley/ros2_ws/install/fake_ar_publisher:${AMENT_PREFIX_PATH} CMAKE_PREFIX_PATH=/home/riley/ros2_ws/install/fake_ar_publisher:/opt/ros/humble LD_LIBRARY_PATH=/home/riley/ros2_ws/install/fake_ar_publisher/lib:${LD_LIBRARY_PATH} PYTHONPATH=/home/riley/ros2_ws/install/fake_ar_publisher/local/lib/python3.10/dist-packages:${PYTHONPATH} /usr/bin/cmake --build /home/riley/ros2_ws/build/myworkcell_core -- -j8 -l8
[1.754s] DEBUG:colcon.colcon_core.event_handler.log_command:Invoked command in '/home/riley/ros2_ws/build/myworkcell_core' returned '0': AMENT_PREFIX_PATH=/home/riley/ros2_ws/install/fake_ar_publisher:${AMENT_PREFIX_PATH} CMAKE_PREFIX_PATH=/home/riley/ros2_ws/install/fake_ar_publisher:/opt/ros/humble LD_LIBRARY_PATH=/home/riley/ros2_ws/install/fake_ar_publisher/lib:${LD_LIBRARY_PATH} PYTHONPATH=/home/riley/ros2_ws/install/fake_ar_publisher/local/lib/python3.10/dist-packages:${PYTHONPATH} /usr/bin/cmake --build /home/riley/ros2_ws/build/myworkcell_core -- -j8 -l8
[1.775s] DEBUG:colcon.colcon_core.event_handler.log_command:Invoking command in '/home/riley/ros2_ws/build/myworkcell_core': AMENT_PREFIX_PATH=/home/riley/ros2_ws/install/fake_ar_publisher:${AMENT_PREFIX_PATH} CMAKE_PREFIX_PATH=/home/riley/ros2_ws/install/fake_ar_publisher:/opt/ros/humble LD_LIBRARY_PATH=/home/riley/ros2_ws/install/fake_ar_publisher/lib:${LD_LIBRARY_PATH} PYTHONPATH=/home/riley/ros2_ws/install/fake_ar_publisher/local/lib/python3.10/dist-packages:${PYTHONPATH} /usr/bin/cmake --install /home/riley/ros2_ws/build/myworkcell_core
[1.784s] Level 1:colcon.colcon_core.environment:create_environment_scripts_only(myworkcell_core)
[1.784s] DEBUG:colcon.colcon_core.event_handler.log_command:Invoked command in '/home/riley/ros2_ws/build/myworkcell_core' returned '0': AMENT_PREFIX_PATH=/home/riley/ros2_ws/install/fake_ar_publisher:${AMENT_PREFIX_PATH} CMAKE_PREFIX_PATH=/home/riley/ros2_ws/install/fake_ar_publisher:/opt/ros/humble LD_LIBRARY_PATH=/home/riley/ros2_ws/install/fake_ar_publisher/lib:${LD_LIBRARY_PATH} PYTHONPATH=/home/riley/ros2_ws/install/fake_ar_publisher/local/lib/python3.10/dist-packages:${PYTHONPATH} /usr/bin/cmake --install /home/riley/ros2_ws/build/myworkcell_core
[1.799s] Level 1:colcon.colcon_core.environment:checking '/home/riley/ros2_ws/install/myworkcell_core' for CMake module files
[1.799s] Level 1:colcon.colcon_core.environment:checking '/home/riley/ros2_ws/install/myworkcell_core' for CMake config files
[1.799s] Level 1:colcon.colcon_core.shell:create_environment_hook('myworkcell_core', 'cmake_prefix_path')
[1.812s] INFO:colcon.colcon_core.shell:Creating environment hook '/home/riley/ros2_ws/install/myworkcell_core/share/myworkcell_core/hook/cmake_prefix_path.ps1'
[1.812s] INFO:colcon.colcon_core.shell:Creating environment descriptor '/home/riley/ros2_ws/install/myworkcell_core/share/myworkcell_core/hook/cmake_prefix_path.dsv'
[1.813s] INFO:colcon.colcon_core.shell:Creating environment hook '/home/riley/ros2_ws/install/myworkcell_core/share/myworkcell_core/hook/cmake_prefix_path.sh'
[1.813s] Level 1:colcon.colcon_core.environment:checking '/home/riley/ros2_ws/install/myworkcell_core/lib'
[1.813s] Level 1:colcon.colcon_core.environment:checking '/home/riley/ros2_ws/install/myworkcell_core/bin'
[1.813s] Level 1:colcon.colcon_core.environment:checking '/home/riley/ros2_ws/install/myworkcell_core/lib/pkgconfig/myworkcell_core.pc'
[1.813s] Level 1:colcon.colcon_core.environment:checking '/home/riley/ros2_ws/install/myworkcell_core/lib/python3.10/site-packages'
[1.814s] Level 1:colcon.colcon_core.environment:checking '/home/riley/ros2_ws/install/myworkcell_core/bin'
[1.825s] INFO:colcon.colcon_core.shell:Creating package script '/home/riley/ros2_ws/install/myworkcell_core/share/myworkcell_core/package.ps1'
[1.826s] INFO:colcon.colcon_core.shell:Creating package descriptor '/home/riley/ros2_ws/install/myworkcell_core/share/myworkcell_core/package.dsv'
[1.827s] INFO:colcon.colcon_core.shell:Creating package script '/home/riley/ros2_ws/install/myworkcell_core/share/myworkcell_core/package.sh'
[1.827s] INFO:colcon.colcon_core.shell:Creating package script '/home/riley/ros2_ws/install/myworkcell_core/share/myworkcell_core/package.bash'
[1.828s] INFO:colcon.colcon_core.shell:Creating package script '/home/riley/ros2_ws/install/myworkcell_core/share/myworkcell_core/package.zsh'
[1.828s] Level 1:colcon.colcon_core.environment:create_file_with_runtime_dependencies(/home/riley/ros2_ws/install/myworkcell_core/share/colcon-core/packages/myworkcell_core)
[1.842s] DEBUG:colcon.colcon_core.event_handler.log_command:Invoked command in '/home/riley/ros2_ws/src/six_leg_controller' returned '0': PYTHONPATH=/home/riley/ros2_ws/build/six_leg_controller/prefix_override:/home/riley/ros2_ws/install/six_leg_controller/lib/python3.10/site-packages:${PYTHONPATH} /usr/bin/python3 setup.py egg_info --egg-base ../../build/six_leg_controller build --build-base /home/riley/ros2_ws/build/six_leg_controller/build install --record /home/riley/ros2_ws/build/six_leg_controller/install.log --single-version-externally-managed
[1.860s] Level 1:colcon.colcon_core.environment:checking '/home/riley/ros2_ws/install/six_leg_controller' for CMake module files
[1.860s] Level 1:colcon.colcon_core.environment:checking '/home/riley/ros2_ws/install/six_leg_controller' for CMake config files
[1.861s] Level 1:colcon.colcon_core.environment:checking '/home/riley/ros2_ws/install/six_leg_controller/lib'
[1.861s] Level 1:colcon.colcon_core.environment:checking '/home/riley/ros2_ws/install/six_leg_controller/bin'
[1.861s] Level 1:colcon.colcon_core.environment:checking '/home/riley/ros2_ws/install/six_leg_controller/lib/pkgconfig/six_leg_controller.pc'
[1.861s] Level 1:colcon.colcon_core.environment:checking '/home/riley/ros2_ws/install/six_leg_controller/lib/python3.10/site-packages'
[1.861s] Level 1:colcon.colcon_core.shell:create_environment_hook('six_leg_controller', 'pythonpath')
[1.872s] INFO:colcon.colcon_core.shell:Creating environment hook '/home/riley/ros2_ws/install/six_leg_controller/share/six_leg_controller/hook/pythonpath.ps1'
[1.872s] INFO:colcon.colcon_core.shell:Creating environment descriptor '/home/riley/ros2_ws/install/six_leg_controller/share/six_leg_controller/hook/pythonpath.dsv'
[1.873s] INFO:colcon.colcon_core.shell:Creating environment hook '/home/riley/ros2_ws/install/six_leg_controller/share/six_leg_controller/hook/pythonpath.sh'
[1.873s] Level 1:colcon.colcon_core.environment:checking '/home/riley/ros2_ws/install/six_leg_controller/bin'
[1.873s] Level 1:colcon.colcon_core.environment:create_environment_scripts_only(six_leg_controller)
[1.884s] INFO:colcon.colcon_core.shell:Creating package script '/home/riley/ros2_ws/install/six_leg_controller/share/six_leg_controller/package.ps1'
[1.885s] INFO:colcon.colcon_core.shell:Creating package descriptor '/home/riley/ros2_ws/install/six_leg_controller/share/six_leg_controller/package.dsv'
[1.885s] INFO:colcon.colcon_core.shell:Creating package script '/home/riley/ros2_ws/install/six_leg_controller/share/six_leg_controller/package.sh'
[1.886s] INFO:colcon.colcon_core.shell:Creating package script '/home/riley/ros2_ws/install/six_leg_controller/share/six_leg_controller/package.bash'
[1.886s] INFO:colcon.colcon_core.shell:Creating package script '/home/riley/ros2_ws/install/six_leg_controller/share/six_leg_controller/package.zsh'
[1.886s] Level 1:colcon.colcon_core.environment:create_file_with_runtime_dependencies(/home/riley/ros2_ws/install/six_leg_controller/share/colcon-core/packages/six_leg_controller)
[1.898s] Level 1:colcon.colcon_core.environment:create_environment_scripts_only(myworkcell_core)
[1.909s] Level 1:colcon.colcon_core.environment:checking '/home/riley/ros2_ws/install/myworkcell_core' for CMake module files
[1.910s] Level 1:colcon.colcon_core.environment:checking '/home/riley/ros2_ws/install/myworkcell_core' for CMake config files
[1.910s] Level 1:colcon.colcon_core.shell:create_environment_hook('myworkcell_core', 'cmake_prefix_path')
[1.921s] INFO:colcon.colcon_core.shell:Creating environment hook '/home/riley/ros2_ws/install/myworkcell_core/share/myworkcell_core/hook/cmake_prefix_path.ps1'
[1.921s] INFO:colcon.colcon_core.shell:Creating environment descriptor '/home/riley/ros2_ws/install/myworkcell_core/share/myworkcell_core/hook/cmake_prefix_path.dsv'
[1.922s] INFO:colcon.colcon_core.shell:Creating environment hook '/home/riley/ros2_ws/install/myworkcell_core/share/myworkcell_core/hook/cmake_prefix_path.sh'
[1.922s] Level 1:colcon.colcon_core.environment:checking '/home/riley/ros2_ws/install/myworkcell_core/lib'
[1.922s] Level 1:colcon.colcon_core.environment:checking '/home/riley/ros2_ws/install/myworkcell_core/bin'
[1.922s] Level 1:colcon.colcon_core.environment:checking '/home/riley/ros2_ws/install/myworkcell_core/lib/pkgconfig/myworkcell_core.pc'
[1.923s] Level 1:colcon.colcon_core.environment:checking '/home/riley/ros2_ws/install/myworkcell_core/lib/python3.10/site-packages'
[1.923s] Level 1:colcon.colcon_core.environment:checking '/home/riley/ros2_ws/install/myworkcell_core/bin'
[1.934s] INFO:colcon.colcon_core.shell:Creating package script '/home/riley/ros2_ws/install/myworkcell_core/share/myworkcell_core/package.ps1'
[1.935s] INFO:colcon.colcon_core.shell:Creating package descriptor '/home/riley/ros2_ws/install/myworkcell_core/share/myworkcell_core/package.dsv'
[1.936s] INFO:colcon.colcon_core.shell:Creating package script '/home/riley/ros2_ws/install/myworkcell_core/share/myworkcell_core/package.sh'
[1.936s] INFO:colcon.colcon_core.shell:Creating package script '/home/riley/ros2_ws/install/myworkcell_core/share/myworkcell_core/package.bash'
[1.937s] INFO:colcon.colcon_core.shell:Creating package script '/home/riley/ros2_ws/install/myworkcell_core/share/myworkcell_core/package.zsh'
[1.937s] Level 1:colcon.colcon_core.environment:create_file_with_runtime_dependencies(/home/riley/ros2_ws/install/myworkcell_core/share/colcon-core/packages/myworkcell_core)
[1.937s] DEBUG:colcon.colcon_parallel_executor.executor.parallel:closing loop
[1.938s] DEBUG:colcon.colcon_parallel_executor.executor.parallel:loop closed
[1.938s] DEBUG:colcon.colcon_parallel_executor.executor.parallel:run_until_complete finished with '0'
[1.938s] DEBUG:colcon.colcon_core.event_reactor:joining thread
[1.954s] INFO:colcon.colcon_core.plugin_system:Skipping extension 'colcon_notification.desktop_notification.terminal_notifier': Not used on non-Darwin systems
[1.954s] INFO:colcon.colcon_core.plugin_system:Skipping extension 'colcon_notification.desktop_notification.win32': Not used on non-Windows systems
[1.954s] INFO:colcon.colcon_notification.desktop_notification:Sending desktop notification using 'notify2'
[1.966s] DEBUG:colcon.colcon_core.event_reactor:joined thread
[1.978s] INFO:colcon.colcon_core.shell:Creating prefix script '/home/riley/ros2_ws/install/local_setup.ps1'
[1.979s] INFO:colcon.colcon_core.shell:Creating prefix util module '/home/riley/ros2_ws/install/_local_setup_util_ps1.py'
[1.980s] INFO:colcon.colcon_core.shell:Creating prefix chain script '/home/riley/ros2_ws/install/setup.ps1'
[1.993s] INFO:colcon.colcon_core.shell:Creating prefix script '/home/riley/ros2_ws/install/local_setup.sh'
[1.994s] INFO:colcon.colcon_core.shell:Creating prefix util module '/home/riley/ros2_ws/install/_local_setup_util_sh.py'
[1.994s] INFO:colcon.colcon_core.shell:Creating prefix chain script '/home/riley/ros2_ws/install/setup.sh'
[2.005s] INFO:colcon.colcon_core.shell:Creating prefix script '/home/riley/ros2_ws/install/local_setup.bash'
[2.006s] INFO:colcon.colcon_core.shell:Creating prefix chain script '/home/riley/ros2_ws/install/setup.bash'
[2.020s] INFO:colcon.colcon_core.shell:Creating prefix script '/home/riley/ros2_ws/install/local_setup.zsh'
[2.021s] INFO:colcon.colcon_core.shell:Creating prefix chain script '/home/riley/ros2_ws/install/setup.zsh'
