[0.986s] Invoking command in '/home/riley/ros2_ws/src/six_leg_controller': PYTHONPATH=/home/riley/ros2_ws/src/build/six_leg_controller/prefix_override:/home/riley/ros2_ws/src/install/six_leg_controller/lib/python3.10/site-packages:${PYTHONPATH} /usr/bin/python3 setup.py egg_info --egg-base ../build/six_leg_controller build --build-base /home/riley/ros2_ws/src/build/six_leg_controller/build install --record /home/riley/ros2_ws/src/build/six_leg_controller/install.log --single-version-externally-managed
[1.260s] running egg_info
[1.261s] writing ../build/six_leg_controller/six_leg_controller.egg-info/PKG-INFO
[1.261s] writing dependency_links to ../build/six_leg_controller/six_leg_controller.egg-info/dependency_links.txt
[1.261s] writing entry points to ../build/six_leg_controller/six_leg_controller.egg-info/entry_points.txt
[1.261s] writing requirements to ../build/six_leg_controller/six_leg_controller.egg-info/requires.txt
[1.262s] writing top-level names to ../build/six_leg_controller/six_leg_controller.egg-info/top_level.txt
[1.266s] reading manifest file '../build/six_leg_controller/six_leg_controller.egg-info/SOURCES.txt'
[1.267s] writing manifest file '../build/six_leg_controller/six_leg_controller.egg-info/SOURCES.txt'
[1.267s] running build
[1.267s] running build_py
[1.268s] running install
[1.268s] running install_lib
[1.269s] running install_data
[1.270s] running install_egg_info
[1.272s] removing '/home/riley/ros2_ws/src/install/six_leg_controller/lib/python3.10/site-packages/six_leg_controller-0.0.0-py3.10.egg-info' (and everything under it)
[1.272s] Copying ../build/six_leg_controller/six_leg_controller.egg-info to /home/riley/ros2_ws/src/install/six_leg_controller/lib/python3.10/site-packages/six_leg_controller-0.0.0-py3.10.egg-info
[1.273s] running install_scripts
[1.303s] writing list of installed files to '/home/riley/ros2_ws/src/build/six_leg_controller/install.log'
[1.336s] Invoked command in '/home/riley/ros2_ws/src/six_leg_controller' returned '0': PYTHONPATH=/home/riley/ros2_ws/src/build/six_leg_controller/prefix_override:/home/riley/ros2_ws/src/install/six_leg_controller/lib/python3.10/site-packages:${PYTHONPATH} /usr/bin/python3 setup.py egg_info --egg-base ../build/six_leg_controller build --build-base /home/riley/ros2_ws/src/build/six_leg_controller/build install --record /home/riley/ros2_ws/src/build/six_leg_controller/install.log --single-version-externally-managed
