[0.109s] Invoking command in '/home/riley/ros2_ws/src/build/myworkcell_core': CMAKE_PREFIX_PATH=/opt/ros/humble /usr/bin/cmake --build /home/riley/ros2_ws/src/build/myworkcell_core -- -j8 -l8
[0.146s] [35m[1mConsolidate compiler generated dependencies of target vision_node[0m
[0.170s] [100%] Built target vision_node
[0.350s] Invoked command in '/home/riley/ros2_ws/src/build/myworkcell_core' returned '0': CMAKE_PREFIX_PATH=/opt/ros/humble /usr/bin/cmake --build /home/riley/ros2_ws/src/build/myworkcell_core -- -j8 -l8
[0.379s] Invoking command in '/home/riley/ros2_ws/src/build/myworkcell_core': CMAKE_PREFIX_PATH=/opt/ros/humble /usr/bin/cmake --install /home/riley/ros2_ws/src/build/myworkcell_core
[0.389s] -- Install configuration: ""
[0.389s] -- Up-to-date: /home/riley/ros2_ws/src/install/myworkcell_core/lib/myworkcell_core/vision_node
[0.389s] -- Up-to-date: /home/riley/ros2_ws/src/install/myworkcell_core/share/ament_index/resource_index/package_run_dependencies/myworkcell_core
[0.389s] -- Up-to-date: /home/riley/ros2_ws/src/install/myworkcell_core/share/ament_index/resource_index/parent_prefix_path/myworkcell_core
[0.389s] -- Up-to-date: /home/riley/ros2_ws/src/install/myworkcell_core/share/myworkcell_core/environment/ament_prefix_path.sh
[0.390s] -- Up-to-date: /home/riley/ros2_ws/src/install/myworkcell_core/share/myworkcell_core/environment/ament_prefix_path.dsv
[0.390s] -- Up-to-date: /home/riley/ros2_ws/src/install/myworkcell_core/share/myworkcell_core/environment/path.sh
[0.390s] -- Up-to-date: /home/riley/ros2_ws/src/install/myworkcell_core/share/myworkcell_core/environment/path.dsv
[0.390s] -- Up-to-date: /home/riley/ros2_ws/src/install/myworkcell_core/share/myworkcell_core/local_setup.bash
[0.390s] -- Up-to-date: /home/riley/ros2_ws/src/install/myworkcell_core/share/myworkcell_core/local_setup.sh
[0.390s] -- Up-to-date: /home/riley/ros2_ws/src/install/myworkcell_core/share/myworkcell_core/local_setup.zsh
[0.390s] -- Up-to-date: /home/riley/ros2_ws/src/install/myworkcell_core/share/myworkcell_core/local_setup.dsv
[0.391s] -- Installing: /home/riley/ros2_ws/src/install/myworkcell_core/share/myworkcell_core/package.dsv
[0.391s] -- Up-to-date: /home/riley/ros2_ws/src/install/myworkcell_core/share/ament_index/resource_index/packages/myworkcell_core
[0.391s] -- Up-to-date: /home/riley/ros2_ws/src/install/myworkcell_core/share/myworkcell_core/cmake/myworkcell_coreConfig.cmake
[0.391s] -- Up-to-date: /home/riley/ros2_ws/src/install/myworkcell_core/share/myworkcell_core/cmake/myworkcell_coreConfig-version.cmake
[0.391s] -- Up-to-date: /home/riley/ros2_ws/src/install/myworkcell_core/share/myworkcell_core/package.xml
[0.472s] Invoked command in '/home/riley/ros2_ws/src/build/myworkcell_core' returned '0': CMAKE_PREFIX_PATH=/opt/ros/humble /usr/bin/cmake --install /home/riley/ros2_ws/src/build/myworkcell_core
