[0.870s] DEBUG:colcon:Command line arguments: ['/home/riley/.local/bin/colcon', 'build']
[0.870s] DEBUG:colcon:Parsed command line arguments: Namespace(log_base=None, log_level=None, verb_name='build', build_base='build', install_base='install', merge_install=False, symlink_install=False, test_result_base=None, continue_on_error=False, executor='parallel', parallel_workers=8, event_handlers=None, ignore_user_meta=False, metas=['./colcon.meta'], base_paths=['.'], packages_ignore=None, packages_ignore_regex=None, paths=None, packages_up_to=None, packages_up_to_regex=None, packages_above=None, packages_above_and_dependencies=None, packages_above_depth=None, packages_select_by_dep=None, packages_skip_by_dep=None, packages_skip_up_to=None, packages_select_build_failed=False, packages_skip_build_finished=False, packages_select_test_failures=False, packages_skip_test_passed=False, packages_select=None, packages_skip=None, packages_select_regex=None, packages_skip_regex=None, packages_start=None, packages_end=None, cmake_args=None, cmake_target=None, cmake_target_skip_unavailable=False, cmake_clean_cache=False, cmake_clean_first=False, cmake_force_configure=False, ament_cmake_args=None, catkin_cmake_args=None, catkin_skip_building_tests=False, verb_parser=<colcon_defaults.argument_parser.defaults.DefaultArgumentsDecorator object at 0x7f1a95671870>, verb_extension=<colcon_core.verb.build.BuildVerb object at 0x7f1a95ac2ec0>, main=<bound method BuildVerb.main of <colcon_core.verb.build.BuildVerb object at 0x7f1a95ac2ec0>>)
[0.927s] Level 1:colcon.colcon_core.package_discovery:discover_packages(colcon_meta) check parameters
[0.927s] Level 1:colcon.colcon_core.package_discovery:discover_packages(recursive) check parameters
[0.927s] Level 1:colcon.colcon_core.package_discovery:discover_packages(ignore) check parameters
[0.927s] Level 1:colcon.colcon_core.package_discovery:discover_packages(path) check parameters
[0.927s] Level 1:colcon.colcon_core.package_discovery:discover_packages(colcon_meta) discover
[0.927s] Level 1:colcon.colcon_core.package_discovery:discover_packages(recursive) discover
[0.927s] INFO:colcon.colcon_core.package_discovery:Crawling recursively for packages in '/home/riley/ros2_ws/src'
[0.927s] Level 1:colcon.colcon_core.package_identification:_identify(.) by extensions ['ignore', 'ignore_ament_install']
[0.928s] Level 1:colcon.colcon_core.package_identification:_identify(.) by extension 'ignore'
[0.928s] Level 1:colcon.colcon_core.package_identification:_identify(.) by extension 'ignore_ament_install'
[0.928s] Level 1:colcon.colcon_core.package_identification:_identify(.) by extensions ['colcon_pkg']
[0.928s] Level 1:colcon.colcon_core.package_identification:_identify(.) by extension 'colcon_pkg'
[0.928s] Level 1:colcon.colcon_core.package_identification:_identify(.) by extensions ['colcon_meta']
[0.928s] Level 1:colcon.colcon_core.package_identification:_identify(.) by extension 'colcon_meta'
[0.928s] Level 1:colcon.colcon_core.package_identification:_identify(.) by extensions ['ros']
[0.928s] Level 1:colcon.colcon_core.package_identification:_identify(.) by extension 'ros'
[0.938s] Level 1:colcon.colcon_core.package_identification:_identify(.) by extensions ['cmake', 'python']
[0.938s] Level 1:colcon.colcon_core.package_identification:_identify(.) by extension 'cmake'
[0.938s] Level 1:colcon.colcon_core.package_identification:_identify(.) by extension 'python'
[0.938s] Level 1:colcon.colcon_core.package_identification:_identify(.) by extensions ['python_setup_py']
[0.938s] Level 1:colcon.colcon_core.package_identification:_identify(.) by extension 'python_setup_py'
[0.938s] Level 1:colcon.colcon_core.package_identification:_identify(build) by extensions ['ignore', 'ignore_ament_install']
[0.938s] Level 1:colcon.colcon_core.package_identification:_identify(build) by extension 'ignore'
[0.938s] Level 1:colcon.colcon_core.package_identification:_identify(build) ignored
[0.938s] Level 1:colcon.colcon_core.package_identification:_identify(cpp_pubsub) by extensions ['ignore', 'ignore_ament_install']
[0.938s] Level 1:colcon.colcon_core.package_identification:_identify(cpp_pubsub) by extension 'ignore'
[0.939s] Level 1:colcon.colcon_core.package_identification:_identify(cpp_pubsub) by extension 'ignore_ament_install'
[0.939s] Level 1:colcon.colcon_core.package_identification:_identify(cpp_pubsub) by extensions ['colcon_pkg']
[0.939s] Level 1:colcon.colcon_core.package_identification:_identify(cpp_pubsub) by extension 'colcon_pkg'
[0.939s] Level 1:colcon.colcon_core.package_identification:_identify(cpp_pubsub) by extensions ['colcon_meta']
[0.939s] Level 1:colcon.colcon_core.package_identification:_identify(cpp_pubsub) by extension 'colcon_meta'
[0.939s] Level 1:colcon.colcon_core.package_identification:_identify(cpp_pubsub) by extensions ['ros']
[0.939s] Level 1:colcon.colcon_core.package_identification:_identify(cpp_pubsub) by extension 'ros'
[0.942s] DEBUG:colcon.colcon_core.package_identification:Package 'cpp_pubsub' with type 'ros.ament_cmake' and name 'cpp_pubsub'
[0.942s] Level 1:colcon.colcon_core.package_identification:_identify(fake_ar_publisher) by extensions ['ignore', 'ignore_ament_install']
[0.943s] Level 1:colcon.colcon_core.package_identification:_identify(fake_ar_publisher) by extension 'ignore'
[0.943s] Level 1:colcon.colcon_core.package_identification:_identify(fake_ar_publisher) by extension 'ignore_ament_install'
[0.943s] Level 1:colcon.colcon_core.package_identification:_identify(fake_ar_publisher) by extensions ['colcon_pkg']
[0.943s] Level 1:colcon.colcon_core.package_identification:_identify(fake_ar_publisher) by extension 'colcon_pkg'
[0.943s] Level 1:colcon.colcon_core.package_identification:_identify(fake_ar_publisher) by extensions ['colcon_meta']
[0.943s] Level 1:colcon.colcon_core.package_identification:_identify(fake_ar_publisher) by extension 'colcon_meta'
[0.943s] Level 1:colcon.colcon_core.package_identification:_identify(fake_ar_publisher) by extensions ['ros']
[0.943s] Level 1:colcon.colcon_core.package_identification:_identify(fake_ar_publisher) by extension 'ros'
[0.943s] DEBUG:colcon.colcon_core.package_identification:Package 'fake_ar_publisher' with type 'ros.ament_cmake' and name 'fake_ar_publisher'
[0.944s] Level 1:colcon.colcon_core.package_identification:_identify(install) by extensions ['ignore', 'ignore_ament_install']
[0.944s] Level 1:colcon.colcon_core.package_identification:_identify(install) by extension 'ignore'
[0.944s] Level 1:colcon.colcon_core.package_identification:_identify(install) ignored
[0.944s] Level 1:colcon.colcon_core.package_identification:_identify(log) by extensions ['ignore', 'ignore_ament_install']
[0.944s] Level 1:colcon.colcon_core.package_identification:_identify(log) by extension 'ignore'
[0.944s] Level 1:colcon.colcon_core.package_identification:_identify(log) ignored
[0.944s] Level 1:colcon.colcon_core.package_identification:_identify(my_package) by extensions ['ignore', 'ignore_ament_install']
[0.944s] Level 1:colcon.colcon_core.package_identification:_identify(my_package) by extension 'ignore'
[0.944s] Level 1:colcon.colcon_core.package_identification:_identify(my_package) by extension 'ignore_ament_install'
[0.944s] Level 1:colcon.colcon_core.package_identification:_identify(my_package) by extensions ['colcon_pkg']
[0.944s] Level 1:colcon.colcon_core.package_identification:_identify(my_package) by extension 'colcon_pkg'
[0.944s] Level 1:colcon.colcon_core.package_identification:_identify(my_package) by extensions ['colcon_meta']
[0.944s] Level 1:colcon.colcon_core.package_identification:_identify(my_package) by extension 'colcon_meta'
[0.944s] Level 1:colcon.colcon_core.package_identification:_identify(my_package) by extensions ['ros']
[0.944s] Level 1:colcon.colcon_core.package_identification:_identify(my_package) by extension 'ros'
[0.945s] DEBUG:colcon.colcon_core.package_identification:Package 'my_package' with type 'ros.ament_cmake' and name 'my_package'
[0.945s] Level 1:colcon.colcon_core.package_identification:_identify(myworkcell_core) by extensions ['ignore', 'ignore_ament_install']
[0.945s] Level 1:colcon.colcon_core.package_identification:_identify(myworkcell_core) by extension 'ignore'
[0.945s] Level 1:colcon.colcon_core.package_identification:_identify(myworkcell_core) by extension 'ignore_ament_install'
[0.946s] Level 1:colcon.colcon_core.package_identification:_identify(myworkcell_core) by extensions ['colcon_pkg']
[0.946s] Level 1:colcon.colcon_core.package_identification:_identify(myworkcell_core) by extension 'colcon_pkg'
[0.946s] Level 1:colcon.colcon_core.package_identification:_identify(myworkcell_core) by extensions ['colcon_meta']
[0.946s] Level 1:colcon.colcon_core.package_identification:_identify(myworkcell_core) by extension 'colcon_meta'
[0.946s] Level 1:colcon.colcon_core.package_identification:_identify(myworkcell_core) by extensions ['ros']
[0.946s] Level 1:colcon.colcon_core.package_identification:_identify(myworkcell_core) by extension 'ros'
[0.946s] DEBUG:colcon.colcon_core.package_identification:Package 'myworkcell_core' with type 'ros.ament_cmake' and name 'myworkcell_core'
[0.947s] Level 1:colcon.colcon_core.package_identification:_identify(six_leg_controller) by extensions ['ignore', 'ignore_ament_install']
[0.947s] Level 1:colcon.colcon_core.package_identification:_identify(six_leg_controller) by extension 'ignore'
[0.947s] Level 1:colcon.colcon_core.package_identification:_identify(six_leg_controller) by extension 'ignore_ament_install'
[0.947s] Level 1:colcon.colcon_core.package_identification:_identify(six_leg_controller) by extensions ['colcon_pkg']
[0.947s] Level 1:colcon.colcon_core.package_identification:_identify(six_leg_controller) by extension 'colcon_pkg'
[0.947s] Level 1:colcon.colcon_core.package_identification:_identify(six_leg_controller) by extensions ['colcon_meta']
[0.947s] Level 1:colcon.colcon_core.package_identification:_identify(six_leg_controller) by extension 'colcon_meta'
[0.947s] Level 1:colcon.colcon_core.package_identification:_identify(six_leg_controller) by extensions ['ros']
[0.947s] Level 1:colcon.colcon_core.package_identification:_identify(six_leg_controller) by extension 'ros'
[0.948s] DEBUG:colcon.colcon_core.package_identification:Package 'six_leg_controller' with type 'ros.ament_python' and name 'six_leg_controller'
[0.948s] Level 1:colcon.colcon_core.package_discovery:discover_packages(recursive) using defaults
[0.948s] Level 1:colcon.colcon_core.package_discovery:discover_packages(ignore) discover
[0.948s] Level 1:colcon.colcon_core.package_discovery:discover_packages(ignore) using defaults
[0.948s] Level 1:colcon.colcon_core.package_discovery:discover_packages(path) discover
[0.948s] Level 1:colcon.colcon_core.package_discovery:discover_packages(path) using defaults
[1.010s] Level 5:colcon.colcon_core.verb:set package 'cpp_pubsub' build argument 'cmake_args' from command line to 'None'
[1.010s] Level 5:colcon.colcon_core.verb:set package 'cpp_pubsub' build argument 'cmake_target' from command line to 'None'
[1.010s] Level 5:colcon.colcon_core.verb:set package 'cpp_pubsub' build argument 'cmake_target_skip_unavailable' from command line to 'False'
[1.010s] Level 5:colcon.colcon_core.verb:set package 'cpp_pubsub' build argument 'cmake_clean_cache' from command line to 'False'
[1.011s] Level 5:colcon.colcon_core.verb:set package 'cpp_pubsub' build argument 'cmake_clean_first' from command line to 'False'
[1.011s] Level 5:colcon.colcon_core.verb:set package 'cpp_pubsub' build argument 'cmake_force_configure' from command line to 'False'
[1.011s] Level 5:colcon.colcon_core.verb:set package 'cpp_pubsub' build argument 'ament_cmake_args' from command line to 'None'
[1.011s] Level 5:colcon.colcon_core.verb:set package 'cpp_pubsub' build argument 'catkin_cmake_args' from command line to 'None'
[1.011s] Level 5:colcon.colcon_core.verb:set package 'cpp_pubsub' build argument 'catkin_skip_building_tests' from command line to 'False'
[1.011s] DEBUG:colcon.colcon_core.verb:Building package 'cpp_pubsub' with the following arguments: {'ament_cmake_args': None, 'build_base': '/home/riley/ros2_ws/src/build/cpp_pubsub', 'catkin_cmake_args': None, 'catkin_skip_building_tests': False, 'cmake_args': None, 'cmake_clean_cache': False, 'cmake_clean_first': False, 'cmake_force_configure': False, 'cmake_target': None, 'cmake_target_skip_unavailable': False, 'install_base': '/home/riley/ros2_ws/src/install/cpp_pubsub', 'merge_install': False, 'path': '/home/riley/ros2_ws/src/cpp_pubsub', 'symlink_install': False, 'test_result_base': None}
[1.020s] Level 5:colcon.colcon_core.verb:set package 'fake_ar_publisher' build argument 'cmake_args' from command line to 'None'
[1.020s] Level 5:colcon.colcon_core.verb:set package 'fake_ar_publisher' build argument 'cmake_target' from command line to 'None'
[1.020s] Level 5:colcon.colcon_core.verb:set package 'fake_ar_publisher' build argument 'cmake_target_skip_unavailable' from command line to 'False'
[1.020s] Level 5:colcon.colcon_core.verb:set package 'fake_ar_publisher' build argument 'cmake_clean_cache' from command line to 'False'
[1.020s] Level 5:colcon.colcon_core.verb:set package 'fake_ar_publisher' build argument 'cmake_clean_first' from command line to 'False'
[1.020s] Level 5:colcon.colcon_core.verb:set package 'fake_ar_publisher' build argument 'cmake_force_configure' from command line to 'False'
[1.020s] Level 5:colcon.colcon_core.verb:set package 'fake_ar_publisher' build argument 'ament_cmake_args' from command line to 'None'
[1.020s] Level 5:colcon.colcon_core.verb:set package 'fake_ar_publisher' build argument 'catkin_cmake_args' from command line to 'None'
[1.020s] Level 5:colcon.colcon_core.verb:set package 'fake_ar_publisher' build argument 'catkin_skip_building_tests' from command line to 'False'
[1.020s] DEBUG:colcon.colcon_core.verb:Building package 'fake_ar_publisher' with the following arguments: {'ament_cmake_args': None, 'build_base': '/home/riley/ros2_ws/src/build/fake_ar_publisher', 'catkin_cmake_args': None, 'catkin_skip_building_tests': False, 'cmake_args': None, 'cmake_clean_cache': False, 'cmake_clean_first': False, 'cmake_force_configure': False, 'cmake_target': None, 'cmake_target_skip_unavailable': False, 'install_base': '/home/riley/ros2_ws/src/install/fake_ar_publisher', 'merge_install': False, 'path': '/home/riley/ros2_ws/src/fake_ar_publisher', 'symlink_install': False, 'test_result_base': None}
[1.029s] Level 5:colcon.colcon_core.verb:set package 'my_package' build argument 'cmake_args' from command line to 'None'
[1.029s] Level 5:colcon.colcon_core.verb:set package 'my_package' build argument 'cmake_target' from command line to 'None'
[1.029s] Level 5:colcon.colcon_core.verb:set package 'my_package' build argument 'cmake_target_skip_unavailable' from command line to 'False'
[1.029s] Level 5:colcon.colcon_core.verb:set package 'my_package' build argument 'cmake_clean_cache' from command line to 'False'
[1.029s] Level 5:colcon.colcon_core.verb:set package 'my_package' build argument 'cmake_clean_first' from command line to 'False'
[1.029s] Level 5:colcon.colcon_core.verb:set package 'my_package' build argument 'cmake_force_configure' from command line to 'False'
[1.029s] Level 5:colcon.colcon_core.verb:set package 'my_package' build argument 'ament_cmake_args' from command line to 'None'
[1.029s] Level 5:colcon.colcon_core.verb:set package 'my_package' build argument 'catkin_cmake_args' from command line to 'None'
[1.029s] Level 5:colcon.colcon_core.verb:set package 'my_package' build argument 'catkin_skip_building_tests' from command line to 'False'
[1.029s] DEBUG:colcon.colcon_core.verb:Building package 'my_package' with the following arguments: {'ament_cmake_args': None, 'build_base': '/home/riley/ros2_ws/src/build/my_package', 'catkin_cmake_args': None, 'catkin_skip_building_tests': False, 'cmake_args': None, 'cmake_clean_cache': False, 'cmake_clean_first': False, 'cmake_force_configure': False, 'cmake_target': None, 'cmake_target_skip_unavailable': False, 'install_base': '/home/riley/ros2_ws/src/install/my_package', 'merge_install': False, 'path': '/home/riley/ros2_ws/src/my_package', 'symlink_install': False, 'test_result_base': None}
[1.038s] Level 5:colcon.colcon_core.verb:set package 'six_leg_controller' build argument 'cmake_args' from command line to 'None'
[1.038s] Level 5:colcon.colcon_core.verb:set package 'six_leg_controller' build argument 'cmake_target' from command line to 'None'
[1.038s] Level 5:colcon.colcon_core.verb:set package 'six_leg_controller' build argument 'cmake_target_skip_unavailable' from command line to 'False'
[1.038s] Level 5:colcon.colcon_core.verb:set package 'six_leg_controller' build argument 'cmake_clean_cache' from command line to 'False'
[1.038s] Level 5:colcon.colcon_core.verb:set package 'six_leg_controller' build argument 'cmake_clean_first' from command line to 'False'
[1.038s] Level 5:colcon.colcon_core.verb:set package 'six_leg_controller' build argument 'cmake_force_configure' from command line to 'False'
[1.038s] Level 5:colcon.colcon_core.verb:set package 'six_leg_controller' build argument 'ament_cmake_args' from command line to 'None'
[1.038s] Level 5:colcon.colcon_core.verb:set package 'six_leg_controller' build argument 'catkin_cmake_args' from command line to 'None'
[1.038s] Level 5:colcon.colcon_core.verb:set package 'six_leg_controller' build argument 'catkin_skip_building_tests' from command line to 'False'
[1.038s] DEBUG:colcon.colcon_core.verb:Building package 'six_leg_controller' with the following arguments: {'ament_cmake_args': None, 'build_base': '/home/riley/ros2_ws/src/build/six_leg_controller', 'catkin_cmake_args': None, 'catkin_skip_building_tests': False, 'cmake_args': None, 'cmake_clean_cache': False, 'cmake_clean_first': False, 'cmake_force_configure': False, 'cmake_target': None, 'cmake_target_skip_unavailable': False, 'install_base': '/home/riley/ros2_ws/src/install/six_leg_controller', 'merge_install': False, 'path': '/home/riley/ros2_ws/src/six_leg_controller', 'symlink_install': False, 'test_result_base': None}
[1.047s] Level 5:colcon.colcon_core.verb:set package 'myworkcell_core' build argument 'cmake_args' from command line to 'None'
[1.047s] Level 5:colcon.colcon_core.verb:set package 'myworkcell_core' build argument 'cmake_target' from command line to 'None'
[1.047s] Level 5:colcon.colcon_core.verb:set package 'myworkcell_core' build argument 'cmake_target_skip_unavailable' from command line to 'False'
[1.047s] Level 5:colcon.colcon_core.verb:set package 'myworkcell_core' build argument 'cmake_clean_cache' from command line to 'False'
[1.047s] Level 5:colcon.colcon_core.verb:set package 'myworkcell_core' build argument 'cmake_clean_first' from command line to 'False'
[1.047s] Level 5:colcon.colcon_core.verb:set package 'myworkcell_core' build argument 'cmake_force_configure' from command line to 'False'
[1.048s] Level 5:colcon.colcon_core.verb:set package 'myworkcell_core' build argument 'ament_cmake_args' from command line to 'None'
[1.048s] Level 5:colcon.colcon_core.verb:set package 'myworkcell_core' build argument 'catkin_cmake_args' from command line to 'None'
[1.048s] Level 5:colcon.colcon_core.verb:set package 'myworkcell_core' build argument 'catkin_skip_building_tests' from command line to 'False'
[1.048s] DEBUG:colcon.colcon_core.verb:Building package 'myworkcell_core' with the following arguments: {'ament_cmake_args': None, 'build_base': '/home/riley/ros2_ws/src/build/myworkcell_core', 'catkin_cmake_args': None, 'catkin_skip_building_tests': False, 'cmake_args': None, 'cmake_clean_cache': False, 'cmake_clean_first': False, 'cmake_force_configure': False, 'cmake_target': None, 'cmake_target_skip_unavailable': False, 'install_base': '/home/riley/ros2_ws/src/install/myworkcell_core', 'merge_install': False, 'path': '/home/riley/ros2_ws/src/myworkcell_core', 'symlink_install': False, 'test_result_base': None}
[1.057s] INFO:colcon.colcon_core.executor:Executing jobs using 'parallel' executor
[1.073s] DEBUG:colcon.colcon_parallel_executor.executor.parallel:run_until_complete
[1.073s] INFO:colcon.colcon_ros.task.ament_cmake.build:Building ROS package in '/home/riley/ros2_ws/src/fake_ar_publisher' with build type 'ament_cmake'
[1.074s] INFO:colcon.colcon_cmake.task.cmake.build:Building CMake package in '/home/riley/ros2_ws/src/fake_ar_publisher'
[1.092s] INFO:colcon.colcon_core.plugin_system:Skipping extension 'colcon_core.shell.bat': Not used on non-Windows systems
[1.092s] INFO:colcon.colcon_core.shell:Skip shell extension 'powershell' for command environment: Not usable outside of PowerShell
[1.092s] DEBUG:colcon.colcon_core.shell:Skip shell extension 'dsv' for command environment
[1.119s] INFO:colcon.colcon_ros.task.ament_cmake.build:Building ROS package in '/home/riley/ros2_ws/src/cpp_pubsub' with build type 'ament_cmake'
[1.119s] INFO:colcon.colcon_cmake.task.cmake.build:Building CMake package in '/home/riley/ros2_ws/src/cpp_pubsub'
[1.130s] INFO:colcon.colcon_core.shell:Skip shell extension 'powershell' for command environment: Not usable outside of PowerShell
[1.130s] DEBUG:colcon.colcon_core.shell:Skip shell extension 'dsv' for command environment
[1.151s] INFO:colcon.colcon_ros.task.ament_cmake.build:Building ROS package in '/home/riley/ros2_ws/src/my_package' with build type 'ament_cmake'
[1.151s] INFO:colcon.colcon_cmake.task.cmake.build:Building CMake package in '/home/riley/ros2_ws/src/my_package'
[1.161s] INFO:colcon.colcon_core.shell:Skip shell extension 'powershell' for command environment: Not usable outside of PowerShell
[1.161s] DEBUG:colcon.colcon_core.shell:Skip shell extension 'dsv' for command environment
[1.184s] INFO:colcon.colcon_ros.task.ament_python.build:Building ROS package in '/home/riley/ros2_ws/src/six_leg_controller' with build type 'ament_python'
[1.184s] Level 1:colcon.colcon_core.shell:create_environment_hook('six_leg_controller', 'ament_prefix_path')
[1.194s] INFO:colcon.colcon_core.shell:Creating environment hook '/home/riley/ros2_ws/src/install/six_leg_controller/share/six_leg_controller/hook/ament_prefix_path.ps1'
[1.197s] INFO:colcon.colcon_core.shell:Creating environment descriptor '/home/riley/ros2_ws/src/install/six_leg_controller/share/six_leg_controller/hook/ament_prefix_path.dsv'
[1.198s] INFO:colcon.colcon_core.shell:Creating environment hook '/home/riley/ros2_ws/src/install/six_leg_controller/share/six_leg_controller/hook/ament_prefix_path.sh'
[1.208s] INFO:colcon.colcon_core.shell:Skip shell extension 'powershell' for command environment: Not usable outside of PowerShell
[1.208s] DEBUG:colcon.colcon_core.shell:Skip shell extension 'dsv' for command environment
[1.234s] DEBUG:colcon.colcon_core.event_handler.log_command:Invoking command in '/home/riley/ros2_ws/src/build/fake_ar_publisher': CMAKE_PREFIX_PATH=/opt/ros/humble /usr/bin/cmake /home/riley/ros2_ws/src/fake_ar_publisher -DCMAKE_INSTALL_PREFIX=/home/riley/ros2_ws/src/install/fake_ar_publisher
[1.241s] DEBUG:colcon.colcon_core.event_handler.log_command:Invoking command in '/home/riley/ros2_ws/src/build/cpp_pubsub': CMAKE_PREFIX_PATH=/opt/ros/humble /usr/bin/cmake /home/riley/ros2_ws/src/cpp_pubsub -DCMAKE_INSTALL_PREFIX=/home/riley/ros2_ws/src/install/cpp_pubsub
[1.241s] DEBUG:colcon.colcon_core.event_handler.log_command:Invoking command in '/home/riley/ros2_ws/src/build/my_package': CMAKE_PREFIX_PATH=/opt/ros/humble /usr/bin/cmake /home/riley/ros2_ws/src/my_package -DCMAKE_INSTALL_PREFIX=/home/riley/ros2_ws/src/install/my_package
[1.454s] INFO:colcon.colcon_core.task.python.build:Building Python package in '/home/riley/ros2_ws/src/six_leg_controller'
[1.467s] INFO:colcon.colcon_core.shell:Skip shell extension 'powershell' for command environment: Not usable outside of PowerShell
[1.467s] DEBUG:colcon.colcon_core.shell:Skip shell extension 'dsv' for command environment
[1.799s] DEBUG:colcon.colcon_core.event_handler.log_command:Invoking command in '/home/riley/ros2_ws/src/six_leg_controller': PYTHONPATH=/home/riley/ros2_ws/src/build/six_leg_controller/prefix_override:/home/riley/ros2_ws/src/install/six_leg_controller/lib/python3.10/site-packages:${PYTHONPATH} /usr/bin/python3 setup.py egg_info --egg-base ../build/six_leg_controller build --build-base /home/riley/ros2_ws/src/build/six_leg_controller/build install --record /home/riley/ros2_ws/src/build/six_leg_controller/install.log --single-version-externally-managed
[1.849s] DEBUG:colcon.colcon_core.event_handler.log_command:Invoked command in '/home/riley/ros2_ws/src/build/my_package' returned '0': CMAKE_PREFIX_PATH=/opt/ros/humble /usr/bin/cmake /home/riley/ros2_ws/src/my_package -DCMAKE_INSTALL_PREFIX=/home/riley/ros2_ws/src/install/my_package
[1.851s] DEBUG:colcon.colcon_core.event_handler.log_command:Invoking command in '/home/riley/ros2_ws/src/build/my_package': CMAKE_PREFIX_PATH=/opt/ros/humble /usr/bin/cmake --build /home/riley/ros2_ws/src/build/my_package -- -j8 -l8
[1.952s] DEBUG:colcon.colcon_core.event_handler.log_command:Invoked command in '/home/riley/ros2_ws/src/build/my_package' returned '0': CMAKE_PREFIX_PATH=/opt/ros/humble /usr/bin/cmake --build /home/riley/ros2_ws/src/build/my_package -- -j8 -l8
[1.976s] DEBUG:colcon.colcon_core.event_handler.log_command:Invoking command in '/home/riley/ros2_ws/src/build/my_package': CMAKE_PREFIX_PATH=/opt/ros/humble /usr/bin/cmake --install /home/riley/ros2_ws/src/build/my_package
[1.986s] Level 1:colcon.colcon_core.environment:create_environment_scripts_only(my_package)
[1.987s] DEBUG:colcon.colcon_core.event_handler.log_command:Invoked command in '/home/riley/ros2_ws/src/build/my_package' returned '0': CMAKE_PREFIX_PATH=/opt/ros/humble /usr/bin/cmake --install /home/riley/ros2_ws/src/build/my_package
[2.004s] Level 1:colcon.colcon_core.environment:checking '/home/riley/ros2_ws/src/install/my_package' for CMake module files
[2.004s] Level 1:colcon.colcon_core.environment:checking '/home/riley/ros2_ws/src/install/my_package' for CMake config files
[2.005s] Level 1:colcon.colcon_core.shell:create_environment_hook('my_package', 'cmake_prefix_path')
[2.017s] INFO:colcon.colcon_core.shell:Creating environment hook '/home/riley/ros2_ws/src/install/my_package/share/my_package/hook/cmake_prefix_path.ps1'
[2.017s] INFO:colcon.colcon_core.shell:Creating environment descriptor '/home/riley/ros2_ws/src/install/my_package/share/my_package/hook/cmake_prefix_path.dsv'
[2.017s] INFO:colcon.colcon_core.shell:Creating environment hook '/home/riley/ros2_ws/src/install/my_package/share/my_package/hook/cmake_prefix_path.sh'
[2.018s] Level 1:colcon.colcon_core.environment:checking '/home/riley/ros2_ws/src/install/my_package/lib'
[2.018s] Level 1:colcon.colcon_core.environment:checking '/home/riley/ros2_ws/src/install/my_package/bin'
[2.018s] Level 1:colcon.colcon_core.environment:checking '/home/riley/ros2_ws/src/install/my_package/lib/pkgconfig/my_package.pc'
[2.018s] Level 1:colcon.colcon_core.environment:checking '/home/riley/ros2_ws/src/install/my_package/lib/python3.10/site-packages'
[2.019s] Level 1:colcon.colcon_core.environment:checking '/home/riley/ros2_ws/src/install/my_package/bin'
[2.030s] INFO:colcon.colcon_core.shell:Creating package script '/home/riley/ros2_ws/src/install/my_package/share/my_package/package.ps1'
[2.031s] INFO:colcon.colcon_core.shell:Creating package descriptor '/home/riley/ros2_ws/src/install/my_package/share/my_package/package.dsv'
[2.031s] INFO:colcon.colcon_core.shell:Creating package script '/home/riley/ros2_ws/src/install/my_package/share/my_package/package.sh'
[2.032s] INFO:colcon.colcon_core.shell:Creating package script '/home/riley/ros2_ws/src/install/my_package/share/my_package/package.bash'
[2.034s] INFO:colcon.colcon_core.shell:Creating package script '/home/riley/ros2_ws/src/install/my_package/share/my_package/package.zsh'
[2.035s] Level 1:colcon.colcon_core.environment:create_file_with_runtime_dependencies(/home/riley/ros2_ws/src/install/my_package/share/colcon-core/packages/my_package)
[2.037s] DEBUG:colcon.colcon_core.event_handler.log_command:Invoked command in '/home/riley/ros2_ws/src/six_leg_controller' returned '0': PYTHONPATH=/home/riley/ros2_ws/src/build/six_leg_controller/prefix_override:/home/riley/ros2_ws/src/install/six_leg_controller/lib/python3.10/site-packages:${PYTHONPATH} /usr/bin/python3 setup.py egg_info --egg-base ../build/six_leg_controller build --build-base /home/riley/ros2_ws/src/build/six_leg_controller/build install --record /home/riley/ros2_ws/src/build/six_leg_controller/install.log --single-version-externally-managed
[2.047s] Level 1:colcon.colcon_core.environment:checking '/home/riley/ros2_ws/src/install/six_leg_controller' for CMake module files
[2.048s] Level 1:colcon.colcon_core.environment:checking '/home/riley/ros2_ws/src/install/six_leg_controller' for CMake config files
[2.049s] Level 1:colcon.colcon_core.environment:checking '/home/riley/ros2_ws/src/install/six_leg_controller/lib'
[2.049s] Level 1:colcon.colcon_core.environment:checking '/home/riley/ros2_ws/src/install/six_leg_controller/bin'
[2.049s] Level 1:colcon.colcon_core.environment:checking '/home/riley/ros2_ws/src/install/six_leg_controller/lib/pkgconfig/six_leg_controller.pc'
[2.049s] Level 1:colcon.colcon_core.environment:checking '/home/riley/ros2_ws/src/install/six_leg_controller/lib/python3.10/site-packages'
[2.049s] Level 1:colcon.colcon_core.shell:create_environment_hook('six_leg_controller', 'pythonpath')
[2.059s] INFO:colcon.colcon_core.shell:Creating environment hook '/home/riley/ros2_ws/src/install/six_leg_controller/share/six_leg_controller/hook/pythonpath.ps1'
[2.060s] INFO:colcon.colcon_core.shell:Creating environment descriptor '/home/riley/ros2_ws/src/install/six_leg_controller/share/six_leg_controller/hook/pythonpath.dsv'
[2.060s] INFO:colcon.colcon_core.shell:Creating environment hook '/home/riley/ros2_ws/src/install/six_leg_controller/share/six_leg_controller/hook/pythonpath.sh'
[2.060s] Level 1:colcon.colcon_core.environment:checking '/home/riley/ros2_ws/src/install/six_leg_controller/bin'
[2.060s] Level 1:colcon.colcon_core.environment:create_environment_scripts_only(six_leg_controller)
[2.072s] INFO:colcon.colcon_core.shell:Creating package script '/home/riley/ros2_ws/src/install/six_leg_controller/share/six_leg_controller/package.ps1'
[2.072s] INFO:colcon.colcon_core.shell:Creating package descriptor '/home/riley/ros2_ws/src/install/six_leg_controller/share/six_leg_controller/package.dsv'
[2.072s] INFO:colcon.colcon_core.shell:Creating package script '/home/riley/ros2_ws/src/install/six_leg_controller/share/six_leg_controller/package.sh'
[2.073s] INFO:colcon.colcon_core.shell:Creating package script '/home/riley/ros2_ws/src/install/six_leg_controller/share/six_leg_controller/package.bash'
[2.073s] INFO:colcon.colcon_core.shell:Creating package script '/home/riley/ros2_ws/src/install/six_leg_controller/share/six_leg_controller/package.zsh'
[2.073s] Level 1:colcon.colcon_core.environment:create_file_with_runtime_dependencies(/home/riley/ros2_ws/src/install/six_leg_controller/share/colcon-core/packages/six_leg_controller)
[2.092s] Level 1:colcon.colcon_core.environment:create_environment_scripts_only(my_package)
[2.104s] Level 1:colcon.colcon_core.environment:checking '/home/riley/ros2_ws/src/install/my_package' for CMake module files
[2.104s] Level 1:colcon.colcon_core.environment:checking '/home/riley/ros2_ws/src/install/my_package' for CMake config files
[2.104s] Level 1:colcon.colcon_core.shell:create_environment_hook('my_package', 'cmake_prefix_path')
[2.116s] INFO:colcon.colcon_core.shell:Creating environment hook '/home/riley/ros2_ws/src/install/my_package/share/my_package/hook/cmake_prefix_path.ps1'
[2.116s] INFO:colcon.colcon_core.shell:Creating environment descriptor '/home/riley/ros2_ws/src/install/my_package/share/my_package/hook/cmake_prefix_path.dsv'
[2.117s] INFO:colcon.colcon_core.shell:Creating environment hook '/home/riley/ros2_ws/src/install/my_package/share/my_package/hook/cmake_prefix_path.sh'
[2.117s] Level 1:colcon.colcon_core.environment:checking '/home/riley/ros2_ws/src/install/my_package/lib'
[2.117s] Level 1:colcon.colcon_core.environment:checking '/home/riley/ros2_ws/src/install/my_package/bin'
[2.117s] Level 1:colcon.colcon_core.environment:checking '/home/riley/ros2_ws/src/install/my_package/lib/pkgconfig/my_package.pc'
[2.118s] Level 1:colcon.colcon_core.environment:checking '/home/riley/ros2_ws/src/install/my_package/lib/python3.10/site-packages'
[2.118s] Level 1:colcon.colcon_core.environment:checking '/home/riley/ros2_ws/src/install/my_package/bin'
[2.129s] INFO:colcon.colcon_core.shell:Creating package script '/home/riley/ros2_ws/src/install/my_package/share/my_package/package.ps1'
[2.130s] INFO:colcon.colcon_core.shell:Creating package descriptor '/home/riley/ros2_ws/src/install/my_package/share/my_package/package.dsv'
[2.130s] INFO:colcon.colcon_core.shell:Creating package script '/home/riley/ros2_ws/src/install/my_package/share/my_package/package.sh'
[2.130s] INFO:colcon.colcon_core.shell:Creating package script '/home/riley/ros2_ws/src/install/my_package/share/my_package/package.bash'
[2.131s] INFO:colcon.colcon_core.shell:Creating package script '/home/riley/ros2_ws/src/install/my_package/share/my_package/package.zsh'
[2.131s] Level 1:colcon.colcon_core.environment:create_file_with_runtime_dependencies(/home/riley/ros2_ws/src/install/my_package/share/colcon-core/packages/my_package)
[2.438s] DEBUG:colcon.colcon_core.event_handler.log_command:Invoked command in '/home/riley/ros2_ws/src/build/cpp_pubsub' returned '0': CMAKE_PREFIX_PATH=/opt/ros/humble /usr/bin/cmake /home/riley/ros2_ws/src/cpp_pubsub -DCMAKE_INSTALL_PREFIX=/home/riley/ros2_ws/src/install/cpp_pubsub
[2.439s] DEBUG:colcon.colcon_core.event_handler.log_command:Invoking command in '/home/riley/ros2_ws/src/build/cpp_pubsub': CMAKE_PREFIX_PATH=/opt/ros/humble /usr/bin/cmake --build /home/riley/ros2_ws/src/build/cpp_pubsub -- -j8 -l8
[3.543s] DEBUG:colcon.colcon_core.event_handler.log_command:Invoked command in '/home/riley/ros2_ws/src/build/fake_ar_publisher' returned '0': CMAKE_PREFIX_PATH=/opt/ros/humble /usr/bin/cmake /home/riley/ros2_ws/src/fake_ar_publisher -DCMAKE_INSTALL_PREFIX=/home/riley/ros2_ws/src/install/fake_ar_publisher
[3.544s] DEBUG:colcon.colcon_core.event_handler.log_command:Invoking command in '/home/riley/ros2_ws/src/build/fake_ar_publisher': CMAKE_PREFIX_PATH=/opt/ros/humble /usr/bin/cmake --build /home/riley/ros2_ws/src/build/fake_ar_publisher -- -j8 -l8
[8.888s] DEBUG:colcon.colcon_core.event_handler.log_command:Invoked command in '/home/riley/ros2_ws/src/build/fake_ar_publisher' returned '0': CMAKE_PREFIX_PATH=/opt/ros/humble /usr/bin/cmake --build /home/riley/ros2_ws/src/build/fake_ar_publisher -- -j8 -l8
[8.934s] DEBUG:colcon.colcon_core.event_handler.log_command:Invoking command in '/home/riley/ros2_ws/src/build/fake_ar_publisher': CMAKE_PREFIX_PATH=/opt/ros/humble /usr/bin/cmake --install /home/riley/ros2_ws/src/build/fake_ar_publisher
[8.995s] Level 1:colcon.colcon_core.environment:create_environment_scripts_only(fake_ar_publisher)
[8.996s] DEBUG:colcon.colcon_core.event_handler.log_command:Invoked command in '/home/riley/ros2_ws/src/build/fake_ar_publisher' returned '0': CMAKE_PREFIX_PATH=/opt/ros/humble /usr/bin/cmake --install /home/riley/ros2_ws/src/build/fake_ar_publisher
[9.006s] Level 1:colcon.colcon_core.environment:checking '/home/riley/ros2_ws/src/install/fake_ar_publisher' for CMake module files
[9.007s] Level 1:colcon.colcon_core.environment:checking '/home/riley/ros2_ws/src/install/fake_ar_publisher' for CMake config files
[9.007s] Level 1:colcon.colcon_core.shell:create_environment_hook('fake_ar_publisher', 'cmake_prefix_path')
[9.021s] INFO:colcon.colcon_core.shell:Creating environment hook '/home/riley/ros2_ws/src/install/fake_ar_publisher/share/fake_ar_publisher/hook/cmake_prefix_path.ps1'
[9.022s] INFO:colcon.colcon_core.shell:Creating environment descriptor '/home/riley/ros2_ws/src/install/fake_ar_publisher/share/fake_ar_publisher/hook/cmake_prefix_path.dsv'
[9.022s] INFO:colcon.colcon_core.shell:Creating environment hook '/home/riley/ros2_ws/src/install/fake_ar_publisher/share/fake_ar_publisher/hook/cmake_prefix_path.sh'
[9.022s] Level 1:colcon.colcon_core.environment:checking '/home/riley/ros2_ws/src/install/fake_ar_publisher/lib'
[9.022s] Level 1:colcon.colcon_core.shell:create_environment_hook('fake_ar_publisher', 'ld_library_path_lib')
[9.033s] INFO:colcon.colcon_core.shell:Creating environment hook '/home/riley/ros2_ws/src/install/fake_ar_publisher/share/fake_ar_publisher/hook/ld_library_path_lib.ps1'
[9.034s] INFO:colcon.colcon_core.shell:Creating environment descriptor '/home/riley/ros2_ws/src/install/fake_ar_publisher/share/fake_ar_publisher/hook/ld_library_path_lib.dsv'
[9.034s] INFO:colcon.colcon_core.shell:Creating environment hook '/home/riley/ros2_ws/src/install/fake_ar_publisher/share/fake_ar_publisher/hook/ld_library_path_lib.sh'
[9.034s] Level 1:colcon.colcon_core.environment:checking '/home/riley/ros2_ws/src/install/fake_ar_publisher/bin'
[9.034s] Level 1:colcon.colcon_core.environment:checking '/home/riley/ros2_ws/src/install/fake_ar_publisher/lib/pkgconfig/fake_ar_publisher.pc'
[9.035s] Level 1:colcon.colcon_core.environment:checking '/home/riley/ros2_ws/src/install/fake_ar_publisher/lib/python3.10/site-packages'
[9.035s] Level 1:colcon.colcon_core.environment:checking '/home/riley/ros2_ws/src/install/fake_ar_publisher/bin'
[9.045s] INFO:colcon.colcon_core.shell:Creating package script '/home/riley/ros2_ws/src/install/fake_ar_publisher/share/fake_ar_publisher/package.ps1'
[9.046s] INFO:colcon.colcon_core.shell:Creating package descriptor '/home/riley/ros2_ws/src/install/fake_ar_publisher/share/fake_ar_publisher/package.dsv'
[9.046s] INFO:colcon.colcon_core.shell:Creating package script '/home/riley/ros2_ws/src/install/fake_ar_publisher/share/fake_ar_publisher/package.sh'
[9.046s] INFO:colcon.colcon_core.shell:Creating package script '/home/riley/ros2_ws/src/install/fake_ar_publisher/share/fake_ar_publisher/package.bash'
[9.047s] INFO:colcon.colcon_core.shell:Creating package script '/home/riley/ros2_ws/src/install/fake_ar_publisher/share/fake_ar_publisher/package.zsh'
[9.047s] Level 1:colcon.colcon_core.environment:create_file_with_runtime_dependencies(/home/riley/ros2_ws/src/install/fake_ar_publisher/share/colcon-core/packages/fake_ar_publisher)
[9.102s] Level 1:colcon.colcon_core.environment:create_environment_scripts_only(fake_ar_publisher)
[9.113s] Level 1:colcon.colcon_core.environment:checking '/home/riley/ros2_ws/src/install/fake_ar_publisher' for CMake module files
[9.114s] Level 1:colcon.colcon_core.environment:checking '/home/riley/ros2_ws/src/install/fake_ar_publisher' for CMake config files
[9.114s] Level 1:colcon.colcon_core.shell:create_environment_hook('fake_ar_publisher', 'cmake_prefix_path')
[9.124s] INFO:colcon.colcon_core.shell:Creating environment hook '/home/riley/ros2_ws/src/install/fake_ar_publisher/share/fake_ar_publisher/hook/cmake_prefix_path.ps1'
[9.125s] INFO:colcon.colcon_core.shell:Creating environment descriptor '/home/riley/ros2_ws/src/install/fake_ar_publisher/share/fake_ar_publisher/hook/cmake_prefix_path.dsv'
[9.125s] INFO:colcon.colcon_core.shell:Creating environment hook '/home/riley/ros2_ws/src/install/fake_ar_publisher/share/fake_ar_publisher/hook/cmake_prefix_path.sh'
[9.125s] Level 1:colcon.colcon_core.environment:checking '/home/riley/ros2_ws/src/install/fake_ar_publisher/lib'
[9.125s] Level 1:colcon.colcon_core.shell:create_environment_hook('fake_ar_publisher', 'ld_library_path_lib')
[9.135s] INFO:colcon.colcon_core.shell:Creating environment hook '/home/riley/ros2_ws/src/install/fake_ar_publisher/share/fake_ar_publisher/hook/ld_library_path_lib.ps1'
[9.136s] INFO:colcon.colcon_core.shell:Creating environment descriptor '/home/riley/ros2_ws/src/install/fake_ar_publisher/share/fake_ar_publisher/hook/ld_library_path_lib.dsv'
[9.136s] INFO:colcon.colcon_core.shell:Creating environment hook '/home/riley/ros2_ws/src/install/fake_ar_publisher/share/fake_ar_publisher/hook/ld_library_path_lib.sh'
[9.136s] Level 1:colcon.colcon_core.environment:checking '/home/riley/ros2_ws/src/install/fake_ar_publisher/bin'
[9.136s] Level 1:colcon.colcon_core.environment:checking '/home/riley/ros2_ws/src/install/fake_ar_publisher/lib/pkgconfig/fake_ar_publisher.pc'
[9.136s] Level 1:colcon.colcon_core.environment:checking '/home/riley/ros2_ws/src/install/fake_ar_publisher/lib/python3.10/site-packages'
[9.137s] Level 1:colcon.colcon_core.environment:checking '/home/riley/ros2_ws/src/install/fake_ar_publisher/bin'
[9.146s] INFO:colcon.colcon_core.shell:Creating package script '/home/riley/ros2_ws/src/install/fake_ar_publisher/share/fake_ar_publisher/package.ps1'
[9.147s] INFO:colcon.colcon_core.shell:Creating package descriptor '/home/riley/ros2_ws/src/install/fake_ar_publisher/share/fake_ar_publisher/package.dsv'
[9.147s] INFO:colcon.colcon_core.shell:Creating package script '/home/riley/ros2_ws/src/install/fake_ar_publisher/share/fake_ar_publisher/package.sh'
[9.147s] INFO:colcon.colcon_core.shell:Creating package script '/home/riley/ros2_ws/src/install/fake_ar_publisher/share/fake_ar_publisher/package.bash'
[9.148s] INFO:colcon.colcon_core.shell:Creating package script '/home/riley/ros2_ws/src/install/fake_ar_publisher/share/fake_ar_publisher/package.zsh'
[9.148s] Level 1:colcon.colcon_core.environment:create_file_with_runtime_dependencies(/home/riley/ros2_ws/src/install/fake_ar_publisher/share/colcon-core/packages/fake_ar_publisher)
[9.148s] INFO:colcon.colcon_ros.task.ament_cmake.build:Building ROS package in '/home/riley/ros2_ws/src/myworkcell_core' with build type 'ament_cmake'
[9.148s] INFO:colcon.colcon_cmake.task.cmake.build:Building CMake package in '/home/riley/ros2_ws/src/myworkcell_core'
[9.159s] INFO:colcon.colcon_core.shell:Skip shell extension 'powershell' for command environment: Not usable outside of PowerShell
[9.159s] DEBUG:colcon.colcon_core.shell:Skip shell extension 'dsv' for command environment
[9.191s] DEBUG:colcon.colcon_core.event_handler.log_command:Invoking command in '/home/riley/ros2_ws/src/build/myworkcell_core': AMENT_PREFIX_PATH=/home/riley/ros2_ws/src/install/fake_ar_publisher:${AMENT_PREFIX_PATH} CMAKE_PREFIX_PATH=/home/riley/ros2_ws/src/install/fake_ar_publisher:/opt/ros/humble LD_LIBRARY_PATH=/home/riley/ros2_ws/src/install/fake_ar_publisher/lib:${LD_LIBRARY_PATH} PYTHONPATH=/home/riley/ros2_ws/src/install/fake_ar_publisher/local/lib/python3.10/dist-packages:${PYTHONPATH} /usr/bin/cmake /home/riley/ros2_ws/src/myworkcell_core -DCMAKE_INSTALL_PREFIX=/home/riley/ros2_ws/src/install/myworkcell_core
[9.857s] DEBUG:colcon.colcon_core.event_handler.log_command:Invoked command in '/home/riley/ros2_ws/src/build/cpp_pubsub' returned '0': CMAKE_PREFIX_PATH=/opt/ros/humble /usr/bin/cmake --build /home/riley/ros2_ws/src/build/cpp_pubsub -- -j8 -l8
[9.876s] DEBUG:colcon.colcon_core.event_handler.log_command:Invoking command in '/home/riley/ros2_ws/src/build/cpp_pubsub': CMAKE_PREFIX_PATH=/opt/ros/humble /usr/bin/cmake --install /home/riley/ros2_ws/src/build/cpp_pubsub
[9.888s] Level 1:colcon.colcon_core.environment:create_environment_scripts_only(cpp_pubsub)
[9.889s] DEBUG:colcon.colcon_core.event_handler.log_command:Invoked command in '/home/riley/ros2_ws/src/build/cpp_pubsub' returned '0': CMAKE_PREFIX_PATH=/opt/ros/humble /usr/bin/cmake --install /home/riley/ros2_ws/src/build/cpp_pubsub
[9.900s] Level 1:colcon.colcon_core.environment:checking '/home/riley/ros2_ws/src/install/cpp_pubsub' for CMake module files
[9.900s] Level 1:colcon.colcon_core.environment:checking '/home/riley/ros2_ws/src/install/cpp_pubsub' for CMake config files
[9.901s] Level 1:colcon.colcon_core.shell:create_environment_hook('cpp_pubsub', 'cmake_prefix_path')
[9.911s] INFO:colcon.colcon_core.shell:Creating environment hook '/home/riley/ros2_ws/src/install/cpp_pubsub/share/cpp_pubsub/hook/cmake_prefix_path.ps1'
[9.911s] INFO:colcon.colcon_core.shell:Creating environment descriptor '/home/riley/ros2_ws/src/install/cpp_pubsub/share/cpp_pubsub/hook/cmake_prefix_path.dsv'
[9.912s] INFO:colcon.colcon_core.shell:Creating environment hook '/home/riley/ros2_ws/src/install/cpp_pubsub/share/cpp_pubsub/hook/cmake_prefix_path.sh'
[9.912s] Level 1:colcon.colcon_core.environment:checking '/home/riley/ros2_ws/src/install/cpp_pubsub/lib'
[9.912s] Level 1:colcon.colcon_core.environment:checking '/home/riley/ros2_ws/src/install/cpp_pubsub/bin'
[9.912s] Level 1:colcon.colcon_core.environment:checking '/home/riley/ros2_ws/src/install/cpp_pubsub/lib/pkgconfig/cpp_pubsub.pc'
[9.912s] Level 1:colcon.colcon_core.environment:checking '/home/riley/ros2_ws/src/install/cpp_pubsub/lib/python3.10/site-packages'
[9.912s] Level 1:colcon.colcon_core.environment:checking '/home/riley/ros2_ws/src/install/cpp_pubsub/bin'
[9.923s] INFO:colcon.colcon_core.shell:Creating package script '/home/riley/ros2_ws/src/install/cpp_pubsub/share/cpp_pubsub/package.ps1'
[9.923s] INFO:colcon.colcon_core.shell:Creating package descriptor '/home/riley/ros2_ws/src/install/cpp_pubsub/share/cpp_pubsub/package.dsv'
[9.923s] INFO:colcon.colcon_core.shell:Creating package script '/home/riley/ros2_ws/src/install/cpp_pubsub/share/cpp_pubsub/package.sh'
[9.923s] INFO:colcon.colcon_core.shell:Creating package script '/home/riley/ros2_ws/src/install/cpp_pubsub/share/cpp_pubsub/package.bash'
[9.924s] INFO:colcon.colcon_core.shell:Creating package script '/home/riley/ros2_ws/src/install/cpp_pubsub/share/cpp_pubsub/package.zsh'
[9.924s] Level 1:colcon.colcon_core.environment:create_file_with_runtime_dependencies(/home/riley/ros2_ws/src/install/cpp_pubsub/share/colcon-core/packages/cpp_pubsub)
[9.954s] Level 1:colcon.colcon_core.environment:create_environment_scripts_only(cpp_pubsub)
[9.964s] Level 1:colcon.colcon_core.environment:checking '/home/riley/ros2_ws/src/install/cpp_pubsub' for CMake module files
[9.965s] Level 1:colcon.colcon_core.environment:checking '/home/riley/ros2_ws/src/install/cpp_pubsub' for CMake config files
[9.965s] Level 1:colcon.colcon_core.shell:create_environment_hook('cpp_pubsub', 'cmake_prefix_path')
[9.974s] INFO:colcon.colcon_core.shell:Creating environment hook '/home/riley/ros2_ws/src/install/cpp_pubsub/share/cpp_pubsub/hook/cmake_prefix_path.ps1'
[9.974s] INFO:colcon.colcon_core.shell:Creating environment descriptor '/home/riley/ros2_ws/src/install/cpp_pubsub/share/cpp_pubsub/hook/cmake_prefix_path.dsv'
[9.974s] INFO:colcon.colcon_core.shell:Creating environment hook '/home/riley/ros2_ws/src/install/cpp_pubsub/share/cpp_pubsub/hook/cmake_prefix_path.sh'
[9.975s] Level 1:colcon.colcon_core.environment:checking '/home/riley/ros2_ws/src/install/cpp_pubsub/lib'
[9.975s] Level 1:colcon.colcon_core.environment:checking '/home/riley/ros2_ws/src/install/cpp_pubsub/bin'
[9.975s] Level 1:colcon.colcon_core.environment:checking '/home/riley/ros2_ws/src/install/cpp_pubsub/lib/pkgconfig/cpp_pubsub.pc'
[9.975s] Level 1:colcon.colcon_core.environment:checking '/home/riley/ros2_ws/src/install/cpp_pubsub/lib/python3.10/site-packages'
[9.975s] Level 1:colcon.colcon_core.environment:checking '/home/riley/ros2_ws/src/install/cpp_pubsub/bin'
[9.985s] INFO:colcon.colcon_core.shell:Creating package script '/home/riley/ros2_ws/src/install/cpp_pubsub/share/cpp_pubsub/package.ps1'
[9.985s] INFO:colcon.colcon_core.shell:Creating package descriptor '/home/riley/ros2_ws/src/install/cpp_pubsub/share/cpp_pubsub/package.dsv'
[9.985s] INFO:colcon.colcon_core.shell:Creating package script '/home/riley/ros2_ws/src/install/cpp_pubsub/share/cpp_pubsub/package.sh'
[9.985s] INFO:colcon.colcon_core.shell:Creating package script '/home/riley/ros2_ws/src/install/cpp_pubsub/share/cpp_pubsub/package.bash'
[9.986s] INFO:colcon.colcon_core.shell:Creating package script '/home/riley/ros2_ws/src/install/cpp_pubsub/share/cpp_pubsub/package.zsh'
[9.986s] Level 1:colcon.colcon_core.environment:create_file_with_runtime_dependencies(/home/riley/ros2_ws/src/install/cpp_pubsub/share/colcon-core/packages/cpp_pubsub)
[10.349s] DEBUG:colcon.colcon_core.event_handler.log_command:Invoked command in '/home/riley/ros2_ws/src/build/myworkcell_core' returned '0': AMENT_PREFIX_PATH=/home/riley/ros2_ws/src/install/fake_ar_publisher:${AMENT_PREFIX_PATH} CMAKE_PREFIX_PATH=/home/riley/ros2_ws/src/install/fake_ar_publisher:/opt/ros/humble LD_LIBRARY_PATH=/home/riley/ros2_ws/src/install/fake_ar_publisher/lib:${LD_LIBRARY_PATH} PYTHONPATH=/home/riley/ros2_ws/src/install/fake_ar_publisher/local/lib/python3.10/dist-packages:${PYTHONPATH} /usr/bin/cmake /home/riley/ros2_ws/src/myworkcell_core -DCMAKE_INSTALL_PREFIX=/home/riley/ros2_ws/src/install/myworkcell_core
[10.351s] DEBUG:colcon.colcon_core.event_handler.log_command:Invoking command in '/home/riley/ros2_ws/src/build/myworkcell_core': AMENT_PREFIX_PATH=/home/riley/ros2_ws/src/install/fake_ar_publisher:${AMENT_PREFIX_PATH} CMAKE_PREFIX_PATH=/home/riley/ros2_ws/src/install/fake_ar_publisher:/opt/ros/humble LD_LIBRARY_PATH=/home/riley/ros2_ws/src/install/fake_ar_publisher/lib:${LD_LIBRARY_PATH} PYTHONPATH=/home/riley/ros2_ws/src/install/fake_ar_publisher/local/lib/python3.10/dist-packages:${PYTHONPATH} /usr/bin/cmake --build /home/riley/ros2_ws/src/build/myworkcell_core -- -j8 -l8
[12.477s] DEBUG:colcon.colcon_core.event_handler.log_command:Invoked command in '/home/riley/ros2_ws/src/build/myworkcell_core' returned '0': AMENT_PREFIX_PATH=/home/riley/ros2_ws/src/install/fake_ar_publisher:${AMENT_PREFIX_PATH} CMAKE_PREFIX_PATH=/home/riley/ros2_ws/src/install/fake_ar_publisher:/opt/ros/humble LD_LIBRARY_PATH=/home/riley/ros2_ws/src/install/fake_ar_publisher/lib:${LD_LIBRARY_PATH} PYTHONPATH=/home/riley/ros2_ws/src/install/fake_ar_publisher/local/lib/python3.10/dist-packages:${PYTHONPATH} /usr/bin/cmake --build /home/riley/ros2_ws/src/build/myworkcell_core -- -j8 -l8
[12.496s] DEBUG:colcon.colcon_core.event_handler.log_command:Invoking command in '/home/riley/ros2_ws/src/build/myworkcell_core': AMENT_PREFIX_PATH=/home/riley/ros2_ws/src/install/fake_ar_publisher:${AMENT_PREFIX_PATH} CMAKE_PREFIX_PATH=/home/riley/ros2_ws/src/install/fake_ar_publisher:/opt/ros/humble LD_LIBRARY_PATH=/home/riley/ros2_ws/src/install/fake_ar_publisher/lib:${LD_LIBRARY_PATH} PYTHONPATH=/home/riley/ros2_ws/src/install/fake_ar_publisher/local/lib/python3.10/dist-packages:${PYTHONPATH} /usr/bin/cmake --install /home/riley/ros2_ws/src/build/myworkcell_core
[12.503s] Level 1:colcon.colcon_core.environment:create_environment_scripts_only(myworkcell_core)
[12.504s] DEBUG:colcon.colcon_core.event_handler.log_command:Invoked command in '/home/riley/ros2_ws/src/build/myworkcell_core' returned '0': AMENT_PREFIX_PATH=/home/riley/ros2_ws/src/install/fake_ar_publisher:${AMENT_PREFIX_PATH} CMAKE_PREFIX_PATH=/home/riley/ros2_ws/src/install/fake_ar_publisher:/opt/ros/humble LD_LIBRARY_PATH=/home/riley/ros2_ws/src/install/fake_ar_publisher/lib:${LD_LIBRARY_PATH} PYTHONPATH=/home/riley/ros2_ws/src/install/fake_ar_publisher/local/lib/python3.10/dist-packages:${PYTHONPATH} /usr/bin/cmake --install /home/riley/ros2_ws/src/build/myworkcell_core
[12.514s] Level 1:colcon.colcon_core.environment:checking '/home/riley/ros2_ws/src/install/myworkcell_core' for CMake module files
[12.514s] Level 1:colcon.colcon_core.environment:checking '/home/riley/ros2_ws/src/install/myworkcell_core' for CMake config files
[12.514s] Level 1:colcon.colcon_core.shell:create_environment_hook('myworkcell_core', 'cmake_prefix_path')
[12.524s] INFO:colcon.colcon_core.shell:Creating environment hook '/home/riley/ros2_ws/src/install/myworkcell_core/share/myworkcell_core/hook/cmake_prefix_path.ps1'
[12.524s] INFO:colcon.colcon_core.shell:Creating environment descriptor '/home/riley/ros2_ws/src/install/myworkcell_core/share/myworkcell_core/hook/cmake_prefix_path.dsv'
[12.524s] INFO:colcon.colcon_core.shell:Creating environment hook '/home/riley/ros2_ws/src/install/myworkcell_core/share/myworkcell_core/hook/cmake_prefix_path.sh'
[12.525s] Level 1:colcon.colcon_core.environment:checking '/home/riley/ros2_ws/src/install/myworkcell_core/lib'
[12.525s] Level 1:colcon.colcon_core.environment:checking '/home/riley/ros2_ws/src/install/myworkcell_core/bin'
[12.525s] Level 1:colcon.colcon_core.environment:checking '/home/riley/ros2_ws/src/install/myworkcell_core/lib/pkgconfig/myworkcell_core.pc'
[12.525s] Level 1:colcon.colcon_core.environment:checking '/home/riley/ros2_ws/src/install/myworkcell_core/lib/python3.10/site-packages'
[12.525s] Level 1:colcon.colcon_core.environment:checking '/home/riley/ros2_ws/src/install/myworkcell_core/bin'
[12.534s] INFO:colcon.colcon_core.shell:Creating package script '/home/riley/ros2_ws/src/install/myworkcell_core/share/myworkcell_core/package.ps1'
[12.534s] INFO:colcon.colcon_core.shell:Creating package descriptor '/home/riley/ros2_ws/src/install/myworkcell_core/share/myworkcell_core/package.dsv'
[12.535s] INFO:colcon.colcon_core.shell:Creating package script '/home/riley/ros2_ws/src/install/myworkcell_core/share/myworkcell_core/package.sh'
[12.535s] INFO:colcon.colcon_core.shell:Creating package script '/home/riley/ros2_ws/src/install/myworkcell_core/share/myworkcell_core/package.bash'
[12.535s] INFO:colcon.colcon_core.shell:Creating package script '/home/riley/ros2_ws/src/install/myworkcell_core/share/myworkcell_core/package.zsh'
[12.535s] Level 1:colcon.colcon_core.environment:create_file_with_runtime_dependencies(/home/riley/ros2_ws/src/install/myworkcell_core/share/colcon-core/packages/myworkcell_core)
[12.563s] Level 1:colcon.colcon_core.environment:create_environment_scripts_only(myworkcell_core)
[12.572s] Level 1:colcon.colcon_core.environment:checking '/home/riley/ros2_ws/src/install/myworkcell_core' for CMake module files
[12.572s] Level 1:colcon.colcon_core.environment:checking '/home/riley/ros2_ws/src/install/myworkcell_core' for CMake config files
[12.572s] Level 1:colcon.colcon_core.shell:create_environment_hook('myworkcell_core', 'cmake_prefix_path')
[12.582s] INFO:colcon.colcon_core.shell:Creating environment hook '/home/riley/ros2_ws/src/install/myworkcell_core/share/myworkcell_core/hook/cmake_prefix_path.ps1'
[12.582s] INFO:colcon.colcon_core.shell:Creating environment descriptor '/home/riley/ros2_ws/src/install/myworkcell_core/share/myworkcell_core/hook/cmake_prefix_path.dsv'
[12.583s] INFO:colcon.colcon_core.shell:Creating environment hook '/home/riley/ros2_ws/src/install/myworkcell_core/share/myworkcell_core/hook/cmake_prefix_path.sh'
[12.583s] Level 1:colcon.colcon_core.environment:checking '/home/riley/ros2_ws/src/install/myworkcell_core/lib'
[12.583s] Level 1:colcon.colcon_core.environment:checking '/home/riley/ros2_ws/src/install/myworkcell_core/bin'
[12.583s] Level 1:colcon.colcon_core.environment:checking '/home/riley/ros2_ws/src/install/myworkcell_core/lib/pkgconfig/myworkcell_core.pc'
[12.583s] Level 1:colcon.colcon_core.environment:checking '/home/riley/ros2_ws/src/install/myworkcell_core/lib/python3.10/site-packages'
[12.583s] Level 1:colcon.colcon_core.environment:checking '/home/riley/ros2_ws/src/install/myworkcell_core/bin'
[12.593s] INFO:colcon.colcon_core.shell:Creating package script '/home/riley/ros2_ws/src/install/myworkcell_core/share/myworkcell_core/package.ps1'
[12.593s] INFO:colcon.colcon_core.shell:Creating package descriptor '/home/riley/ros2_ws/src/install/myworkcell_core/share/myworkcell_core/package.dsv'
[12.594s] INFO:colcon.colcon_core.shell:Creating package script '/home/riley/ros2_ws/src/install/myworkcell_core/share/myworkcell_core/package.sh'
[12.595s] INFO:colcon.colcon_core.shell:Creating package script '/home/riley/ros2_ws/src/install/myworkcell_core/share/myworkcell_core/package.bash'
[12.595s] INFO:colcon.colcon_core.shell:Creating package script '/home/riley/ros2_ws/src/install/myworkcell_core/share/myworkcell_core/package.zsh'
[12.595s] Level 1:colcon.colcon_core.environment:create_file_with_runtime_dependencies(/home/riley/ros2_ws/src/install/myworkcell_core/share/colcon-core/packages/myworkcell_core)
[12.596s] DEBUG:colcon.colcon_parallel_executor.executor.parallel:closing loop
[12.596s] DEBUG:colcon.colcon_parallel_executor.executor.parallel:loop closed
[12.596s] DEBUG:colcon.colcon_parallel_executor.executor.parallel:run_until_complete finished with '0'
[12.596s] DEBUG:colcon.colcon_core.event_reactor:joining thread
[12.614s] INFO:colcon.colcon_core.plugin_system:Skipping extension 'colcon_notification.desktop_notification.terminal_notifier': Not used on non-Darwin systems
[12.614s] INFO:colcon.colcon_core.plugin_system:Skipping extension 'colcon_notification.desktop_notification.win32': Not used on non-Windows systems
[12.614s] INFO:colcon.colcon_notification.desktop_notification:Sending desktop notification using 'notify2'
[12.645s] DEBUG:colcon.colcon_core.event_reactor:joined thread
[12.664s] INFO:colcon.colcon_core.shell:Creating prefix script '/home/riley/ros2_ws/src/install/local_setup.ps1'
[12.665s] INFO:colcon.colcon_core.shell:Creating prefix util module '/home/riley/ros2_ws/src/install/_local_setup_util_ps1.py'
[12.667s] INFO:colcon.colcon_core.shell:Creating prefix chain script '/home/riley/ros2_ws/src/install/setup.ps1'
[12.679s] INFO:colcon.colcon_core.shell:Creating prefix script '/home/riley/ros2_ws/src/install/local_setup.sh'
[12.680s] INFO:colcon.colcon_core.shell:Creating prefix util module '/home/riley/ros2_ws/src/install/_local_setup_util_sh.py'
[12.680s] INFO:colcon.colcon_core.shell:Creating prefix chain script '/home/riley/ros2_ws/src/install/setup.sh'
[12.693s] INFO:colcon.colcon_core.shell:Creating prefix script '/home/riley/ros2_ws/src/install/local_setup.bash'
[12.693s] INFO:colcon.colcon_core.shell:Creating prefix chain script '/home/riley/ros2_ws/src/install/setup.bash'
[12.705s] INFO:colcon.colcon_core.shell:Creating prefix script '/home/riley/ros2_ws/src/install/local_setup.zsh'
[12.706s] INFO:colcon.colcon_core.shell:Creating prefix chain script '/home/riley/ros2_ws/src/install/setup.zsh'
