[0.167s] Invoking command in '/home/riley/ros2_ws/build/fake_ar_publisher': CMAKE_PREFIX_PATH=/opt/ros/humble /usr/bin/cmake --build /home/riley/ros2_ws/build/fake_ar_publisher -- -j8 -l8
[0.249s] [35m[1mConsolidate compiler generated dependencies of target fake_ar_publisher__rosidl_generator_c[0m
[0.257s] [  3%] Built target fake_ar_publisher__cpp
[0.269s] [  6%] [32mBuilding C object CMakeFiles/fake_ar_publisher__rosidl_generator_c.dir/rosidl_generator_c/fake_ar_publisher/msg/detail/ar_marker__functions.c.o[0m
[0.274s] [  6%] Built target ament_cmake_python_copy_fake_ar_publisher
[0.275s] [35m[1mConsolidate compiler generated dependencies of target fake_ar_publisher__rosidl_typesupport_cpp[0m
[0.275s] [35m[1mConsolidate compiler generated dependencies of target fake_ar_publisher__rosidl_typesupport_introspection_cpp[0m
[0.281s] [35m[1mConsolidate compiler generated dependencies of target fake_ar_publisher__rosidl_typesupport_fastrtps_cpp[0m
[0.288s] [ 12%] [32mBuilding CXX object CMakeFiles/fake_ar_publisher__rosidl_typesupport_cpp.dir/rosidl_typesupport_cpp/fake_ar_publisher/msg/ar_marker__type_support.cpp.o[0m
[0.288s] [ 12%] [32mBuilding CXX object CMakeFiles/fake_ar_publisher__rosidl_typesupport_introspection_cpp.dir/rosidl_typesupport_introspection_cpp/fake_ar_publisher/msg/detail/ar_marker__type_support.cpp.o[0m
[0.296s] [ 15%] [32mBuilding CXX object CMakeFiles/fake_ar_publisher__rosidl_typesupport_fastrtps_cpp.dir/rosidl_typesupport_fastrtps_cpp/fake_ar_publisher/msg/detail/dds_fastrtps/ar_marker__type_support.cpp.o[0m
[0.354s] [ 18%] [32m[1mLinking C shared library libfake_ar_publisher__rosidl_generator_c.so[0m
[0.416s] [ 21%] Built target fake_ar_publisher__rosidl_generator_c
[0.441s] [35m[1mConsolidate compiler generated dependencies of target fake_ar_publisher__rosidl_typesupport_fastrtps_c[0m
[0.442s] [35m[1mConsolidate compiler generated dependencies of target fake_ar_publisher__rosidl_typesupport_c[0m
[0.458s] [ 24%] [32mBuilding CXX object CMakeFiles/fake_ar_publisher__rosidl_typesupport_c.dir/rosidl_typesupport_c/fake_ar_publisher/msg/ar_marker__type_support.cpp.o[0m
[0.461s] [35m[1mConsolidate compiler generated dependencies of target fake_ar_publisher__rosidl_typesupport_introspection_c[0m
[0.475s] [ 27%] [32mBuilding CXX object CMakeFiles/fake_ar_publisher__rosidl_typesupport_fastrtps_c.dir/rosidl_typesupport_fastrtps_c/fake_ar_publisher/msg/detail/ar_marker__type_support_c.cpp.o[0m
[0.505s] [ 30%] [32mBuilding C object CMakeFiles/fake_ar_publisher__rosidl_typesupport_introspection_c.dir/rosidl_typesupport_introspection_c/fake_ar_publisher/msg/detail/ar_marker__type_support.c.o[0m
[0.522s] running egg_info
[0.523s] writing fake_ar_publisher.egg-info/PKG-INFO
[0.523s] writing dependency_links to fake_ar_publisher.egg-info/dependency_links.txt
[0.523s] writing top-level names to fake_ar_publisher.egg-info/top_level.txt
[0.528s] reading manifest file 'fake_ar_publisher.egg-info/SOURCES.txt'
[0.528s] writing manifest file 'fake_ar_publisher.egg-info/SOURCES.txt'
[0.548s] [ 33%] [32m[1mLinking CXX shared library libfake_ar_publisher__rosidl_typesupport_c.so[0m
[0.569s] [ 36%] [32m[1mLinking C shared library libfake_ar_publisher__rosidl_typesupport_introspection_c.so[0m
[0.575s] [ 36%] Built target ament_cmake_python_build_fake_ar_publisher_egg
[0.598s] [ 39%] [32m[1mLinking CXX shared library libfake_ar_publisher__rosidl_typesupport_cpp.so[0m
[0.606s] [ 42%] Built target fake_ar_publisher__rosidl_typesupport_introspection_c
[0.615s] [ 45%] Built target fake_ar_publisher__rosidl_typesupport_c
[0.648s] [ 48%] Built target fake_ar_publisher__rosidl_typesupport_cpp
[0.689s] [ 51%] [32m[1mLinking CXX shared library libfake_ar_publisher__rosidl_typesupport_introspection_cpp.so[0m
[0.721s] [ 54%] [32m[1mLinking CXX shared library libfake_ar_publisher__rosidl_typesupport_fastrtps_cpp.so[0m
[0.783s] [ 57%] Built target fake_ar_publisher__rosidl_typesupport_introspection_cpp
[0.816s] [ 60%] Built target fake_ar_publisher__rosidl_typesupport_fastrtps_cpp
[0.838s] [ 63%] [32m[1mLinking CXX shared library libfake_ar_publisher__rosidl_typesupport_fastrtps_c.so[0m
[0.947s] [ 66%] Built target fake_ar_publisher__rosidl_typesupport_fastrtps_c
[0.971s] [ 66%] Built target fake_ar_publisher
[0.983s] [35m[1mConsolidate compiler generated dependencies of target fake_ar_publisher_node[0m
[0.993s] [ 69%] Built target fake_ar_publisher__py
[1.001s] [ 72%] [32mBuilding CXX object CMakeFiles/fake_ar_publisher_node.dir/src/fake_ar_publisher.cpp.o[0m
[1.005s] [35m[1mConsolidate compiler generated dependencies of target fake_ar_publisher__rosidl_generator_py[0m
[1.017s] [ 75%] [32mBuilding C object CMakeFiles/fake_ar_publisher__rosidl_generator_py.dir/rosidl_generator_py/fake_ar_publisher/msg/_ar_marker_s.c.o[0m
[1.103s] [ 78%] [32m[1mLinking C shared library rosidl_generator_py/fake_ar_publisher/libfake_ar_publisher__rosidl_generator_py.so[0m
[1.149s] [ 78%] Built target fake_ar_publisher__rosidl_generator_py
[1.167s] [35m[1mConsolidate compiler generated dependencies of target fake_ar_publisher__rosidl_typesupport_c__pyext[0m
[1.167s] [35m[1mConsolidate compiler generated dependencies of target fake_ar_publisher__rosidl_typesupport_introspection_c__pyext[0m
[1.167s] [35m[1mConsolidate compiler generated dependencies of target fake_ar_publisher__rosidl_typesupport_fastrtps_c__pyext[0m
[1.180s] [ 81%] [32mBuilding C object CMakeFiles/fake_ar_publisher__rosidl_typesupport_c__pyext.dir/rosidl_generator_py/fake_ar_publisher/_fake_ar_publisher_s.ep.rosidl_typesupport_c.c.o[0m
[1.180s] [ 84%] [32mBuilding C object CMakeFiles/fake_ar_publisher__rosidl_typesupport_introspection_c__pyext.dir/rosidl_generator_py/fake_ar_publisher/_fake_ar_publisher_s.ep.rosidl_typesupport_introspection_c.c.o[0m
[1.181s] [ 87%] [32mBuilding C object CMakeFiles/fake_ar_publisher__rosidl_typesupport_fastrtps_c__pyext.dir/rosidl_generator_py/fake_ar_publisher/_fake_ar_publisher_s.ep.rosidl_typesupport_fastrtps_c.c.o[0m
[1.271s] [ 90%] [32m[1mLinking C shared library rosidl_generator_py/fake_ar_publisher/fake_ar_publisher_s__rosidl_typesupport_introspection_c.cpython-310-x86_64-linux-gnu.so[0m
[1.271s] [ 93%] [32m[1mLinking C shared library rosidl_generator_py/fake_ar_publisher/fake_ar_publisher_s__rosidl_typesupport_c.cpython-310-x86_64-linux-gnu.so[0m
[1.285s] [ 96%] [32m[1mLinking C shared library rosidl_generator_py/fake_ar_publisher/fake_ar_publisher_s__rosidl_typesupport_fastrtps_c.cpython-310-x86_64-linux-gnu.so[0m
[1.320s] [ 96%] Built target fake_ar_publisher__rosidl_typesupport_introspection_c__pyext
[1.331s] [ 96%] Built target fake_ar_publisher__rosidl_typesupport_c__pyext
[1.345s] [ 96%] Built target fake_ar_publisher__rosidl_typesupport_fastrtps_c__pyext
[5.532s] [100%] [32m[1mLinking CXX executable fake_ar_publisher_node[0m
[5.735s] [100%] Built target fake_ar_publisher_node
[5.747s] Invoked command in '/home/riley/ros2_ws/build/fake_ar_publisher' returned '0': CMAKE_PREFIX_PATH=/opt/ros/humble /usr/bin/cmake --build /home/riley/ros2_ws/build/fake_ar_publisher -- -j8 -l8
[5.812s] Invoking command in '/home/riley/ros2_ws/build/fake_ar_publisher': CMAKE_PREFIX_PATH=/opt/ros/humble /usr/bin/cmake --install /home/riley/ros2_ws/build/fake_ar_publisher
[5.820s] -- Install configuration: ""
[5.821s] -- Up-to-date: /home/riley/ros2_ws/install/fake_ar_publisher/share/ament_index/resource_index/rosidl_interfaces/fake_ar_publisher
[5.822s] -- Up-to-date: /home/riley/ros2_ws/install/fake_ar_publisher/include/fake_ar_publisher/fake_ar_publisher
[5.823s] -- Up-to-date: /home/riley/ros2_ws/install/fake_ar_publisher/include/fake_ar_publisher/fake_ar_publisher/msg
[5.823s] -- Up-to-date: /home/riley/ros2_ws/install/fake_ar_publisher/include/fake_ar_publisher/fake_ar_publisher/msg/detail
[5.823s] -- Up-to-date: /home/riley/ros2_ws/install/fake_ar_publisher/include/fake_ar_publisher/fake_ar_publisher/msg/detail/ar_marker__type_support.h
[5.823s] -- Up-to-date: /home/riley/ros2_ws/install/fake_ar_publisher/include/fake_ar_publisher/fake_ar_publisher/msg/detail/ar_marker__functions.c
[5.823s] -- Up-to-date: /home/riley/ros2_ws/install/fake_ar_publisher/include/fake_ar_publisher/fake_ar_publisher/msg/detail/ar_marker__functions.h
[5.823s] -- Up-to-date: /home/riley/ros2_ws/install/fake_ar_publisher/include/fake_ar_publisher/fake_ar_publisher/msg/detail/ar_marker__struct.h
[5.823s] -- Up-to-date: /home/riley/ros2_ws/install/fake_ar_publisher/include/fake_ar_publisher/fake_ar_publisher/msg/rosidl_generator_c__visibility_control.h
[5.823s] -- Up-to-date: /home/riley/ros2_ws/install/fake_ar_publisher/include/fake_ar_publisher/fake_ar_publisher/msg/ar_marker.h
[5.824s] -- Up-to-date: /home/riley/ros2_ws/install/fake_ar_publisher/share/fake_ar_publisher/environment/library_path.sh
[5.824s] -- Up-to-date: /home/riley/ros2_ws/install/fake_ar_publisher/share/fake_ar_publisher/environment/library_path.dsv
[5.825s] -- Installing: /home/riley/ros2_ws/install/fake_ar_publisher/lib/libfake_ar_publisher__rosidl_generator_c.so
[5.826s] -- Set runtime path of "/home/riley/ros2_ws/install/fake_ar_publisher/lib/libfake_ar_publisher__rosidl_generator_c.so" to ""
[5.826s] -- Up-to-date: /home/riley/ros2_ws/install/fake_ar_publisher/include/fake_ar_publisher/fake_ar_publisher
[5.826s] -- Up-to-date: /home/riley/ros2_ws/install/fake_ar_publisher/include/fake_ar_publisher/fake_ar_publisher/msg
[5.826s] -- Up-to-date: /home/riley/ros2_ws/install/fake_ar_publisher/include/fake_ar_publisher/fake_ar_publisher/msg/rosidl_typesupport_fastrtps_c__visibility_control.h
[5.826s] -- Up-to-date: /home/riley/ros2_ws/install/fake_ar_publisher/include/fake_ar_publisher/fake_ar_publisher/msg/detail
[5.826s] -- Up-to-date: /home/riley/ros2_ws/install/fake_ar_publisher/include/fake_ar_publisher/fake_ar_publisher/msg/detail/ar_marker__rosidl_typesupport_fastrtps_c.h
[5.826s] -- Installing: /home/riley/ros2_ws/install/fake_ar_publisher/lib/libfake_ar_publisher__rosidl_typesupport_fastrtps_c.so
[5.827s] -- Set runtime path of "/home/riley/ros2_ws/install/fake_ar_publisher/lib/libfake_ar_publisher__rosidl_typesupport_fastrtps_c.so" to ""
[5.827s] -- Up-to-date: /home/riley/ros2_ws/install/fake_ar_publisher/include/fake_ar_publisher/fake_ar_publisher
[5.827s] -- Up-to-date: /home/riley/ros2_ws/install/fake_ar_publisher/include/fake_ar_publisher/fake_ar_publisher/msg
[5.827s] -- Up-to-date: /home/riley/ros2_ws/install/fake_ar_publisher/include/fake_ar_publisher/fake_ar_publisher/msg/detail
[5.827s] -- Up-to-date: /home/riley/ros2_ws/install/fake_ar_publisher/include/fake_ar_publisher/fake_ar_publisher/msg/detail/ar_marker__struct.hpp
[5.827s] -- Up-to-date: /home/riley/ros2_ws/install/fake_ar_publisher/include/fake_ar_publisher/fake_ar_publisher/msg/detail/ar_marker__builder.hpp
[5.827s] -- Up-to-date: /home/riley/ros2_ws/install/fake_ar_publisher/include/fake_ar_publisher/fake_ar_publisher/msg/detail/ar_marker__traits.hpp
[5.827s] -- Up-to-date: /home/riley/ros2_ws/install/fake_ar_publisher/include/fake_ar_publisher/fake_ar_publisher/msg/ar_marker.hpp
[5.827s] -- Up-to-date: /home/riley/ros2_ws/install/fake_ar_publisher/include/fake_ar_publisher/fake_ar_publisher
[5.827s] -- Up-to-date: /home/riley/ros2_ws/install/fake_ar_publisher/include/fake_ar_publisher/fake_ar_publisher/msg
[5.827s] -- Up-to-date: /home/riley/ros2_ws/install/fake_ar_publisher/include/fake_ar_publisher/fake_ar_publisher/msg/detail
[5.827s] -- Up-to-date: /home/riley/ros2_ws/install/fake_ar_publisher/include/fake_ar_publisher/fake_ar_publisher/msg/detail/ar_marker__rosidl_typesupport_fastrtps_cpp.hpp
[5.827s] -- Up-to-date: /home/riley/ros2_ws/install/fake_ar_publisher/include/fake_ar_publisher/fake_ar_publisher/msg/detail/dds_fastrtps
[5.827s] -- Up-to-date: /home/riley/ros2_ws/install/fake_ar_publisher/include/fake_ar_publisher/fake_ar_publisher/msg/rosidl_typesupport_fastrtps_cpp__visibility_control.h
[5.828s] -- Installing: /home/riley/ros2_ws/install/fake_ar_publisher/lib/libfake_ar_publisher__rosidl_typesupport_fastrtps_cpp.so
[5.828s] -- Set runtime path of "/home/riley/ros2_ws/install/fake_ar_publisher/lib/libfake_ar_publisher__rosidl_typesupport_fastrtps_cpp.so" to ""
[5.828s] -- Up-to-date: /home/riley/ros2_ws/install/fake_ar_publisher/include/fake_ar_publisher/fake_ar_publisher
[5.828s] -- Up-to-date: /home/riley/ros2_ws/install/fake_ar_publisher/include/fake_ar_publisher/fake_ar_publisher/msg
[5.828s] -- Up-to-date: /home/riley/ros2_ws/install/fake_ar_publisher/include/fake_ar_publisher/fake_ar_publisher/msg/rosidl_typesupport_introspection_c__visibility_control.h
[5.828s] -- Up-to-date: /home/riley/ros2_ws/install/fake_ar_publisher/include/fake_ar_publisher/fake_ar_publisher/msg/detail
[5.828s] -- Up-to-date: /home/riley/ros2_ws/install/fake_ar_publisher/include/fake_ar_publisher/fake_ar_publisher/msg/detail/ar_marker__type_support.c
[5.828s] -- Up-to-date: /home/riley/ros2_ws/install/fake_ar_publisher/include/fake_ar_publisher/fake_ar_publisher/msg/detail/ar_marker__rosidl_typesupport_introspection_c.h
[5.829s] -- Installing: /home/riley/ros2_ws/install/fake_ar_publisher/lib/libfake_ar_publisher__rosidl_typesupport_introspection_c.so
[5.829s] -- Set runtime path of "/home/riley/ros2_ws/install/fake_ar_publisher/lib/libfake_ar_publisher__rosidl_typesupport_introspection_c.so" to ""
[5.829s] -- Installing: /home/riley/ros2_ws/install/fake_ar_publisher/lib/libfake_ar_publisher__rosidl_typesupport_c.so
[5.830s] -- Set runtime path of "/home/riley/ros2_ws/install/fake_ar_publisher/lib/libfake_ar_publisher__rosidl_typesupport_c.so" to ""
[5.830s] -- Up-to-date: /home/riley/ros2_ws/install/fake_ar_publisher/include/fake_ar_publisher/fake_ar_publisher
[5.830s] -- Up-to-date: /home/riley/ros2_ws/install/fake_ar_publisher/include/fake_ar_publisher/fake_ar_publisher/msg
[5.830s] -- Up-to-date: /home/riley/ros2_ws/install/fake_ar_publisher/include/fake_ar_publisher/fake_ar_publisher/msg/detail
[5.830s] -- Up-to-date: /home/riley/ros2_ws/install/fake_ar_publisher/include/fake_ar_publisher/fake_ar_publisher/msg/detail/ar_marker__type_support.cpp
[5.830s] -- Up-to-date: /home/riley/ros2_ws/install/fake_ar_publisher/include/fake_ar_publisher/fake_ar_publisher/msg/detail/ar_marker__rosidl_typesupport_introspection_cpp.hpp
[5.831s] -- Installing: /home/riley/ros2_ws/install/fake_ar_publisher/lib/libfake_ar_publisher__rosidl_typesupport_introspection_cpp.so
[5.831s] -- Set runtime path of "/home/riley/ros2_ws/install/fake_ar_publisher/lib/libfake_ar_publisher__rosidl_typesupport_introspection_cpp.so" to ""
[5.832s] -- Installing: /home/riley/ros2_ws/install/fake_ar_publisher/lib/libfake_ar_publisher__rosidl_typesupport_cpp.so
[5.832s] -- Set runtime path of "/home/riley/ros2_ws/install/fake_ar_publisher/lib/libfake_ar_publisher__rosidl_typesupport_cpp.so" to ""
[5.832s] -- Up-to-date: /home/riley/ros2_ws/install/fake_ar_publisher/share/fake_ar_publisher/environment/pythonpath.sh
[5.832s] -- Up-to-date: /home/riley/ros2_ws/install/fake_ar_publisher/share/fake_ar_publisher/environment/pythonpath.dsv
[5.833s] -- Up-to-date: /home/riley/ros2_ws/install/fake_ar_publisher/local/lib/python3.10/dist-packages/fake_ar_publisher-0.0.0-py3.10.egg-info
[5.833s] -- Installing: /home/riley/ros2_ws/install/fake_ar_publisher/local/lib/python3.10/dist-packages/fake_ar_publisher-0.0.0-py3.10.egg-info/SOURCES.txt
[5.833s] -- Installing: /home/riley/ros2_ws/install/fake_ar_publisher/local/lib/python3.10/dist-packages/fake_ar_publisher-0.0.0-py3.10.egg-info/dependency_links.txt
[5.833s] -- Installing: /home/riley/ros2_ws/install/fake_ar_publisher/local/lib/python3.10/dist-packages/fake_ar_publisher-0.0.0-py3.10.egg-info/PKG-INFO
[5.833s] -- Installing: /home/riley/ros2_ws/install/fake_ar_publisher/local/lib/python3.10/dist-packages/fake_ar_publisher-0.0.0-py3.10.egg-info/top_level.txt
[5.833s] -- Up-to-date: /home/riley/ros2_ws/install/fake_ar_publisher/local/lib/python3.10/dist-packages/fake_ar_publisher
[5.834s] -- Up-to-date: /home/riley/ros2_ws/install/fake_ar_publisher/local/lib/python3.10/dist-packages/fake_ar_publisher/_fake_ar_publisher_s.ep.rosidl_typesupport_introspection_c.c
[5.834s] -- Installing: /home/riley/ros2_ws/install/fake_ar_publisher/local/lib/python3.10/dist-packages/fake_ar_publisher/fake_ar_publisher_s__rosidl_typesupport_c.cpython-310-x86_64-linux-gnu.so
[5.834s] -- Installing: /home/riley/ros2_ws/install/fake_ar_publisher/local/lib/python3.10/dist-packages/fake_ar_publisher/libfake_ar_publisher__rosidl_generator_py.so
[5.834s] -- Up-to-date: /home/riley/ros2_ws/install/fake_ar_publisher/local/lib/python3.10/dist-packages/fake_ar_publisher/_fake_ar_publisher_s.ep.rosidl_typesupport_fastrtps_c.c
[5.834s] -- Up-to-date: /home/riley/ros2_ws/install/fake_ar_publisher/local/lib/python3.10/dist-packages/fake_ar_publisher/__init__.py
[5.834s] -- Up-to-date: /home/riley/ros2_ws/install/fake_ar_publisher/local/lib/python3.10/dist-packages/fake_ar_publisher/_fake_ar_publisher_s.ep.rosidl_typesupport_c.c
[5.834s] -- Installing: /home/riley/ros2_ws/install/fake_ar_publisher/local/lib/python3.10/dist-packages/fake_ar_publisher/fake_ar_publisher_s__rosidl_typesupport_fastrtps_c.cpython-310-x86_64-linux-gnu.so
[5.834s] -- Installing: /home/riley/ros2_ws/install/fake_ar_publisher/local/lib/python3.10/dist-packages/fake_ar_publisher/fake_ar_publisher_s__rosidl_typesupport_introspection_c.cpython-310-x86_64-linux-gnu.so
[5.834s] -- Up-to-date: /home/riley/ros2_ws/install/fake_ar_publisher/local/lib/python3.10/dist-packages/fake_ar_publisher/msg
[5.835s] -- Up-to-date: /home/riley/ros2_ws/install/fake_ar_publisher/local/lib/python3.10/dist-packages/fake_ar_publisher/msg/_ar_marker.py
[5.835s] -- Up-to-date: /home/riley/ros2_ws/install/fake_ar_publisher/local/lib/python3.10/dist-packages/fake_ar_publisher/msg/_ar_marker_s.c
[5.835s] -- Up-to-date: /home/riley/ros2_ws/install/fake_ar_publisher/local/lib/python3.10/dist-packages/fake_ar_publisher/msg/__init__.py
[5.861s] Listing '/home/riley/ros2_ws/install/fake_ar_publisher/local/lib/python3.10/dist-packages/fake_ar_publisher'...
[5.861s] Listing '/home/riley/ros2_ws/install/fake_ar_publisher/local/lib/python3.10/dist-packages/fake_ar_publisher/msg'...
[5.865s] -- Installing: /home/riley/ros2_ws/install/fake_ar_publisher/local/lib/python3.10/dist-packages/fake_ar_publisher/fake_ar_publisher_s__rosidl_typesupport_fastrtps_c.cpython-310-x86_64-linux-gnu.so
[5.866s] -- Set runtime path of "/home/riley/ros2_ws/install/fake_ar_publisher/local/lib/python3.10/dist-packages/fake_ar_publisher/fake_ar_publisher_s__rosidl_typesupport_fastrtps_c.cpython-310-x86_64-linux-gnu.so" to ""
[5.866s] -- Installing: /home/riley/ros2_ws/install/fake_ar_publisher/local/lib/python3.10/dist-packages/fake_ar_publisher/fake_ar_publisher_s__rosidl_typesupport_introspection_c.cpython-310-x86_64-linux-gnu.so
[5.866s] -- Set runtime path of "/home/riley/ros2_ws/install/fake_ar_publisher/local/lib/python3.10/dist-packages/fake_ar_publisher/fake_ar_publisher_s__rosidl_typesupport_introspection_c.cpython-310-x86_64-linux-gnu.so" to ""
[5.866s] -- Installing: /home/riley/ros2_ws/install/fake_ar_publisher/local/lib/python3.10/dist-packages/fake_ar_publisher/fake_ar_publisher_s__rosidl_typesupport_c.cpython-310-x86_64-linux-gnu.so
[5.866s] -- Set runtime path of "/home/riley/ros2_ws/install/fake_ar_publisher/local/lib/python3.10/dist-packages/fake_ar_publisher/fake_ar_publisher_s__rosidl_typesupport_c.cpython-310-x86_64-linux-gnu.so" to ""
[5.867s] -- Installing: /home/riley/ros2_ws/install/fake_ar_publisher/lib/libfake_ar_publisher__rosidl_generator_py.so
[5.867s] -- Set runtime path of "/home/riley/ros2_ws/install/fake_ar_publisher/lib/libfake_ar_publisher__rosidl_generator_py.so" to ""
[5.868s] -- Up-to-date: /home/riley/ros2_ws/install/fake_ar_publisher/share/fake_ar_publisher/msg/ARMarker.idl
[5.868s] -- Up-to-date: /home/riley/ros2_ws/install/fake_ar_publisher/share/fake_ar_publisher/msg/ARMarker.msg
[5.869s] -- Installing: /home/riley/ros2_ws/install/fake_ar_publisher/lib/fake_ar_publisher/fake_ar_publisher_node
[5.870s] -- Set runtime path of "/home/riley/ros2_ws/install/fake_ar_publisher/lib/fake_ar_publisher/fake_ar_publisher_node" to ""
[5.870s] -- Up-to-date: /home/riley/ros2_ws/install/fake_ar_publisher/share/ament_index/resource_index/package_run_dependencies/fake_ar_publisher
[5.871s] -- Up-to-date: /home/riley/ros2_ws/install/fake_ar_publisher/share/ament_index/resource_index/parent_prefix_path/fake_ar_publisher
[5.871s] -- Up-to-date: /home/riley/ros2_ws/install/fake_ar_publisher/share/fake_ar_publisher/environment/ament_prefix_path.sh
[5.871s] -- Up-to-date: /home/riley/ros2_ws/install/fake_ar_publisher/share/fake_ar_publisher/environment/ament_prefix_path.dsv
[5.871s] -- Up-to-date: /home/riley/ros2_ws/install/fake_ar_publisher/share/fake_ar_publisher/environment/path.sh
[5.871s] -- Up-to-date: /home/riley/ros2_ws/install/fake_ar_publisher/share/fake_ar_publisher/environment/path.dsv
[5.871s] -- Up-to-date: /home/riley/ros2_ws/install/fake_ar_publisher/share/fake_ar_publisher/local_setup.bash
[5.871s] -- Up-to-date: /home/riley/ros2_ws/install/fake_ar_publisher/share/fake_ar_publisher/local_setup.sh
[5.871s] -- Up-to-date: /home/riley/ros2_ws/install/fake_ar_publisher/share/fake_ar_publisher/local_setup.zsh
[5.871s] -- Up-to-date: /home/riley/ros2_ws/install/fake_ar_publisher/share/fake_ar_publisher/local_setup.dsv
[5.871s] -- Installing: /home/riley/ros2_ws/install/fake_ar_publisher/share/fake_ar_publisher/package.dsv
[5.872s] -- Up-to-date: /home/riley/ros2_ws/install/fake_ar_publisher/share/ament_index/resource_index/packages/fake_ar_publisher
[5.874s] -- Up-to-date: /home/riley/ros2_ws/install/fake_ar_publisher/share/fake_ar_publisher/cmake/export_fake_ar_publisher__rosidl_generator_cExport.cmake
[5.874s] -- Up-to-date: /home/riley/ros2_ws/install/fake_ar_publisher/share/fake_ar_publisher/cmake/export_fake_ar_publisher__rosidl_generator_cExport-noconfig.cmake
[5.874s] -- Up-to-date: /home/riley/ros2_ws/install/fake_ar_publisher/share/fake_ar_publisher/cmake/export_fake_ar_publisher__rosidl_typesupport_fastrtps_cExport.cmake
[5.874s] -- Up-to-date: /home/riley/ros2_ws/install/fake_ar_publisher/share/fake_ar_publisher/cmake/export_fake_ar_publisher__rosidl_typesupport_fastrtps_cExport-noconfig.cmake
[5.875s] -- Up-to-date: /home/riley/ros2_ws/install/fake_ar_publisher/share/fake_ar_publisher/cmake/export_fake_ar_publisher__rosidl_generator_cppExport.cmake
[5.875s] -- Up-to-date: /home/riley/ros2_ws/install/fake_ar_publisher/share/fake_ar_publisher/cmake/export_fake_ar_publisher__rosidl_typesupport_fastrtps_cppExport.cmake
[5.875s] -- Up-to-date: /home/riley/ros2_ws/install/fake_ar_publisher/share/fake_ar_publisher/cmake/export_fake_ar_publisher__rosidl_typesupport_fastrtps_cppExport-noconfig.cmake
[5.876s] -- Up-to-date: /home/riley/ros2_ws/install/fake_ar_publisher/share/fake_ar_publisher/cmake/fake_ar_publisher__rosidl_typesupport_introspection_cExport.cmake
[5.876s] -- Up-to-date: /home/riley/ros2_ws/install/fake_ar_publisher/share/fake_ar_publisher/cmake/fake_ar_publisher__rosidl_typesupport_introspection_cExport-noconfig.cmake
[5.876s] -- Up-to-date: /home/riley/ros2_ws/install/fake_ar_publisher/share/fake_ar_publisher/cmake/fake_ar_publisher__rosidl_typesupport_cExport.cmake
[5.877s] -- Up-to-date: /home/riley/ros2_ws/install/fake_ar_publisher/share/fake_ar_publisher/cmake/fake_ar_publisher__rosidl_typesupport_cExport-noconfig.cmake
[5.877s] -- Up-to-date: /home/riley/ros2_ws/install/fake_ar_publisher/share/fake_ar_publisher/cmake/fake_ar_publisher__rosidl_typesupport_introspection_cppExport.cmake
[5.877s] -- Up-to-date: /home/riley/ros2_ws/install/fake_ar_publisher/share/fake_ar_publisher/cmake/fake_ar_publisher__rosidl_typesupport_introspection_cppExport-noconfig.cmake
[5.878s] -- Up-to-date: /home/riley/ros2_ws/install/fake_ar_publisher/share/fake_ar_publisher/cmake/fake_ar_publisher__rosidl_typesupport_cppExport.cmake
[5.878s] -- Up-to-date: /home/riley/ros2_ws/install/fake_ar_publisher/share/fake_ar_publisher/cmake/fake_ar_publisher__rosidl_typesupport_cppExport-noconfig.cmake
[5.878s] -- Up-to-date: /home/riley/ros2_ws/install/fake_ar_publisher/share/fake_ar_publisher/cmake/export_fake_ar_publisher__rosidl_generator_pyExport.cmake
[5.879s] -- Up-to-date: /home/riley/ros2_ws/install/fake_ar_publisher/share/fake_ar_publisher/cmake/export_fake_ar_publisher__rosidl_generator_pyExport-noconfig.cmake
[5.879s] -- Up-to-date: /home/riley/ros2_ws/install/fake_ar_publisher/share/fake_ar_publisher/cmake/rosidl_cmake-extras.cmake
[5.879s] -- Up-to-date: /home/riley/ros2_ws/install/fake_ar_publisher/share/fake_ar_publisher/cmake/ament_cmake_export_dependencies-extras.cmake
[5.879s] -- Up-to-date: /home/riley/ros2_ws/install/fake_ar_publisher/share/fake_ar_publisher/cmake/ament_cmake_export_include_directories-extras.cmake
[5.879s] -- Up-to-date: /home/riley/ros2_ws/install/fake_ar_publisher/share/fake_ar_publisher/cmake/ament_cmake_export_libraries-extras.cmake
[5.879s] -- Up-to-date: /home/riley/ros2_ws/install/fake_ar_publisher/share/fake_ar_publisher/cmake/ament_cmake_export_targets-extras.cmake
[5.879s] -- Up-to-date: /home/riley/ros2_ws/install/fake_ar_publisher/share/fake_ar_publisher/cmake/rosidl_cmake_export_typesupport_targets-extras.cmake
[5.879s] -- Up-to-date: /home/riley/ros2_ws/install/fake_ar_publisher/share/fake_ar_publisher/cmake/rosidl_cmake_export_typesupport_libraries-extras.cmake
[5.879s] -- Up-to-date: /home/riley/ros2_ws/install/fake_ar_publisher/share/fake_ar_publisher/cmake/fake_ar_publisherConfig.cmake
[5.879s] -- Up-to-date: /home/riley/ros2_ws/install/fake_ar_publisher/share/fake_ar_publisher/cmake/fake_ar_publisherConfig-version.cmake
[5.879s] -- Up-to-date: /home/riley/ros2_ws/install/fake_ar_publisher/share/fake_ar_publisher/package.xml
[5.882s] Invoked command in '/home/riley/ros2_ws/build/fake_ar_publisher' returned '0': CMAKE_PREFIX_PATH=/opt/ros/humble /usr/bin/cmake --install /home/riley/ros2_ws/build/fake_ar_publisher
