[0.341s] Invoking command in '/home/riley/ros2_ws/src/build/cpp_pubsub': CMAKE_PREFIX_PATH=${CMAKE_PREFIX_PATH}:/home/riley/ros2_ws/src/install/six_leg_controller:/home/riley/ros2_ws/install/six_leg_controller:/opt/ros/humble /usr/bin/cmake --build /home/riley/ros2_ws/src/build/cpp_pubsub -- -j8 -l8
[0.441s] [ 50%] Built target listener
[0.447s] [ 75%] [32mBuilding CXX object CMakeFiles/talker.dir/src/publisher_member_function.cpp.o[0m
[6.402s] [100%] [32m[1mLinking CXX executable talker[0m
[6.562s] [100%] Built target talker
[6.572s] Invoked command in '/home/riley/ros2_ws/src/build/cpp_pubsub' returned '0': CMAKE_PREFIX_PATH=${CMAKE_PREFIX_PATH}:/home/riley/ros2_ws/src/install/six_leg_controller:/home/riley/ros2_ws/install/six_leg_controller:/opt/ros/humble /usr/bin/cmake --build /home/riley/ros2_ws/src/build/cpp_pubsub -- -j8 -l8
[6.598s] Invoking command in '/home/riley/ros2_ws/src/build/cpp_pubsub': CMAKE_PREFIX_PATH=${CMAKE_PREFIX_PATH}:/home/riley/ros2_ws/src/install/six_leg_controller:/home/riley/ros2_ws/install/six_leg_controller:/opt/ros/humble /usr/bin/cmake --install /home/riley/ros2_ws/src/build/cpp_pubsub
[6.605s] -- Install configuration: ""
[6.605s] -- Installing: /home/riley/ros2_ws/src/install/cpp_pubsub/lib/cpp_pubsub/talker
[6.607s] -- Set runtime path of "/home/riley/ros2_ws/src/install/cpp_pubsub/lib/cpp_pubsub/talker" to ""
[6.608s] -- Up-to-date: /home/riley/ros2_ws/src/install/cpp_pubsub/lib/cpp_pubsub/listener
[6.608s] -- Up-to-date: /home/riley/ros2_ws/src/install/cpp_pubsub/share/ament_index/resource_index/package_run_dependencies/cpp_pubsub
[6.608s] -- Up-to-date: /home/riley/ros2_ws/src/install/cpp_pubsub/share/ament_index/resource_index/parent_prefix_path/cpp_pubsub
[6.608s] -- Up-to-date: /home/riley/ros2_ws/src/install/cpp_pubsub/share/cpp_pubsub/environment/ament_prefix_path.sh
[6.608s] -- Up-to-date: /home/riley/ros2_ws/src/install/cpp_pubsub/share/cpp_pubsub/environment/ament_prefix_path.dsv
[6.608s] -- Up-to-date: /home/riley/ros2_ws/src/install/cpp_pubsub/share/cpp_pubsub/environment/path.sh
[6.608s] -- Up-to-date: /home/riley/ros2_ws/src/install/cpp_pubsub/share/cpp_pubsub/environment/path.dsv
[6.609s] -- Up-to-date: /home/riley/ros2_ws/src/install/cpp_pubsub/share/cpp_pubsub/local_setup.bash
[6.609s] -- Up-to-date: /home/riley/ros2_ws/src/install/cpp_pubsub/share/cpp_pubsub/local_setup.sh
[6.609s] -- Up-to-date: /home/riley/ros2_ws/src/install/cpp_pubsub/share/cpp_pubsub/local_setup.zsh
[6.609s] -- Up-to-date: /home/riley/ros2_ws/src/install/cpp_pubsub/share/cpp_pubsub/local_setup.dsv
[6.609s] -- Installing: /home/riley/ros2_ws/src/install/cpp_pubsub/share/cpp_pubsub/package.dsv
[6.609s] -- Up-to-date: /home/riley/ros2_ws/src/install/cpp_pubsub/share/ament_index/resource_index/packages/cpp_pubsub
[6.609s] -- Up-to-date: /home/riley/ros2_ws/src/install/cpp_pubsub/share/cpp_pubsub/cmake/cpp_pubsubConfig.cmake
[6.609s] -- Up-to-date: /home/riley/ros2_ws/src/install/cpp_pubsub/share/cpp_pubsub/cmake/cpp_pubsubConfig-version.cmake
[6.609s] -- Up-to-date: /home/riley/ros2_ws/src/install/cpp_pubsub/share/cpp_pubsub/package.xml
[6.612s] Invoked command in '/home/riley/ros2_ws/src/build/cpp_pubsub' returned '0': CMAKE_PREFIX_PATH=${CMAKE_PREFIX_PATH}:/home/riley/ros2_ws/src/install/six_leg_controller:/home/riley/ros2_ws/install/six_leg_controller:/opt/ros/humble /usr/bin/cmake --install /home/riley/ros2_ws/src/build/cpp_pubsub
