[0.758s] DEBUG:colcon:Command line arguments: ['/home/riley/.local/bin/colcon', 'build']
[0.758s] DEBUG:colcon:Parsed command line arguments: Namespace(log_base=None, log_level=None, verb_name='build', build_base='build', install_base='install', merge_install=False, symlink_install=False, test_result_base=None, continue_on_error=False, executor='parallel', parallel_workers=8, event_handlers=None, ignore_user_meta=False, metas=['./colcon.meta'], base_paths=['.'], packages_ignore=None, packages_ignore_regex=None, paths=None, packages_up_to=None, packages_up_to_regex=None, packages_above=None, packages_above_and_dependencies=None, packages_above_depth=None, packages_select_by_dep=None, packages_skip_by_dep=None, packages_skip_up_to=None, packages_select_build_failed=False, packages_skip_build_finished=False, packages_select_test_failures=False, packages_skip_test_passed=False, packages_select=None, packages_skip=None, packages_select_regex=None, packages_skip_regex=None, packages_start=None, packages_end=None, cmake_args=None, cmake_target=None, cmake_target_skip_unavailable=False, cmake_clean_cache=False, cmake_clean_first=False, cmake_force_configure=False, ament_cmake_args=None, catkin_cmake_args=None, catkin_skip_building_tests=False, verb_parser=<colcon_defaults.argument_parser.defaults.DefaultArgumentsDecorator object at 0x7faff1b569b0>, verb_extension=<colcon_core.verb.build.BuildVerb object at 0x7faff1fab3d0>, main=<bound method BuildVerb.main of <colcon_core.verb.build.BuildVerb object at 0x7faff1fab3d0>>)
[0.799s] Level 1:colcon.colcon_core.package_discovery:discover_packages(colcon_meta) check parameters
[0.799s] Level 1:colcon.colcon_core.package_discovery:discover_packages(recursive) check parameters
[0.799s] Level 1:colcon.colcon_core.package_discovery:discover_packages(ignore) check parameters
[0.799s] Level 1:colcon.colcon_core.package_discovery:discover_packages(path) check parameters
[0.799s] Level 1:colcon.colcon_core.package_discovery:discover_packages(colcon_meta) discover
[0.799s] Level 1:colcon.colcon_core.package_discovery:discover_packages(recursive) discover
[0.799s] INFO:colcon.colcon_core.package_discovery:Crawling recursively for packages in '/home/riley/ros2_ws/src'
[0.799s] Level 1:colcon.colcon_core.package_identification:_identify(.) by extensions ['ignore', 'ignore_ament_install']
[0.799s] Level 1:colcon.colcon_core.package_identification:_identify(.) by extension 'ignore'
[0.799s] Level 1:colcon.colcon_core.package_identification:_identify(.) by extension 'ignore_ament_install'
[0.799s] Level 1:colcon.colcon_core.package_identification:_identify(.) by extensions ['colcon_pkg']
[0.799s] Level 1:colcon.colcon_core.package_identification:_identify(.) by extension 'colcon_pkg'
[0.799s] Level 1:colcon.colcon_core.package_identification:_identify(.) by extensions ['colcon_meta']
[0.799s] Level 1:colcon.colcon_core.package_identification:_identify(.) by extension 'colcon_meta'
[0.799s] Level 1:colcon.colcon_core.package_identification:_identify(.) by extensions ['ros']
[0.799s] Level 1:colcon.colcon_core.package_identification:_identify(.) by extension 'ros'
[0.811s] Level 1:colcon.colcon_core.package_identification:_identify(.) by extensions ['cmake', 'python']
[0.811s] Level 1:colcon.colcon_core.package_identification:_identify(.) by extension 'cmake'
[0.812s] Level 1:colcon.colcon_core.package_identification:_identify(.) by extension 'python'
[0.812s] Level 1:colcon.colcon_core.package_identification:_identify(.) by extensions ['python_setup_py']
[0.812s] Level 1:colcon.colcon_core.package_identification:_identify(.) by extension 'python_setup_py'
[0.812s] Level 1:colcon.colcon_core.package_identification:_identify(build) by extensions ['ignore', 'ignore_ament_install']
[0.812s] Level 1:colcon.colcon_core.package_identification:_identify(build) by extension 'ignore'
[0.812s] Level 1:colcon.colcon_core.package_identification:_identify(build) ignored
[0.812s] Level 1:colcon.colcon_core.package_identification:_identify(cpp_pubsub) by extensions ['ignore', 'ignore_ament_install']
[0.812s] Level 1:colcon.colcon_core.package_identification:_identify(cpp_pubsub) by extension 'ignore'
[0.812s] Level 1:colcon.colcon_core.package_identification:_identify(cpp_pubsub) by extension 'ignore_ament_install'
[0.812s] Level 1:colcon.colcon_core.package_identification:_identify(cpp_pubsub) by extensions ['colcon_pkg']
[0.812s] Level 1:colcon.colcon_core.package_identification:_identify(cpp_pubsub) by extension 'colcon_pkg'
[0.812s] Level 1:colcon.colcon_core.package_identification:_identify(cpp_pubsub) by extensions ['colcon_meta']
[0.812s] Level 1:colcon.colcon_core.package_identification:_identify(cpp_pubsub) by extension 'colcon_meta'
[0.812s] Level 1:colcon.colcon_core.package_identification:_identify(cpp_pubsub) by extensions ['ros']
[0.812s] Level 1:colcon.colcon_core.package_identification:_identify(cpp_pubsub) by extension 'ros'
[0.814s] DEBUG:colcon.colcon_core.package_identification:Package 'cpp_pubsub' with type 'ros.ament_cmake' and name 'cpp_pubsub'
[0.814s] Level 1:colcon.colcon_core.package_identification:_identify(cpp_srvcli) by extensions ['ignore', 'ignore_ament_install']
[0.814s] Level 1:colcon.colcon_core.package_identification:_identify(cpp_srvcli) by extension 'ignore'
[0.814s] Level 1:colcon.colcon_core.package_identification:_identify(cpp_srvcli) by extension 'ignore_ament_install'
[0.814s] Level 1:colcon.colcon_core.package_identification:_identify(cpp_srvcli) by extensions ['colcon_pkg']
[0.814s] Level 1:colcon.colcon_core.package_identification:_identify(cpp_srvcli) by extension 'colcon_pkg'
[0.814s] Level 1:colcon.colcon_core.package_identification:_identify(cpp_srvcli) by extensions ['colcon_meta']
[0.815s] Level 1:colcon.colcon_core.package_identification:_identify(cpp_srvcli) by extension 'colcon_meta'
[0.815s] Level 1:colcon.colcon_core.package_identification:_identify(cpp_srvcli) by extensions ['ros']
[0.815s] Level 1:colcon.colcon_core.package_identification:_identify(cpp_srvcli) by extension 'ros'
[0.815s] DEBUG:colcon.colcon_core.package_identification:Package 'cpp_srvcli' with type 'ros.ament_cmake' and name 'cpp_srvcli'
[0.815s] Level 1:colcon.colcon_core.package_identification:_identify(install) by extensions ['ignore', 'ignore_ament_install']
[0.815s] Level 1:colcon.colcon_core.package_identification:_identify(install) by extension 'ignore'
[0.815s] Level 1:colcon.colcon_core.package_identification:_identify(install) ignored
[0.815s] Level 1:colcon.colcon_core.package_identification:_identify(log) by extensions ['ignore', 'ignore_ament_install']
[0.815s] Level 1:colcon.colcon_core.package_identification:_identify(log) by extension 'ignore'
[0.815s] Level 1:colcon.colcon_core.package_identification:_identify(log) ignored
[0.815s] Level 1:colcon.colcon_core.package_identification:_identify(my_package) by extensions ['ignore', 'ignore_ament_install']
[0.816s] Level 1:colcon.colcon_core.package_identification:_identify(my_package) by extension 'ignore'
[0.816s] Level 1:colcon.colcon_core.package_identification:_identify(my_package) by extension 'ignore_ament_install'
[0.816s] Level 1:colcon.colcon_core.package_identification:_identify(my_package) by extensions ['colcon_pkg']
[0.816s] Level 1:colcon.colcon_core.package_identification:_identify(my_package) by extension 'colcon_pkg'
[0.816s] Level 1:colcon.colcon_core.package_identification:_identify(my_package) by extensions ['colcon_meta']
[0.816s] Level 1:colcon.colcon_core.package_identification:_identify(my_package) by extension 'colcon_meta'
[0.816s] Level 1:colcon.colcon_core.package_identification:_identify(my_package) by extensions ['ros']
[0.816s] Level 1:colcon.colcon_core.package_identification:_identify(my_package) by extension 'ros'
[0.816s] DEBUG:colcon.colcon_core.package_identification:Package 'my_package' with type 'ros.ament_cmake' and name 'my_package'
[0.816s] Level 1:colcon.colcon_core.package_identification:_identify(myworkcell_core) by extensions ['ignore', 'ignore_ament_install']
[0.816s] Level 1:colcon.colcon_core.package_identification:_identify(myworkcell_core) by extension 'ignore'
[0.816s] Level 1:colcon.colcon_core.package_identification:_identify(myworkcell_core) by extension 'ignore_ament_install'
[0.817s] Level 1:colcon.colcon_core.package_identification:_identify(myworkcell_core) by extensions ['colcon_pkg']
[0.817s] Level 1:colcon.colcon_core.package_identification:_identify(myworkcell_core) by extension 'colcon_pkg'
[0.817s] Level 1:colcon.colcon_core.package_identification:_identify(myworkcell_core) by extensions ['colcon_meta']
[0.817s] Level 1:colcon.colcon_core.package_identification:_identify(myworkcell_core) by extension 'colcon_meta'
[0.817s] Level 1:colcon.colcon_core.package_identification:_identify(myworkcell_core) by extensions ['ros']
[0.817s] Level 1:colcon.colcon_core.package_identification:_identify(myworkcell_core) by extension 'ros'
[0.817s] DEBUG:colcon.colcon_core.package_identification:Package 'myworkcell_core' with type 'ros.ament_cmake' and name 'myworkcell_core'
[0.817s] Level 1:colcon.colcon_core.package_identification:_identify(six_leg_controller) by extensions ['ignore', 'ignore_ament_install']
[0.817s] Level 1:colcon.colcon_core.package_identification:_identify(six_leg_controller) by extension 'ignore'
[0.817s] Level 1:colcon.colcon_core.package_identification:_identify(six_leg_controller) by extension 'ignore_ament_install'
[0.817s] Level 1:colcon.colcon_core.package_identification:_identify(six_leg_controller) by extensions ['colcon_pkg']
[0.817s] Level 1:colcon.colcon_core.package_identification:_identify(six_leg_controller) by extension 'colcon_pkg'
[0.817s] Level 1:colcon.colcon_core.package_identification:_identify(six_leg_controller) by extensions ['colcon_meta']
[0.817s] Level 1:colcon.colcon_core.package_identification:_identify(six_leg_controller) by extension 'colcon_meta'
[0.817s] Level 1:colcon.colcon_core.package_identification:_identify(six_leg_controller) by extensions ['ros']
[0.817s] Level 1:colcon.colcon_core.package_identification:_identify(six_leg_controller) by extension 'ros'
[0.818s] DEBUG:colcon.colcon_core.package_identification:Package 'six_leg_controller' with type 'ros.ament_python' and name 'six_leg_controller'
[0.818s] Level 1:colcon.colcon_core.package_discovery:discover_packages(recursive) using defaults
[0.818s] Level 1:colcon.colcon_core.package_discovery:discover_packages(ignore) discover
[0.818s] Level 1:colcon.colcon_core.package_discovery:discover_packages(ignore) using defaults
[0.818s] Level 1:colcon.colcon_core.package_discovery:discover_packages(path) discover
[0.818s] Level 1:colcon.colcon_core.package_discovery:discover_packages(path) using defaults
[0.884s] Level 5:colcon.colcon_core.verb:set package 'cpp_pubsub' build argument 'cmake_args' from command line to 'None'
[0.884s] Level 5:colcon.colcon_core.verb:set package 'cpp_pubsub' build argument 'cmake_target' from command line to 'None'
[0.884s] Level 5:colcon.colcon_core.verb:set package 'cpp_pubsub' build argument 'cmake_target_skip_unavailable' from command line to 'False'
[0.884s] Level 5:colcon.colcon_core.verb:set package 'cpp_pubsub' build argument 'cmake_clean_cache' from command line to 'False'
[0.884s] Level 5:colcon.colcon_core.verb:set package 'cpp_pubsub' build argument 'cmake_clean_first' from command line to 'False'
[0.884s] Level 5:colcon.colcon_core.verb:set package 'cpp_pubsub' build argument 'cmake_force_configure' from command line to 'False'
[0.884s] Level 5:colcon.colcon_core.verb:set package 'cpp_pubsub' build argument 'ament_cmake_args' from command line to 'None'
[0.884s] Level 5:colcon.colcon_core.verb:set package 'cpp_pubsub' build argument 'catkin_cmake_args' from command line to 'None'
[0.884s] Level 5:colcon.colcon_core.verb:set package 'cpp_pubsub' build argument 'catkin_skip_building_tests' from command line to 'False'
[0.884s] DEBUG:colcon.colcon_core.verb:Building package 'cpp_pubsub' with the following arguments: {'ament_cmake_args': None, 'build_base': '/home/riley/ros2_ws/src/build/cpp_pubsub', 'catkin_cmake_args': None, 'catkin_skip_building_tests': False, 'cmake_args': None, 'cmake_clean_cache': False, 'cmake_clean_first': False, 'cmake_force_configure': False, 'cmake_target': None, 'cmake_target_skip_unavailable': False, 'install_base': '/home/riley/ros2_ws/src/install/cpp_pubsub', 'merge_install': False, 'path': '/home/riley/ros2_ws/src/cpp_pubsub', 'symlink_install': False, 'test_result_base': None}
[0.895s] Level 5:colcon.colcon_core.verb:set package 'cpp_srvcli' build argument 'cmake_args' from command line to 'None'
[0.895s] Level 5:colcon.colcon_core.verb:set package 'cpp_srvcli' build argument 'cmake_target' from command line to 'None'
[0.895s] Level 5:colcon.colcon_core.verb:set package 'cpp_srvcli' build argument 'cmake_target_skip_unavailable' from command line to 'False'
[0.895s] Level 5:colcon.colcon_core.verb:set package 'cpp_srvcli' build argument 'cmake_clean_cache' from command line to 'False'
[0.895s] Level 5:colcon.colcon_core.verb:set package 'cpp_srvcli' build argument 'cmake_clean_first' from command line to 'False'
[0.895s] Level 5:colcon.colcon_core.verb:set package 'cpp_srvcli' build argument 'cmake_force_configure' from command line to 'False'
[0.895s] Level 5:colcon.colcon_core.verb:set package 'cpp_srvcli' build argument 'ament_cmake_args' from command line to 'None'
[0.895s] Level 5:colcon.colcon_core.verb:set package 'cpp_srvcli' build argument 'catkin_cmake_args' from command line to 'None'
[0.895s] Level 5:colcon.colcon_core.verb:set package 'cpp_srvcli' build argument 'catkin_skip_building_tests' from command line to 'False'
[0.895s] DEBUG:colcon.colcon_core.verb:Building package 'cpp_srvcli' with the following arguments: {'ament_cmake_args': None, 'build_base': '/home/riley/ros2_ws/src/build/cpp_srvcli', 'catkin_cmake_args': None, 'catkin_skip_building_tests': False, 'cmake_args': None, 'cmake_clean_cache': False, 'cmake_clean_first': False, 'cmake_force_configure': False, 'cmake_target': None, 'cmake_target_skip_unavailable': False, 'install_base': '/home/riley/ros2_ws/src/install/cpp_srvcli', 'merge_install': False, 'path': '/home/riley/ros2_ws/src/cpp_srvcli', 'symlink_install': False, 'test_result_base': None}
[0.906s] Level 5:colcon.colcon_core.verb:set package 'my_package' build argument 'cmake_args' from command line to 'None'
[0.906s] Level 5:colcon.colcon_core.verb:set package 'my_package' build argument 'cmake_target' from command line to 'None'
[0.906s] Level 5:colcon.colcon_core.verb:set package 'my_package' build argument 'cmake_target_skip_unavailable' from command line to 'False'
[0.906s] Level 5:colcon.colcon_core.verb:set package 'my_package' build argument 'cmake_clean_cache' from command line to 'False'
[0.906s] Level 5:colcon.colcon_core.verb:set package 'my_package' build argument 'cmake_clean_first' from command line to 'False'
[0.906s] Level 5:colcon.colcon_core.verb:set package 'my_package' build argument 'cmake_force_configure' from command line to 'False'
[0.906s] Level 5:colcon.colcon_core.verb:set package 'my_package' build argument 'ament_cmake_args' from command line to 'None'
[0.906s] Level 5:colcon.colcon_core.verb:set package 'my_package' build argument 'catkin_cmake_args' from command line to 'None'
[0.906s] Level 5:colcon.colcon_core.verb:set package 'my_package' build argument 'catkin_skip_building_tests' from command line to 'False'
[0.906s] DEBUG:colcon.colcon_core.verb:Building package 'my_package' with the following arguments: {'ament_cmake_args': None, 'build_base': '/home/riley/ros2_ws/src/build/my_package', 'catkin_cmake_args': None, 'catkin_skip_building_tests': False, 'cmake_args': None, 'cmake_clean_cache': False, 'cmake_clean_first': False, 'cmake_force_configure': False, 'cmake_target': None, 'cmake_target_skip_unavailable': False, 'install_base': '/home/riley/ros2_ws/src/install/my_package', 'merge_install': False, 'path': '/home/riley/ros2_ws/src/my_package', 'symlink_install': False, 'test_result_base': None}
[0.916s] Level 5:colcon.colcon_core.verb:set package 'myworkcell_core' build argument 'cmake_args' from command line to 'None'
[0.916s] Level 5:colcon.colcon_core.verb:set package 'myworkcell_core' build argument 'cmake_target' from command line to 'None'
[0.916s] Level 5:colcon.colcon_core.verb:set package 'myworkcell_core' build argument 'cmake_target_skip_unavailable' from command line to 'False'
[0.916s] Level 5:colcon.colcon_core.verb:set package 'myworkcell_core' build argument 'cmake_clean_cache' from command line to 'False'
[0.916s] Level 5:colcon.colcon_core.verb:set package 'myworkcell_core' build argument 'cmake_clean_first' from command line to 'False'
[0.916s] Level 5:colcon.colcon_core.verb:set package 'myworkcell_core' build argument 'cmake_force_configure' from command line to 'False'
[0.916s] Level 5:colcon.colcon_core.verb:set package 'myworkcell_core' build argument 'ament_cmake_args' from command line to 'None'
[0.916s] Level 5:colcon.colcon_core.verb:set package 'myworkcell_core' build argument 'catkin_cmake_args' from command line to 'None'
[0.916s] Level 5:colcon.colcon_core.verb:set package 'myworkcell_core' build argument 'catkin_skip_building_tests' from command line to 'False'
[0.916s] DEBUG:colcon.colcon_core.verb:Building package 'myworkcell_core' with the following arguments: {'ament_cmake_args': None, 'build_base': '/home/riley/ros2_ws/src/build/myworkcell_core', 'catkin_cmake_args': None, 'catkin_skip_building_tests': False, 'cmake_args': None, 'cmake_clean_cache': False, 'cmake_clean_first': False, 'cmake_force_configure': False, 'cmake_target': None, 'cmake_target_skip_unavailable': False, 'install_base': '/home/riley/ros2_ws/src/install/myworkcell_core', 'merge_install': False, 'path': '/home/riley/ros2_ws/src/myworkcell_core', 'symlink_install': False, 'test_result_base': None}
[0.927s] Level 5:colcon.colcon_core.verb:set package 'six_leg_controller' build argument 'cmake_args' from command line to 'None'
[0.927s] Level 5:colcon.colcon_core.verb:set package 'six_leg_controller' build argument 'cmake_target' from command line to 'None'
[0.927s] Level 5:colcon.colcon_core.verb:set package 'six_leg_controller' build argument 'cmake_target_skip_unavailable' from command line to 'False'
[0.927s] Level 5:colcon.colcon_core.verb:set package 'six_leg_controller' build argument 'cmake_clean_cache' from command line to 'False'
[0.927s] Level 5:colcon.colcon_core.verb:set package 'six_leg_controller' build argument 'cmake_clean_first' from command line to 'False'
[0.927s] Level 5:colcon.colcon_core.verb:set package 'six_leg_controller' build argument 'cmake_force_configure' from command line to 'False'
[0.927s] Level 5:colcon.colcon_core.verb:set package 'six_leg_controller' build argument 'ament_cmake_args' from command line to 'None'
[0.927s] Level 5:colcon.colcon_core.verb:set package 'six_leg_controller' build argument 'catkin_cmake_args' from command line to 'None'
[0.927s] Level 5:colcon.colcon_core.verb:set package 'six_leg_controller' build argument 'catkin_skip_building_tests' from command line to 'False'
[0.927s] DEBUG:colcon.colcon_core.verb:Building package 'six_leg_controller' with the following arguments: {'ament_cmake_args': None, 'build_base': '/home/riley/ros2_ws/src/build/six_leg_controller', 'catkin_cmake_args': None, 'catkin_skip_building_tests': False, 'cmake_args': None, 'cmake_clean_cache': False, 'cmake_clean_first': False, 'cmake_force_configure': False, 'cmake_target': None, 'cmake_target_skip_unavailable': False, 'install_base': '/home/riley/ros2_ws/src/install/six_leg_controller', 'merge_install': False, 'path': '/home/riley/ros2_ws/src/six_leg_controller', 'symlink_install': False, 'test_result_base': None}
[0.937s] INFO:colcon.colcon_core.executor:Executing jobs using 'parallel' executor
[0.948s] DEBUG:colcon.colcon_parallel_executor.executor.parallel:run_until_complete
[0.948s] INFO:colcon.colcon_ros.task.ament_cmake.build:Building ROS package in '/home/riley/ros2_ws/src/cpp_pubsub' with build type 'ament_cmake'
[0.948s] INFO:colcon.colcon_cmake.task.cmake.build:Building CMake package in '/home/riley/ros2_ws/src/cpp_pubsub'
[0.960s] INFO:colcon.colcon_core.plugin_system:Skipping extension 'colcon_core.shell.bat': Not used on non-Windows systems
[0.960s] INFO:colcon.colcon_core.shell:Skip shell extension 'powershell' for command environment: Not usable outside of PowerShell
[0.960s] DEBUG:colcon.colcon_core.shell:Skip shell extension 'dsv' for command environment
[1.013s] INFO:colcon.colcon_ros.task.ament_cmake.build:Building ROS package in '/home/riley/ros2_ws/src/cpp_srvcli' with build type 'ament_cmake'
[1.014s] INFO:colcon.colcon_cmake.task.cmake.build:Building CMake package in '/home/riley/ros2_ws/src/cpp_srvcli'
[1.025s] INFO:colcon.colcon_core.shell:Skip shell extension 'powershell' for command environment: Not usable outside of PowerShell
[1.025s] DEBUG:colcon.colcon_core.shell:Skip shell extension 'dsv' for command environment
[1.076s] INFO:colcon.colcon_ros.task.ament_cmake.build:Building ROS package in '/home/riley/ros2_ws/src/my_package' with build type 'ament_cmake'
[1.076s] INFO:colcon.colcon_cmake.task.cmake.build:Building CMake package in '/home/riley/ros2_ws/src/my_package'
[1.089s] INFO:colcon.colcon_core.shell:Skip shell extension 'powershell' for command environment: Not usable outside of PowerShell
[1.089s] DEBUG:colcon.colcon_core.shell:Skip shell extension 'dsv' for command environment
[1.137s] INFO:colcon.colcon_ros.task.ament_cmake.build:Building ROS package in '/home/riley/ros2_ws/src/myworkcell_core' with build type 'ament_cmake'
[1.137s] INFO:colcon.colcon_cmake.task.cmake.build:Building CMake package in '/home/riley/ros2_ws/src/myworkcell_core'
[1.153s] INFO:colcon.colcon_core.shell:Skip shell extension 'powershell' for command environment: Not usable outside of PowerShell
[1.153s] DEBUG:colcon.colcon_core.shell:Skip shell extension 'dsv' for command environment
[1.206s] INFO:colcon.colcon_ros.task.ament_python.build:Building ROS package in '/home/riley/ros2_ws/src/six_leg_controller' with build type 'ament_python'
[1.206s] Level 1:colcon.colcon_core.shell:create_environment_hook('six_leg_controller', 'ament_prefix_path')
[1.219s] INFO:colcon.colcon_core.shell:Creating environment hook '/home/riley/ros2_ws/src/install/six_leg_controller/share/six_leg_controller/hook/ament_prefix_path.ps1'
[1.220s] INFO:colcon.colcon_core.shell:Creating environment descriptor '/home/riley/ros2_ws/src/install/six_leg_controller/share/six_leg_controller/hook/ament_prefix_path.dsv'
[1.221s] INFO:colcon.colcon_core.shell:Creating environment hook '/home/riley/ros2_ws/src/install/six_leg_controller/share/six_leg_controller/hook/ament_prefix_path.sh'
[1.234s] INFO:colcon.colcon_core.shell:Skip shell extension 'powershell' for command environment: Not usable outside of PowerShell
[1.234s] DEBUG:colcon.colcon_core.shell:Skip shell extension 'dsv' for command environment
[1.290s] DEBUG:colcon.colcon_core.event_handler.log_command:Invoking command in '/home/riley/ros2_ws/src/build/cpp_pubsub': CMAKE_PREFIX_PATH=${CMAKE_PREFIX_PATH}:/home/riley/ros2_ws/src/install/six_leg_controller:/home/riley/ros2_ws/install/six_leg_controller:/opt/ros/humble /usr/bin/cmake --build /home/riley/ros2_ws/src/build/cpp_pubsub -- -j8 -l8
[1.292s] DEBUG:colcon.colcon_core.event_handler.log_command:Invoking command in '/home/riley/ros2_ws/src/build/cpp_srvcli': CMAKE_PREFIX_PATH=${CMAKE_PREFIX_PATH}:/home/riley/ros2_ws/src/install/six_leg_controller:/home/riley/ros2_ws/install/six_leg_controller:/opt/ros/humble /usr/bin/cmake /home/riley/ros2_ws/src/cpp_srvcli -DCMAKE_INSTALL_PREFIX=/home/riley/ros2_ws/src/install/cpp_srvcli
[1.294s] DEBUG:colcon.colcon_core.event_handler.log_command:Invoking command in '/home/riley/ros2_ws/src/build/my_package': CMAKE_PREFIX_PATH=${CMAKE_PREFIX_PATH}:/home/riley/ros2_ws/src/install/six_leg_controller:/home/riley/ros2_ws/install/six_leg_controller:/opt/ros/humble /usr/bin/cmake --build /home/riley/ros2_ws/src/build/my_package -- -j8 -l8
[1.302s] DEBUG:colcon.colcon_core.event_handler.log_command:Invoking command in '/home/riley/ros2_ws/src/build/myworkcell_core': CMAKE_PREFIX_PATH=${CMAKE_PREFIX_PATH}:/home/riley/ros2_ws/src/install/six_leg_controller:/home/riley/ros2_ws/install/six_leg_controller:/opt/ros/humble /usr/bin/cmake --build /home/riley/ros2_ws/src/build/myworkcell_core -- -j8 -l8
[1.670s] INFO:colcon.colcon_core.task.python.build:Building Python package in '/home/riley/ros2_ws/src/six_leg_controller'
[1.683s] INFO:colcon.colcon_core.shell:Skip shell extension 'powershell' for command environment: Not usable outside of PowerShell
[1.683s] DEBUG:colcon.colcon_core.shell:Skip shell extension 'dsv' for command environment
[1.736s] DEBUG:colcon.colcon_core.event_handler.log_command:Invoked command in '/home/riley/ros2_ws/src/build/my_package' returned '0': CMAKE_PREFIX_PATH=${CMAKE_PREFIX_PATH}:/home/riley/ros2_ws/src/install/six_leg_controller:/home/riley/ros2_ws/install/six_leg_controller:/opt/ros/humble /usr/bin/cmake --build /home/riley/ros2_ws/src/build/my_package -- -j8 -l8
[1.737s] DEBUG:colcon.colcon_core.event_handler.log_command:Invoked command in '/home/riley/ros2_ws/src/build/myworkcell_core' returned '0': CMAKE_PREFIX_PATH=${CMAKE_PREFIX_PATH}:/home/riley/ros2_ws/src/install/six_leg_controller:/home/riley/ros2_ws/install/six_leg_controller:/opt/ros/humble /usr/bin/cmake --build /home/riley/ros2_ws/src/build/myworkcell_core -- -j8 -l8
[1.780s] DEBUG:colcon.colcon_core.event_handler.log_command:Invoking command in '/home/riley/ros2_ws/src/build/my_package': CMAKE_PREFIX_PATH=${CMAKE_PREFIX_PATH}:/home/riley/ros2_ws/src/install/six_leg_controller:/home/riley/ros2_ws/install/six_leg_controller:/opt/ros/humble /usr/bin/cmake --install /home/riley/ros2_ws/src/build/my_package
[1.781s] DEBUG:colcon.colcon_core.event_handler.log_command:Invoking command in '/home/riley/ros2_ws/src/build/myworkcell_core': CMAKE_PREFIX_PATH=${CMAKE_PREFIX_PATH}:/home/riley/ros2_ws/src/install/six_leg_controller:/home/riley/ros2_ws/install/six_leg_controller:/opt/ros/humble /usr/bin/cmake --install /home/riley/ros2_ws/src/build/myworkcell_core
[1.802s] Level 1:colcon.colcon_core.environment:create_environment_scripts_only(my_package)
[1.803s] DEBUG:colcon.colcon_core.event_handler.log_command:Invoked command in '/home/riley/ros2_ws/src/build/my_package' returned '0': CMAKE_PREFIX_PATH=${CMAKE_PREFIX_PATH}:/home/riley/ros2_ws/src/install/six_leg_controller:/home/riley/ros2_ws/install/six_leg_controller:/opt/ros/humble /usr/bin/cmake --install /home/riley/ros2_ws/src/build/my_package
[1.827s] Level 1:colcon.colcon_core.environment:checking '/home/riley/ros2_ws/src/install/my_package' for CMake module files
[1.828s] Level 1:colcon.colcon_core.environment:checking '/home/riley/ros2_ws/src/install/my_package' for CMake config files
[1.828s] Level 1:colcon.colcon_core.shell:create_environment_hook('my_package', 'cmake_prefix_path')
[1.843s] INFO:colcon.colcon_core.shell:Creating environment hook '/home/riley/ros2_ws/src/install/my_package/share/my_package/hook/cmake_prefix_path.ps1'
[1.848s] INFO:colcon.colcon_core.shell:Creating environment descriptor '/home/riley/ros2_ws/src/install/my_package/share/my_package/hook/cmake_prefix_path.dsv'
[1.848s] INFO:colcon.colcon_core.shell:Creating environment hook '/home/riley/ros2_ws/src/install/my_package/share/my_package/hook/cmake_prefix_path.sh'
[1.849s] Level 1:colcon.colcon_core.environment:checking '/home/riley/ros2_ws/src/install/my_package/lib'
[1.849s] Level 1:colcon.colcon_core.environment:checking '/home/riley/ros2_ws/src/install/my_package/bin'
[1.849s] Level 1:colcon.colcon_core.environment:checking '/home/riley/ros2_ws/src/install/my_package/lib/pkgconfig/my_package.pc'
[1.849s] Level 1:colcon.colcon_core.environment:checking '/home/riley/ros2_ws/src/install/my_package/lib/python3.10/site-packages'
[1.849s] Level 1:colcon.colcon_core.environment:checking '/home/riley/ros2_ws/src/install/my_package/bin'
[1.871s] INFO:colcon.colcon_core.shell:Creating package script '/home/riley/ros2_ws/src/install/my_package/share/my_package/package.ps1'
[1.872s] INFO:colcon.colcon_core.shell:Creating package descriptor '/home/riley/ros2_ws/src/install/my_package/share/my_package/package.dsv'
[1.872s] INFO:colcon.colcon_core.shell:Creating package script '/home/riley/ros2_ws/src/install/my_package/share/my_package/package.sh'
[1.873s] INFO:colcon.colcon_core.shell:Creating package script '/home/riley/ros2_ws/src/install/my_package/share/my_package/package.bash'
[1.873s] INFO:colcon.colcon_core.shell:Creating package script '/home/riley/ros2_ws/src/install/my_package/share/my_package/package.zsh'
[1.874s] Level 1:colcon.colcon_core.environment:create_file_with_runtime_dependencies(/home/riley/ros2_ws/src/install/my_package/share/colcon-core/packages/my_package)
[1.875s] Level 1:colcon.colcon_core.environment:create_environment_scripts_only(myworkcell_core)
[1.875s] DEBUG:colcon.colcon_core.event_handler.log_command:Invoked command in '/home/riley/ros2_ws/src/build/myworkcell_core' returned '0': CMAKE_PREFIX_PATH=${CMAKE_PREFIX_PATH}:/home/riley/ros2_ws/src/install/six_leg_controller:/home/riley/ros2_ws/install/six_leg_controller:/opt/ros/humble /usr/bin/cmake --install /home/riley/ros2_ws/src/build/myworkcell_core
[1.904s] Level 1:colcon.colcon_core.environment:checking '/home/riley/ros2_ws/src/install/myworkcell_core' for CMake module files
[1.904s] Level 1:colcon.colcon_core.environment:checking '/home/riley/ros2_ws/src/install/myworkcell_core' for CMake config files
[1.905s] Level 1:colcon.colcon_core.shell:create_environment_hook('myworkcell_core', 'cmake_prefix_path')
[1.920s] INFO:colcon.colcon_core.shell:Creating environment hook '/home/riley/ros2_ws/src/install/myworkcell_core/share/myworkcell_core/hook/cmake_prefix_path.ps1'
[1.921s] INFO:colcon.colcon_core.shell:Creating environment descriptor '/home/riley/ros2_ws/src/install/myworkcell_core/share/myworkcell_core/hook/cmake_prefix_path.dsv'
[1.921s] INFO:colcon.colcon_core.shell:Creating environment hook '/home/riley/ros2_ws/src/install/myworkcell_core/share/myworkcell_core/hook/cmake_prefix_path.sh'
[1.922s] Level 1:colcon.colcon_core.environment:checking '/home/riley/ros2_ws/src/install/myworkcell_core/lib'
[1.922s] Level 1:colcon.colcon_core.environment:checking '/home/riley/ros2_ws/src/install/myworkcell_core/bin'
[1.922s] Level 1:colcon.colcon_core.environment:checking '/home/riley/ros2_ws/src/install/myworkcell_core/lib/pkgconfig/myworkcell_core.pc'
[1.922s] Level 1:colcon.colcon_core.environment:checking '/home/riley/ros2_ws/src/install/myworkcell_core/lib/python3.10/site-packages'
[1.925s] Level 1:colcon.colcon_core.environment:checking '/home/riley/ros2_ws/src/install/myworkcell_core/bin'
[1.940s] INFO:colcon.colcon_core.shell:Creating package script '/home/riley/ros2_ws/src/install/myworkcell_core/share/myworkcell_core/package.ps1'
[1.944s] INFO:colcon.colcon_core.shell:Creating package descriptor '/home/riley/ros2_ws/src/install/myworkcell_core/share/myworkcell_core/package.dsv'
[1.945s] INFO:colcon.colcon_core.shell:Creating package script '/home/riley/ros2_ws/src/install/myworkcell_core/share/myworkcell_core/package.sh'
[1.946s] INFO:colcon.colcon_core.shell:Creating package script '/home/riley/ros2_ws/src/install/myworkcell_core/share/myworkcell_core/package.bash'
[1.946s] INFO:colcon.colcon_core.shell:Creating package script '/home/riley/ros2_ws/src/install/myworkcell_core/share/myworkcell_core/package.zsh'
[1.947s] Level 1:colcon.colcon_core.environment:create_file_with_runtime_dependencies(/home/riley/ros2_ws/src/install/myworkcell_core/share/colcon-core/packages/myworkcell_core)
[1.971s] Level 1:colcon.colcon_core.environment:create_environment_scripts_only(my_package)
[1.987s] Level 1:colcon.colcon_core.environment:checking '/home/riley/ros2_ws/src/install/my_package' for CMake module files
[1.987s] Level 1:colcon.colcon_core.environment:checking '/home/riley/ros2_ws/src/install/my_package' for CMake config files
[1.987s] Level 1:colcon.colcon_core.shell:create_environment_hook('my_package', 'cmake_prefix_path')
[2.000s] INFO:colcon.colcon_core.shell:Creating environment hook '/home/riley/ros2_ws/src/install/my_package/share/my_package/hook/cmake_prefix_path.ps1'
[2.001s] INFO:colcon.colcon_core.shell:Creating environment descriptor '/home/riley/ros2_ws/src/install/my_package/share/my_package/hook/cmake_prefix_path.dsv'
[2.001s] INFO:colcon.colcon_core.shell:Creating environment hook '/home/riley/ros2_ws/src/install/my_package/share/my_package/hook/cmake_prefix_path.sh'
[2.002s] Level 1:colcon.colcon_core.environment:checking '/home/riley/ros2_ws/src/install/my_package/lib'
[2.002s] Level 1:colcon.colcon_core.environment:checking '/home/riley/ros2_ws/src/install/my_package/bin'
[2.002s] Level 1:colcon.colcon_core.environment:checking '/home/riley/ros2_ws/src/install/my_package/lib/pkgconfig/my_package.pc'
[2.002s] Level 1:colcon.colcon_core.environment:checking '/home/riley/ros2_ws/src/install/my_package/lib/python3.10/site-packages'
[2.002s] Level 1:colcon.colcon_core.environment:checking '/home/riley/ros2_ws/src/install/my_package/bin'
[2.015s] INFO:colcon.colcon_core.shell:Creating package script '/home/riley/ros2_ws/src/install/my_package/share/my_package/package.ps1'
[2.016s] INFO:colcon.colcon_core.shell:Creating package descriptor '/home/riley/ros2_ws/src/install/my_package/share/my_package/package.dsv'
[2.016s] INFO:colcon.colcon_core.shell:Creating package script '/home/riley/ros2_ws/src/install/my_package/share/my_package/package.sh'
[2.017s] INFO:colcon.colcon_core.shell:Creating package script '/home/riley/ros2_ws/src/install/my_package/share/my_package/package.bash'
[2.017s] INFO:colcon.colcon_core.shell:Creating package script '/home/riley/ros2_ws/src/install/my_package/share/my_package/package.zsh'
[2.017s] Level 1:colcon.colcon_core.environment:create_file_with_runtime_dependencies(/home/riley/ros2_ws/src/install/my_package/share/colcon-core/packages/my_package)
[2.037s] Level 1:colcon.colcon_core.environment:create_environment_scripts_only(myworkcell_core)
[2.058s] Level 1:colcon.colcon_core.environment:checking '/home/riley/ros2_ws/src/install/myworkcell_core' for CMake module files
[2.059s] Level 1:colcon.colcon_core.environment:checking '/home/riley/ros2_ws/src/install/myworkcell_core' for CMake config files
[2.059s] Level 1:colcon.colcon_core.shell:create_environment_hook('myworkcell_core', 'cmake_prefix_path')
[2.082s] INFO:colcon.colcon_core.shell:Creating environment hook '/home/riley/ros2_ws/src/install/myworkcell_core/share/myworkcell_core/hook/cmake_prefix_path.ps1'
[2.082s] INFO:colcon.colcon_core.shell:Creating environment descriptor '/home/riley/ros2_ws/src/install/myworkcell_core/share/myworkcell_core/hook/cmake_prefix_path.dsv'
[2.083s] INFO:colcon.colcon_core.shell:Creating environment hook '/home/riley/ros2_ws/src/install/myworkcell_core/share/myworkcell_core/hook/cmake_prefix_path.sh'
[2.083s] Level 1:colcon.colcon_core.environment:checking '/home/riley/ros2_ws/src/install/myworkcell_core/lib'
[2.083s] Level 1:colcon.colcon_core.environment:checking '/home/riley/ros2_ws/src/install/myworkcell_core/bin'
[2.083s] Level 1:colcon.colcon_core.environment:checking '/home/riley/ros2_ws/src/install/myworkcell_core/lib/pkgconfig/myworkcell_core.pc'
[2.084s] Level 1:colcon.colcon_core.environment:checking '/home/riley/ros2_ws/src/install/myworkcell_core/lib/python3.10/site-packages'
[2.084s] Level 1:colcon.colcon_core.environment:checking '/home/riley/ros2_ws/src/install/myworkcell_core/bin'
[2.104s] INFO:colcon.colcon_core.shell:Creating package script '/home/riley/ros2_ws/src/install/myworkcell_core/share/myworkcell_core/package.ps1'
[2.104s] INFO:colcon.colcon_core.shell:Creating package descriptor '/home/riley/ros2_ws/src/install/myworkcell_core/share/myworkcell_core/package.dsv'
[2.105s] INFO:colcon.colcon_core.shell:Creating package script '/home/riley/ros2_ws/src/install/myworkcell_core/share/myworkcell_core/package.sh'
[2.105s] INFO:colcon.colcon_core.shell:Creating package script '/home/riley/ros2_ws/src/install/myworkcell_core/share/myworkcell_core/package.bash'
[2.106s] INFO:colcon.colcon_core.shell:Creating package script '/home/riley/ros2_ws/src/install/myworkcell_core/share/myworkcell_core/package.zsh'
[2.106s] Level 1:colcon.colcon_core.environment:create_file_with_runtime_dependencies(/home/riley/ros2_ws/src/install/myworkcell_core/share/colcon-core/packages/myworkcell_core)
[2.192s] DEBUG:colcon.colcon_core.event_handler.log_command:Invoking command in '/home/riley/ros2_ws/src/six_leg_controller': PYTHONPATH=/home/riley/ros2_ws/src/build/six_leg_controller/prefix_override:/home/riley/ros2_ws/src/install/six_leg_controller/lib/python3.10/site-packages:${PYTHONPATH} /usr/bin/python3 setup.py egg_info --egg-base ../build/six_leg_controller build --build-base /home/riley/ros2_ws/src/build/six_leg_controller/build install --record /home/riley/ros2_ws/src/build/six_leg_controller/install.log --single-version-externally-managed
[2.542s] DEBUG:colcon.colcon_core.event_handler.log_command:Invoked command in '/home/riley/ros2_ws/src/six_leg_controller' returned '0': PYTHONPATH=/home/riley/ros2_ws/src/build/six_leg_controller/prefix_override:/home/riley/ros2_ws/src/install/six_leg_controller/lib/python3.10/site-packages:${PYTHONPATH} /usr/bin/python3 setup.py egg_info --egg-base ../build/six_leg_controller build --build-base /home/riley/ros2_ws/src/build/six_leg_controller/build install --record /home/riley/ros2_ws/src/build/six_leg_controller/install.log --single-version-externally-managed
[2.557s] Level 1:colcon.colcon_core.environment:checking '/home/riley/ros2_ws/src/install/six_leg_controller' for CMake module files
[2.558s] Level 1:colcon.colcon_core.environment:checking '/home/riley/ros2_ws/src/install/six_leg_controller' for CMake config files
[2.558s] Level 1:colcon.colcon_core.environment:checking '/home/riley/ros2_ws/src/install/six_leg_controller/lib'
[2.559s] Level 1:colcon.colcon_core.environment:checking '/home/riley/ros2_ws/src/install/six_leg_controller/bin'
[2.559s] Level 1:colcon.colcon_core.environment:checking '/home/riley/ros2_ws/src/install/six_leg_controller/lib/pkgconfig/six_leg_controller.pc'
[2.559s] Level 1:colcon.colcon_core.environment:checking '/home/riley/ros2_ws/src/install/six_leg_controller/lib/python3.10/site-packages'
[2.559s] Level 1:colcon.colcon_core.shell:create_environment_hook('six_leg_controller', 'pythonpath')
[2.573s] INFO:colcon.colcon_core.shell:Creating environment hook '/home/riley/ros2_ws/src/install/six_leg_controller/share/six_leg_controller/hook/pythonpath.ps1'
[2.573s] INFO:colcon.colcon_core.shell:Creating environment descriptor '/home/riley/ros2_ws/src/install/six_leg_controller/share/six_leg_controller/hook/pythonpath.dsv'
[2.574s] INFO:colcon.colcon_core.shell:Creating environment hook '/home/riley/ros2_ws/src/install/six_leg_controller/share/six_leg_controller/hook/pythonpath.sh'
[2.574s] Level 1:colcon.colcon_core.environment:checking '/home/riley/ros2_ws/src/install/six_leg_controller/bin'
[2.574s] Level 1:colcon.colcon_core.environment:create_environment_scripts_only(six_leg_controller)
[2.586s] INFO:colcon.colcon_core.shell:Creating package script '/home/riley/ros2_ws/src/install/six_leg_controller/share/six_leg_controller/package.ps1'
[2.586s] INFO:colcon.colcon_core.shell:Creating package descriptor '/home/riley/ros2_ws/src/install/six_leg_controller/share/six_leg_controller/package.dsv'
[2.587s] INFO:colcon.colcon_core.shell:Creating package script '/home/riley/ros2_ws/src/install/six_leg_controller/share/six_leg_controller/package.sh'
[2.587s] INFO:colcon.colcon_core.shell:Creating package script '/home/riley/ros2_ws/src/install/six_leg_controller/share/six_leg_controller/package.bash'
[2.587s] INFO:colcon.colcon_core.shell:Creating package script '/home/riley/ros2_ws/src/install/six_leg_controller/share/six_leg_controller/package.zsh'
[2.587s] Level 1:colcon.colcon_core.environment:create_file_with_runtime_dependencies(/home/riley/ros2_ws/src/install/six_leg_controller/share/colcon-core/packages/six_leg_controller)
[3.055s] DEBUG:colcon.colcon_core.event_handler.log_command:Invoked command in '/home/riley/ros2_ws/src/build/cpp_srvcli' returned '0': CMAKE_PREFIX_PATH=${CMAKE_PREFIX_PATH}:/home/riley/ros2_ws/src/install/six_leg_controller:/home/riley/ros2_ws/install/six_leg_controller:/opt/ros/humble /usr/bin/cmake /home/riley/ros2_ws/src/cpp_srvcli -DCMAKE_INSTALL_PREFIX=/home/riley/ros2_ws/src/install/cpp_srvcli
[3.057s] DEBUG:colcon.colcon_core.event_handler.log_command:Invoking command in '/home/riley/ros2_ws/src/build/cpp_srvcli': CMAKE_PREFIX_PATH=${CMAKE_PREFIX_PATH}:/home/riley/ros2_ws/src/install/six_leg_controller:/home/riley/ros2_ws/install/six_leg_controller:/opt/ros/humble /usr/bin/cmake --build /home/riley/ros2_ws/src/build/cpp_srvcli -- -j8 -l8
[7.521s] DEBUG:colcon.colcon_core.event_handler.log_command:Invoked command in '/home/riley/ros2_ws/src/build/cpp_pubsub' returned '0': CMAKE_PREFIX_PATH=${CMAKE_PREFIX_PATH}:/home/riley/ros2_ws/src/install/six_leg_controller:/home/riley/ros2_ws/install/six_leg_controller:/opt/ros/humble /usr/bin/cmake --build /home/riley/ros2_ws/src/build/cpp_pubsub -- -j8 -l8
[7.547s] DEBUG:colcon.colcon_core.event_handler.log_command:Invoking command in '/home/riley/ros2_ws/src/build/cpp_pubsub': CMAKE_PREFIX_PATH=${CMAKE_PREFIX_PATH}:/home/riley/ros2_ws/src/install/six_leg_controller:/home/riley/ros2_ws/install/six_leg_controller:/opt/ros/humble /usr/bin/cmake --install /home/riley/ros2_ws/src/build/cpp_pubsub
[7.560s] Level 1:colcon.colcon_core.environment:create_environment_scripts_only(cpp_pubsub)
[7.561s] DEBUG:colcon.colcon_core.event_handler.log_command:Invoked command in '/home/riley/ros2_ws/src/build/cpp_pubsub' returned '0': CMAKE_PREFIX_PATH=${CMAKE_PREFIX_PATH}:/home/riley/ros2_ws/src/install/six_leg_controller:/home/riley/ros2_ws/install/six_leg_controller:/opt/ros/humble /usr/bin/cmake --install /home/riley/ros2_ws/src/build/cpp_pubsub
[7.572s] Level 1:colcon.colcon_core.environment:checking '/home/riley/ros2_ws/src/install/cpp_pubsub' for CMake module files
[7.572s] Level 1:colcon.colcon_core.environment:checking '/home/riley/ros2_ws/src/install/cpp_pubsub' for CMake config files
[7.572s] Level 1:colcon.colcon_core.shell:create_environment_hook('cpp_pubsub', 'cmake_prefix_path')
[7.595s] INFO:colcon.colcon_core.shell:Creating environment hook '/home/riley/ros2_ws/src/install/cpp_pubsub/share/cpp_pubsub/hook/cmake_prefix_path.ps1'
[7.596s] INFO:colcon.colcon_core.shell:Creating environment descriptor '/home/riley/ros2_ws/src/install/cpp_pubsub/share/cpp_pubsub/hook/cmake_prefix_path.dsv'
[7.597s] INFO:colcon.colcon_core.shell:Creating environment hook '/home/riley/ros2_ws/src/install/cpp_pubsub/share/cpp_pubsub/hook/cmake_prefix_path.sh'
[7.597s] Level 1:colcon.colcon_core.environment:checking '/home/riley/ros2_ws/src/install/cpp_pubsub/lib'
[7.597s] Level 1:colcon.colcon_core.environment:checking '/home/riley/ros2_ws/src/install/cpp_pubsub/bin'
[7.598s] Level 1:colcon.colcon_core.environment:checking '/home/riley/ros2_ws/src/install/cpp_pubsub/lib/pkgconfig/cpp_pubsub.pc'
[7.598s] Level 1:colcon.colcon_core.environment:checking '/home/riley/ros2_ws/src/install/cpp_pubsub/lib/python3.10/site-packages'
[7.598s] Level 1:colcon.colcon_core.environment:checking '/home/riley/ros2_ws/src/install/cpp_pubsub/bin'
[7.610s] INFO:colcon.colcon_core.shell:Creating package script '/home/riley/ros2_ws/src/install/cpp_pubsub/share/cpp_pubsub/package.ps1'
[7.611s] INFO:colcon.colcon_core.shell:Creating package descriptor '/home/riley/ros2_ws/src/install/cpp_pubsub/share/cpp_pubsub/package.dsv'
[7.611s] INFO:colcon.colcon_core.shell:Creating package script '/home/riley/ros2_ws/src/install/cpp_pubsub/share/cpp_pubsub/package.sh'
[7.612s] INFO:colcon.colcon_core.shell:Creating package script '/home/riley/ros2_ws/src/install/cpp_pubsub/share/cpp_pubsub/package.bash'
[7.612s] INFO:colcon.colcon_core.shell:Creating package script '/home/riley/ros2_ws/src/install/cpp_pubsub/share/cpp_pubsub/package.zsh'
[7.612s] Level 1:colcon.colcon_core.environment:create_file_with_runtime_dependencies(/home/riley/ros2_ws/src/install/cpp_pubsub/share/colcon-core/packages/cpp_pubsub)
[7.650s] Level 1:colcon.colcon_core.environment:create_environment_scripts_only(cpp_pubsub)
[7.662s] Level 1:colcon.colcon_core.environment:checking '/home/riley/ros2_ws/src/install/cpp_pubsub' for CMake module files
[7.663s] Level 1:colcon.colcon_core.environment:checking '/home/riley/ros2_ws/src/install/cpp_pubsub' for CMake config files
[7.663s] Level 1:colcon.colcon_core.shell:create_environment_hook('cpp_pubsub', 'cmake_prefix_path')
[7.676s] INFO:colcon.colcon_core.shell:Creating environment hook '/home/riley/ros2_ws/src/install/cpp_pubsub/share/cpp_pubsub/hook/cmake_prefix_path.ps1'
[7.677s] INFO:colcon.colcon_core.shell:Creating environment descriptor '/home/riley/ros2_ws/src/install/cpp_pubsub/share/cpp_pubsub/hook/cmake_prefix_path.dsv'
[7.677s] INFO:colcon.colcon_core.shell:Creating environment hook '/home/riley/ros2_ws/src/install/cpp_pubsub/share/cpp_pubsub/hook/cmake_prefix_path.sh'
[7.678s] Level 1:colcon.colcon_core.environment:checking '/home/riley/ros2_ws/src/install/cpp_pubsub/lib'
[7.678s] Level 1:colcon.colcon_core.environment:checking '/home/riley/ros2_ws/src/install/cpp_pubsub/bin'
[7.678s] Level 1:colcon.colcon_core.environment:checking '/home/riley/ros2_ws/src/install/cpp_pubsub/lib/pkgconfig/cpp_pubsub.pc'
[7.678s] Level 1:colcon.colcon_core.environment:checking '/home/riley/ros2_ws/src/install/cpp_pubsub/lib/python3.10/site-packages'
[7.678s] Level 1:colcon.colcon_core.environment:checking '/home/riley/ros2_ws/src/install/cpp_pubsub/bin'
[7.689s] INFO:colcon.colcon_core.shell:Creating package script '/home/riley/ros2_ws/src/install/cpp_pubsub/share/cpp_pubsub/package.ps1'
[7.690s] INFO:colcon.colcon_core.shell:Creating package descriptor '/home/riley/ros2_ws/src/install/cpp_pubsub/share/cpp_pubsub/package.dsv'
[7.690s] INFO:colcon.colcon_core.shell:Creating package script '/home/riley/ros2_ws/src/install/cpp_pubsub/share/cpp_pubsub/package.sh'
[7.691s] INFO:colcon.colcon_core.shell:Creating package script '/home/riley/ros2_ws/src/install/cpp_pubsub/share/cpp_pubsub/package.bash'
[7.691s] INFO:colcon.colcon_core.shell:Creating package script '/home/riley/ros2_ws/src/install/cpp_pubsub/share/cpp_pubsub/package.zsh'
[7.691s] Level 1:colcon.colcon_core.environment:create_file_with_runtime_dependencies(/home/riley/ros2_ws/src/install/cpp_pubsub/share/colcon-core/packages/cpp_pubsub)
[8.017s] DEBUG:colcon.colcon_core.event_handler.log_command:Invoked command in '/home/riley/ros2_ws/src/build/cpp_srvcli' returned '0': CMAKE_PREFIX_PATH=${CMAKE_PREFIX_PATH}:/home/riley/ros2_ws/src/install/six_leg_controller:/home/riley/ros2_ws/install/six_leg_controller:/opt/ros/humble /usr/bin/cmake --build /home/riley/ros2_ws/src/build/cpp_srvcli -- -j8 -l8
[8.041s] DEBUG:colcon.colcon_core.event_handler.log_command:Invoking command in '/home/riley/ros2_ws/src/build/cpp_srvcli': CMAKE_PREFIX_PATH=${CMAKE_PREFIX_PATH}:/home/riley/ros2_ws/src/install/six_leg_controller:/home/riley/ros2_ws/install/six_leg_controller:/opt/ros/humble /usr/bin/cmake --install /home/riley/ros2_ws/src/build/cpp_srvcli
[8.053s] Level 1:colcon.colcon_core.environment:create_environment_scripts_only(cpp_srvcli)
[8.053s] DEBUG:colcon.colcon_core.event_handler.log_command:Invoked command in '/home/riley/ros2_ws/src/build/cpp_srvcli' returned '0': CMAKE_PREFIX_PATH=${CMAKE_PREFIX_PATH}:/home/riley/ros2_ws/src/install/six_leg_controller:/home/riley/ros2_ws/install/six_leg_controller:/opt/ros/humble /usr/bin/cmake --install /home/riley/ros2_ws/src/build/cpp_srvcli
[8.063s] Level 1:colcon.colcon_core.environment:checking '/home/riley/ros2_ws/src/install/cpp_srvcli' for CMake module files
[8.066s] Level 1:colcon.colcon_core.environment:checking '/home/riley/ros2_ws/src/install/cpp_srvcli' for CMake config files
[8.066s] Level 1:colcon.colcon_core.shell:create_environment_hook('cpp_srvcli', 'cmake_prefix_path')
[8.076s] INFO:colcon.colcon_core.shell:Creating environment hook '/home/riley/ros2_ws/src/install/cpp_srvcli/share/cpp_srvcli/hook/cmake_prefix_path.ps1'
[8.077s] INFO:colcon.colcon_core.shell:Creating environment descriptor '/home/riley/ros2_ws/src/install/cpp_srvcli/share/cpp_srvcli/hook/cmake_prefix_path.dsv'
[8.077s] INFO:colcon.colcon_core.shell:Creating environment hook '/home/riley/ros2_ws/src/install/cpp_srvcli/share/cpp_srvcli/hook/cmake_prefix_path.sh'
[8.077s] Level 1:colcon.colcon_core.environment:checking '/home/riley/ros2_ws/src/install/cpp_srvcli/lib'
[8.077s] Level 1:colcon.colcon_core.environment:checking '/home/riley/ros2_ws/src/install/cpp_srvcli/bin'
[8.077s] Level 1:colcon.colcon_core.environment:checking '/home/riley/ros2_ws/src/install/cpp_srvcli/lib/pkgconfig/cpp_srvcli.pc'
[8.078s] Level 1:colcon.colcon_core.environment:checking '/home/riley/ros2_ws/src/install/cpp_srvcli/lib/python3.10/site-packages'
[8.078s] Level 1:colcon.colcon_core.environment:checking '/home/riley/ros2_ws/src/install/cpp_srvcli/bin'
[8.089s] INFO:colcon.colcon_core.shell:Creating package script '/home/riley/ros2_ws/src/install/cpp_srvcli/share/cpp_srvcli/package.ps1'
[8.089s] INFO:colcon.colcon_core.shell:Creating package descriptor '/home/riley/ros2_ws/src/install/cpp_srvcli/share/cpp_srvcli/package.dsv'
[8.089s] INFO:colcon.colcon_core.shell:Creating package script '/home/riley/ros2_ws/src/install/cpp_srvcli/share/cpp_srvcli/package.sh'
[8.090s] INFO:colcon.colcon_core.shell:Creating package script '/home/riley/ros2_ws/src/install/cpp_srvcli/share/cpp_srvcli/package.bash'
[8.090s] INFO:colcon.colcon_core.shell:Creating package script '/home/riley/ros2_ws/src/install/cpp_srvcli/share/cpp_srvcli/package.zsh'
[8.090s] Level 1:colcon.colcon_core.environment:create_file_with_runtime_dependencies(/home/riley/ros2_ws/src/install/cpp_srvcli/share/colcon-core/packages/cpp_srvcli)
[8.125s] Level 1:colcon.colcon_core.environment:create_environment_scripts_only(cpp_srvcli)
[8.136s] Level 1:colcon.colcon_core.environment:checking '/home/riley/ros2_ws/src/install/cpp_srvcli' for CMake module files
[8.136s] Level 1:colcon.colcon_core.environment:checking '/home/riley/ros2_ws/src/install/cpp_srvcli' for CMake config files
[8.137s] Level 1:colcon.colcon_core.shell:create_environment_hook('cpp_srvcli', 'cmake_prefix_path')
[8.148s] INFO:colcon.colcon_core.shell:Creating environment hook '/home/riley/ros2_ws/src/install/cpp_srvcli/share/cpp_srvcli/hook/cmake_prefix_path.ps1'
[8.149s] INFO:colcon.colcon_core.shell:Creating environment descriptor '/home/riley/ros2_ws/src/install/cpp_srvcli/share/cpp_srvcli/hook/cmake_prefix_path.dsv'
[8.149s] INFO:colcon.colcon_core.shell:Creating environment hook '/home/riley/ros2_ws/src/install/cpp_srvcli/share/cpp_srvcli/hook/cmake_prefix_path.sh'
[8.150s] Level 1:colcon.colcon_core.environment:checking '/home/riley/ros2_ws/src/install/cpp_srvcli/lib'
[8.150s] Level 1:colcon.colcon_core.environment:checking '/home/riley/ros2_ws/src/install/cpp_srvcli/bin'
[8.150s] Level 1:colcon.colcon_core.environment:checking '/home/riley/ros2_ws/src/install/cpp_srvcli/lib/pkgconfig/cpp_srvcli.pc'
[8.150s] Level 1:colcon.colcon_core.environment:checking '/home/riley/ros2_ws/src/install/cpp_srvcli/lib/python3.10/site-packages'
[8.150s] Level 1:colcon.colcon_core.environment:checking '/home/riley/ros2_ws/src/install/cpp_srvcli/bin'
[8.163s] INFO:colcon.colcon_core.shell:Creating package script '/home/riley/ros2_ws/src/install/cpp_srvcli/share/cpp_srvcli/package.ps1'
[8.164s] INFO:colcon.colcon_core.shell:Creating package descriptor '/home/riley/ros2_ws/src/install/cpp_srvcli/share/cpp_srvcli/package.dsv'
[8.165s] INFO:colcon.colcon_core.shell:Creating package script '/home/riley/ros2_ws/src/install/cpp_srvcli/share/cpp_srvcli/package.sh'
[8.165s] INFO:colcon.colcon_core.shell:Creating package script '/home/riley/ros2_ws/src/install/cpp_srvcli/share/cpp_srvcli/package.bash'
[8.165s] INFO:colcon.colcon_core.shell:Creating package script '/home/riley/ros2_ws/src/install/cpp_srvcli/share/cpp_srvcli/package.zsh'
[8.165s] Level 1:colcon.colcon_core.environment:create_file_with_runtime_dependencies(/home/riley/ros2_ws/src/install/cpp_srvcli/share/colcon-core/packages/cpp_srvcli)
[8.166s] DEBUG:colcon.colcon_parallel_executor.executor.parallel:closing loop
[8.166s] DEBUG:colcon.colcon_parallel_executor.executor.parallel:loop closed
[8.166s] DEBUG:colcon.colcon_parallel_executor.executor.parallel:run_until_complete finished with '0'
[8.166s] DEBUG:colcon.colcon_core.event_reactor:joining thread
[8.182s] INFO:colcon.colcon_core.plugin_system:Skipping extension 'colcon_notification.desktop_notification.terminal_notifier': Not used on non-Darwin systems
[8.182s] INFO:colcon.colcon_core.plugin_system:Skipping extension 'colcon_notification.desktop_notification.win32': Not used on non-Windows systems
[8.182s] INFO:colcon.colcon_notification.desktop_notification:Sending desktop notification using 'notify2'
[8.201s] DEBUG:colcon.colcon_core.event_reactor:joined thread
[8.214s] INFO:colcon.colcon_core.shell:Creating prefix script '/home/riley/ros2_ws/src/install/local_setup.ps1'
[8.215s] INFO:colcon.colcon_core.shell:Creating prefix util module '/home/riley/ros2_ws/src/install/_local_setup_util_ps1.py'
[8.217s] INFO:colcon.colcon_core.shell:Creating prefix chain script '/home/riley/ros2_ws/src/install/setup.ps1'
[8.231s] INFO:colcon.colcon_core.shell:Creating prefix script '/home/riley/ros2_ws/src/install/local_setup.sh'
[8.231s] INFO:colcon.colcon_core.shell:Creating prefix util module '/home/riley/ros2_ws/src/install/_local_setup_util_sh.py'
[8.232s] INFO:colcon.colcon_core.shell:Creating prefix chain script '/home/riley/ros2_ws/src/install/setup.sh'
[8.246s] INFO:colcon.colcon_core.shell:Creating prefix script '/home/riley/ros2_ws/src/install/local_setup.bash'
[8.246s] INFO:colcon.colcon_core.shell:Creating prefix chain script '/home/riley/ros2_ws/src/install/setup.bash'
[8.260s] INFO:colcon.colcon_core.shell:Creating prefix script '/home/riley/ros2_ws/src/install/local_setup.zsh'
[8.261s] INFO:colcon.colcon_core.shell:Creating prefix chain script '/home/riley/ros2_ws/src/install/setup.zsh'
