[0.253s] Invoking command in '/home/riley/ros2_ws/build/cpp_srvcli': CMAKE_PREFIX_PATH=${CMAKE_PREFIX_PATH}:/home/riley/ros2_ws/src/install/six_leg_controller:/home/riley/ros2_ws/install/six_leg_controller:/opt/ros/humble /usr/bin/cmake /home/riley/ros2_ws/src/cpp_srvcli -DCMAKE_INSTALL_PREFIX=/home/riley/ros2_ws/install/cpp_srvcli
[0.316s] -- The C compiler identification is GNU 11.4.0
[0.363s] -- The CXX compiler identification is GNU 11.4.0
[0.368s] -- Detecting C compiler ABI info
[0.424s] -- Detecting C compiler ABI info - done
[0.429s] -- Check for working C compiler: /usr/bin/cc - skipped
[0.429s] -- Detecting C compile features
[0.429s] -- Detecting C compile features - done
[0.431s] -- Detecting CXX compiler ABI info
[0.498s] -- Detecting CXX compiler ABI info - done
[0.504s] -- Check for working CXX compiler: /usr/bin/c++ - skipped
[0.504s] -- Detecting CXX compile features
[0.504s] -- Detecting CXX compile features - done
[0.508s] -- Found ament_cmake: 1.3.5 (/opt/ros/humble/share/ament_cmake/cmake)
[0.648s] -- Found Python3: /usr/bin/python3.10 (found version "3.10.12") found components: Interpreter 
[0.728s] -- Found rclcpp: 16.0.6 (/opt/ros/humble/share/rclcpp/cmake)
[0.767s] -- Found rosidl_generator_c: 3.1.5 (/opt/ros/humble/share/rosidl_generator_c/cmake)
[0.772s] -- Found rosidl_adapter: 3.1.5 (/opt/ros/humble/share/rosidl_adapter/cmake)
[0.780s] -- Found rosidl_generator_cpp: 3.1.5 (/opt/ros/humble/share/rosidl_generator_cpp/cmake)
[0.791s] -- Using all available rosidl_typesupport_c: rosidl_typesupport_fastrtps_c;rosidl_typesupport_introspection_c
[0.808s] -- Using all available rosidl_typesupport_cpp: rosidl_typesupport_fastrtps_cpp;rosidl_typesupport_introspection_cpp
[0.864s] -- Found rmw_implementation_cmake: 6.1.1 (/opt/ros/humble/share/rmw_implementation_cmake/cmake)
[0.867s] -- Found rmw_fastrtps_cpp: 6.2.4 (/opt/ros/humble/share/rmw_fastrtps_cpp/cmake)
[0.955s] -- Found OpenSSL: /usr/lib/x86_64-linux-gnu/libcrypto.so (found version "3.0.2")  
[0.978s] -- Found FastRTPS: /opt/ros/humble/include  
[1.021s] -- Using RMW implementation 'rmw_fastrtps_cpp' as default
[1.029s] -- Looking for pthread.h
[1.095s] -- Looking for pthread.h - found
[1.095s] -- Performing Test CMAKE_HAVE_LIBC_PTHREAD
[1.160s] -- Performing Test CMAKE_HAVE_LIBC_PTHREAD - Success
[1.161s] -- Found Threads: TRUE  
[1.273s] -- Found example_interfaces: 0.9.3 (/opt/ros/humble/share/example_interfaces/cmake)
[1.397s] -- Found ament_lint_auto: 0.12.8 (/opt/ros/humble/share/ament_lint_auto/cmake)
[1.456s] -- Added test 'cppcheck' to perform static code analysis on C / C++ code
[1.456s] -- Configured cppcheck include dirs: 
[1.456s] -- Configured cppcheck exclude dirs and/or files: 
[1.456s] -- Added test 'lint_cmake' to check CMake code style
[1.457s] -- Added test 'uncrustify' to check C / C++ code style
[1.457s] -- Configured uncrustify additional arguments: 
[1.458s] -- Added test 'xmllint' to check XML markup files
[1.458s] -- Configuring done
[1.465s] -- Generating done
[1.466s] -- Build files have been written to: /home/riley/ros2_ws/build/cpp_srvcli
[1.474s] Invoked command in '/home/riley/ros2_ws/build/cpp_srvcli' returned '0': CMAKE_PREFIX_PATH=${CMAKE_PREFIX_PATH}:/home/riley/ros2_ws/src/install/six_leg_controller:/home/riley/ros2_ws/install/six_leg_controller:/opt/ros/humble /usr/bin/cmake /home/riley/ros2_ws/src/cpp_srvcli -DCMAKE_INSTALL_PREFIX=/home/riley/ros2_ws/install/cpp_srvcli
[1.475s] Invoking command in '/home/riley/ros2_ws/build/cpp_srvcli': CMAKE_PREFIX_PATH=${CMAKE_PREFIX_PATH}:/home/riley/ros2_ws/src/install/six_leg_controller:/home/riley/ros2_ws/install/six_leg_controller:/opt/ros/humble /usr/bin/cmake --build /home/riley/ros2_ws/build/cpp_srvcli -- -j8 -l8
[1.517s] [ 50%] [32mBuilding CXX object CMakeFiles/server.dir/src/add_two_ints_server.cpp.o[0m
[3.998s] [100%] [32m[1mLinking CXX executable server[0m
[4.119s] [100%] Built target server
[4.127s] Invoked command in '/home/riley/ros2_ws/build/cpp_srvcli' returned '0': CMAKE_PREFIX_PATH=${CMAKE_PREFIX_PATH}:/home/riley/ros2_ws/src/install/six_leg_controller:/home/riley/ros2_ws/install/six_leg_controller:/opt/ros/humble /usr/bin/cmake --build /home/riley/ros2_ws/build/cpp_srvcli -- -j8 -l8
[4.152s] Invoking command in '/home/riley/ros2_ws/build/cpp_srvcli': CMAKE_PREFIX_PATH=${CMAKE_PREFIX_PATH}:/home/riley/ros2_ws/src/install/six_leg_controller:/home/riley/ros2_ws/install/six_leg_controller:/opt/ros/humble /usr/bin/cmake --install /home/riley/ros2_ws/build/cpp_srvcli
[4.159s] -- Install configuration: ""
[4.159s] -- Installing: /home/riley/ros2_ws/install/cpp_srvcli/lib/cpp_srvcli/server
[4.160s] -- Set runtime path of "/home/riley/ros2_ws/install/cpp_srvcli/lib/cpp_srvcli/server" to ""
[4.160s] -- Installing: /home/riley/ros2_ws/install/cpp_srvcli/share/ament_index/resource_index/package_run_dependencies/cpp_srvcli
[4.160s] -- Installing: /home/riley/ros2_ws/install/cpp_srvcli/share/ament_index/resource_index/parent_prefix_path/cpp_srvcli
[4.160s] -- Installing: /home/riley/ros2_ws/install/cpp_srvcli/share/cpp_srvcli/environment/ament_prefix_path.sh
[4.161s] -- Installing: /home/riley/ros2_ws/install/cpp_srvcli/share/cpp_srvcli/environment/ament_prefix_path.dsv
[4.161s] -- Installing: /home/riley/ros2_ws/install/cpp_srvcli/share/cpp_srvcli/environment/path.sh
[4.161s] -- Installing: /home/riley/ros2_ws/install/cpp_srvcli/share/cpp_srvcli/environment/path.dsv
[4.161s] -- Installing: /home/riley/ros2_ws/install/cpp_srvcli/share/cpp_srvcli/local_setup.bash
[4.161s] -- Installing: /home/riley/ros2_ws/install/cpp_srvcli/share/cpp_srvcli/local_setup.sh
[4.162s] -- Installing: /home/riley/ros2_ws/install/cpp_srvcli/share/cpp_srvcli/local_setup.zsh
[4.162s] -- Installing: /home/riley/ros2_ws/install/cpp_srvcli/share/cpp_srvcli/local_setup.dsv
[4.162s] -- Installing: /home/riley/ros2_ws/install/cpp_srvcli/share/cpp_srvcli/package.dsv
[4.162s] -- Installing: /home/riley/ros2_ws/install/cpp_srvcli/share/ament_index/resource_index/packages/cpp_srvcli
[4.162s] -- Installing: /home/riley/ros2_ws/install/cpp_srvcli/share/cpp_srvcli/cmake/cpp_srvcliConfig.cmake
[4.163s] -- Installing: /home/riley/ros2_ws/install/cpp_srvcli/share/cpp_srvcli/cmake/cpp_srvcliConfig-version.cmake
[4.163s] -- Installing: /home/riley/ros2_ws/install/cpp_srvcli/share/cpp_srvcli/package.xml
[4.165s] Invoked command in '/home/riley/ros2_ws/build/cpp_srvcli' returned '0': CMAKE_PREFIX_PATH=${CMAKE_PREFIX_PATH}:/home/riley/ros2_ws/src/install/six_leg_controller:/home/riley/ros2_ws/install/six_leg_controller:/opt/ros/humble /usr/bin/cmake --install /home/riley/ros2_ws/build/cpp_srvcli
