[0.040s] Invoking command in '/home/riley/ros2_ws/build/myworkcell_core': CMAKE_PREFIX_PATH=/opt/ros/humble /usr/bin/cmake --build /home/riley/ros2_ws/build/myworkcell_core -- -j8 -l8
[0.071s] [35m[1mConsolidate compiler generated dependencies of target vision_node[0m
[0.084s] [ 50%] [32mBuilding CXX object CMakeFiles/vision_node.dir/src/vision_node.cpp.o[0m
[2.085s] [100%] [32m[1mLinking CXX executable vision_node[0m
[2.207s] [100%] Built target vision_node
[2.216s] Invoked command in '/home/riley/ros2_ws/build/myworkcell_core' returned '0': CMAKE_PREFIX_PATH=/opt/ros/humble /usr/bin/cmake --build /home/riley/ros2_ws/build/myworkcell_core -- -j8 -l8
[2.244s] Invoking command in '/home/riley/ros2_ws/build/myworkcell_core': CMAKE_PREFIX_PATH=/opt/ros/humble /usr/bin/cmake --install /home/riley/ros2_ws/build/myworkcell_core
[2.253s] -- Install configuration: ""
[2.254s] -- Installing: /home/riley/ros2_ws/install/myworkcell_core/lib/myworkcell_core/vision_node
[2.254s] -- Set runtime path of "/home/riley/ros2_ws/install/myworkcell_core/lib/myworkcell_core/vision_node" to ""
[2.255s] -- Installing: /home/riley/ros2_ws/install/myworkcell_core/share/ament_index/resource_index/package_run_dependencies/myworkcell_core
[2.255s] -- Installing: /home/riley/ros2_ws/install/myworkcell_core/share/ament_index/resource_index/parent_prefix_path/myworkcell_core
[2.256s] -- Installing: /home/riley/ros2_ws/install/myworkcell_core/share/myworkcell_core/environment/ament_prefix_path.sh
[2.256s] -- Installing: /home/riley/ros2_ws/install/myworkcell_core/share/myworkcell_core/environment/ament_prefix_path.dsv
[2.256s] -- Installing: /home/riley/ros2_ws/install/myworkcell_core/share/myworkcell_core/environment/path.sh
[2.256s] -- Installing: /home/riley/ros2_ws/install/myworkcell_core/share/myworkcell_core/environment/path.dsv
[2.256s] -- Installing: /home/riley/ros2_ws/install/myworkcell_core/share/myworkcell_core/local_setup.bash
[2.257s] -- Installing: /home/riley/ros2_ws/install/myworkcell_core/share/myworkcell_core/local_setup.sh
[2.257s] -- Installing: /home/riley/ros2_ws/install/myworkcell_core/share/myworkcell_core/local_setup.zsh
[2.257s] -- Installing: /home/riley/ros2_ws/install/myworkcell_core/share/myworkcell_core/local_setup.dsv
[2.258s] -- Installing: /home/riley/ros2_ws/install/myworkcell_core/share/myworkcell_core/package.dsv
[2.258s] -- Installing: /home/riley/ros2_ws/install/myworkcell_core/share/ament_index/resource_index/packages/myworkcell_core
[2.258s] -- Installing: /home/riley/ros2_ws/install/myworkcell_core/share/myworkcell_core/cmake/myworkcell_coreConfig.cmake
[2.258s] -- Installing: /home/riley/ros2_ws/install/myworkcell_core/share/myworkcell_core/cmake/myworkcell_coreConfig-version.cmake
[2.259s] -- Installing: /home/riley/ros2_ws/install/myworkcell_core/share/myworkcell_core/package.xml
[2.262s] Invoked command in '/home/riley/ros2_ws/build/myworkcell_core' returned '0': CMAKE_PREFIX_PATH=/opt/ros/humble /usr/bin/cmake --install /home/riley/ros2_ws/build/myworkcell_core
