[0.044s] Invoking command in '/home/riley/ros2_ws/build/fake_ar_publisher': CMAKE_PREFIX_PATH=/opt/ros/humble /usr/bin/cmake /home/riley/ros2_ws/src/fake_ar_publisher -DCMAKE_INSTALL_PREFIX=/home/riley/ros2_ws/install/fake_ar_publisher
[0.147s] -- The C compiler identification is GNU 11.4.0
[0.221s] -- The CXX compiler identification is GNU 11.4.0
[0.231s] -- Detecting C compiler ABI info
[0.362s] -- Detecting C compiler ABI info - done
[0.367s] -- Check for working C compiler: /usr/bin/cc - skipped
[0.369s] -- Detecting C compile features
[0.370s] -- Detecting C compile features - done
[0.374s] -- Detecting CXX compiler ABI info
[0.489s] -- Detecting CXX compiler ABI info - done
[0.493s] -- Check for working CXX compiler: /usr/bin/c++ - skipped
[0.493s] -- Detecting CXX compile features
[0.494s] -- Detecting CXX compile features - done
[0.501s] -- Found ament_cmake: 1.3.5 (/opt/ros/humble/share/ament_cmake/cmake)
[0.664s] -- Found Python3: /usr/bin/python3.10 (found version "3.10.12") found components: Interpreter 
[0.753s] -- Found rclcpp: 16.0.6 (/opt/ros/humble/share/rclcpp/cmake)
[0.802s] -- Found rosidl_generator_c: 3.1.5 (/opt/ros/humble/share/rosidl_generator_c/cmake)
[0.807s] -- Found rosidl_adapter: 3.1.5 (/opt/ros/humble/share/rosidl_adapter/cmake)
[0.817s] -- Found rosidl_generator_cpp: 3.1.5 (/opt/ros/humble/share/rosidl_generator_cpp/cmake)
[0.833s] -- Using all available rosidl_typesupport_c: rosidl_typesupport_fastrtps_c;rosidl_typesupport_introspection_c
[0.854s] -- Using all available rosidl_typesupport_cpp: rosidl_typesupport_fastrtps_cpp;rosidl_typesupport_introspection_cpp
[0.921s] -- Found rmw_implementation_cmake: 6.1.1 (/opt/ros/humble/share/rmw_implementation_cmake/cmake)
[0.924s] -- Found rmw_fastrtps_cpp: 6.2.4 (/opt/ros/humble/share/rmw_fastrtps_cpp/cmake)
[1.012s] -- Found OpenSSL: /usr/lib/x86_64-linux-gnu/libcrypto.so (found version "3.0.2")  
[1.034s] -- Found FastRTPS: /opt/ros/humble/include  
[1.070s] -- Using RMW implementation 'rmw_fastrtps_cpp' as default
[1.082s] -- Looking for pthread.h
[1.147s] -- Looking for pthread.h - found
[1.148s] -- Performing Test CMAKE_HAVE_LIBC_PTHREAD
[1.257s] -- Performing Test CMAKE_HAVE_LIBC_PTHREAD - Success
[1.259s] -- Found Threads: TRUE  
[1.393s] -- Found geometry_msgs: 4.2.3 (/opt/ros/humble/share/geometry_msgs/cmake)
[1.435s] -- Found visualization_msgs: 4.2.3 (/opt/ros/humble/share/visualization_msgs/cmake)
[1.597s] -- Found rosidl_default_generators: 1.2.0 (/opt/ros/humble/share/rosidl_default_generators/cmake)
[1.805s] -- Found ament_cmake_ros: 0.10.0 (/opt/ros/humble/share/ament_cmake_ros/cmake)
[2.100s] -- Using all available rosidl_typesupport_c: rosidl_typesupport_fastrtps_c;rosidl_typesupport_introspection_c
[2.209s] -- Using all available rosidl_typesupport_cpp: rosidl_typesupport_fastrtps_cpp;rosidl_typesupport_introspection_cpp
[2.225s] -- Found PythonInterp: /usr/bin/python3 (found suitable version "3.10.12", minimum required is "3.6") 
[2.227s] -- Found python_cmake_module: 0.10.0 (/opt/ros/humble/share/python_cmake_module/cmake)
[2.249s] -- Found PythonLibs: /usr/lib/x86_64-linux-gnu/libpython3.10.so (found suitable version "3.10.12", minimum required is "3.5") 
[2.249s] -- Using PYTHON_EXECUTABLE: /usr/bin/python3
[2.249s] -- Using PYTHON_INCLUDE_DIRS: /usr/include/python3.10
[2.249s] -- Using PYTHON_LIBRARIES: /usr/lib/x86_64-linux-gnu/libpython3.10.so
[2.264s] -- Found PythonExtra: .so  
[2.307s] [0mCMake Deprecation Warning at /opt/ros/humble/share/rosidl_cmake/cmake/rosidl_target_interfaces.cmake:32 (message):
[2.307s]   Use rosidl_get_typesupport_target() and target_link_libraries() instead of
[2.307s]   rosidl_target_interfaces()
[2.307s] Call Stack (most recent call first):
[2.307s]   CMakeLists.txt:38 (rosidl_target_interfaces)
[2.307s] 
[2.307s] [0m
[2.309s] -- Found ament_lint_auto: 0.12.8 (/opt/ros/humble/share/ament_lint_auto/cmake)
[2.320s] -- Configuring done
[2.349s] -- Generating done
[2.352s] -- Build files have been written to: /home/riley/ros2_ws/build/fake_ar_publisher
[2.360s] Invoked command in '/home/riley/ros2_ws/build/fake_ar_publisher' returned '0': CMAKE_PREFIX_PATH=/opt/ros/humble /usr/bin/cmake /home/riley/ros2_ws/src/fake_ar_publisher -DCMAKE_INSTALL_PREFIX=/home/riley/ros2_ws/install/fake_ar_publisher
[2.362s] Invoking command in '/home/riley/ros2_ws/build/fake_ar_publisher': CMAKE_PREFIX_PATH=/opt/ros/humble /usr/bin/cmake --build /home/riley/ros2_ws/build/fake_ar_publisher -- -j8 -l8
[2.394s] [  3%] [34m[1mGenerating C code for ROS interfaces[0m
[2.401s] [  6%] [34m[1mGenerating C++ code for ROS interfaces[0m
[2.414s] [  6%] Built target ament_cmake_python_copy_fake_ar_publisher
[2.596s] running egg_info
[2.597s] creating fake_ar_publisher.egg-info
[2.597s] writing fake_ar_publisher.egg-info/PKG-INFO
[2.597s] writing dependency_links to fake_ar_publisher.egg-info/dependency_links.txt
[2.597s] writing top-level names to fake_ar_publisher.egg-info/top_level.txt
[2.597s] writing manifest file 'fake_ar_publisher.egg-info/SOURCES.txt'
[2.600s] [  6%] Built target fake_ar_publisher__cpp
[2.600s] reading manifest file 'fake_ar_publisher.egg-info/SOURCES.txt'
[2.601s] writing manifest file 'fake_ar_publisher.egg-info/SOURCES.txt'
[2.608s] [ 15%] [34m[1mGenerating C++ type support for eProsima Fast-RTPS[0m
[2.608s] [ 15%] [34m[1mGenerating C++ introspection for ROS interfaces[0m
[2.608s] [ 15%] [34m[1mGenerating C++ type support dispatch for ROS interfaces[0m
[2.614s] [ 18%] [32mBuilding C object CMakeFiles/fake_ar_publisher__rosidl_generator_c.dir/rosidl_generator_c/fake_ar_publisher/msg/detail/ar_marker__functions.c.o[0m
[2.625s] [ 18%] Built target ament_cmake_python_build_fake_ar_publisher_egg
[2.674s] [ 21%] [32m[1mLinking C shared library libfake_ar_publisher__rosidl_generator_c.so[0m
[2.713s] [ 21%] Built target fake_ar_publisher__rosidl_generator_c
[2.722s] [ 27%] [34m[1mGenerating C type support for eProsima Fast-RTPS[0m
[2.722s] [ 27%] [34m[1mGenerating C introspection for ROS interfaces[0m
[2.722s] [ 30%] [34m[1mGenerating C type support dispatch for ROS interfaces[0m
[2.785s] [ 33%] [32mBuilding CXX object CMakeFiles/fake_ar_publisher__rosidl_typesupport_cpp.dir/rosidl_typesupport_cpp/fake_ar_publisher/msg/ar_marker__type_support.cpp.o[0m
[2.803s] [ 39%] [32mBuilding CXX object CMakeFiles/fake_ar_publisher__rosidl_typesupport_fastrtps_cpp.dir/rosidl_typesupport_fastrtps_cpp/fake_ar_publisher/msg/detail/dds_fastrtps/ar_marker__type_support.cpp.o[0m
[2.804s] [ 39%] [32mBuilding CXX object CMakeFiles/fake_ar_publisher__rosidl_typesupport_introspection_cpp.dir/rosidl_typesupport_introspection_cpp/fake_ar_publisher/msg/detail/ar_marker__type_support.cpp.o[0m
[2.913s] [ 42%] [32mBuilding CXX object CMakeFiles/fake_ar_publisher__rosidl_typesupport_c.dir/rosidl_typesupport_c/fake_ar_publisher/msg/ar_marker__type_support.cpp.o[0m
[2.921s] [ 45%] [32mBuilding C object CMakeFiles/fake_ar_publisher__rosidl_typesupport_introspection_c.dir/rosidl_typesupport_introspection_c/fake_ar_publisher/msg/detail/ar_marker__type_support.c.o[0m
[2.928s] [ 48%] [32mBuilding CXX object CMakeFiles/fake_ar_publisher__rosidl_typesupport_fastrtps_c.dir/rosidl_typesupport_fastrtps_c/fake_ar_publisher/msg/detail/ar_marker__type_support_c.cpp.o[0m
[2.940s] [ 51%] [32m[1mLinking CXX shared library libfake_ar_publisher__rosidl_typesupport_c.so[0m
[2.969s] [ 54%] [32m[1mLinking C shared library libfake_ar_publisher__rosidl_typesupport_introspection_c.so[0m
[3.029s] [ 54%] Built target fake_ar_publisher__rosidl_typesupport_c
[3.041s] [ 54%] Built target fake_ar_publisher__rosidl_typesupport_introspection_c
[3.140s] [ 57%] [32m[1mLinking CXX shared library libfake_ar_publisher__rosidl_typesupport_cpp.so[0m
[3.174s] [ 57%] Built target fake_ar_publisher__rosidl_typesupport_cpp
[3.249s] [ 63%] [32m[1mLinking CXX shared library libfake_ar_publisher__rosidl_typesupport_introspection_cpp.so[0m
[3.249s] [ 63%] [32m[1mLinking CXX shared library libfake_ar_publisher__rosidl_typesupport_fastrtps_cpp.so[0m
[3.306s] [ 66%] [32m[1mLinking CXX shared library libfake_ar_publisher__rosidl_typesupport_fastrtps_c.so[0m
[3.316s] [ 66%] Built target fake_ar_publisher__rosidl_typesupport_introspection_cpp
[3.317s] [ 66%] Built target fake_ar_publisher__rosidl_typesupport_fastrtps_cpp
[3.362s] [ 66%] Built target fake_ar_publisher__rosidl_typesupport_fastrtps_c
[3.377s] [ 66%] Built target fake_ar_publisher
[3.392s] [ 72%] [32mBuilding CXX object CMakeFiles/fake_ar_publisher_node.dir/src/fake_ar_publisher.cpp.o[0m
[3.392s] [ 72%] [34m[1mGenerating Python code for ROS interfaces[0m
[3.612s] [ 72%] Built target fake_ar_publisher__py
[3.627s] [ 75%] [32mBuilding C object CMakeFiles/fake_ar_publisher__rosidl_generator_py.dir/rosidl_generator_py/fake_ar_publisher/msg/_ar_marker_s.c.o[0m
[3.736s] [ 78%] [32m[1mLinking C shared library rosidl_generator_py/fake_ar_publisher/libfake_ar_publisher__rosidl_generator_py.so[0m
[3.772s] [ 78%] Built target fake_ar_publisher__rosidl_generator_py
[3.789s] [ 87%] [32mBuilding C object CMakeFiles/fake_ar_publisher__rosidl_typesupport_fastrtps_c__pyext.dir/rosidl_generator_py/fake_ar_publisher/_fake_ar_publisher_s.ep.rosidl_typesupport_fastrtps_c.c.o[0m
[3.789s] [ 87%] [32mBuilding C object CMakeFiles/fake_ar_publisher__rosidl_typesupport_c__pyext.dir/rosidl_generator_py/fake_ar_publisher/_fake_ar_publisher_s.ep.rosidl_typesupport_c.c.o[0m
[3.789s] [ 87%] [32mBuilding C object CMakeFiles/fake_ar_publisher__rosidl_typesupport_introspection_c__pyext.dir/rosidl_generator_py/fake_ar_publisher/_fake_ar_publisher_s.ep.rosidl_typesupport_introspection_c.c.o[0m
[3.865s] [ 93%] [32m[1mLinking C shared library rosidl_generator_py/fake_ar_publisher/fake_ar_publisher_s__rosidl_typesupport_introspection_c.cpython-310-x86_64-linux-gnu.so[0m
[3.865s] [ 93%] [32m[1mLinking C shared library rosidl_generator_py/fake_ar_publisher/fake_ar_publisher_s__rosidl_typesupport_c.cpython-310-x86_64-linux-gnu.so[0m
[3.869s] [ 96%] [32m[1mLinking C shared library rosidl_generator_py/fake_ar_publisher/fake_ar_publisher_s__rosidl_typesupport_fastrtps_c.cpython-310-x86_64-linux-gnu.so[0m
[3.900s] [ 96%] Built target fake_ar_publisher__rosidl_typesupport_c__pyext
[3.900s] [ 96%] Built target fake_ar_publisher__rosidl_typesupport_introspection_c__pyext
[3.905s] [ 96%] Built target fake_ar_publisher__rosidl_typesupport_fastrtps_c__pyext
[7.709s] [100%] [32m[1mLinking CXX executable fake_ar_publisher_node[0m
[7.934s] [100%] Built target fake_ar_publisher_node
[7.944s] Invoked command in '/home/riley/ros2_ws/build/fake_ar_publisher' returned '0': CMAKE_PREFIX_PATH=/opt/ros/humble /usr/bin/cmake --build /home/riley/ros2_ws/build/fake_ar_publisher -- -j8 -l8
[7.997s] Invoking command in '/home/riley/ros2_ws/build/fake_ar_publisher': CMAKE_PREFIX_PATH=/opt/ros/humble /usr/bin/cmake --install /home/riley/ros2_ws/build/fake_ar_publisher
[8.004s] -- Install configuration: ""
[8.004s] -- Installing: /home/riley/ros2_ws/install/fake_ar_publisher/share/ament_index/resource_index/rosidl_interfaces/fake_ar_publisher
[8.004s] -- Installing: /home/riley/ros2_ws/install/fake_ar_publisher/include/fake_ar_publisher/fake_ar_publisher
[8.004s] -- Installing: /home/riley/ros2_ws/install/fake_ar_publisher/include/fake_ar_publisher/fake_ar_publisher/msg
[8.004s] -- Installing: /home/riley/ros2_ws/install/fake_ar_publisher/include/fake_ar_publisher/fake_ar_publisher/msg/detail
[8.005s] -- Installing: /home/riley/ros2_ws/install/fake_ar_publisher/include/fake_ar_publisher/fake_ar_publisher/msg/detail/ar_marker__type_support.h
[8.005s] -- Installing: /home/riley/ros2_ws/install/fake_ar_publisher/include/fake_ar_publisher/fake_ar_publisher/msg/detail/ar_marker__functions.c
[8.005s] -- Installing: /home/riley/ros2_ws/install/fake_ar_publisher/include/fake_ar_publisher/fake_ar_publisher/msg/detail/ar_marker__functions.h
[8.005s] -- Installing: /home/riley/ros2_ws/install/fake_ar_publisher/include/fake_ar_publisher/fake_ar_publisher/msg/detail/ar_marker__struct.h
[8.005s] -- Installing: /home/riley/ros2_ws/install/fake_ar_publisher/include/fake_ar_publisher/fake_ar_publisher/msg/rosidl_generator_c__visibility_control.h
[8.005s] -- Installing: /home/riley/ros2_ws/install/fake_ar_publisher/include/fake_ar_publisher/fake_ar_publisher/msg/ar_marker.h
[8.005s] -- Installing: /home/riley/ros2_ws/install/fake_ar_publisher/share/fake_ar_publisher/environment/library_path.sh
[8.005s] -- Installing: /home/riley/ros2_ws/install/fake_ar_publisher/share/fake_ar_publisher/environment/library_path.dsv
[8.005s] -- Installing: /home/riley/ros2_ws/install/fake_ar_publisher/lib/libfake_ar_publisher__rosidl_generator_c.so
[8.006s] -- Set runtime path of "/home/riley/ros2_ws/install/fake_ar_publisher/lib/libfake_ar_publisher__rosidl_generator_c.so" to ""
[8.006s] -- Up-to-date: /home/riley/ros2_ws/install/fake_ar_publisher/include/fake_ar_publisher/fake_ar_publisher
[8.006s] -- Up-to-date: /home/riley/ros2_ws/install/fake_ar_publisher/include/fake_ar_publisher/fake_ar_publisher/msg
[8.006s] -- Installing: /home/riley/ros2_ws/install/fake_ar_publisher/include/fake_ar_publisher/fake_ar_publisher/msg/rosidl_typesupport_fastrtps_c__visibility_control.h
[8.006s] -- Up-to-date: /home/riley/ros2_ws/install/fake_ar_publisher/include/fake_ar_publisher/fake_ar_publisher/msg/detail
[8.006s] -- Installing: /home/riley/ros2_ws/install/fake_ar_publisher/include/fake_ar_publisher/fake_ar_publisher/msg/detail/ar_marker__rosidl_typesupport_fastrtps_c.h
[8.006s] -- Installing: /home/riley/ros2_ws/install/fake_ar_publisher/lib/libfake_ar_publisher__rosidl_typesupport_fastrtps_c.so
[8.006s] -- Set runtime path of "/home/riley/ros2_ws/install/fake_ar_publisher/lib/libfake_ar_publisher__rosidl_typesupport_fastrtps_c.so" to ""
[8.006s] -- Up-to-date: /home/riley/ros2_ws/install/fake_ar_publisher/include/fake_ar_publisher/fake_ar_publisher
[8.006s] -- Up-to-date: /home/riley/ros2_ws/install/fake_ar_publisher/include/fake_ar_publisher/fake_ar_publisher/msg
[8.006s] -- Up-to-date: /home/riley/ros2_ws/install/fake_ar_publisher/include/fake_ar_publisher/fake_ar_publisher/msg/detail
[8.007s] -- Installing: /home/riley/ros2_ws/install/fake_ar_publisher/include/fake_ar_publisher/fake_ar_publisher/msg/detail/ar_marker__struct.hpp
[8.007s] -- Installing: /home/riley/ros2_ws/install/fake_ar_publisher/include/fake_ar_publisher/fake_ar_publisher/msg/detail/ar_marker__builder.hpp
[8.007s] -- Installing: /home/riley/ros2_ws/install/fake_ar_publisher/include/fake_ar_publisher/fake_ar_publisher/msg/detail/ar_marker__traits.hpp
[8.007s] -- Installing: /home/riley/ros2_ws/install/fake_ar_publisher/include/fake_ar_publisher/fake_ar_publisher/msg/ar_marker.hpp
[8.007s] -- Up-to-date: /home/riley/ros2_ws/install/fake_ar_publisher/include/fake_ar_publisher/fake_ar_publisher
[8.007s] -- Up-to-date: /home/riley/ros2_ws/install/fake_ar_publisher/include/fake_ar_publisher/fake_ar_publisher/msg
[8.007s] -- Up-to-date: /home/riley/ros2_ws/install/fake_ar_publisher/include/fake_ar_publisher/fake_ar_publisher/msg/detail
[8.007s] -- Installing: /home/riley/ros2_ws/install/fake_ar_publisher/include/fake_ar_publisher/fake_ar_publisher/msg/detail/ar_marker__rosidl_typesupport_fastrtps_cpp.hpp
[8.007s] -- Installing: /home/riley/ros2_ws/install/fake_ar_publisher/include/fake_ar_publisher/fake_ar_publisher/msg/detail/dds_fastrtps
[8.007s] -- Installing: /home/riley/ros2_ws/install/fake_ar_publisher/include/fake_ar_publisher/fake_ar_publisher/msg/rosidl_typesupport_fastrtps_cpp__visibility_control.h
[8.007s] -- Installing: /home/riley/ros2_ws/install/fake_ar_publisher/lib/libfake_ar_publisher__rosidl_typesupport_fastrtps_cpp.so
[8.007s] -- Set runtime path of "/home/riley/ros2_ws/install/fake_ar_publisher/lib/libfake_ar_publisher__rosidl_typesupport_fastrtps_cpp.so" to ""
[8.007s] -- Up-to-date: /home/riley/ros2_ws/install/fake_ar_publisher/include/fake_ar_publisher/fake_ar_publisher
[8.008s] -- Up-to-date: /home/riley/ros2_ws/install/fake_ar_publisher/include/fake_ar_publisher/fake_ar_publisher/msg
[8.008s] -- Installing: /home/riley/ros2_ws/install/fake_ar_publisher/include/fake_ar_publisher/fake_ar_publisher/msg/rosidl_typesupport_introspection_c__visibility_control.h
[8.008s] -- Up-to-date: /home/riley/ros2_ws/install/fake_ar_publisher/include/fake_ar_publisher/fake_ar_publisher/msg/detail
[8.008s] -- Installing: /home/riley/ros2_ws/install/fake_ar_publisher/include/fake_ar_publisher/fake_ar_publisher/msg/detail/ar_marker__type_support.c
[8.008s] -- Installing: /home/riley/ros2_ws/install/fake_ar_publisher/include/fake_ar_publisher/fake_ar_publisher/msg/detail/ar_marker__rosidl_typesupport_introspection_c.h
[8.008s] -- Installing: /home/riley/ros2_ws/install/fake_ar_publisher/lib/libfake_ar_publisher__rosidl_typesupport_introspection_c.so
[8.008s] -- Set runtime path of "/home/riley/ros2_ws/install/fake_ar_publisher/lib/libfake_ar_publisher__rosidl_typesupport_introspection_c.so" to ""
[8.008s] -- Installing: /home/riley/ros2_ws/install/fake_ar_publisher/lib/libfake_ar_publisher__rosidl_typesupport_c.so
[8.008s] -- Set runtime path of "/home/riley/ros2_ws/install/fake_ar_publisher/lib/libfake_ar_publisher__rosidl_typesupport_c.so" to ""
[8.008s] -- Up-to-date: /home/riley/ros2_ws/install/fake_ar_publisher/include/fake_ar_publisher/fake_ar_publisher
[8.008s] -- Up-to-date: /home/riley/ros2_ws/install/fake_ar_publisher/include/fake_ar_publisher/fake_ar_publisher/msg
[8.008s] -- Up-to-date: /home/riley/ros2_ws/install/fake_ar_publisher/include/fake_ar_publisher/fake_ar_publisher/msg/detail
[8.008s] -- Installing: /home/riley/ros2_ws/install/fake_ar_publisher/include/fake_ar_publisher/fake_ar_publisher/msg/detail/ar_marker__type_support.cpp
[8.008s] -- Installing: /home/riley/ros2_ws/install/fake_ar_publisher/include/fake_ar_publisher/fake_ar_publisher/msg/detail/ar_marker__rosidl_typesupport_introspection_cpp.hpp
[8.009s] -- Installing: /home/riley/ros2_ws/install/fake_ar_publisher/lib/libfake_ar_publisher__rosidl_typesupport_introspection_cpp.so
[8.009s] -- Set runtime path of "/home/riley/ros2_ws/install/fake_ar_publisher/lib/libfake_ar_publisher__rosidl_typesupport_introspection_cpp.so" to ""
[8.009s] -- Installing: /home/riley/ros2_ws/install/fake_ar_publisher/lib/libfake_ar_publisher__rosidl_typesupport_cpp.so
[8.009s] -- Set runtime path of "/home/riley/ros2_ws/install/fake_ar_publisher/lib/libfake_ar_publisher__rosidl_typesupport_cpp.so" to ""
[8.009s] -- Installing: /home/riley/ros2_ws/install/fake_ar_publisher/share/fake_ar_publisher/environment/pythonpath.sh
[8.009s] -- Installing: /home/riley/ros2_ws/install/fake_ar_publisher/share/fake_ar_publisher/environment/pythonpath.dsv
[8.009s] -- Installing: /home/riley/ros2_ws/install/fake_ar_publisher/local/lib/python3.10/dist-packages/fake_ar_publisher-0.0.0-py3.10.egg-info
[8.009s] -- Installing: /home/riley/ros2_ws/install/fake_ar_publisher/local/lib/python3.10/dist-packages/fake_ar_publisher-0.0.0-py3.10.egg-info/SOURCES.txt
[8.009s] -- Installing: /home/riley/ros2_ws/install/fake_ar_publisher/local/lib/python3.10/dist-packages/fake_ar_publisher-0.0.0-py3.10.egg-info/dependency_links.txt
[8.010s] -- Installing: /home/riley/ros2_ws/install/fake_ar_publisher/local/lib/python3.10/dist-packages/fake_ar_publisher-0.0.0-py3.10.egg-info/PKG-INFO
[8.010s] -- Installing: /home/riley/ros2_ws/install/fake_ar_publisher/local/lib/python3.10/dist-packages/fake_ar_publisher-0.0.0-py3.10.egg-info/top_level.txt
[8.010s] -- Installing: /home/riley/ros2_ws/install/fake_ar_publisher/local/lib/python3.10/dist-packages/fake_ar_publisher
[8.010s] -- Installing: /home/riley/ros2_ws/install/fake_ar_publisher/local/lib/python3.10/dist-packages/fake_ar_publisher/_fake_ar_publisher_s.ep.rosidl_typesupport_introspection_c.c
[8.010s] -- Installing: /home/riley/ros2_ws/install/fake_ar_publisher/local/lib/python3.10/dist-packages/fake_ar_publisher/fake_ar_publisher_s__rosidl_typesupport_c.cpython-310-x86_64-linux-gnu.so
[8.010s] -- Installing: /home/riley/ros2_ws/install/fake_ar_publisher/local/lib/python3.10/dist-packages/fake_ar_publisher/libfake_ar_publisher__rosidl_generator_py.so
[8.010s] -- Installing: /home/riley/ros2_ws/install/fake_ar_publisher/local/lib/python3.10/dist-packages/fake_ar_publisher/_fake_ar_publisher_s.ep.rosidl_typesupport_fastrtps_c.c
[8.010s] -- Installing: /home/riley/ros2_ws/install/fake_ar_publisher/local/lib/python3.10/dist-packages/fake_ar_publisher/__init__.py
[8.010s] -- Installing: /home/riley/ros2_ws/install/fake_ar_publisher/local/lib/python3.10/dist-packages/fake_ar_publisher/_fake_ar_publisher_s.ep.rosidl_typesupport_c.c
[8.010s] -- Installing: /home/riley/ros2_ws/install/fake_ar_publisher/local/lib/python3.10/dist-packages/fake_ar_publisher/fake_ar_publisher_s__rosidl_typesupport_fastrtps_c.cpython-310-x86_64-linux-gnu.so
[8.010s] -- Installing: /home/riley/ros2_ws/install/fake_ar_publisher/local/lib/python3.10/dist-packages/fake_ar_publisher/fake_ar_publisher_s__rosidl_typesupport_introspection_c.cpython-310-x86_64-linux-gnu.so
[8.011s] -- Installing: /home/riley/ros2_ws/install/fake_ar_publisher/local/lib/python3.10/dist-packages/fake_ar_publisher/msg
[8.011s] -- Installing: /home/riley/ros2_ws/install/fake_ar_publisher/local/lib/python3.10/dist-packages/fake_ar_publisher/msg/_ar_marker.py
[8.011s] -- Installing: /home/riley/ros2_ws/install/fake_ar_publisher/local/lib/python3.10/dist-packages/fake_ar_publisher/msg/_ar_marker_s.c
[8.011s] -- Installing: /home/riley/ros2_ws/install/fake_ar_publisher/local/lib/python3.10/dist-packages/fake_ar_publisher/msg/__init__.py
[8.035s] Listing '/home/riley/ros2_ws/install/fake_ar_publisher/local/lib/python3.10/dist-packages/fake_ar_publisher'...
[8.035s] Compiling '/home/riley/ros2_ws/install/fake_ar_publisher/local/lib/python3.10/dist-packages/fake_ar_publisher/__init__.py'...
[8.035s] Listing '/home/riley/ros2_ws/install/fake_ar_publisher/local/lib/python3.10/dist-packages/fake_ar_publisher/msg'...
[8.035s] Compiling '/home/riley/ros2_ws/install/fake_ar_publisher/local/lib/python3.10/dist-packages/fake_ar_publisher/msg/__init__.py'...
[8.035s] Compiling '/home/riley/ros2_ws/install/fake_ar_publisher/local/lib/python3.10/dist-packages/fake_ar_publisher/msg/_ar_marker.py'...
[8.038s] -- Installing: /home/riley/ros2_ws/install/fake_ar_publisher/local/lib/python3.10/dist-packages/fake_ar_publisher/fake_ar_publisher_s__rosidl_typesupport_fastrtps_c.cpython-310-x86_64-linux-gnu.so
[8.038s] -- Set runtime path of "/home/riley/ros2_ws/install/fake_ar_publisher/local/lib/python3.10/dist-packages/fake_ar_publisher/fake_ar_publisher_s__rosidl_typesupport_fastrtps_c.cpython-310-x86_64-linux-gnu.so" to ""
[8.039s] -- Installing: /home/riley/ros2_ws/install/fake_ar_publisher/local/lib/python3.10/dist-packages/fake_ar_publisher/fake_ar_publisher_s__rosidl_typesupport_introspection_c.cpython-310-x86_64-linux-gnu.so
[8.039s] -- Set runtime path of "/home/riley/ros2_ws/install/fake_ar_publisher/local/lib/python3.10/dist-packages/fake_ar_publisher/fake_ar_publisher_s__rosidl_typesupport_introspection_c.cpython-310-x86_64-linux-gnu.so" to ""
[8.039s] -- Installing: /home/riley/ros2_ws/install/fake_ar_publisher/local/lib/python3.10/dist-packages/fake_ar_publisher/fake_ar_publisher_s__rosidl_typesupport_c.cpython-310-x86_64-linux-gnu.so
[8.039s] -- Set runtime path of "/home/riley/ros2_ws/install/fake_ar_publisher/local/lib/python3.10/dist-packages/fake_ar_publisher/fake_ar_publisher_s__rosidl_typesupport_c.cpython-310-x86_64-linux-gnu.so" to ""
[8.039s] -- Installing: /home/riley/ros2_ws/install/fake_ar_publisher/lib/libfake_ar_publisher__rosidl_generator_py.so
[8.039s] -- Set runtime path of "/home/riley/ros2_ws/install/fake_ar_publisher/lib/libfake_ar_publisher__rosidl_generator_py.so" to ""
[8.040s] -- Installing: /home/riley/ros2_ws/install/fake_ar_publisher/share/fake_ar_publisher/msg/ARMarker.idl
[8.040s] -- Installing: /home/riley/ros2_ws/install/fake_ar_publisher/share/fake_ar_publisher/msg/ARMarker.msg
[8.040s] -- Installing: /home/riley/ros2_ws/install/fake_ar_publisher/lib/fake_ar_publisher/fake_ar_publisher_node
[8.041s] -- Set runtime path of "/home/riley/ros2_ws/install/fake_ar_publisher/lib/fake_ar_publisher/fake_ar_publisher_node" to ""
[8.041s] -- Installing: /home/riley/ros2_ws/install/fake_ar_publisher/share/ament_index/resource_index/package_run_dependencies/fake_ar_publisher
[8.041s] -- Installing: /home/riley/ros2_ws/install/fake_ar_publisher/share/ament_index/resource_index/parent_prefix_path/fake_ar_publisher
[8.041s] -- Installing: /home/riley/ros2_ws/install/fake_ar_publisher/share/fake_ar_publisher/environment/ament_prefix_path.sh
[8.041s] -- Installing: /home/riley/ros2_ws/install/fake_ar_publisher/share/fake_ar_publisher/environment/ament_prefix_path.dsv
[8.041s] -- Installing: /home/riley/ros2_ws/install/fake_ar_publisher/share/fake_ar_publisher/environment/path.sh
[8.042s] -- Installing: /home/riley/ros2_ws/install/fake_ar_publisher/share/fake_ar_publisher/environment/path.dsv
[8.042s] -- Installing: /home/riley/ros2_ws/install/fake_ar_publisher/share/fake_ar_publisher/local_setup.bash
[8.042s] -- Installing: /home/riley/ros2_ws/install/fake_ar_publisher/share/fake_ar_publisher/local_setup.sh
[8.042s] -- Installing: /home/riley/ros2_ws/install/fake_ar_publisher/share/fake_ar_publisher/local_setup.zsh
[8.042s] -- Installing: /home/riley/ros2_ws/install/fake_ar_publisher/share/fake_ar_publisher/local_setup.dsv
[8.042s] -- Installing: /home/riley/ros2_ws/install/fake_ar_publisher/share/fake_ar_publisher/package.dsv
[8.042s] -- Installing: /home/riley/ros2_ws/install/fake_ar_publisher/share/ament_index/resource_index/packages/fake_ar_publisher
[8.042s] -- Installing: /home/riley/ros2_ws/install/fake_ar_publisher/share/fake_ar_publisher/cmake/export_fake_ar_publisher__rosidl_generator_cExport.cmake
[8.042s] -- Installing: /home/riley/ros2_ws/install/fake_ar_publisher/share/fake_ar_publisher/cmake/export_fake_ar_publisher__rosidl_generator_cExport-noconfig.cmake
[8.043s] -- Installing: /home/riley/ros2_ws/install/fake_ar_publisher/share/fake_ar_publisher/cmake/export_fake_ar_publisher__rosidl_typesupport_fastrtps_cExport.cmake
[8.043s] -- Installing: /home/riley/ros2_ws/install/fake_ar_publisher/share/fake_ar_publisher/cmake/export_fake_ar_publisher__rosidl_typesupport_fastrtps_cExport-noconfig.cmake
[8.043s] -- Installing: /home/riley/ros2_ws/install/fake_ar_publisher/share/fake_ar_publisher/cmake/export_fake_ar_publisher__rosidl_generator_cppExport.cmake
[8.043s] -- Installing: /home/riley/ros2_ws/install/fake_ar_publisher/share/fake_ar_publisher/cmake/export_fake_ar_publisher__rosidl_typesupport_fastrtps_cppExport.cmake
[8.043s] -- Installing: /home/riley/ros2_ws/install/fake_ar_publisher/share/fake_ar_publisher/cmake/export_fake_ar_publisher__rosidl_typesupport_fastrtps_cppExport-noconfig.cmake
[8.043s] -- Installing: /home/riley/ros2_ws/install/fake_ar_publisher/share/fake_ar_publisher/cmake/fake_ar_publisher__rosidl_typesupport_introspection_cExport.cmake
[8.043s] -- Installing: /home/riley/ros2_ws/install/fake_ar_publisher/share/fake_ar_publisher/cmake/fake_ar_publisher__rosidl_typesupport_introspection_cExport-noconfig.cmake
[8.043s] -- Installing: /home/riley/ros2_ws/install/fake_ar_publisher/share/fake_ar_publisher/cmake/fake_ar_publisher__rosidl_typesupport_cExport.cmake
[8.043s] -- Installing: /home/riley/ros2_ws/install/fake_ar_publisher/share/fake_ar_publisher/cmake/fake_ar_publisher__rosidl_typesupport_cExport-noconfig.cmake
[8.043s] -- Installing: /home/riley/ros2_ws/install/fake_ar_publisher/share/fake_ar_publisher/cmake/fake_ar_publisher__rosidl_typesupport_introspection_cppExport.cmake
[8.044s] -- Installing: /home/riley/ros2_ws/install/fake_ar_publisher/share/fake_ar_publisher/cmake/fake_ar_publisher__rosidl_typesupport_introspection_cppExport-noconfig.cmake
[8.044s] -- Installing: /home/riley/ros2_ws/install/fake_ar_publisher/share/fake_ar_publisher/cmake/fake_ar_publisher__rosidl_typesupport_cppExport.cmake
[8.044s] -- Installing: /home/riley/ros2_ws/install/fake_ar_publisher/share/fake_ar_publisher/cmake/fake_ar_publisher__rosidl_typesupport_cppExport-noconfig.cmake
[8.044s] -- Installing: /home/riley/ros2_ws/install/fake_ar_publisher/share/fake_ar_publisher/cmake/export_fake_ar_publisher__rosidl_generator_pyExport.cmake
[8.044s] -- Installing: /home/riley/ros2_ws/install/fake_ar_publisher/share/fake_ar_publisher/cmake/export_fake_ar_publisher__rosidl_generator_pyExport-noconfig.cmake
[8.044s] -- Installing: /home/riley/ros2_ws/install/fake_ar_publisher/share/fake_ar_publisher/cmake/rosidl_cmake-extras.cmake
[8.044s] -- Installing: /home/riley/ros2_ws/install/fake_ar_publisher/share/fake_ar_publisher/cmake/ament_cmake_export_dependencies-extras.cmake
[8.044s] -- Installing: /home/riley/ros2_ws/install/fake_ar_publisher/share/fake_ar_publisher/cmake/ament_cmake_export_include_directories-extras.cmake
[8.044s] -- Installing: /home/riley/ros2_ws/install/fake_ar_publisher/share/fake_ar_publisher/cmake/ament_cmake_export_libraries-extras.cmake
[8.045s] -- Installing: /home/riley/ros2_ws/install/fake_ar_publisher/share/fake_ar_publisher/cmake/ament_cmake_export_targets-extras.cmake
[8.045s] -- Installing: /home/riley/ros2_ws/install/fake_ar_publisher/share/fake_ar_publisher/cmake/rosidl_cmake_export_typesupport_targets-extras.cmake
[8.045s] -- Installing: /home/riley/ros2_ws/install/fake_ar_publisher/share/fake_ar_publisher/cmake/rosidl_cmake_export_typesupport_libraries-extras.cmake
[8.045s] -- Installing: /home/riley/ros2_ws/install/fake_ar_publisher/share/fake_ar_publisher/cmake/fake_ar_publisherConfig.cmake
[8.045s] -- Installing: /home/riley/ros2_ws/install/fake_ar_publisher/share/fake_ar_publisher/cmake/fake_ar_publisherConfig-version.cmake
[8.045s] -- Installing: /home/riley/ros2_ws/install/fake_ar_publisher/share/fake_ar_publisher/package.xml
[8.047s] Invoked command in '/home/riley/ros2_ws/build/fake_ar_publisher' returned '0': CMAKE_PREFIX_PATH=/opt/ros/humble /usr/bin/cmake --install /home/riley/ros2_ws/build/fake_ar_publisher
