running egg_info
creating ../../build/six_leg_controller/six_leg_controller.egg-info
writing ../../build/six_leg_controller/six_leg_controller.egg-info/PKG-INFO
writing dependency_links to ../../build/six_leg_controller/six_leg_controller.egg-info/dependency_links.txt
writing entry points to ../../build/six_leg_controller/six_leg_controller.egg-info/entry_points.txt
writing requirements to ../../build/six_leg_controller/six_leg_controller.egg-info/requires.txt
writing top-level names to ../../build/six_leg_controller/six_leg_controller.egg-info/top_level.txt
writing manifest file '../../build/six_leg_controller/six_leg_controller.egg-info/SOURCES.txt'
reading manifest file '../../build/six_leg_controller/six_leg_controller.egg-info/SOURCES.txt'
writing manifest file '../../build/six_leg_controller/six_leg_controller.egg-info/SOURCES.txt'
running build
running build_py
creating /home/riley/ros2_ws/build/six_leg_controller/build
creating /home/riley/ros2_ws/build/six_leg_controller/build/lib
creating /home/riley/ros2_ws/build/six_leg_controller/build/lib/six_leg_controller
copying six_leg_controller/__init__.py -> /home/riley/ros2_ws/build/six_leg_controller/build/lib/six_leg_controller
/usr/lib/python3/dist-packages/setuptools/command/install.py:34: SetuptoolsDeprecationWarning: setup.py install is deprecated. Use build and pip and other standards-based tools.
  warnings.warn(
running install
running install_lib
creating /home/riley/ros2_ws/install/six_leg_controller/lib/python3.10/site-packages/six_leg_controller
copying /home/riley/ros2_ws/build/six_leg_controller/build/lib/six_leg_controller/__init__.py -> /home/riley/ros2_ws/install/six_leg_controller/lib/python3.10/site-packages/six_leg_controller
byte-compiling /home/riley/ros2_ws/install/six_leg_controller/lib/python3.10/site-packages/six_leg_controller/__init__.py to __init__.cpython-310.pyc
running install_data
creating /home/riley/ros2_ws/install/six_leg_controller/share/ament_index
creating /home/riley/ros2_ws/install/six_leg_controller/share/ament_index/resource_index
creating /home/riley/ros2_ws/install/six_leg_controller/share/ament_index/resource_index/packages
copying resource/six_leg_controller -> /home/riley/ros2_ws/install/six_leg_controller/share/ament_index/resource_index/packages
copying package.xml -> /home/riley/ros2_ws/install/six_leg_controller/share/six_leg_controller
running install_egg_info
Copying ../../build/six_leg_controller/six_leg_controller.egg-info to /home/riley/ros2_ws/install/six_leg_controller/lib/python3.10/site-packages/six_leg_controller-0.0.0-py3.10.egg-info
running install_scripts
writing list of installed files to '/home/riley/ros2_ws/build/six_leg_controller/install.log'
