[0.841s] Invoking command in '/home/riley/ros2_ws/src/six_leg_controller': PYTHONPATH=/home/riley/ros2_ws/build/six_leg_controller/prefix_override:/home/riley/ros2_ws/install/six_leg_controller/lib/python3.10/site-packages:${PYTHONPATH} /usr/bin/python3 setup.py egg_info --egg-base ../../build/six_leg_controller build --build-base /home/riley/ros2_ws/build/six_leg_controller/build install --record /home/riley/ros2_ws/build/six_leg_controller/install.log --single-version-externally-managed
[1.065s] running egg_info
[1.066s] creating ../../build/six_leg_controller/six_leg_controller.egg-info
[1.066s] writing ../../build/six_leg_controller/six_leg_controller.egg-info/PKG-INFO
[1.067s] writing dependency_links to ../../build/six_leg_controller/six_leg_controller.egg-info/dependency_links.txt
[1.067s] writing entry points to ../../build/six_leg_controller/six_leg_controller.egg-info/entry_points.txt
[1.067s] writing requirements to ../../build/six_leg_controller/six_leg_controller.egg-info/requires.txt
[1.067s] writing top-level names to ../../build/six_leg_controller/six_leg_controller.egg-info/top_level.txt
[1.067s] writing manifest file '../../build/six_leg_controller/six_leg_controller.egg-info/SOURCES.txt'
[1.069s] reading manifest file '../../build/six_leg_controller/six_leg_controller.egg-info/SOURCES.txt'
[1.069s] writing manifest file '../../build/six_leg_controller/six_leg_controller.egg-info/SOURCES.txt'
[1.069s] running build
[1.069s] running build_py
[1.070s] creating /home/riley/ros2_ws/build/six_leg_controller/build
[1.070s] creating /home/riley/ros2_ws/build/six_leg_controller/build/lib
[1.071s] creating /home/riley/ros2_ws/build/six_leg_controller/build/lib/six_leg_controller
[1.071s] copying six_leg_controller/__init__.py -> /home/riley/ros2_ws/build/six_leg_controller/build/lib/six_leg_controller
[1.072s] /usr/lib/python3/dist-packages/setuptools/command/install.py:34: SetuptoolsDeprecationWarning: setup.py install is deprecated. Use build and pip and other standards-based tools.
[1.072s]   warnings.warn(
[1.072s] running install
[1.072s] running install_lib
[1.072s] creating /home/riley/ros2_ws/install/six_leg_controller/lib/python3.10/site-packages/six_leg_controller
[1.072s] copying /home/riley/ros2_ws/build/six_leg_controller/build/lib/six_leg_controller/__init__.py -> /home/riley/ros2_ws/install/six_leg_controller/lib/python3.10/site-packages/six_leg_controller
[1.073s] byte-compiling /home/riley/ros2_ws/install/six_leg_controller/lib/python3.10/site-packages/six_leg_controller/__init__.py to __init__.cpython-310.pyc
[1.073s] running install_data
[1.074s] creating /home/riley/ros2_ws/install/six_leg_controller/share/ament_index
[1.074s] creating /home/riley/ros2_ws/install/six_leg_controller/share/ament_index/resource_index
[1.074s] creating /home/riley/ros2_ws/install/six_leg_controller/share/ament_index/resource_index/packages
[1.074s] copying resource/six_leg_controller -> /home/riley/ros2_ws/install/six_leg_controller/share/ament_index/resource_index/packages
[1.074s] copying package.xml -> /home/riley/ros2_ws/install/six_leg_controller/share/six_leg_controller
[1.074s] running install_egg_info
[1.076s] Copying ../../build/six_leg_controller/six_leg_controller.egg-info to /home/riley/ros2_ws/install/six_leg_controller/lib/python3.10/site-packages/six_leg_controller-0.0.0-py3.10.egg-info
[1.077s] running install_scripts
[1.100s] writing list of installed files to '/home/riley/ros2_ws/build/six_leg_controller/install.log'
[1.131s] Invoked command in '/home/riley/ros2_ws/src/six_leg_controller' returned '0': PYTHONPATH=/home/riley/ros2_ws/build/six_leg_controller/prefix_override:/home/riley/ros2_ws/install/six_leg_controller/lib/python3.10/site-packages:${PYTHONPATH} /usr/bin/python3 setup.py egg_info --egg-base ../../build/six_leg_controller build --build-base /home/riley/ros2_ws/build/six_leg_controller/build install --record /home/riley/ros2_ws/build/six_leg_controller/install.log --single-version-externally-managed
