[0.713s] DEBUG:colcon:Command line arguments: ['/home/riley/.local/bin/colcon', 'build', '--packages-select', 'cpp_pubsub']
[0.713s] DEBUG:colcon:Parsed command line arguments: Namespace(log_base=None, log_level=None, verb_name='build', build_base='build', install_base='install', merge_install=False, symlink_install=False, test_result_base=None, continue_on_error=False, executor='parallel', parallel_workers=8, event_handlers=None, ignore_user_meta=False, metas=['./colcon.meta'], base_paths=['.'], packages_ignore=None, packages_ignore_regex=None, paths=None, packages_up_to=None, packages_up_to_regex=None, packages_above=None, packages_above_and_dependencies=None, packages_above_depth=None, packages_select_by_dep=None, packages_skip_by_dep=None, packages_skip_up_to=None, packages_select_build_failed=False, packages_skip_build_finished=False, packages_select_test_failures=False, packages_skip_test_passed=False, packages_select=['cpp_pubsub'], packages_skip=None, packages_select_regex=None, packages_skip_regex=None, packages_start=None, packages_end=None, cmake_args=None, cmake_target=None, cmake_target_skip_unavailable=False, cmake_clean_cache=False, cmake_clean_first=False, cmake_force_configure=False, ament_cmake_args=None, catkin_cmake_args=None, catkin_skip_building_tests=False, verb_parser=<colcon_defaults.argument_parser.defaults.DefaultArgumentsDecorator object at 0x7fde4ca52a10>, verb_extension=<colcon_core.verb.build.BuildVerb object at 0x7fde4cea57e0>, main=<bound method BuildVerb.main of <colcon_core.verb.build.BuildVerb object at 0x7fde4cea57e0>>)
[0.744s] Level 1:colcon.colcon_core.package_discovery:discover_packages(colcon_meta) check parameters
[0.744s] Level 1:colcon.colcon_core.package_discovery:discover_packages(recursive) check parameters
[0.744s] Level 1:colcon.colcon_core.package_discovery:discover_packages(ignore) check parameters
[0.744s] Level 1:colcon.colcon_core.package_discovery:discover_packages(path) check parameters
[0.744s] Level 1:colcon.colcon_core.package_discovery:discover_packages(colcon_meta) discover
[0.744s] Level 1:colcon.colcon_core.package_discovery:discover_packages(recursive) discover
[0.744s] INFO:colcon.colcon_core.package_discovery:Crawling recursively for packages in '/home/riley/ros2_ws'
[0.745s] Level 1:colcon.colcon_core.package_identification:_identify(.) by extensions ['ignore', 'ignore_ament_install']
[0.745s] Level 1:colcon.colcon_core.package_identification:_identify(.) by extension 'ignore'
[0.745s] Level 1:colcon.colcon_core.package_identification:_identify(.) by extension 'ignore_ament_install'
[0.745s] Level 1:colcon.colcon_core.package_identification:_identify(.) by extensions ['colcon_pkg']
[0.745s] Level 1:colcon.colcon_core.package_identification:_identify(.) by extension 'colcon_pkg'
[0.745s] Level 1:colcon.colcon_core.package_identification:_identify(.) by extensions ['colcon_meta']
[0.745s] Level 1:colcon.colcon_core.package_identification:_identify(.) by extension 'colcon_meta'
[0.745s] Level 1:colcon.colcon_core.package_identification:_identify(.) by extensions ['ros']
[0.745s] Level 1:colcon.colcon_core.package_identification:_identify(.) by extension 'ros'
[0.752s] Level 1:colcon.colcon_core.package_identification:_identify(.) by extensions ['cmake', 'python']
[0.752s] Level 1:colcon.colcon_core.package_identification:_identify(.) by extension 'cmake'
[0.752s] Level 1:colcon.colcon_core.package_identification:_identify(.) by extension 'python'
[0.752s] Level 1:colcon.colcon_core.package_identification:_identify(.) by extensions ['python_setup_py']
[0.752s] Level 1:colcon.colcon_core.package_identification:_identify(.) by extension 'python_setup_py'
[0.752s] Level 1:colcon.colcon_core.package_identification:_identify(build) by extensions ['ignore', 'ignore_ament_install']
[0.752s] Level 1:colcon.colcon_core.package_identification:_identify(build) by extension 'ignore'
[0.752s] Level 1:colcon.colcon_core.package_identification:_identify(build) ignored
[0.752s] Level 1:colcon.colcon_core.package_identification:_identify(install) by extensions ['ignore', 'ignore_ament_install']
[0.753s] Level 1:colcon.colcon_core.package_identification:_identify(install) by extension 'ignore'
[0.753s] Level 1:colcon.colcon_core.package_identification:_identify(install) ignored
[0.753s] Level 1:colcon.colcon_core.package_identification:_identify(log) by extensions ['ignore', 'ignore_ament_install']
[0.753s] Level 1:colcon.colcon_core.package_identification:_identify(log) by extension 'ignore'
[0.753s] Level 1:colcon.colcon_core.package_identification:_identify(log) ignored
[0.753s] Level 1:colcon.colcon_core.package_identification:_identify(src) by extensions ['ignore', 'ignore_ament_install']
[0.753s] Level 1:colcon.colcon_core.package_identification:_identify(src) by extension 'ignore'
[0.753s] Level 1:colcon.colcon_core.package_identification:_identify(src) by extension 'ignore_ament_install'
[0.753s] Level 1:colcon.colcon_core.package_identification:_identify(src) by extensions ['colcon_pkg']
[0.753s] Level 1:colcon.colcon_core.package_identification:_identify(src) by extension 'colcon_pkg'
[0.753s] Level 1:colcon.colcon_core.package_identification:_identify(src) by extensions ['colcon_meta']
[0.753s] Level 1:colcon.colcon_core.package_identification:_identify(src) by extension 'colcon_meta'
[0.753s] Level 1:colcon.colcon_core.package_identification:_identify(src) by extensions ['ros']
[0.753s] Level 1:colcon.colcon_core.package_identification:_identify(src) by extension 'ros'
[0.753s] Level 1:colcon.colcon_core.package_identification:_identify(src) by extensions ['cmake', 'python']
[0.753s] Level 1:colcon.colcon_core.package_identification:_identify(src) by extension 'cmake'
[0.753s] Level 1:colcon.colcon_core.package_identification:_identify(src) by extension 'python'
[0.753s] Level 1:colcon.colcon_core.package_identification:_identify(src) by extensions ['python_setup_py']
[0.753s] Level 1:colcon.colcon_core.package_identification:_identify(src) by extension 'python_setup_py'
[0.753s] Level 1:colcon.colcon_core.package_identification:_identify(src/build) by extensions ['ignore', 'ignore_ament_install']
[0.753s] Level 1:colcon.colcon_core.package_identification:_identify(src/build) by extension 'ignore'
[0.753s] Level 1:colcon.colcon_core.package_identification:_identify(src/build) ignored
[0.753s] Level 1:colcon.colcon_core.package_identification:_identify(src/cpp_pubsub) by extensions ['ignore', 'ignore_ament_install']
[0.753s] Level 1:colcon.colcon_core.package_identification:_identify(src/cpp_pubsub) by extension 'ignore'
[0.753s] Level 1:colcon.colcon_core.package_identification:_identify(src/cpp_pubsub) by extension 'ignore_ament_install'
[0.753s] Level 1:colcon.colcon_core.package_identification:_identify(src/cpp_pubsub) by extensions ['colcon_pkg']
[0.753s] Level 1:colcon.colcon_core.package_identification:_identify(src/cpp_pubsub) by extension 'colcon_pkg'
[0.753s] Level 1:colcon.colcon_core.package_identification:_identify(src/cpp_pubsub) by extensions ['colcon_meta']
[0.754s] Level 1:colcon.colcon_core.package_identification:_identify(src/cpp_pubsub) by extension 'colcon_meta'
[0.754s] Level 1:colcon.colcon_core.package_identification:_identify(src/cpp_pubsub) by extensions ['ros']
[0.754s] Level 1:colcon.colcon_core.package_identification:_identify(src/cpp_pubsub) by extension 'ros'
[0.755s] DEBUG:colcon.colcon_core.package_identification:Package 'src/cpp_pubsub' with type 'ros.ament_cmake' and name 'cpp_pubsub'
[0.755s] Level 1:colcon.colcon_core.package_identification:_identify(src/cpp_srvcli) by extensions ['ignore', 'ignore_ament_install']
[0.755s] Level 1:colcon.colcon_core.package_identification:_identify(src/cpp_srvcli) by extension 'ignore'
[0.755s] Level 1:colcon.colcon_core.package_identification:_identify(src/cpp_srvcli) by extension 'ignore_ament_install'
[0.755s] Level 1:colcon.colcon_core.package_identification:_identify(src/cpp_srvcli) by extensions ['colcon_pkg']
[0.755s] Level 1:colcon.colcon_core.package_identification:_identify(src/cpp_srvcli) by extension 'colcon_pkg'
[0.755s] Level 1:colcon.colcon_core.package_identification:_identify(src/cpp_srvcli) by extensions ['colcon_meta']
[0.755s] Level 1:colcon.colcon_core.package_identification:_identify(src/cpp_srvcli) by extension 'colcon_meta'
[0.755s] Level 1:colcon.colcon_core.package_identification:_identify(src/cpp_srvcli) by extensions ['ros']
[0.755s] Level 1:colcon.colcon_core.package_identification:_identify(src/cpp_srvcli) by extension 'ros'
[0.756s] DEBUG:colcon.colcon_core.package_identification:Package 'src/cpp_srvcli' with type 'ros.ament_cmake' and name 'cpp_srvcli'
[0.756s] Level 1:colcon.colcon_core.package_identification:_identify(src/install) by extensions ['ignore', 'ignore_ament_install']
[0.756s] Level 1:colcon.colcon_core.package_identification:_identify(src/install) by extension 'ignore'
[0.756s] Level 1:colcon.colcon_core.package_identification:_identify(src/install) ignored
[0.756s] Level 1:colcon.colcon_core.package_identification:_identify(src/log) by extensions ['ignore', 'ignore_ament_install']
[0.756s] Level 1:colcon.colcon_core.package_identification:_identify(src/log) by extension 'ignore'
[0.756s] Level 1:colcon.colcon_core.package_identification:_identify(src/log) ignored
[0.756s] Level 1:colcon.colcon_core.package_identification:_identify(src/my_package) by extensions ['ignore', 'ignore_ament_install']
[0.756s] Level 1:colcon.colcon_core.package_identification:_identify(src/my_package) by extension 'ignore'
[0.756s] Level 1:colcon.colcon_core.package_identification:_identify(src/my_package) by extension 'ignore_ament_install'
[0.756s] Level 1:colcon.colcon_core.package_identification:_identify(src/my_package) by extensions ['colcon_pkg']
[0.756s] Level 1:colcon.colcon_core.package_identification:_identify(src/my_package) by extension 'colcon_pkg'
[0.756s] Level 1:colcon.colcon_core.package_identification:_identify(src/my_package) by extensions ['colcon_meta']
[0.756s] Level 1:colcon.colcon_core.package_identification:_identify(src/my_package) by extension 'colcon_meta'
[0.756s] Level 1:colcon.colcon_core.package_identification:_identify(src/my_package) by extensions ['ros']
[0.756s] Level 1:colcon.colcon_core.package_identification:_identify(src/my_package) by extension 'ros'
[0.757s] DEBUG:colcon.colcon_core.package_identification:Package 'src/my_package' with type 'ros.ament_cmake' and name 'my_package'
[0.757s] Level 1:colcon.colcon_core.package_identification:_identify(src/myworkcell_core) by extensions ['ignore', 'ignore_ament_install']
[0.757s] Level 1:colcon.colcon_core.package_identification:_identify(src/myworkcell_core) by extension 'ignore'
[0.757s] Level 1:colcon.colcon_core.package_identification:_identify(src/myworkcell_core) by extension 'ignore_ament_install'
[0.757s] Level 1:colcon.colcon_core.package_identification:_identify(src/myworkcell_core) by extensions ['colcon_pkg']
[0.757s] Level 1:colcon.colcon_core.package_identification:_identify(src/myworkcell_core) by extension 'colcon_pkg'
[0.757s] Level 1:colcon.colcon_core.package_identification:_identify(src/myworkcell_core) by extensions ['colcon_meta']
[0.757s] Level 1:colcon.colcon_core.package_identification:_identify(src/myworkcell_core) by extension 'colcon_meta'
[0.757s] Level 1:colcon.colcon_core.package_identification:_identify(src/myworkcell_core) by extensions ['ros']
[0.757s] Level 1:colcon.colcon_core.package_identification:_identify(src/myworkcell_core) by extension 'ros'
[0.757s] DEBUG:colcon.colcon_core.package_identification:Package 'src/myworkcell_core' with type 'ros.ament_cmake' and name 'myworkcell_core'
[0.757s] Level 1:colcon.colcon_core.package_identification:_identify(src/six_leg_controller) by extensions ['ignore', 'ignore_ament_install']
[0.757s] Level 1:colcon.colcon_core.package_identification:_identify(src/six_leg_controller) by extension 'ignore'
[0.757s] Level 1:colcon.colcon_core.package_identification:_identify(src/six_leg_controller) by extension 'ignore_ament_install'
[0.757s] Level 1:colcon.colcon_core.package_identification:_identify(src/six_leg_controller) by extensions ['colcon_pkg']
[0.758s] Level 1:colcon.colcon_core.package_identification:_identify(src/six_leg_controller) by extension 'colcon_pkg'
[0.758s] Level 1:colcon.colcon_core.package_identification:_identify(src/six_leg_controller) by extensions ['colcon_meta']
[0.758s] Level 1:colcon.colcon_core.package_identification:_identify(src/six_leg_controller) by extension 'colcon_meta'
[0.758s] Level 1:colcon.colcon_core.package_identification:_identify(src/six_leg_controller) by extensions ['ros']
[0.758s] Level 1:colcon.colcon_core.package_identification:_identify(src/six_leg_controller) by extension 'ros'
[0.758s] DEBUG:colcon.colcon_core.package_identification:Package 'src/six_leg_controller' with type 'ros.ament_python' and name 'six_leg_controller'
[0.758s] Level 1:colcon.colcon_core.package_identification:_identify(src/tutorial_interfaces) by extensions ['ignore', 'ignore_ament_install']
[0.758s] Level 1:colcon.colcon_core.package_identification:_identify(src/tutorial_interfaces) by extension 'ignore'
[0.758s] Level 1:colcon.colcon_core.package_identification:_identify(src/tutorial_interfaces) by extension 'ignore_ament_install'
[0.758s] Level 1:colcon.colcon_core.package_identification:_identify(src/tutorial_interfaces) by extensions ['colcon_pkg']
[0.758s] Level 1:colcon.colcon_core.package_identification:_identify(src/tutorial_interfaces) by extension 'colcon_pkg'
[0.758s] Level 1:colcon.colcon_core.package_identification:_identify(src/tutorial_interfaces) by extensions ['colcon_meta']
[0.758s] Level 1:colcon.colcon_core.package_identification:_identify(src/tutorial_interfaces) by extension 'colcon_meta'
[0.758s] Level 1:colcon.colcon_core.package_identification:_identify(src/tutorial_interfaces) by extensions ['ros']
[0.758s] Level 1:colcon.colcon_core.package_identification:_identify(src/tutorial_interfaces) by extension 'ros'
[0.759s] DEBUG:colcon.colcon_core.package_identification:Package 'src/tutorial_interfaces' with type 'ros.ament_cmake' and name 'tutorial_interfaces'
[0.759s] Level 1:colcon.colcon_core.package_discovery:discover_packages(recursive) using defaults
[0.759s] Level 1:colcon.colcon_core.package_discovery:discover_packages(ignore) discover
[0.759s] Level 1:colcon.colcon_core.package_discovery:discover_packages(ignore) using defaults
[0.759s] Level 1:colcon.colcon_core.package_discovery:discover_packages(path) discover
[0.759s] Level 1:colcon.colcon_core.package_discovery:discover_packages(path) using defaults
[0.802s] INFO:colcon.colcon_core.package_selection:Skipping not selected package 'cpp_srvcli' in 'src/cpp_srvcli'
[0.802s] INFO:colcon.colcon_core.package_selection:Skipping not selected package 'my_package' in 'src/my_package'
[0.802s] INFO:colcon.colcon_core.package_selection:Skipping not selected package 'myworkcell_core' in 'src/myworkcell_core'
[0.802s] INFO:colcon.colcon_core.package_selection:Skipping not selected package 'six_leg_controller' in 'src/six_leg_controller'
[0.802s] INFO:colcon.colcon_core.package_selection:Skipping not selected package 'tutorial_interfaces' in 'src/tutorial_interfaces'
[0.812s] Level 5:colcon.colcon_core.verb:set package 'cpp_pubsub' build argument 'cmake_args' from command line to 'None'
[0.812s] Level 5:colcon.colcon_core.verb:set package 'cpp_pubsub' build argument 'cmake_target' from command line to 'None'
[0.812s] Level 5:colcon.colcon_core.verb:set package 'cpp_pubsub' build argument 'cmake_target_skip_unavailable' from command line to 'False'
[0.812s] Level 5:colcon.colcon_core.verb:set package 'cpp_pubsub' build argument 'cmake_clean_cache' from command line to 'False'
[0.812s] Level 5:colcon.colcon_core.verb:set package 'cpp_pubsub' build argument 'cmake_clean_first' from command line to 'False'
[0.812s] Level 5:colcon.colcon_core.verb:set package 'cpp_pubsub' build argument 'cmake_force_configure' from command line to 'False'
[0.812s] Level 5:colcon.colcon_core.verb:set package 'cpp_pubsub' build argument 'ament_cmake_args' from command line to 'None'
[0.812s] Level 5:colcon.colcon_core.verb:set package 'cpp_pubsub' build argument 'catkin_cmake_args' from command line to 'None'
[0.812s] Level 5:colcon.colcon_core.verb:set package 'cpp_pubsub' build argument 'catkin_skip_building_tests' from command line to 'False'
[0.812s] DEBUG:colcon.colcon_core.verb:Building package 'cpp_pubsub' with the following arguments: {'ament_cmake_args': None, 'build_base': '/home/riley/ros2_ws/build/cpp_pubsub', 'catkin_cmake_args': None, 'catkin_skip_building_tests': False, 'cmake_args': None, 'cmake_clean_cache': False, 'cmake_clean_first': False, 'cmake_force_configure': False, 'cmake_target': None, 'cmake_target_skip_unavailable': False, 'install_base': '/home/riley/ros2_ws/install/cpp_pubsub', 'merge_install': False, 'path': '/home/riley/ros2_ws/src/cpp_pubsub', 'symlink_install': False, 'test_result_base': None}
[0.822s] INFO:colcon.colcon_core.executor:Executing jobs using 'parallel' executor
[0.832s] DEBUG:colcon.colcon_parallel_executor.executor.parallel:run_until_complete
[0.832s] INFO:colcon.colcon_ros.task.ament_cmake.build:Building ROS package in '/home/riley/ros2_ws/src/cpp_pubsub' with build type 'ament_cmake'
[0.832s] INFO:colcon.colcon_cmake.task.cmake.build:Building CMake package in '/home/riley/ros2_ws/src/cpp_pubsub'
[0.844s] INFO:colcon.colcon_core.plugin_system:Skipping extension 'colcon_core.shell.bat': Not used on non-Windows systems
[0.844s] INFO:colcon.colcon_core.shell:Skip shell extension 'powershell' for command environment: Not usable outside of PowerShell
[0.844s] DEBUG:colcon.colcon_core.shell:Skip shell extension 'dsv' for command environment
[0.899s] DEBUG:colcon.colcon_core.event_handler.log_command:Invoking command in '/home/riley/ros2_ws/build/cpp_pubsub': CMAKE_PREFIX_PATH=${CMAKE_PREFIX_PATH}:/home/riley/ros2_ws/install/six_leg_controller:/home/riley/ros2_ws/src/install/six_leg_controller:/opt/ros/humble /usr/bin/cmake --build /home/riley/ros2_ws/build/cpp_pubsub -- -j8 -l8
[8.803s] DEBUG:colcon.colcon_core.event_handler.log_command:Invoked command in '/home/riley/ros2_ws/build/cpp_pubsub' returned '0': CMAKE_PREFIX_PATH=${CMAKE_PREFIX_PATH}:/home/riley/ros2_ws/install/six_leg_controller:/home/riley/ros2_ws/src/install/six_leg_controller:/opt/ros/humble /usr/bin/cmake --build /home/riley/ros2_ws/build/cpp_pubsub -- -j8 -l8
[8.838s] DEBUG:colcon.colcon_core.event_handler.log_command:Invoking command in '/home/riley/ros2_ws/build/cpp_pubsub': CMAKE_PREFIX_PATH=${CMAKE_PREFIX_PATH}:/home/riley/ros2_ws/install/six_leg_controller:/home/riley/ros2_ws/src/install/six_leg_controller:/opt/ros/humble /usr/bin/cmake --install /home/riley/ros2_ws/build/cpp_pubsub
[8.855s] Level 1:colcon.colcon_core.environment:create_environment_scripts_only(cpp_pubsub)
[8.856s] DEBUG:colcon.colcon_core.event_handler.log_command:Invoked command in '/home/riley/ros2_ws/build/cpp_pubsub' returned '0': CMAKE_PREFIX_PATH=${CMAKE_PREFIX_PATH}:/home/riley/ros2_ws/install/six_leg_controller:/home/riley/ros2_ws/src/install/six_leg_controller:/opt/ros/humble /usr/bin/cmake --install /home/riley/ros2_ws/build/cpp_pubsub
[8.938s] Level 1:colcon.colcon_core.environment:checking '/home/riley/ros2_ws/install/cpp_pubsub' for CMake module files
[8.938s] Level 1:colcon.colcon_core.environment:checking '/home/riley/ros2_ws/install/cpp_pubsub' for CMake config files
[8.939s] Level 1:colcon.colcon_core.shell:create_environment_hook('cpp_pubsub', 'cmake_prefix_path')
[8.950s] INFO:colcon.colcon_core.shell:Creating environment hook '/home/riley/ros2_ws/install/cpp_pubsub/share/cpp_pubsub/hook/cmake_prefix_path.ps1'
[8.951s] INFO:colcon.colcon_core.shell:Creating environment descriptor '/home/riley/ros2_ws/install/cpp_pubsub/share/cpp_pubsub/hook/cmake_prefix_path.dsv'
[8.952s] INFO:colcon.colcon_core.shell:Creating environment hook '/home/riley/ros2_ws/install/cpp_pubsub/share/cpp_pubsub/hook/cmake_prefix_path.sh'
[8.952s] Level 1:colcon.colcon_core.environment:checking '/home/riley/ros2_ws/install/cpp_pubsub/lib'
[8.953s] Level 1:colcon.colcon_core.environment:checking '/home/riley/ros2_ws/install/cpp_pubsub/bin'
[8.953s] Level 1:colcon.colcon_core.environment:checking '/home/riley/ros2_ws/install/cpp_pubsub/lib/pkgconfig/cpp_pubsub.pc'
[8.954s] Level 1:colcon.colcon_core.environment:checking '/home/riley/ros2_ws/install/cpp_pubsub/lib/python3.10/site-packages'
[8.955s] Level 1:colcon.colcon_core.environment:checking '/home/riley/ros2_ws/install/cpp_pubsub/bin'
[8.966s] INFO:colcon.colcon_core.shell:Creating package script '/home/riley/ros2_ws/install/cpp_pubsub/share/cpp_pubsub/package.ps1'
[8.967s] INFO:colcon.colcon_core.shell:Creating package descriptor '/home/riley/ros2_ws/install/cpp_pubsub/share/cpp_pubsub/package.dsv'
[8.968s] INFO:colcon.colcon_core.shell:Creating package script '/home/riley/ros2_ws/install/cpp_pubsub/share/cpp_pubsub/package.sh'
[8.970s] INFO:colcon.colcon_core.shell:Creating package script '/home/riley/ros2_ws/install/cpp_pubsub/share/cpp_pubsub/package.bash'
[8.971s] INFO:colcon.colcon_core.shell:Creating package script '/home/riley/ros2_ws/install/cpp_pubsub/share/cpp_pubsub/package.zsh'
[8.972s] Level 1:colcon.colcon_core.environment:create_file_with_runtime_dependencies(/home/riley/ros2_ws/install/cpp_pubsub/share/colcon-core/packages/cpp_pubsub)
[9.011s] Level 1:colcon.colcon_core.environment:create_environment_scripts_only(cpp_pubsub)
[9.022s] Level 1:colcon.colcon_core.environment:checking '/home/riley/ros2_ws/install/cpp_pubsub' for CMake module files
[9.022s] Level 1:colcon.colcon_core.environment:checking '/home/riley/ros2_ws/install/cpp_pubsub' for CMake config files
[9.022s] Level 1:colcon.colcon_core.shell:create_environment_hook('cpp_pubsub', 'cmake_prefix_path')
[9.037s] INFO:colcon.colcon_core.shell:Creating environment hook '/home/riley/ros2_ws/install/cpp_pubsub/share/cpp_pubsub/hook/cmake_prefix_path.ps1'
[9.037s] INFO:colcon.colcon_core.shell:Creating environment descriptor '/home/riley/ros2_ws/install/cpp_pubsub/share/cpp_pubsub/hook/cmake_prefix_path.dsv'
[9.037s] INFO:colcon.colcon_core.shell:Creating environment hook '/home/riley/ros2_ws/install/cpp_pubsub/share/cpp_pubsub/hook/cmake_prefix_path.sh'
[9.038s] Level 1:colcon.colcon_core.environment:checking '/home/riley/ros2_ws/install/cpp_pubsub/lib'
[9.038s] Level 1:colcon.colcon_core.environment:checking '/home/riley/ros2_ws/install/cpp_pubsub/bin'
[9.038s] Level 1:colcon.colcon_core.environment:checking '/home/riley/ros2_ws/install/cpp_pubsub/lib/pkgconfig/cpp_pubsub.pc'
[9.038s] Level 1:colcon.colcon_core.environment:checking '/home/riley/ros2_ws/install/cpp_pubsub/lib/python3.10/site-packages'
[9.038s] Level 1:colcon.colcon_core.environment:checking '/home/riley/ros2_ws/install/cpp_pubsub/bin'
[9.052s] INFO:colcon.colcon_core.shell:Creating package script '/home/riley/ros2_ws/install/cpp_pubsub/share/cpp_pubsub/package.ps1'
[9.053s] INFO:colcon.colcon_core.shell:Creating package descriptor '/home/riley/ros2_ws/install/cpp_pubsub/share/cpp_pubsub/package.dsv'
[9.053s] INFO:colcon.colcon_core.shell:Creating package script '/home/riley/ros2_ws/install/cpp_pubsub/share/cpp_pubsub/package.sh'
[9.054s] INFO:colcon.colcon_core.shell:Creating package script '/home/riley/ros2_ws/install/cpp_pubsub/share/cpp_pubsub/package.bash'
[9.054s] INFO:colcon.colcon_core.shell:Creating package script '/home/riley/ros2_ws/install/cpp_pubsub/share/cpp_pubsub/package.zsh'
[9.055s] Level 1:colcon.colcon_core.environment:create_file_with_runtime_dependencies(/home/riley/ros2_ws/install/cpp_pubsub/share/colcon-core/packages/cpp_pubsub)
[9.055s] DEBUG:colcon.colcon_parallel_executor.executor.parallel:closing loop
[9.055s] DEBUG:colcon.colcon_parallel_executor.executor.parallel:loop closed
[9.055s] DEBUG:colcon.colcon_parallel_executor.executor.parallel:run_until_complete finished with '0'
[9.055s] DEBUG:colcon.colcon_core.event_reactor:joining thread
[9.075s] INFO:colcon.colcon_core.plugin_system:Skipping extension 'colcon_notification.desktop_notification.terminal_notifier': Not used on non-Darwin systems
[9.076s] INFO:colcon.colcon_core.plugin_system:Skipping extension 'colcon_notification.desktop_notification.win32': Not used on non-Windows systems
[9.076s] INFO:colcon.colcon_notification.desktop_notification:Sending desktop notification using 'notify2'
[9.088s] DEBUG:colcon.colcon_core.event_reactor:joined thread
[9.103s] INFO:colcon.colcon_core.shell:Creating prefix script '/home/riley/ros2_ws/install/local_setup.ps1'
[9.104s] INFO:colcon.colcon_core.shell:Creating prefix util module '/home/riley/ros2_ws/install/_local_setup_util_ps1.py'
[9.105s] INFO:colcon.colcon_core.shell:Creating prefix chain script '/home/riley/ros2_ws/install/setup.ps1'
[9.124s] INFO:colcon.colcon_core.shell:Creating prefix script '/home/riley/ros2_ws/install/local_setup.sh'
[9.124s] INFO:colcon.colcon_core.shell:Creating prefix util module '/home/riley/ros2_ws/install/_local_setup_util_sh.py'
[9.125s] INFO:colcon.colcon_core.shell:Creating prefix chain script '/home/riley/ros2_ws/install/setup.sh'
[9.142s] INFO:colcon.colcon_core.shell:Creating prefix script '/home/riley/ros2_ws/install/local_setup.bash'
[9.143s] INFO:colcon.colcon_core.shell:Creating prefix chain script '/home/riley/ros2_ws/install/setup.bash'
[9.159s] INFO:colcon.colcon_core.shell:Creating prefix script '/home/riley/ros2_ws/install/local_setup.zsh'
[9.160s] INFO:colcon.colcon_core.shell:Creating prefix chain script '/home/riley/ros2_ws/install/setup.zsh'
