[0.121s] Invoking command in '/home/riley/ros2_ws/src/build/cpp_pubsub': CMAKE_PREFIX_PATH=/opt/ros/humble /usr/bin/cmake /home/riley/ros2_ws/src/cpp_pubsub -DCMAKE_INSTALL_PREFIX=/home/riley/ros2_ws/src/install/cpp_pubsub
[0.216s] -- The C compiler identification is GNU 11.4.0
[0.282s] -- The CXX compiler identification is GNU 11.4.0
[0.293s] -- Detecting C compiler ABI info
[0.348s] -- Detecting C compiler ABI info - done
[0.352s] -- Check for working C compiler: /usr/bin/cc - skipped
[0.353s] -- Detecting C compile features
[0.353s] -- Detecting C compile features - done
[0.357s] -- Detecting CXX compiler ABI info
[0.424s] -- Detecting CXX compiler ABI info - done
[0.429s] -- Check for working CXX compiler: /usr/bin/c++ - skipped
[0.429s] -- Detecting CXX compile features
[0.429s] -- Detecting CXX compile features - done
[0.431s] -- Found ament_cmake: 1.3.5 (/opt/ros/humble/share/ament_cmake/cmake)
[0.564s] -- Found Python3: /usr/bin/python3.10 (found version "3.10.12") found components: Interpreter 
[0.652s] -- Found rclcpp: 16.0.6 (/opt/ros/humble/share/rclcpp/cmake)
[0.708s] -- Found rosidl_generator_c: 3.1.5 (/opt/ros/humble/share/rosidl_generator_c/cmake)
[0.713s] -- Found rosidl_adapter: 3.1.5 (/opt/ros/humble/share/rosidl_adapter/cmake)
[0.723s] -- Found rosidl_generator_cpp: 3.1.5 (/opt/ros/humble/share/rosidl_generator_cpp/cmake)
[0.740s] -- Using all available rosidl_typesupport_c: rosidl_typesupport_fastrtps_c;rosidl_typesupport_introspection_c
[0.761s] -- Using all available rosidl_typesupport_cpp: rosidl_typesupport_fastrtps_cpp;rosidl_typesupport_introspection_cpp
[0.835s] -- Found rmw_implementation_cmake: 6.1.1 (/opt/ros/humble/share/rmw_implementation_cmake/cmake)
[0.838s] -- Found rmw_fastrtps_cpp: 6.2.4 (/opt/ros/humble/share/rmw_fastrtps_cpp/cmake)
[0.929s] -- Found OpenSSL: /usr/lib/x86_64-linux-gnu/libcrypto.so (found version "3.0.2")  
[0.951s] -- Found FastRTPS: /opt/ros/humble/include  
[0.987s] -- Using RMW implementation 'rmw_fastrtps_cpp' as default
[1.000s] -- Looking for pthread.h
[1.056s] -- Looking for pthread.h - found
[1.056s] -- Performing Test CMAKE_HAVE_LIBC_PTHREAD
[1.109s] -- Performing Test CMAKE_HAVE_LIBC_PTHREAD - Success
[1.109s] -- Found Threads: TRUE  
[1.242s] -- Found ament_lint_auto: 0.12.8 (/opt/ros/humble/share/ament_lint_auto/cmake)
[1.301s] -- Added test 'cppcheck' to perform static code analysis on C / C++ code
[1.301s] -- Configured cppcheck include dirs: 
[1.301s] -- Configured cppcheck exclude dirs and/or files: 
[1.301s] -- Added test 'lint_cmake' to check CMake code style
[1.302s] -- Added test 'uncrustify' to check C / C++ code style
[1.302s] -- Configured uncrustify additional arguments: 
[1.302s] -- Added test 'xmllint' to check XML markup files
[1.303s] -- Configuring done
[1.311s] -- Generating done
[1.312s] -- Build files have been written to: /home/riley/ros2_ws/src/build/cpp_pubsub
[1.319s] Invoked command in '/home/riley/ros2_ws/src/build/cpp_pubsub' returned '0': CMAKE_PREFIX_PATH=/opt/ros/humble /usr/bin/cmake /home/riley/ros2_ws/src/cpp_pubsub -DCMAKE_INSTALL_PREFIX=/home/riley/ros2_ws/src/install/cpp_pubsub
[1.320s] Invoking command in '/home/riley/ros2_ws/src/build/cpp_pubsub': CMAKE_PREFIX_PATH=/opt/ros/humble /usr/bin/cmake --build /home/riley/ros2_ws/src/build/cpp_pubsub -- -j8 -l8
[1.354s] [ 50%] [32mBuilding CXX object CMakeFiles/listener.dir/src/subscriber_member_function.cpp.o[0m
[1.354s] [ 50%] [32mBuilding CXX object CMakeFiles/talker.dir/src/publisher_member_function.cpp.o[0m
[5.607s] [ 75%] [32m[1mLinking CXX executable talker[0m
[5.783s] [ 75%] Built target talker
[8.467s] [100%] [32m[1mLinking CXX executable listener[0m
[8.730s] [100%] Built target listener
[8.738s] Invoked command in '/home/riley/ros2_ws/src/build/cpp_pubsub' returned '0': CMAKE_PREFIX_PATH=/opt/ros/humble /usr/bin/cmake --build /home/riley/ros2_ws/src/build/cpp_pubsub -- -j8 -l8
[8.757s] Invoking command in '/home/riley/ros2_ws/src/build/cpp_pubsub': CMAKE_PREFIX_PATH=/opt/ros/humble /usr/bin/cmake --install /home/riley/ros2_ws/src/build/cpp_pubsub
[8.762s] -- Install configuration: ""
[8.762s] -- Installing: /home/riley/ros2_ws/src/install/cpp_pubsub/lib/cpp_pubsub/talker
[8.763s] -- Set runtime path of "/home/riley/ros2_ws/src/install/cpp_pubsub/lib/cpp_pubsub/talker" to ""
[8.763s] -- Installing: /home/riley/ros2_ws/src/install/cpp_pubsub/lib/cpp_pubsub/listener
[8.766s] -- Set runtime path of "/home/riley/ros2_ws/src/install/cpp_pubsub/lib/cpp_pubsub/listener" to ""
[8.766s] -- Installing: /home/riley/ros2_ws/src/install/cpp_pubsub/share/ament_index/resource_index/package_run_dependencies/cpp_pubsub
[8.766s] -- Installing: /home/riley/ros2_ws/src/install/cpp_pubsub/share/ament_index/resource_index/parent_prefix_path/cpp_pubsub
[8.766s] -- Installing: /home/riley/ros2_ws/src/install/cpp_pubsub/share/cpp_pubsub/environment/ament_prefix_path.sh
[8.766s] -- Installing: /home/riley/ros2_ws/src/install/cpp_pubsub/share/cpp_pubsub/environment/ament_prefix_path.dsv
[8.766s] -- Installing: /home/riley/ros2_ws/src/install/cpp_pubsub/share/cpp_pubsub/environment/path.sh
[8.766s] -- Installing: /home/riley/ros2_ws/src/install/cpp_pubsub/share/cpp_pubsub/environment/path.dsv
[8.766s] -- Installing: /home/riley/ros2_ws/src/install/cpp_pubsub/share/cpp_pubsub/local_setup.bash
[8.766s] -- Installing: /home/riley/ros2_ws/src/install/cpp_pubsub/share/cpp_pubsub/local_setup.sh
[8.767s] -- Installing: /home/riley/ros2_ws/src/install/cpp_pubsub/share/cpp_pubsub/local_setup.zsh
[8.767s] -- Installing: /home/riley/ros2_ws/src/install/cpp_pubsub/share/cpp_pubsub/local_setup.dsv
[8.767s] -- Installing: /home/riley/ros2_ws/src/install/cpp_pubsub/share/cpp_pubsub/package.dsv
[8.767s] -- Installing: /home/riley/ros2_ws/src/install/cpp_pubsub/share/ament_index/resource_index/packages/cpp_pubsub
[8.767s] -- Installing: /home/riley/ros2_ws/src/install/cpp_pubsub/share/cpp_pubsub/cmake/cpp_pubsubConfig.cmake
[8.767s] -- Installing: /home/riley/ros2_ws/src/install/cpp_pubsub/share/cpp_pubsub/cmake/cpp_pubsubConfig-version.cmake
[8.767s] -- Installing: /home/riley/ros2_ws/src/install/cpp_pubsub/share/cpp_pubsub/package.xml
[8.769s] Invoked command in '/home/riley/ros2_ws/src/build/cpp_pubsub' returned '0': CMAKE_PREFIX_PATH=/opt/ros/humble /usr/bin/cmake --install /home/riley/ros2_ws/src/build/cpp_pubsub
