[0.066s] Invoking command in '/home/riley/ros2_ws/build/cpp_pubsub': CMAKE_PREFIX_PATH=${CMAKE_PREFIX_PATH}:/home/riley/ros2_ws/install/six_leg_controller:/home/riley/ros2_ws/src/install/six_leg_controller:/opt/ros/humble /usr/bin/cmake --build /home/riley/ros2_ws/build/cpp_pubsub -- -j8 -l8
[0.085s] -- Found ament_cmake: 1.3.5 (/opt/ros/humble/share/ament_cmake/cmake)
[0.194s] -- Found rclcpp: 16.0.6 (/opt/ros/humble/share/rclcpp/cmake)
[0.215s] -- Found rosidl_generator_c: 3.1.5 (/opt/ros/humble/share/rosidl_generator_c/cmake)
[0.216s] -- Found rosidl_adapter: 3.1.5 (/opt/ros/humble/share/rosidl_adapter/cmake)
[0.220s] -- Found rosidl_generator_cpp: 3.1.5 (/opt/ros/humble/share/rosidl_generator_cpp/cmake)
[0.228s] -- Using all available rosidl_typesupport_c: rosidl_typesupport_fastrtps_c;rosidl_typesupport_introspection_c
[0.239s] -- Using all available rosidl_typesupport_cpp: rosidl_typesupport_fastrtps_cpp;rosidl_typesupport_introspection_cpp
[0.281s] -- Found rmw_implementation_cmake: 6.1.1 (/opt/ros/humble/share/rmw_implementation_cmake/cmake)
[0.282s] -- Found rmw_fastrtps_cpp: 6.2.4 (/opt/ros/humble/share/rmw_fastrtps_cpp/cmake)
[0.386s] -- Using RMW implementation 'rmw_fastrtps_cpp' as default
[0.486s] -- Found tutorial_interfaces: 0.0.0 (/home/riley/ros2_ws/install/tutorial_interfaces/share/tutorial_interfaces/cmake)
[0.609s] -- Configuring done
[0.624s] -- Generating done
[0.625s] -- Build files have been written to: /home/riley/ros2_ws/build/cpp_pubsub
[0.649s] [35m[1mConsolidate compiler generated dependencies of target listener[0m
[0.649s] [35m[1mConsolidate compiler generated dependencies of target talker[0m
[0.664s] [ 50%] [32mBuilding CXX object CMakeFiles/talker.dir/src/publisher_member_function.cpp.o[0m
[0.664s] [ 50%] [32mBuilding CXX object CMakeFiles/listener.dir/src/subscriber_member_function.cpp.o[0m
[4.285s] [ 75%] [32m[1mLinking CXX executable talker[0m
[4.508s] [ 75%] Built target talker
[7.651s] [100%] [32m[1mLinking CXX executable listener[0m
[7.959s] [100%] Built target listener
[7.969s] Invoked command in '/home/riley/ros2_ws/build/cpp_pubsub' returned '0': CMAKE_PREFIX_PATH=${CMAKE_PREFIX_PATH}:/home/riley/ros2_ws/install/six_leg_controller:/home/riley/ros2_ws/src/install/six_leg_controller:/opt/ros/humble /usr/bin/cmake --build /home/riley/ros2_ws/build/cpp_pubsub -- -j8 -l8
[8.004s] Invoking command in '/home/riley/ros2_ws/build/cpp_pubsub': CMAKE_PREFIX_PATH=${CMAKE_PREFIX_PATH}:/home/riley/ros2_ws/install/six_leg_controller:/home/riley/ros2_ws/src/install/six_leg_controller:/opt/ros/humble /usr/bin/cmake --install /home/riley/ros2_ws/build/cpp_pubsub
[8.011s] -- Install configuration: ""
[8.013s] -- Installing: /home/riley/ros2_ws/install/cpp_pubsub/lib/cpp_pubsub/talker
[8.015s] -- Set runtime path of "/home/riley/ros2_ws/install/cpp_pubsub/lib/cpp_pubsub/talker" to ""
[8.016s] -- Installing: /home/riley/ros2_ws/install/cpp_pubsub/lib/cpp_pubsub/listener
[8.019s] -- Set runtime path of "/home/riley/ros2_ws/install/cpp_pubsub/lib/cpp_pubsub/listener" to ""
[8.019s] -- Up-to-date: /home/riley/ros2_ws/install/cpp_pubsub/share/ament_index/resource_index/package_run_dependencies/cpp_pubsub
[8.019s] -- Installing: /home/riley/ros2_ws/install/cpp_pubsub/share/ament_index/resource_index/parent_prefix_path/cpp_pubsub
[8.020s] -- Up-to-date: /home/riley/ros2_ws/install/cpp_pubsub/share/cpp_pubsub/environment/ament_prefix_path.sh
[8.020s] -- Installing: /home/riley/ros2_ws/install/cpp_pubsub/share/cpp_pubsub/environment/ament_prefix_path.dsv
[8.020s] -- Up-to-date: /home/riley/ros2_ws/install/cpp_pubsub/share/cpp_pubsub/environment/path.sh
[8.020s] -- Installing: /home/riley/ros2_ws/install/cpp_pubsub/share/cpp_pubsub/environment/path.dsv
[8.020s] -- Up-to-date: /home/riley/ros2_ws/install/cpp_pubsub/share/cpp_pubsub/local_setup.bash
[8.020s] -- Up-to-date: /home/riley/ros2_ws/install/cpp_pubsub/share/cpp_pubsub/local_setup.sh
[8.020s] -- Up-to-date: /home/riley/ros2_ws/install/cpp_pubsub/share/cpp_pubsub/local_setup.zsh
[8.021s] -- Installing: /home/riley/ros2_ws/install/cpp_pubsub/share/cpp_pubsub/local_setup.dsv
[8.021s] -- Installing: /home/riley/ros2_ws/install/cpp_pubsub/share/cpp_pubsub/package.dsv
[8.021s] -- Up-to-date: /home/riley/ros2_ws/install/cpp_pubsub/share/ament_index/resource_index/packages/cpp_pubsub
[8.021s] -- Up-to-date: /home/riley/ros2_ws/install/cpp_pubsub/share/cpp_pubsub/cmake/cpp_pubsubConfig.cmake
[8.021s] -- Up-to-date: /home/riley/ros2_ws/install/cpp_pubsub/share/cpp_pubsub/cmake/cpp_pubsubConfig-version.cmake
[8.021s] -- Installing: /home/riley/ros2_ws/install/cpp_pubsub/share/cpp_pubsub/package.xml
[8.022s] Invoked command in '/home/riley/ros2_ws/build/cpp_pubsub' returned '0': CMAKE_PREFIX_PATH=${CMAKE_PREFIX_PATH}:/home/riley/ros2_ws/install/six_leg_controller:/home/riley/ros2_ws/src/install/six_leg_controller:/opt/ros/humble /usr/bin/cmake --install /home/riley/ros2_ws/build/cpp_pubsub
