[0.128s] Invoking command in '/home/riley/ros2_ws/build/fake_ar_publisher': CMAKE_PREFIX_PATH=/opt/ros/humble /usr/bin/cmake --build /home/riley/ros2_ws/build/fake_ar_publisher -- -j8 -l8
[0.176s] [  3%] Built target fake_ar_publisher__cpp
[0.177s] [ 12%] Built target fake_ar_publisher__rosidl_generator_c
[0.185s] [ 12%] Built target ament_cmake_python_copy_fake_ar_publisher
[0.196s] [ 21%] Built target fake_ar_publisher__rosidl_typesupport_cpp
[0.197s] [ 30%] Built target fake_ar_publisher__rosidl_typesupport_introspection_c
[0.197s] [ 39%] Built target fake_ar_publisher__rosidl_typesupport_introspection_cpp
[0.197s] [ 48%] Built target fake_ar_publisher__rosidl_typesupport_fastrtps_c
[0.197s] [ 57%] Built target fake_ar_publisher__rosidl_typesupport_fastrtps_cpp
[0.205s] [ 66%] Built target fake_ar_publisher__rosidl_typesupport_c
[0.223s] [ 66%] Built target fake_ar_publisher
[0.247s] [ 69%] Built target fake_ar_publisher__py
[0.247s] [ 75%] Built target fake_ar_publisher_node
[0.267s] [ 81%] Built target fake_ar_publisher__rosidl_generator_py
[0.286s] [100%] Built target fake_ar_publisher__rosidl_typesupport_fastrtps_c__pyext
[0.286s] [100%] Built target fake_ar_publisher__rosidl_typesupport_c__pyext
[0.286s] [100%] Built target fake_ar_publisher__rosidl_typesupport_introspection_c__pyext
[0.401s] running egg_info
[0.401s] writing fake_ar_publisher.egg-info/PKG-INFO
[0.402s] writing dependency_links to fake_ar_publisher.egg-info/dependency_links.txt
[0.402s] writing top-level names to fake_ar_publisher.egg-info/top_level.txt
[0.404s] reading manifest file 'fake_ar_publisher.egg-info/SOURCES.txt'
[0.404s] writing manifest file 'fake_ar_publisher.egg-info/SOURCES.txt'
[0.430s] [100%] Built target ament_cmake_python_build_fake_ar_publisher_egg
[0.478s] Invoked command in '/home/riley/ros2_ws/build/fake_ar_publisher' returned '0': CMAKE_PREFIX_PATH=/opt/ros/humble /usr/bin/cmake --build /home/riley/ros2_ws/build/fake_ar_publisher -- -j8 -l8
[0.554s] Invoking command in '/home/riley/ros2_ws/build/fake_ar_publisher': CMAKE_PREFIX_PATH=/opt/ros/humble /usr/bin/cmake --install /home/riley/ros2_ws/build/fake_ar_publisher
[0.560s] -- Install configuration: ""
[0.560s] -- Up-to-date: /home/riley/ros2_ws/install/fake_ar_publisher/share/ament_index/resource_index/rosidl_interfaces/fake_ar_publisher
[0.560s] -- Up-to-date: /home/riley/ros2_ws/install/fake_ar_publisher/include/fake_ar_publisher/fake_ar_publisher
[0.560s] -- Up-to-date: /home/riley/ros2_ws/install/fake_ar_publisher/include/fake_ar_publisher/fake_ar_publisher/msg
[0.560s] -- Up-to-date: /home/riley/ros2_ws/install/fake_ar_publisher/include/fake_ar_publisher/fake_ar_publisher/msg/detail
[0.560s] -- Up-to-date: /home/riley/ros2_ws/install/fake_ar_publisher/include/fake_ar_publisher/fake_ar_publisher/msg/detail/ar_marker__type_support.h
[0.560s] -- Up-to-date: /home/riley/ros2_ws/install/fake_ar_publisher/include/fake_ar_publisher/fake_ar_publisher/msg/detail/ar_marker__functions.c
[0.560s] -- Up-to-date: /home/riley/ros2_ws/install/fake_ar_publisher/include/fake_ar_publisher/fake_ar_publisher/msg/detail/ar_marker__functions.h
[0.561s] -- Up-to-date: /home/riley/ros2_ws/install/fake_ar_publisher/include/fake_ar_publisher/fake_ar_publisher/msg/detail/ar_marker__struct.h
[0.561s] -- Up-to-date: /home/riley/ros2_ws/install/fake_ar_publisher/include/fake_ar_publisher/fake_ar_publisher/msg/rosidl_generator_c__visibility_control.h
[0.561s] -- Up-to-date: /home/riley/ros2_ws/install/fake_ar_publisher/include/fake_ar_publisher/fake_ar_publisher/msg/ar_marker.h
[0.561s] -- Up-to-date: /home/riley/ros2_ws/install/fake_ar_publisher/share/fake_ar_publisher/environment/library_path.sh
[0.561s] -- Up-to-date: /home/riley/ros2_ws/install/fake_ar_publisher/share/fake_ar_publisher/environment/library_path.dsv
[0.561s] -- Up-to-date: /home/riley/ros2_ws/install/fake_ar_publisher/lib/libfake_ar_publisher__rosidl_generator_c.so
[0.561s] -- Up-to-date: /home/riley/ros2_ws/install/fake_ar_publisher/include/fake_ar_publisher/fake_ar_publisher
[0.561s] -- Up-to-date: /home/riley/ros2_ws/install/fake_ar_publisher/include/fake_ar_publisher/fake_ar_publisher/msg
[0.561s] -- Up-to-date: /home/riley/ros2_ws/install/fake_ar_publisher/include/fake_ar_publisher/fake_ar_publisher/msg/rosidl_typesupport_fastrtps_c__visibility_control.h
[0.561s] -- Up-to-date: /home/riley/ros2_ws/install/fake_ar_publisher/include/fake_ar_publisher/fake_ar_publisher/msg/detail
[0.561s] -- Up-to-date: /home/riley/ros2_ws/install/fake_ar_publisher/include/fake_ar_publisher/fake_ar_publisher/msg/detail/ar_marker__rosidl_typesupport_fastrtps_c.h
[0.562s] -- Up-to-date: /home/riley/ros2_ws/install/fake_ar_publisher/lib/libfake_ar_publisher__rosidl_typesupport_fastrtps_c.so
[0.562s] -- Up-to-date: /home/riley/ros2_ws/install/fake_ar_publisher/include/fake_ar_publisher/fake_ar_publisher
[0.562s] -- Up-to-date: /home/riley/ros2_ws/install/fake_ar_publisher/include/fake_ar_publisher/fake_ar_publisher/msg
[0.562s] -- Up-to-date: /home/riley/ros2_ws/install/fake_ar_publisher/include/fake_ar_publisher/fake_ar_publisher/msg/detail
[0.562s] -- Up-to-date: /home/riley/ros2_ws/install/fake_ar_publisher/include/fake_ar_publisher/fake_ar_publisher/msg/detail/ar_marker__struct.hpp
[0.562s] -- Up-to-date: /home/riley/ros2_ws/install/fake_ar_publisher/include/fake_ar_publisher/fake_ar_publisher/msg/detail/ar_marker__builder.hpp
[0.562s] -- Up-to-date: /home/riley/ros2_ws/install/fake_ar_publisher/include/fake_ar_publisher/fake_ar_publisher/msg/detail/ar_marker__traits.hpp
[0.562s] -- Up-to-date: /home/riley/ros2_ws/install/fake_ar_publisher/include/fake_ar_publisher/fake_ar_publisher/msg/ar_marker.hpp
[0.562s] -- Up-to-date: /home/riley/ros2_ws/install/fake_ar_publisher/include/fake_ar_publisher/fake_ar_publisher
[0.562s] -- Up-to-date: /home/riley/ros2_ws/install/fake_ar_publisher/include/fake_ar_publisher/fake_ar_publisher/msg
[0.563s] -- Up-to-date: /home/riley/ros2_ws/install/fake_ar_publisher/include/fake_ar_publisher/fake_ar_publisher/msg/detail
[0.563s] -- Up-to-date: /home/riley/ros2_ws/install/fake_ar_publisher/include/fake_ar_publisher/fake_ar_publisher/msg/detail/ar_marker__rosidl_typesupport_fastrtps_cpp.hpp
[0.563s] -- Up-to-date: /home/riley/ros2_ws/install/fake_ar_publisher/include/fake_ar_publisher/fake_ar_publisher/msg/detail/dds_fastrtps
[0.563s] -- Up-to-date: /home/riley/ros2_ws/install/fake_ar_publisher/include/fake_ar_publisher/fake_ar_publisher/msg/rosidl_typesupport_fastrtps_cpp__visibility_control.h
[0.563s] -- Up-to-date: /home/riley/ros2_ws/install/fake_ar_publisher/lib/libfake_ar_publisher__rosidl_typesupport_fastrtps_cpp.so
[0.563s] -- Up-to-date: /home/riley/ros2_ws/install/fake_ar_publisher/include/fake_ar_publisher/fake_ar_publisher
[0.564s] -- Up-to-date: /home/riley/ros2_ws/install/fake_ar_publisher/include/fake_ar_publisher/fake_ar_publisher/msg
[0.564s] -- Up-to-date: /home/riley/ros2_ws/install/fake_ar_publisher/include/fake_ar_publisher/fake_ar_publisher/msg/rosidl_typesupport_introspection_c__visibility_control.h
[0.564s] -- Up-to-date: /home/riley/ros2_ws/install/fake_ar_publisher/include/fake_ar_publisher/fake_ar_publisher/msg/detail
[0.564s] -- Up-to-date: /home/riley/ros2_ws/install/fake_ar_publisher/include/fake_ar_publisher/fake_ar_publisher/msg/detail/ar_marker__type_support.c
[0.564s] -- Up-to-date: /home/riley/ros2_ws/install/fake_ar_publisher/include/fake_ar_publisher/fake_ar_publisher/msg/detail/ar_marker__rosidl_typesupport_introspection_c.h
[0.564s] -- Up-to-date: /home/riley/ros2_ws/install/fake_ar_publisher/lib/libfake_ar_publisher__rosidl_typesupport_introspection_c.so
[0.564s] -- Up-to-date: /home/riley/ros2_ws/install/fake_ar_publisher/lib/libfake_ar_publisher__rosidl_typesupport_c.so
[0.564s] -- Up-to-date: /home/riley/ros2_ws/install/fake_ar_publisher/include/fake_ar_publisher/fake_ar_publisher
[0.564s] -- Up-to-date: /home/riley/ros2_ws/install/fake_ar_publisher/include/fake_ar_publisher/fake_ar_publisher/msg
[0.564s] -- Up-to-date: /home/riley/ros2_ws/install/fake_ar_publisher/include/fake_ar_publisher/fake_ar_publisher/msg/detail
[0.564s] -- Up-to-date: /home/riley/ros2_ws/install/fake_ar_publisher/include/fake_ar_publisher/fake_ar_publisher/msg/detail/ar_marker__type_support.cpp
[0.564s] -- Up-to-date: /home/riley/ros2_ws/install/fake_ar_publisher/include/fake_ar_publisher/fake_ar_publisher/msg/detail/ar_marker__rosidl_typesupport_introspection_cpp.hpp
[0.564s] -- Up-to-date: /home/riley/ros2_ws/install/fake_ar_publisher/lib/libfake_ar_publisher__rosidl_typesupport_introspection_cpp.so
[0.564s] -- Up-to-date: /home/riley/ros2_ws/install/fake_ar_publisher/lib/libfake_ar_publisher__rosidl_typesupport_cpp.so
[0.564s] -- Up-to-date: /home/riley/ros2_ws/install/fake_ar_publisher/share/fake_ar_publisher/environment/pythonpath.sh
[0.564s] -- Up-to-date: /home/riley/ros2_ws/install/fake_ar_publisher/share/fake_ar_publisher/environment/pythonpath.dsv
[0.564s] -- Up-to-date: /home/riley/ros2_ws/install/fake_ar_publisher/local/lib/python3.10/dist-packages/fake_ar_publisher-0.0.0-py3.10.egg-info
[0.564s] -- Installing: /home/riley/ros2_ws/install/fake_ar_publisher/local/lib/python3.10/dist-packages/fake_ar_publisher-0.0.0-py3.10.egg-info/SOURCES.txt
[0.564s] -- Installing: /home/riley/ros2_ws/install/fake_ar_publisher/local/lib/python3.10/dist-packages/fake_ar_publisher-0.0.0-py3.10.egg-info/dependency_links.txt
[0.564s] -- Installing: /home/riley/ros2_ws/install/fake_ar_publisher/local/lib/python3.10/dist-packages/fake_ar_publisher-0.0.0-py3.10.egg-info/PKG-INFO
[0.564s] -- Installing: /home/riley/ros2_ws/install/fake_ar_publisher/local/lib/python3.10/dist-packages/fake_ar_publisher-0.0.0-py3.10.egg-info/top_level.txt
[0.564s] -- Up-to-date: /home/riley/ros2_ws/install/fake_ar_publisher/local/lib/python3.10/dist-packages/fake_ar_publisher
[0.564s] -- Up-to-date: /home/riley/ros2_ws/install/fake_ar_publisher/local/lib/python3.10/dist-packages/fake_ar_publisher/_fake_ar_publisher_s.ep.rosidl_typesupport_introspection_c.c
[0.564s] -- Up-to-date: /home/riley/ros2_ws/install/fake_ar_publisher/local/lib/python3.10/dist-packages/fake_ar_publisher/fake_ar_publisher_s__rosidl_typesupport_c.cpython-310-x86_64-linux-gnu.so
[0.565s] -- Up-to-date: /home/riley/ros2_ws/install/fake_ar_publisher/local/lib/python3.10/dist-packages/fake_ar_publisher/libfake_ar_publisher__rosidl_generator_py.so
[0.565s] -- Up-to-date: /home/riley/ros2_ws/install/fake_ar_publisher/local/lib/python3.10/dist-packages/fake_ar_publisher/_fake_ar_publisher_s.ep.rosidl_typesupport_fastrtps_c.c
[0.565s] -- Up-to-date: /home/riley/ros2_ws/install/fake_ar_publisher/local/lib/python3.10/dist-packages/fake_ar_publisher/__init__.py
[0.565s] -- Up-to-date: /home/riley/ros2_ws/install/fake_ar_publisher/local/lib/python3.10/dist-packages/fake_ar_publisher/_fake_ar_publisher_s.ep.rosidl_typesupport_c.c
[0.565s] -- Up-to-date: /home/riley/ros2_ws/install/fake_ar_publisher/local/lib/python3.10/dist-packages/fake_ar_publisher/fake_ar_publisher_s__rosidl_typesupport_fastrtps_c.cpython-310-x86_64-linux-gnu.so
[0.565s] -- Up-to-date: /home/riley/ros2_ws/install/fake_ar_publisher/local/lib/python3.10/dist-packages/fake_ar_publisher/fake_ar_publisher_s__rosidl_typesupport_introspection_c.cpython-310-x86_64-linux-gnu.so
[0.565s] -- Up-to-date: /home/riley/ros2_ws/install/fake_ar_publisher/local/lib/python3.10/dist-packages/fake_ar_publisher/msg
[0.565s] -- Up-to-date: /home/riley/ros2_ws/install/fake_ar_publisher/local/lib/python3.10/dist-packages/fake_ar_publisher/msg/_ar_marker.py
[0.565s] -- Up-to-date: /home/riley/ros2_ws/install/fake_ar_publisher/local/lib/python3.10/dist-packages/fake_ar_publisher/msg/_ar_marker_s.c
[0.565s] -- Up-to-date: /home/riley/ros2_ws/install/fake_ar_publisher/local/lib/python3.10/dist-packages/fake_ar_publisher/msg/__init__.py
[0.589s] Listing '/home/riley/ros2_ws/install/fake_ar_publisher/local/lib/python3.10/dist-packages/fake_ar_publisher'...
[0.589s] Listing '/home/riley/ros2_ws/install/fake_ar_publisher/local/lib/python3.10/dist-packages/fake_ar_publisher/msg'...
[0.592s] -- Up-to-date: /home/riley/ros2_ws/install/fake_ar_publisher/local/lib/python3.10/dist-packages/fake_ar_publisher/fake_ar_publisher_s__rosidl_typesupport_fastrtps_c.cpython-310-x86_64-linux-gnu.so
[0.593s] -- Up-to-date: /home/riley/ros2_ws/install/fake_ar_publisher/local/lib/python3.10/dist-packages/fake_ar_publisher/fake_ar_publisher_s__rosidl_typesupport_introspection_c.cpython-310-x86_64-linux-gnu.so
[0.593s] -- Up-to-date: /home/riley/ros2_ws/install/fake_ar_publisher/local/lib/python3.10/dist-packages/fake_ar_publisher/fake_ar_publisher_s__rosidl_typesupport_c.cpython-310-x86_64-linux-gnu.so
[0.593s] -- Up-to-date: /home/riley/ros2_ws/install/fake_ar_publisher/lib/libfake_ar_publisher__rosidl_generator_py.so
[0.593s] -- Up-to-date: /home/riley/ros2_ws/install/fake_ar_publisher/share/fake_ar_publisher/msg/ARMarker.idl
[0.593s] -- Up-to-date: /home/riley/ros2_ws/install/fake_ar_publisher/share/fake_ar_publisher/msg/ARMarker.msg
[0.593s] -- Up-to-date: /home/riley/ros2_ws/install/fake_ar_publisher/lib/fake_ar_publisher/fake_ar_publisher_node
[0.594s] -- Up-to-date: /home/riley/ros2_ws/install/fake_ar_publisher/share/ament_index/resource_index/package_run_dependencies/fake_ar_publisher
[0.594s] -- Up-to-date: /home/riley/ros2_ws/install/fake_ar_publisher/share/ament_index/resource_index/parent_prefix_path/fake_ar_publisher
[0.594s] -- Up-to-date: /home/riley/ros2_ws/install/fake_ar_publisher/share/fake_ar_publisher/environment/ament_prefix_path.sh
[0.594s] -- Up-to-date: /home/riley/ros2_ws/install/fake_ar_publisher/share/fake_ar_publisher/environment/ament_prefix_path.dsv
[0.594s] -- Up-to-date: /home/riley/ros2_ws/install/fake_ar_publisher/share/fake_ar_publisher/environment/path.sh
[0.594s] -- Up-to-date: /home/riley/ros2_ws/install/fake_ar_publisher/share/fake_ar_publisher/environment/path.dsv
[0.594s] -- Up-to-date: /home/riley/ros2_ws/install/fake_ar_publisher/share/fake_ar_publisher/local_setup.bash
[0.594s] -- Up-to-date: /home/riley/ros2_ws/install/fake_ar_publisher/share/fake_ar_publisher/local_setup.sh
[0.594s] -- Up-to-date: /home/riley/ros2_ws/install/fake_ar_publisher/share/fake_ar_publisher/local_setup.zsh
[0.594s] -- Up-to-date: /home/riley/ros2_ws/install/fake_ar_publisher/share/fake_ar_publisher/local_setup.dsv
[0.594s] -- Installing: /home/riley/ros2_ws/install/fake_ar_publisher/share/fake_ar_publisher/package.dsv
[0.594s] -- Up-to-date: /home/riley/ros2_ws/install/fake_ar_publisher/share/ament_index/resource_index/packages/fake_ar_publisher
[0.594s] -- Up-to-date: /home/riley/ros2_ws/install/fake_ar_publisher/share/fake_ar_publisher/cmake/export_fake_ar_publisher__rosidl_generator_cExport.cmake
[0.594s] -- Up-to-date: /home/riley/ros2_ws/install/fake_ar_publisher/share/fake_ar_publisher/cmake/export_fake_ar_publisher__rosidl_generator_cExport-noconfig.cmake
[0.595s] -- Up-to-date: /home/riley/ros2_ws/install/fake_ar_publisher/share/fake_ar_publisher/cmake/export_fake_ar_publisher__rosidl_typesupport_fastrtps_cExport.cmake
[0.595s] -- Up-to-date: /home/riley/ros2_ws/install/fake_ar_publisher/share/fake_ar_publisher/cmake/export_fake_ar_publisher__rosidl_typesupport_fastrtps_cExport-noconfig.cmake
[0.595s] -- Up-to-date: /home/riley/ros2_ws/install/fake_ar_publisher/share/fake_ar_publisher/cmake/export_fake_ar_publisher__rosidl_generator_cppExport.cmake
[0.595s] -- Up-to-date: /home/riley/ros2_ws/install/fake_ar_publisher/share/fake_ar_publisher/cmake/export_fake_ar_publisher__rosidl_typesupport_fastrtps_cppExport.cmake
[0.595s] -- Up-to-date: /home/riley/ros2_ws/install/fake_ar_publisher/share/fake_ar_publisher/cmake/export_fake_ar_publisher__rosidl_typesupport_fastrtps_cppExport-noconfig.cmake
[0.595s] -- Up-to-date: /home/riley/ros2_ws/install/fake_ar_publisher/share/fake_ar_publisher/cmake/fake_ar_publisher__rosidl_typesupport_introspection_cExport.cmake
[0.596s] -- Up-to-date: /home/riley/ros2_ws/install/fake_ar_publisher/share/fake_ar_publisher/cmake/fake_ar_publisher__rosidl_typesupport_introspection_cExport-noconfig.cmake
[0.596s] -- Up-to-date: /home/riley/ros2_ws/install/fake_ar_publisher/share/fake_ar_publisher/cmake/fake_ar_publisher__rosidl_typesupport_cExport.cmake
[0.596s] -- Up-to-date: /home/riley/ros2_ws/install/fake_ar_publisher/share/fake_ar_publisher/cmake/fake_ar_publisher__rosidl_typesupport_cExport-noconfig.cmake
[0.596s] -- Up-to-date: /home/riley/ros2_ws/install/fake_ar_publisher/share/fake_ar_publisher/cmake/fake_ar_publisher__rosidl_typesupport_introspection_cppExport.cmake
[0.596s] -- Up-to-date: /home/riley/ros2_ws/install/fake_ar_publisher/share/fake_ar_publisher/cmake/fake_ar_publisher__rosidl_typesupport_introspection_cppExport-noconfig.cmake
[0.596s] -- Up-to-date: /home/riley/ros2_ws/install/fake_ar_publisher/share/fake_ar_publisher/cmake/fake_ar_publisher__rosidl_typesupport_cppExport.cmake
[0.596s] -- Up-to-date: /home/riley/ros2_ws/install/fake_ar_publisher/share/fake_ar_publisher/cmake/fake_ar_publisher__rosidl_typesupport_cppExport-noconfig.cmake
[0.596s] -- Up-to-date: /home/riley/ros2_ws/install/fake_ar_publisher/share/fake_ar_publisher/cmake/export_fake_ar_publisher__rosidl_generator_pyExport.cmake
[0.596s] -- Up-to-date: /home/riley/ros2_ws/install/fake_ar_publisher/share/fake_ar_publisher/cmake/export_fake_ar_publisher__rosidl_generator_pyExport-noconfig.cmake
[0.596s] -- Up-to-date: /home/riley/ros2_ws/install/fake_ar_publisher/share/fake_ar_publisher/cmake/rosidl_cmake-extras.cmake
[0.596s] -- Up-to-date: /home/riley/ros2_ws/install/fake_ar_publisher/share/fake_ar_publisher/cmake/ament_cmake_export_dependencies-extras.cmake
[0.596s] -- Up-to-date: /home/riley/ros2_ws/install/fake_ar_publisher/share/fake_ar_publisher/cmake/ament_cmake_export_include_directories-extras.cmake
[0.596s] -- Up-to-date: /home/riley/ros2_ws/install/fake_ar_publisher/share/fake_ar_publisher/cmake/ament_cmake_export_libraries-extras.cmake
[0.596s] -- Up-to-date: /home/riley/ros2_ws/install/fake_ar_publisher/share/fake_ar_publisher/cmake/ament_cmake_export_targets-extras.cmake
[0.596s] -- Up-to-date: /home/riley/ros2_ws/install/fake_ar_publisher/share/fake_ar_publisher/cmake/rosidl_cmake_export_typesupport_targets-extras.cmake
[0.596s] -- Up-to-date: /home/riley/ros2_ws/install/fake_ar_publisher/share/fake_ar_publisher/cmake/rosidl_cmake_export_typesupport_libraries-extras.cmake
[0.596s] -- Up-to-date: /home/riley/ros2_ws/install/fake_ar_publisher/share/fake_ar_publisher/cmake/fake_ar_publisherConfig.cmake
[0.596s] -- Up-to-date: /home/riley/ros2_ws/install/fake_ar_publisher/share/fake_ar_publisher/cmake/fake_ar_publisherConfig-version.cmake
[0.596s] -- Up-to-date: /home/riley/ros2_ws/install/fake_ar_publisher/share/fake_ar_publisher/package.xml
[0.598s] Invoked command in '/home/riley/ros2_ws/build/fake_ar_publisher' returned '0': CMAKE_PREFIX_PATH=/opt/ros/humble /usr/bin/cmake --install /home/riley/ros2_ws/build/fake_ar_publisher
