[0.631s] DEBUG:colcon:Command line arguments: ['/home/riley/.local/bin/colcon', 'build']
[0.631s] DEBUG:colcon:Parsed command line arguments: Namespace(log_base=None, log_level=None, verb_name='build', build_base='build', install_base='install', merge_install=False, symlink_install=False, test_result_base=None, continue_on_error=False, executor='parallel', parallel_workers=8, event_handlers=None, ignore_user_meta=False, metas=['./colcon.meta'], base_paths=['.'], packages_ignore=None, packages_ignore_regex=None, paths=None, packages_up_to=None, packages_up_to_regex=None, packages_above=None, packages_above_and_dependencies=None, packages_above_depth=None, packages_select_by_dep=None, packages_skip_by_dep=None, packages_skip_up_to=None, packages_select_build_failed=False, packages_skip_build_finished=False, packages_select_test_failures=False, packages_skip_test_passed=False, packages_select=None, packages_skip=None, packages_select_regex=None, packages_skip_regex=None, packages_start=None, packages_end=None, cmake_args=None, cmake_target=None, cmake_target_skip_unavailable=False, cmake_clean_cache=False, cmake_clean_first=False, cmake_force_configure=False, ament_cmake_args=None, catkin_cmake_args=None, catkin_skip_building_tests=False, verb_parser=<colcon_defaults.argument_parser.defaults.DefaultArgumentsDecorator object at 0x7fb45e375870>, verb_extension=<colcon_core.verb.build.BuildVerb object at 0x7fb45e7c6ec0>, main=<bound method BuildVerb.main of <colcon_core.verb.build.BuildVerb object at 0x7fb45e7c6ec0>>)
[0.661s] Level 1:colcon.colcon_core.package_discovery:discover_packages(colcon_meta) check parameters
[0.661s] Level 1:colcon.colcon_core.package_discovery:discover_packages(recursive) check parameters
[0.661s] Level 1:colcon.colcon_core.package_discovery:discover_packages(ignore) check parameters
[0.661s] Level 1:colcon.colcon_core.package_discovery:discover_packages(path) check parameters
[0.661s] Level 1:colcon.colcon_core.package_discovery:discover_packages(colcon_meta) discover
[0.661s] Level 1:colcon.colcon_core.package_discovery:discover_packages(recursive) discover
[0.661s] INFO:colcon.colcon_core.package_discovery:Crawling recursively for packages in '/home/riley/ros2_ws/src'
[0.661s] Level 1:colcon.colcon_core.package_identification:_identify(.) by extensions ['ignore', 'ignore_ament_install']
[0.661s] Level 1:colcon.colcon_core.package_identification:_identify(.) by extension 'ignore'
[0.661s] Level 1:colcon.colcon_core.package_identification:_identify(.) by extension 'ignore_ament_install'
[0.661s] Level 1:colcon.colcon_core.package_identification:_identify(.) by extensions ['colcon_pkg']
[0.661s] Level 1:colcon.colcon_core.package_identification:_identify(.) by extension 'colcon_pkg'
[0.661s] Level 1:colcon.colcon_core.package_identification:_identify(.) by extensions ['colcon_meta']
[0.661s] Level 1:colcon.colcon_core.package_identification:_identify(.) by extension 'colcon_meta'
[0.661s] Level 1:colcon.colcon_core.package_identification:_identify(.) by extensions ['ros']
[0.661s] Level 1:colcon.colcon_core.package_identification:_identify(.) by extension 'ros'
[0.668s] Level 1:colcon.colcon_core.package_identification:_identify(.) by extensions ['cmake', 'python']
[0.668s] Level 1:colcon.colcon_core.package_identification:_identify(.) by extension 'cmake'
[0.668s] Level 1:colcon.colcon_core.package_identification:_identify(.) by extension 'python'
[0.668s] Level 1:colcon.colcon_core.package_identification:_identify(.) by extensions ['python_setup_py']
[0.668s] Level 1:colcon.colcon_core.package_identification:_identify(.) by extension 'python_setup_py'
[0.668s] Level 1:colcon.colcon_core.package_identification:_identify(build) by extensions ['ignore', 'ignore_ament_install']
[0.668s] Level 1:colcon.colcon_core.package_identification:_identify(build) by extension 'ignore'
[0.668s] Level 1:colcon.colcon_core.package_identification:_identify(build) ignored
[0.668s] Level 1:colcon.colcon_core.package_identification:_identify(cpp_pubsub) by extensions ['ignore', 'ignore_ament_install']
[0.669s] Level 1:colcon.colcon_core.package_identification:_identify(cpp_pubsub) by extension 'ignore'
[0.669s] Level 1:colcon.colcon_core.package_identification:_identify(cpp_pubsub) by extension 'ignore_ament_install'
[0.669s] Level 1:colcon.colcon_core.package_identification:_identify(cpp_pubsub) by extensions ['colcon_pkg']
[0.669s] Level 1:colcon.colcon_core.package_identification:_identify(cpp_pubsub) by extension 'colcon_pkg'
[0.669s] Level 1:colcon.colcon_core.package_identification:_identify(cpp_pubsub) by extensions ['colcon_meta']
[0.669s] Level 1:colcon.colcon_core.package_identification:_identify(cpp_pubsub) by extension 'colcon_meta'
[0.669s] Level 1:colcon.colcon_core.package_identification:_identify(cpp_pubsub) by extensions ['ros']
[0.669s] Level 1:colcon.colcon_core.package_identification:_identify(cpp_pubsub) by extension 'ros'
[0.670s] DEBUG:colcon.colcon_core.package_identification:Package 'cpp_pubsub' with type 'ros.ament_cmake' and name 'cpp_pubsub'
[0.670s] Level 1:colcon.colcon_core.package_identification:_identify(install) by extensions ['ignore', 'ignore_ament_install']
[0.670s] Level 1:colcon.colcon_core.package_identification:_identify(install) by extension 'ignore'
[0.670s] Level 1:colcon.colcon_core.package_identification:_identify(install) ignored
[0.670s] Level 1:colcon.colcon_core.package_identification:_identify(log) by extensions ['ignore', 'ignore_ament_install']
[0.670s] Level 1:colcon.colcon_core.package_identification:_identify(log) by extension 'ignore'
[0.671s] Level 1:colcon.colcon_core.package_identification:_identify(log) ignored
[0.671s] Level 1:colcon.colcon_core.package_identification:_identify(my_package) by extensions ['ignore', 'ignore_ament_install']
[0.671s] Level 1:colcon.colcon_core.package_identification:_identify(my_package) by extension 'ignore'
[0.671s] Level 1:colcon.colcon_core.package_identification:_identify(my_package) by extension 'ignore_ament_install'
[0.671s] Level 1:colcon.colcon_core.package_identification:_identify(my_package) by extensions ['colcon_pkg']
[0.671s] Level 1:colcon.colcon_core.package_identification:_identify(my_package) by extension 'colcon_pkg'
[0.671s] Level 1:colcon.colcon_core.package_identification:_identify(my_package) by extensions ['colcon_meta']
[0.671s] Level 1:colcon.colcon_core.package_identification:_identify(my_package) by extension 'colcon_meta'
[0.671s] Level 1:colcon.colcon_core.package_identification:_identify(my_package) by extensions ['ros']
[0.671s] Level 1:colcon.colcon_core.package_identification:_identify(my_package) by extension 'ros'
[0.671s] DEBUG:colcon.colcon_core.package_identification:Package 'my_package' with type 'ros.ament_cmake' and name 'my_package'
[0.671s] Level 1:colcon.colcon_core.package_identification:_identify(myworkcell_core) by extensions ['ignore', 'ignore_ament_install']
[0.671s] Level 1:colcon.colcon_core.package_identification:_identify(myworkcell_core) by extension 'ignore'
[0.671s] Level 1:colcon.colcon_core.package_identification:_identify(myworkcell_core) by extension 'ignore_ament_install'
[0.671s] Level 1:colcon.colcon_core.package_identification:_identify(myworkcell_core) by extensions ['colcon_pkg']
[0.671s] Level 1:colcon.colcon_core.package_identification:_identify(myworkcell_core) by extension 'colcon_pkg'
[0.671s] Level 1:colcon.colcon_core.package_identification:_identify(myworkcell_core) by extensions ['colcon_meta']
[0.671s] Level 1:colcon.colcon_core.package_identification:_identify(myworkcell_core) by extension 'colcon_meta'
[0.671s] Level 1:colcon.colcon_core.package_identification:_identify(myworkcell_core) by extensions ['ros']
[0.671s] Level 1:colcon.colcon_core.package_identification:_identify(myworkcell_core) by extension 'ros'
[0.672s] DEBUG:colcon.colcon_core.package_identification:Package 'myworkcell_core' with type 'ros.ament_cmake' and name 'myworkcell_core'
[0.672s] Level 1:colcon.colcon_core.package_identification:_identify(six_leg_controller) by extensions ['ignore', 'ignore_ament_install']
[0.672s] Level 1:colcon.colcon_core.package_identification:_identify(six_leg_controller) by extension 'ignore'
[0.672s] Level 1:colcon.colcon_core.package_identification:_identify(six_leg_controller) by extension 'ignore_ament_install'
[0.672s] Level 1:colcon.colcon_core.package_identification:_identify(six_leg_controller) by extensions ['colcon_pkg']
[0.672s] Level 1:colcon.colcon_core.package_identification:_identify(six_leg_controller) by extension 'colcon_pkg'
[0.672s] Level 1:colcon.colcon_core.package_identification:_identify(six_leg_controller) by extensions ['colcon_meta']
[0.672s] Level 1:colcon.colcon_core.package_identification:_identify(six_leg_controller) by extension 'colcon_meta'
[0.672s] Level 1:colcon.colcon_core.package_identification:_identify(six_leg_controller) by extensions ['ros']
[0.672s] Level 1:colcon.colcon_core.package_identification:_identify(six_leg_controller) by extension 'ros'
[0.672s] DEBUG:colcon.colcon_core.package_identification:Package 'six_leg_controller' with type 'ros.ament_python' and name 'six_leg_controller'
[0.672s] Level 1:colcon.colcon_core.package_discovery:discover_packages(recursive) using defaults
[0.672s] Level 1:colcon.colcon_core.package_discovery:discover_packages(ignore) discover
[0.672s] Level 1:colcon.colcon_core.package_discovery:discover_packages(ignore) using defaults
[0.673s] Level 1:colcon.colcon_core.package_discovery:discover_packages(path) discover
[0.673s] Level 1:colcon.colcon_core.package_discovery:discover_packages(path) using defaults
[0.726s] Level 5:colcon.colcon_core.verb:set package 'cpp_pubsub' build argument 'cmake_args' from command line to 'None'
[0.726s] Level 5:colcon.colcon_core.verb:set package 'cpp_pubsub' build argument 'cmake_target' from command line to 'None'
[0.727s] Level 5:colcon.colcon_core.verb:set package 'cpp_pubsub' build argument 'cmake_target_skip_unavailable' from command line to 'False'
[0.727s] Level 5:colcon.colcon_core.verb:set package 'cpp_pubsub' build argument 'cmake_clean_cache' from command line to 'False'
[0.727s] Level 5:colcon.colcon_core.verb:set package 'cpp_pubsub' build argument 'cmake_clean_first' from command line to 'False'
[0.727s] Level 5:colcon.colcon_core.verb:set package 'cpp_pubsub' build argument 'cmake_force_configure' from command line to 'False'
[0.727s] Level 5:colcon.colcon_core.verb:set package 'cpp_pubsub' build argument 'ament_cmake_args' from command line to 'None'
[0.727s] Level 5:colcon.colcon_core.verb:set package 'cpp_pubsub' build argument 'catkin_cmake_args' from command line to 'None'
[0.727s] Level 5:colcon.colcon_core.verb:set package 'cpp_pubsub' build argument 'catkin_skip_building_tests' from command line to 'False'
[0.727s] DEBUG:colcon.colcon_core.verb:Building package 'cpp_pubsub' with the following arguments: {'ament_cmake_args': None, 'build_base': '/home/riley/ros2_ws/src/build/cpp_pubsub', 'catkin_cmake_args': None, 'catkin_skip_building_tests': False, 'cmake_args': None, 'cmake_clean_cache': False, 'cmake_clean_first': False, 'cmake_force_configure': False, 'cmake_target': None, 'cmake_target_skip_unavailable': False, 'install_base': '/home/riley/ros2_ws/src/install/cpp_pubsub', 'merge_install': False, 'path': '/home/riley/ros2_ws/src/cpp_pubsub', 'symlink_install': False, 'test_result_base': None}
[0.736s] Level 5:colcon.colcon_core.verb:set package 'my_package' build argument 'cmake_args' from command line to 'None'
[0.736s] Level 5:colcon.colcon_core.verb:set package 'my_package' build argument 'cmake_target' from command line to 'None'
[0.736s] Level 5:colcon.colcon_core.verb:set package 'my_package' build argument 'cmake_target_skip_unavailable' from command line to 'False'
[0.736s] Level 5:colcon.colcon_core.verb:set package 'my_package' build argument 'cmake_clean_cache' from command line to 'False'
[0.736s] Level 5:colcon.colcon_core.verb:set package 'my_package' build argument 'cmake_clean_first' from command line to 'False'
[0.736s] Level 5:colcon.colcon_core.verb:set package 'my_package' build argument 'cmake_force_configure' from command line to 'False'
[0.736s] Level 5:colcon.colcon_core.verb:set package 'my_package' build argument 'ament_cmake_args' from command line to 'None'
[0.736s] Level 5:colcon.colcon_core.verb:set package 'my_package' build argument 'catkin_cmake_args' from command line to 'None'
[0.736s] Level 5:colcon.colcon_core.verb:set package 'my_package' build argument 'catkin_skip_building_tests' from command line to 'False'
[0.736s] DEBUG:colcon.colcon_core.verb:Building package 'my_package' with the following arguments: {'ament_cmake_args': None, 'build_base': '/home/riley/ros2_ws/src/build/my_package', 'catkin_cmake_args': None, 'catkin_skip_building_tests': False, 'cmake_args': None, 'cmake_clean_cache': False, 'cmake_clean_first': False, 'cmake_force_configure': False, 'cmake_target': None, 'cmake_target_skip_unavailable': False, 'install_base': '/home/riley/ros2_ws/src/install/my_package', 'merge_install': False, 'path': '/home/riley/ros2_ws/src/my_package', 'symlink_install': False, 'test_result_base': None}
[0.746s] Level 5:colcon.colcon_core.verb:set package 'myworkcell_core' build argument 'cmake_args' from command line to 'None'
[0.746s] Level 5:colcon.colcon_core.verb:set package 'myworkcell_core' build argument 'cmake_target' from command line to 'None'
[0.746s] Level 5:colcon.colcon_core.verb:set package 'myworkcell_core' build argument 'cmake_target_skip_unavailable' from command line to 'False'
[0.746s] Level 5:colcon.colcon_core.verb:set package 'myworkcell_core' build argument 'cmake_clean_cache' from command line to 'False'
[0.746s] Level 5:colcon.colcon_core.verb:set package 'myworkcell_core' build argument 'cmake_clean_first' from command line to 'False'
[0.746s] Level 5:colcon.colcon_core.verb:set package 'myworkcell_core' build argument 'cmake_force_configure' from command line to 'False'
[0.746s] Level 5:colcon.colcon_core.verb:set package 'myworkcell_core' build argument 'ament_cmake_args' from command line to 'None'
[0.746s] Level 5:colcon.colcon_core.verb:set package 'myworkcell_core' build argument 'catkin_cmake_args' from command line to 'None'
[0.746s] Level 5:colcon.colcon_core.verb:set package 'myworkcell_core' build argument 'catkin_skip_building_tests' from command line to 'False'
[0.746s] DEBUG:colcon.colcon_core.verb:Building package 'myworkcell_core' with the following arguments: {'ament_cmake_args': None, 'build_base': '/home/riley/ros2_ws/src/build/myworkcell_core', 'catkin_cmake_args': None, 'catkin_skip_building_tests': False, 'cmake_args': None, 'cmake_clean_cache': False, 'cmake_clean_first': False, 'cmake_force_configure': False, 'cmake_target': None, 'cmake_target_skip_unavailable': False, 'install_base': '/home/riley/ros2_ws/src/install/myworkcell_core', 'merge_install': False, 'path': '/home/riley/ros2_ws/src/myworkcell_core', 'symlink_install': False, 'test_result_base': None}
[0.755s] Level 5:colcon.colcon_core.verb:set package 'six_leg_controller' build argument 'cmake_args' from command line to 'None'
[0.755s] Level 5:colcon.colcon_core.verb:set package 'six_leg_controller' build argument 'cmake_target' from command line to 'None'
[0.755s] Level 5:colcon.colcon_core.verb:set package 'six_leg_controller' build argument 'cmake_target_skip_unavailable' from command line to 'False'
[0.755s] Level 5:colcon.colcon_core.verb:set package 'six_leg_controller' build argument 'cmake_clean_cache' from command line to 'False'
[0.755s] Level 5:colcon.colcon_core.verb:set package 'six_leg_controller' build argument 'cmake_clean_first' from command line to 'False'
[0.755s] Level 5:colcon.colcon_core.verb:set package 'six_leg_controller' build argument 'cmake_force_configure' from command line to 'False'
[0.755s] Level 5:colcon.colcon_core.verb:set package 'six_leg_controller' build argument 'ament_cmake_args' from command line to 'None'
[0.755s] Level 5:colcon.colcon_core.verb:set package 'six_leg_controller' build argument 'catkin_cmake_args' from command line to 'None'
[0.755s] Level 5:colcon.colcon_core.verb:set package 'six_leg_controller' build argument 'catkin_skip_building_tests' from command line to 'False'
[0.755s] DEBUG:colcon.colcon_core.verb:Building package 'six_leg_controller' with the following arguments: {'ament_cmake_args': None, 'build_base': '/home/riley/ros2_ws/src/build/six_leg_controller', 'catkin_cmake_args': None, 'catkin_skip_building_tests': False, 'cmake_args': None, 'cmake_clean_cache': False, 'cmake_clean_first': False, 'cmake_force_configure': False, 'cmake_target': None, 'cmake_target_skip_unavailable': False, 'install_base': '/home/riley/ros2_ws/src/install/six_leg_controller', 'merge_install': False, 'path': '/home/riley/ros2_ws/src/six_leg_controller', 'symlink_install': False, 'test_result_base': None}
[0.765s] INFO:colcon.colcon_core.executor:Executing jobs using 'parallel' executor
[0.775s] DEBUG:colcon.colcon_parallel_executor.executor.parallel:run_until_complete
[0.775s] INFO:colcon.colcon_ros.task.ament_cmake.build:Building ROS package in '/home/riley/ros2_ws/src/cpp_pubsub' with build type 'ament_cmake'
[0.775s] INFO:colcon.colcon_cmake.task.cmake.build:Building CMake package in '/home/riley/ros2_ws/src/cpp_pubsub'
[0.791s] INFO:colcon.colcon_core.plugin_system:Skipping extension 'colcon_core.shell.bat': Not used on non-Windows systems
[0.791s] INFO:colcon.colcon_core.shell:Skip shell extension 'powershell' for command environment: Not usable outside of PowerShell
[0.791s] DEBUG:colcon.colcon_core.shell:Skip shell extension 'dsv' for command environment
[0.828s] INFO:colcon.colcon_ros.task.ament_cmake.build:Building ROS package in '/home/riley/ros2_ws/src/my_package' with build type 'ament_cmake'
[0.828s] INFO:colcon.colcon_cmake.task.cmake.build:Building CMake package in '/home/riley/ros2_ws/src/my_package'
[0.839s] INFO:colcon.colcon_core.shell:Skip shell extension 'powershell' for command environment: Not usable outside of PowerShell
[0.839s] DEBUG:colcon.colcon_core.shell:Skip shell extension 'dsv' for command environment
[0.861s] INFO:colcon.colcon_ros.task.ament_cmake.build:Building ROS package in '/home/riley/ros2_ws/src/myworkcell_core' with build type 'ament_cmake'
[0.861s] INFO:colcon.colcon_cmake.task.cmake.build:Building CMake package in '/home/riley/ros2_ws/src/myworkcell_core'
[0.874s] INFO:colcon.colcon_core.shell:Skip shell extension 'powershell' for command environment: Not usable outside of PowerShell
[0.874s] DEBUG:colcon.colcon_core.shell:Skip shell extension 'dsv' for command environment
[0.903s] INFO:colcon.colcon_ros.task.ament_python.build:Building ROS package in '/home/riley/ros2_ws/src/six_leg_controller' with build type 'ament_python'
[0.904s] Level 1:colcon.colcon_core.shell:create_environment_hook('six_leg_controller', 'ament_prefix_path')
[0.917s] INFO:colcon.colcon_core.shell:Creating environment hook '/home/riley/ros2_ws/src/install/six_leg_controller/share/six_leg_controller/hook/ament_prefix_path.ps1'
[0.918s] INFO:colcon.colcon_core.shell:Creating environment descriptor '/home/riley/ros2_ws/src/install/six_leg_controller/share/six_leg_controller/hook/ament_prefix_path.dsv'
[0.918s] INFO:colcon.colcon_core.shell:Creating environment hook '/home/riley/ros2_ws/src/install/six_leg_controller/share/six_leg_controller/hook/ament_prefix_path.sh'
[0.932s] INFO:colcon.colcon_core.shell:Skip shell extension 'powershell' for command environment: Not usable outside of PowerShell
[0.932s] DEBUG:colcon.colcon_core.shell:Skip shell extension 'dsv' for command environment
[0.965s] DEBUG:colcon.colcon_core.event_handler.log_command:Invoking command in '/home/riley/ros2_ws/src/build/cpp_pubsub': CMAKE_PREFIX_PATH=/opt/ros/humble /usr/bin/cmake --build /home/riley/ros2_ws/src/build/cpp_pubsub -- -j8 -l8
[0.967s] DEBUG:colcon.colcon_core.event_handler.log_command:Invoking command in '/home/riley/ros2_ws/src/build/my_package': CMAKE_PREFIX_PATH=/opt/ros/humble /usr/bin/cmake --build /home/riley/ros2_ws/src/build/my_package -- -j8 -l8
[0.970s] DEBUG:colcon.colcon_core.event_handler.log_command:Invoking command in '/home/riley/ros2_ws/src/build/myworkcell_core': CMAKE_PREFIX_PATH=/opt/ros/humble /usr/bin/cmake --build /home/riley/ros2_ws/src/build/myworkcell_core -- -j8 -l8
[1.177s] INFO:colcon.colcon_core.task.python.build:Building Python package in '/home/riley/ros2_ws/src/six_leg_controller'
[1.187s] INFO:colcon.colcon_core.shell:Skip shell extension 'powershell' for command environment: Not usable outside of PowerShell
[1.187s] DEBUG:colcon.colcon_core.shell:Skip shell extension 'dsv' for command environment
[1.211s] DEBUG:colcon.colcon_core.event_handler.log_command:Invoked command in '/home/riley/ros2_ws/src/build/my_package' returned '0': CMAKE_PREFIX_PATH=/opt/ros/humble /usr/bin/cmake --build /home/riley/ros2_ws/src/build/my_package -- -j8 -l8
[1.211s] DEBUG:colcon.colcon_core.event_handler.log_command:Invoked command in '/home/riley/ros2_ws/src/build/myworkcell_core' returned '0': CMAKE_PREFIX_PATH=/opt/ros/humble /usr/bin/cmake --build /home/riley/ros2_ws/src/build/myworkcell_core -- -j8 -l8
[1.213s] DEBUG:colcon.colcon_core.event_handler.log_command:Invoked command in '/home/riley/ros2_ws/src/build/cpp_pubsub' returned '0': CMAKE_PREFIX_PATH=/opt/ros/humble /usr/bin/cmake --build /home/riley/ros2_ws/src/build/cpp_pubsub -- -j8 -l8
[1.238s] DEBUG:colcon.colcon_core.event_handler.log_command:Invoking command in '/home/riley/ros2_ws/src/build/my_package': CMAKE_PREFIX_PATH=/opt/ros/humble /usr/bin/cmake --install /home/riley/ros2_ws/src/build/my_package
[1.240s] DEBUG:colcon.colcon_core.event_handler.log_command:Invoking command in '/home/riley/ros2_ws/src/build/cpp_pubsub': CMAKE_PREFIX_PATH=/opt/ros/humble /usr/bin/cmake --install /home/riley/ros2_ws/src/build/cpp_pubsub
[1.241s] DEBUG:colcon.colcon_core.event_handler.log_command:Invoking command in '/home/riley/ros2_ws/src/build/myworkcell_core': CMAKE_PREFIX_PATH=/opt/ros/humble /usr/bin/cmake --install /home/riley/ros2_ws/src/build/myworkcell_core
[1.246s] Level 1:colcon.colcon_core.environment:create_environment_scripts_only(my_package)
[1.247s] DEBUG:colcon.colcon_core.event_handler.log_command:Invoked command in '/home/riley/ros2_ws/src/build/my_package' returned '0': CMAKE_PREFIX_PATH=/opt/ros/humble /usr/bin/cmake --install /home/riley/ros2_ws/src/build/my_package
[1.263s] Level 1:colcon.colcon_core.environment:checking '/home/riley/ros2_ws/src/install/my_package' for CMake module files
[1.264s] Level 1:colcon.colcon_core.environment:checking '/home/riley/ros2_ws/src/install/my_package' for CMake config files
[1.264s] Level 1:colcon.colcon_core.shell:create_environment_hook('my_package', 'cmake_prefix_path')
[1.274s] INFO:colcon.colcon_core.shell:Creating environment hook '/home/riley/ros2_ws/src/install/my_package/share/my_package/hook/cmake_prefix_path.ps1'
[1.275s] INFO:colcon.colcon_core.shell:Creating environment descriptor '/home/riley/ros2_ws/src/install/my_package/share/my_package/hook/cmake_prefix_path.dsv'
[1.275s] INFO:colcon.colcon_core.shell:Creating environment hook '/home/riley/ros2_ws/src/install/my_package/share/my_package/hook/cmake_prefix_path.sh'
[1.276s] Level 1:colcon.colcon_core.environment:checking '/home/riley/ros2_ws/src/install/my_package/lib'
[1.276s] Level 1:colcon.colcon_core.environment:checking '/home/riley/ros2_ws/src/install/my_package/bin'
[1.276s] Level 1:colcon.colcon_core.environment:checking '/home/riley/ros2_ws/src/install/my_package/lib/pkgconfig/my_package.pc'
[1.276s] Level 1:colcon.colcon_core.environment:checking '/home/riley/ros2_ws/src/install/my_package/lib/python3.10/site-packages'
[1.276s] Level 1:colcon.colcon_core.environment:checking '/home/riley/ros2_ws/src/install/my_package/bin'
[1.288s] INFO:colcon.colcon_core.shell:Creating package script '/home/riley/ros2_ws/src/install/my_package/share/my_package/package.ps1'
[1.288s] INFO:colcon.colcon_core.shell:Creating package descriptor '/home/riley/ros2_ws/src/install/my_package/share/my_package/package.dsv'
[1.289s] INFO:colcon.colcon_core.shell:Creating package script '/home/riley/ros2_ws/src/install/my_package/share/my_package/package.sh'
[1.289s] INFO:colcon.colcon_core.shell:Creating package script '/home/riley/ros2_ws/src/install/my_package/share/my_package/package.bash'
[1.290s] INFO:colcon.colcon_core.shell:Creating package script '/home/riley/ros2_ws/src/install/my_package/share/my_package/package.zsh'
[1.290s] Level 1:colcon.colcon_core.environment:create_file_with_runtime_dependencies(/home/riley/ros2_ws/src/install/my_package/share/colcon-core/packages/my_package)
[1.292s] Level 1:colcon.colcon_core.environment:create_environment_scripts_only(cpp_pubsub)
[1.293s] DEBUG:colcon.colcon_core.event_handler.log_command:Invoked command in '/home/riley/ros2_ws/src/build/cpp_pubsub' returned '0': CMAKE_PREFIX_PATH=/opt/ros/humble /usr/bin/cmake --install /home/riley/ros2_ws/src/build/cpp_pubsub
[1.303s] Level 1:colcon.colcon_core.environment:checking '/home/riley/ros2_ws/src/install/cpp_pubsub' for CMake module files
[1.304s] Level 1:colcon.colcon_core.environment:checking '/home/riley/ros2_ws/src/install/cpp_pubsub' for CMake config files
[1.304s] Level 1:colcon.colcon_core.shell:create_environment_hook('cpp_pubsub', 'cmake_prefix_path')
[1.316s] INFO:colcon.colcon_core.shell:Creating environment hook '/home/riley/ros2_ws/src/install/cpp_pubsub/share/cpp_pubsub/hook/cmake_prefix_path.ps1'
[1.316s] INFO:colcon.colcon_core.shell:Creating environment descriptor '/home/riley/ros2_ws/src/install/cpp_pubsub/share/cpp_pubsub/hook/cmake_prefix_path.dsv'
[1.317s] INFO:colcon.colcon_core.shell:Creating environment hook '/home/riley/ros2_ws/src/install/cpp_pubsub/share/cpp_pubsub/hook/cmake_prefix_path.sh'
[1.317s] Level 1:colcon.colcon_core.environment:checking '/home/riley/ros2_ws/src/install/cpp_pubsub/lib'
[1.317s] Level 1:colcon.colcon_core.environment:checking '/home/riley/ros2_ws/src/install/cpp_pubsub/bin'
[1.317s] Level 1:colcon.colcon_core.environment:checking '/home/riley/ros2_ws/src/install/cpp_pubsub/lib/pkgconfig/cpp_pubsub.pc'
[1.317s] Level 1:colcon.colcon_core.environment:checking '/home/riley/ros2_ws/src/install/cpp_pubsub/lib/python3.10/site-packages'
[1.318s] Level 1:colcon.colcon_core.environment:checking '/home/riley/ros2_ws/src/install/cpp_pubsub/bin'
[1.330s] INFO:colcon.colcon_core.shell:Creating package script '/home/riley/ros2_ws/src/install/cpp_pubsub/share/cpp_pubsub/package.ps1'
[1.330s] INFO:colcon.colcon_core.shell:Creating package descriptor '/home/riley/ros2_ws/src/install/cpp_pubsub/share/cpp_pubsub/package.dsv'
[1.331s] INFO:colcon.colcon_core.shell:Creating package script '/home/riley/ros2_ws/src/install/cpp_pubsub/share/cpp_pubsub/package.sh'
[1.331s] INFO:colcon.colcon_core.shell:Creating package script '/home/riley/ros2_ws/src/install/cpp_pubsub/share/cpp_pubsub/package.bash'
[1.331s] INFO:colcon.colcon_core.shell:Creating package script '/home/riley/ros2_ws/src/install/cpp_pubsub/share/cpp_pubsub/package.zsh'
[1.332s] Level 1:colcon.colcon_core.environment:create_file_with_runtime_dependencies(/home/riley/ros2_ws/src/install/cpp_pubsub/share/colcon-core/packages/cpp_pubsub)
[1.333s] Level 1:colcon.colcon_core.environment:create_environment_scripts_only(myworkcell_core)
[1.334s] DEBUG:colcon.colcon_core.event_handler.log_command:Invoked command in '/home/riley/ros2_ws/src/build/myworkcell_core' returned '0': CMAKE_PREFIX_PATH=/opt/ros/humble /usr/bin/cmake --install /home/riley/ros2_ws/src/build/myworkcell_core
[1.345s] Level 1:colcon.colcon_core.environment:checking '/home/riley/ros2_ws/src/install/myworkcell_core' for CMake module files
[1.346s] Level 1:colcon.colcon_core.environment:checking '/home/riley/ros2_ws/src/install/myworkcell_core' for CMake config files
[1.346s] Level 1:colcon.colcon_core.shell:create_environment_hook('myworkcell_core', 'cmake_prefix_path')
[1.361s] INFO:colcon.colcon_core.shell:Creating environment hook '/home/riley/ros2_ws/src/install/myworkcell_core/share/myworkcell_core/hook/cmake_prefix_path.ps1'
[1.362s] INFO:colcon.colcon_core.shell:Creating environment descriptor '/home/riley/ros2_ws/src/install/myworkcell_core/share/myworkcell_core/hook/cmake_prefix_path.dsv'
[1.362s] INFO:colcon.colcon_core.shell:Creating environment hook '/home/riley/ros2_ws/src/install/myworkcell_core/share/myworkcell_core/hook/cmake_prefix_path.sh'
[1.362s] Level 1:colcon.colcon_core.environment:checking '/home/riley/ros2_ws/src/install/myworkcell_core/lib'
[1.362s] Level 1:colcon.colcon_core.environment:checking '/home/riley/ros2_ws/src/install/myworkcell_core/bin'
[1.363s] Level 1:colcon.colcon_core.environment:checking '/home/riley/ros2_ws/src/install/myworkcell_core/lib/pkgconfig/myworkcell_core.pc'
[1.363s] Level 1:colcon.colcon_core.environment:checking '/home/riley/ros2_ws/src/install/myworkcell_core/lib/python3.10/site-packages'
[1.363s] Level 1:colcon.colcon_core.environment:checking '/home/riley/ros2_ws/src/install/myworkcell_core/bin'
[1.374s] INFO:colcon.colcon_core.shell:Creating package script '/home/riley/ros2_ws/src/install/myworkcell_core/share/myworkcell_core/package.ps1'
[1.374s] INFO:colcon.colcon_core.shell:Creating package descriptor '/home/riley/ros2_ws/src/install/myworkcell_core/share/myworkcell_core/package.dsv'
[1.375s] INFO:colcon.colcon_core.shell:Creating package script '/home/riley/ros2_ws/src/install/myworkcell_core/share/myworkcell_core/package.sh'
[1.375s] INFO:colcon.colcon_core.shell:Creating package script '/home/riley/ros2_ws/src/install/myworkcell_core/share/myworkcell_core/package.bash'
[1.375s] INFO:colcon.colcon_core.shell:Creating package script '/home/riley/ros2_ws/src/install/myworkcell_core/share/myworkcell_core/package.zsh'
[1.375s] Level 1:colcon.colcon_core.environment:create_file_with_runtime_dependencies(/home/riley/ros2_ws/src/install/myworkcell_core/share/colcon-core/packages/myworkcell_core)
[1.388s] Level 1:colcon.colcon_core.environment:create_environment_scripts_only(my_package)
[1.398s] Level 1:colcon.colcon_core.environment:checking '/home/riley/ros2_ws/src/install/my_package' for CMake module files
[1.399s] Level 1:colcon.colcon_core.environment:checking '/home/riley/ros2_ws/src/install/my_package' for CMake config files
[1.399s] Level 1:colcon.colcon_core.shell:create_environment_hook('my_package', 'cmake_prefix_path')
[1.410s] INFO:colcon.colcon_core.shell:Creating environment hook '/home/riley/ros2_ws/src/install/my_package/share/my_package/hook/cmake_prefix_path.ps1'
[1.411s] INFO:colcon.colcon_core.shell:Creating environment descriptor '/home/riley/ros2_ws/src/install/my_package/share/my_package/hook/cmake_prefix_path.dsv'
[1.411s] INFO:colcon.colcon_core.shell:Creating environment hook '/home/riley/ros2_ws/src/install/my_package/share/my_package/hook/cmake_prefix_path.sh'
[1.411s] Level 1:colcon.colcon_core.environment:checking '/home/riley/ros2_ws/src/install/my_package/lib'
[1.411s] Level 1:colcon.colcon_core.environment:checking '/home/riley/ros2_ws/src/install/my_package/bin'
[1.412s] Level 1:colcon.colcon_core.environment:checking '/home/riley/ros2_ws/src/install/my_package/lib/pkgconfig/my_package.pc'
[1.412s] Level 1:colcon.colcon_core.environment:checking '/home/riley/ros2_ws/src/install/my_package/lib/python3.10/site-packages'
[1.412s] Level 1:colcon.colcon_core.environment:checking '/home/riley/ros2_ws/src/install/my_package/bin'
[1.423s] INFO:colcon.colcon_core.shell:Creating package script '/home/riley/ros2_ws/src/install/my_package/share/my_package/package.ps1'
[1.423s] INFO:colcon.colcon_core.shell:Creating package descriptor '/home/riley/ros2_ws/src/install/my_package/share/my_package/package.dsv'
[1.424s] INFO:colcon.colcon_core.shell:Creating package script '/home/riley/ros2_ws/src/install/my_package/share/my_package/package.sh'
[1.424s] INFO:colcon.colcon_core.shell:Creating package script '/home/riley/ros2_ws/src/install/my_package/share/my_package/package.bash'
[1.424s] INFO:colcon.colcon_core.shell:Creating package script '/home/riley/ros2_ws/src/install/my_package/share/my_package/package.zsh'
[1.424s] Level 1:colcon.colcon_core.environment:create_file_with_runtime_dependencies(/home/riley/ros2_ws/src/install/my_package/share/colcon-core/packages/my_package)
[1.436s] Level 1:colcon.colcon_core.environment:create_environment_scripts_only(cpp_pubsub)
[1.448s] Level 1:colcon.colcon_core.environment:checking '/home/riley/ros2_ws/src/install/cpp_pubsub' for CMake module files
[1.449s] Level 1:colcon.colcon_core.environment:checking '/home/riley/ros2_ws/src/install/cpp_pubsub' for CMake config files
[1.449s] Level 1:colcon.colcon_core.shell:create_environment_hook('cpp_pubsub', 'cmake_prefix_path')
[1.461s] INFO:colcon.colcon_core.shell:Creating environment hook '/home/riley/ros2_ws/src/install/cpp_pubsub/share/cpp_pubsub/hook/cmake_prefix_path.ps1'
[1.462s] INFO:colcon.colcon_core.shell:Creating environment descriptor '/home/riley/ros2_ws/src/install/cpp_pubsub/share/cpp_pubsub/hook/cmake_prefix_path.dsv'
[1.462s] INFO:colcon.colcon_core.shell:Creating environment hook '/home/riley/ros2_ws/src/install/cpp_pubsub/share/cpp_pubsub/hook/cmake_prefix_path.sh'
[1.463s] Level 1:colcon.colcon_core.environment:checking '/home/riley/ros2_ws/src/install/cpp_pubsub/lib'
[1.463s] Level 1:colcon.colcon_core.environment:checking '/home/riley/ros2_ws/src/install/cpp_pubsub/bin'
[1.463s] Level 1:colcon.colcon_core.environment:checking '/home/riley/ros2_ws/src/install/cpp_pubsub/lib/pkgconfig/cpp_pubsub.pc'
[1.463s] Level 1:colcon.colcon_core.environment:checking '/home/riley/ros2_ws/src/install/cpp_pubsub/lib/python3.10/site-packages'
[1.463s] Level 1:colcon.colcon_core.environment:checking '/home/riley/ros2_ws/src/install/cpp_pubsub/bin'
[1.475s] INFO:colcon.colcon_core.shell:Creating package script '/home/riley/ros2_ws/src/install/cpp_pubsub/share/cpp_pubsub/package.ps1'
[1.475s] INFO:colcon.colcon_core.shell:Creating package descriptor '/home/riley/ros2_ws/src/install/cpp_pubsub/share/cpp_pubsub/package.dsv'
[1.476s] INFO:colcon.colcon_core.shell:Creating package script '/home/riley/ros2_ws/src/install/cpp_pubsub/share/cpp_pubsub/package.sh'
[1.476s] INFO:colcon.colcon_core.shell:Creating package script '/home/riley/ros2_ws/src/install/cpp_pubsub/share/cpp_pubsub/package.bash'
[1.477s] INFO:colcon.colcon_core.shell:Creating package script '/home/riley/ros2_ws/src/install/cpp_pubsub/share/cpp_pubsub/package.zsh'
[1.477s] Level 1:colcon.colcon_core.environment:create_file_with_runtime_dependencies(/home/riley/ros2_ws/src/install/cpp_pubsub/share/colcon-core/packages/cpp_pubsub)
[1.490s] Level 1:colcon.colcon_core.environment:create_environment_scripts_only(myworkcell_core)
[1.499s] Level 1:colcon.colcon_core.environment:checking '/home/riley/ros2_ws/src/install/myworkcell_core' for CMake module files
[1.500s] Level 1:colcon.colcon_core.environment:checking '/home/riley/ros2_ws/src/install/myworkcell_core' for CMake config files
[1.500s] Level 1:colcon.colcon_core.shell:create_environment_hook('myworkcell_core', 'cmake_prefix_path')
[1.512s] INFO:colcon.colcon_core.shell:Creating environment hook '/home/riley/ros2_ws/src/install/myworkcell_core/share/myworkcell_core/hook/cmake_prefix_path.ps1'
[1.513s] INFO:colcon.colcon_core.shell:Creating environment descriptor '/home/riley/ros2_ws/src/install/myworkcell_core/share/myworkcell_core/hook/cmake_prefix_path.dsv'
[1.513s] INFO:colcon.colcon_core.shell:Creating environment hook '/home/riley/ros2_ws/src/install/myworkcell_core/share/myworkcell_core/hook/cmake_prefix_path.sh'
[1.513s] Level 1:colcon.colcon_core.environment:checking '/home/riley/ros2_ws/src/install/myworkcell_core/lib'
[1.513s] Level 1:colcon.colcon_core.environment:checking '/home/riley/ros2_ws/src/install/myworkcell_core/bin'
[1.513s] Level 1:colcon.colcon_core.environment:checking '/home/riley/ros2_ws/src/install/myworkcell_core/lib/pkgconfig/myworkcell_core.pc'
[1.514s] Level 1:colcon.colcon_core.environment:checking '/home/riley/ros2_ws/src/install/myworkcell_core/lib/python3.10/site-packages'
[1.514s] Level 1:colcon.colcon_core.environment:checking '/home/riley/ros2_ws/src/install/myworkcell_core/bin'
[1.524s] INFO:colcon.colcon_core.shell:Creating package script '/home/riley/ros2_ws/src/install/myworkcell_core/share/myworkcell_core/package.ps1'
[1.525s] INFO:colcon.colcon_core.shell:Creating package descriptor '/home/riley/ros2_ws/src/install/myworkcell_core/share/myworkcell_core/package.dsv'
[1.525s] INFO:colcon.colcon_core.shell:Creating package script '/home/riley/ros2_ws/src/install/myworkcell_core/share/myworkcell_core/package.sh'
[1.525s] INFO:colcon.colcon_core.shell:Creating package script '/home/riley/ros2_ws/src/install/myworkcell_core/share/myworkcell_core/package.bash'
[1.526s] INFO:colcon.colcon_core.shell:Creating package script '/home/riley/ros2_ws/src/install/myworkcell_core/share/myworkcell_core/package.zsh'
[1.526s] Level 1:colcon.colcon_core.environment:create_file_with_runtime_dependencies(/home/riley/ros2_ws/src/install/myworkcell_core/share/colcon-core/packages/myworkcell_core)
[1.529s] DEBUG:colcon.colcon_core.event_handler.log_command:Invoking command in '/home/riley/ros2_ws/src/six_leg_controller': PYTHONPATH=/home/riley/ros2_ws/src/build/six_leg_controller/prefix_override:/home/riley/ros2_ws/src/install/six_leg_controller/lib/python3.10/site-packages:${PYTHONPATH} /usr/bin/python3 setup.py egg_info --egg-base ../build/six_leg_controller build --build-base /home/riley/ros2_ws/src/build/six_leg_controller/build install --record /home/riley/ros2_ws/src/build/six_leg_controller/install.log --single-version-externally-managed
[1.737s] DEBUG:colcon.colcon_core.event_handler.log_command:Invoked command in '/home/riley/ros2_ws/src/six_leg_controller' returned '0': PYTHONPATH=/home/riley/ros2_ws/src/build/six_leg_controller/prefix_override:/home/riley/ros2_ws/src/install/six_leg_controller/lib/python3.10/site-packages:${PYTHONPATH} /usr/bin/python3 setup.py egg_info --egg-base ../build/six_leg_controller build --build-base /home/riley/ros2_ws/src/build/six_leg_controller/build install --record /home/riley/ros2_ws/src/build/six_leg_controller/install.log --single-version-externally-managed
[1.746s] Level 1:colcon.colcon_core.environment:checking '/home/riley/ros2_ws/src/install/six_leg_controller' for CMake module files
[1.747s] Level 1:colcon.colcon_core.environment:checking '/home/riley/ros2_ws/src/install/six_leg_controller' for CMake config files
[1.747s] Level 1:colcon.colcon_core.environment:checking '/home/riley/ros2_ws/src/install/six_leg_controller/lib'
[1.747s] Level 1:colcon.colcon_core.environment:checking '/home/riley/ros2_ws/src/install/six_leg_controller/bin'
[1.747s] Level 1:colcon.colcon_core.environment:checking '/home/riley/ros2_ws/src/install/six_leg_controller/lib/pkgconfig/six_leg_controller.pc'
[1.747s] Level 1:colcon.colcon_core.environment:checking '/home/riley/ros2_ws/src/install/six_leg_controller/lib/python3.10/site-packages'
[1.747s] Level 1:colcon.colcon_core.shell:create_environment_hook('six_leg_controller', 'pythonpath')
[1.757s] INFO:colcon.colcon_core.shell:Creating environment hook '/home/riley/ros2_ws/src/install/six_leg_controller/share/six_leg_controller/hook/pythonpath.ps1'
[1.757s] INFO:colcon.colcon_core.shell:Creating environment descriptor '/home/riley/ros2_ws/src/install/six_leg_controller/share/six_leg_controller/hook/pythonpath.dsv'
[1.757s] INFO:colcon.colcon_core.shell:Creating environment hook '/home/riley/ros2_ws/src/install/six_leg_controller/share/six_leg_controller/hook/pythonpath.sh'
[1.758s] Level 1:colcon.colcon_core.environment:checking '/home/riley/ros2_ws/src/install/six_leg_controller/bin'
[1.758s] Level 1:colcon.colcon_core.environment:create_environment_scripts_only(six_leg_controller)
[1.767s] INFO:colcon.colcon_core.shell:Creating package script '/home/riley/ros2_ws/src/install/six_leg_controller/share/six_leg_controller/package.ps1'
[1.767s] INFO:colcon.colcon_core.shell:Creating package descriptor '/home/riley/ros2_ws/src/install/six_leg_controller/share/six_leg_controller/package.dsv'
[1.768s] INFO:colcon.colcon_core.shell:Creating package script '/home/riley/ros2_ws/src/install/six_leg_controller/share/six_leg_controller/package.sh'
[1.768s] INFO:colcon.colcon_core.shell:Creating package script '/home/riley/ros2_ws/src/install/six_leg_controller/share/six_leg_controller/package.bash'
[1.768s] INFO:colcon.colcon_core.shell:Creating package script '/home/riley/ros2_ws/src/install/six_leg_controller/share/six_leg_controller/package.zsh'
[1.768s] Level 1:colcon.colcon_core.environment:create_file_with_runtime_dependencies(/home/riley/ros2_ws/src/install/six_leg_controller/share/colcon-core/packages/six_leg_controller)
[1.769s] DEBUG:colcon.colcon_parallel_executor.executor.parallel:closing loop
[1.769s] DEBUG:colcon.colcon_parallel_executor.executor.parallel:loop closed
[1.769s] DEBUG:colcon.colcon_parallel_executor.executor.parallel:run_until_complete finished with '0'
[1.769s] DEBUG:colcon.colcon_core.event_reactor:joining thread
[1.783s] INFO:colcon.colcon_core.plugin_system:Skipping extension 'colcon_notification.desktop_notification.terminal_notifier': Not used on non-Darwin systems
[1.783s] INFO:colcon.colcon_core.plugin_system:Skipping extension 'colcon_notification.desktop_notification.win32': Not used on non-Windows systems
[1.784s] INFO:colcon.colcon_notification.desktop_notification:Sending desktop notification using 'notify2'
[1.808s] DEBUG:colcon.colcon_core.event_reactor:joined thread
[1.823s] INFO:colcon.colcon_core.shell:Creating prefix script '/home/riley/ros2_ws/src/install/local_setup.ps1'
[1.824s] INFO:colcon.colcon_core.shell:Creating prefix util module '/home/riley/ros2_ws/src/install/_local_setup_util_ps1.py'
[1.825s] INFO:colcon.colcon_core.shell:Creating prefix chain script '/home/riley/ros2_ws/src/install/setup.ps1'
[1.843s] INFO:colcon.colcon_core.shell:Creating prefix script '/home/riley/ros2_ws/src/install/local_setup.sh'
[1.844s] INFO:colcon.colcon_core.shell:Creating prefix util module '/home/riley/ros2_ws/src/install/_local_setup_util_sh.py'
[1.845s] INFO:colcon.colcon_core.shell:Creating prefix chain script '/home/riley/ros2_ws/src/install/setup.sh'
[1.859s] INFO:colcon.colcon_core.shell:Creating prefix script '/home/riley/ros2_ws/src/install/local_setup.bash'
[1.859s] INFO:colcon.colcon_core.shell:Creating prefix chain script '/home/riley/ros2_ws/src/install/setup.bash'
[1.873s] INFO:colcon.colcon_core.shell:Creating prefix script '/home/riley/ros2_ws/src/install/local_setup.zsh'
[1.873s] INFO:colcon.colcon_core.shell:Creating prefix chain script '/home/riley/ros2_ws/src/install/setup.zsh'
