[0.045s] Invoking command in '/home/riley/ros2_ws/build/myworkcell_core': AMENT_PREFIX_PATH=/home/riley/ros2_ws/install/fake_ar_publisher:${AMENT_PREFIX_PATH} CMAKE_PREFIX_PATH=/home/riley/ros2_ws/install/fake_ar_publisher:/opt/ros/humble LD_LIBRARY_PATH=/home/riley/ros2_ws/install/fake_ar_publisher/lib:${LD_LIBRARY_PATH} PYTHONPATH=/home/riley/ros2_ws/install/fake_ar_publisher/local/lib/python3.10/dist-packages:${PYTHONPATH} /usr/bin/cmake --build /home/riley/ros2_ws/build/myworkcell_core -- -j8 -l8
[0.092s] [35m[1mConsolidate compiler generated dependencies of target vision_node[0m
[0.111s] [ 50%] [32mBuilding CXX object CMakeFiles/vision_node.dir/src/vision_node.cpp.o[0m
[2.708s] [100%] [32m[1mLinking CXX executable vision_node[0m
[2.805s] [100%] Built target vision_node
[2.815s] Invoked command in '/home/riley/ros2_ws/build/myworkcell_core' returned '0': AMENT_PREFIX_PATH=/home/riley/ros2_ws/install/fake_ar_publisher:${AMENT_PREFIX_PATH} CMAKE_PREFIX_PATH=/home/riley/ros2_ws/install/fake_ar_publisher:/opt/ros/humble LD_LIBRARY_PATH=/home/riley/ros2_ws/install/fake_ar_publisher/lib:${LD_LIBRARY_PATH} PYTHONPATH=/home/riley/ros2_ws/install/fake_ar_publisher/local/lib/python3.10/dist-packages:${PYTHONPATH} /usr/bin/cmake --build /home/riley/ros2_ws/build/myworkcell_core -- -j8 -l8
[2.836s] Invoking command in '/home/riley/ros2_ws/build/myworkcell_core': AMENT_PREFIX_PATH=/home/riley/ros2_ws/install/fake_ar_publisher:${AMENT_PREFIX_PATH} CMAKE_PREFIX_PATH=/home/riley/ros2_ws/install/fake_ar_publisher:/opt/ros/humble LD_LIBRARY_PATH=/home/riley/ros2_ws/install/fake_ar_publisher/lib:${LD_LIBRARY_PATH} PYTHONPATH=/home/riley/ros2_ws/install/fake_ar_publisher/local/lib/python3.10/dist-packages:${PYTHONPATH} /usr/bin/cmake --install /home/riley/ros2_ws/build/myworkcell_core
[2.842s] -- Install configuration: ""
[2.844s] -- Installing: /home/riley/ros2_ws/install/myworkcell_core/lib/myworkcell_core/vision_node
[2.844s] -- Set runtime path of "/home/riley/ros2_ws/install/myworkcell_core/lib/myworkcell_core/vision_node" to ""
[2.846s] -- Up-to-date: /home/riley/ros2_ws/install/myworkcell_core/share/ament_index/resource_index/package_run_dependencies/myworkcell_core
[2.846s] -- Up-to-date: /home/riley/ros2_ws/install/myworkcell_core/share/ament_index/resource_index/parent_prefix_path/myworkcell_core
[2.847s] -- Up-to-date: /home/riley/ros2_ws/install/myworkcell_core/share/myworkcell_core/environment/ament_prefix_path.sh
[2.847s] -- Up-to-date: /home/riley/ros2_ws/install/myworkcell_core/share/myworkcell_core/environment/ament_prefix_path.dsv
[2.847s] -- Up-to-date: /home/riley/ros2_ws/install/myworkcell_core/share/myworkcell_core/environment/path.sh
[2.847s] -- Up-to-date: /home/riley/ros2_ws/install/myworkcell_core/share/myworkcell_core/environment/path.dsv
[2.847s] -- Up-to-date: /home/riley/ros2_ws/install/myworkcell_core/share/myworkcell_core/local_setup.bash
[2.847s] -- Up-to-date: /home/riley/ros2_ws/install/myworkcell_core/share/myworkcell_core/local_setup.sh
[2.847s] -- Up-to-date: /home/riley/ros2_ws/install/myworkcell_core/share/myworkcell_core/local_setup.zsh
[2.847s] -- Up-to-date: /home/riley/ros2_ws/install/myworkcell_core/share/myworkcell_core/local_setup.dsv
[2.847s] -- Installing: /home/riley/ros2_ws/install/myworkcell_core/share/myworkcell_core/package.dsv
[2.848s] -- Up-to-date: /home/riley/ros2_ws/install/myworkcell_core/share/ament_index/resource_index/packages/myworkcell_core
[2.848s] -- Up-to-date: /home/riley/ros2_ws/install/myworkcell_core/share/myworkcell_core/cmake/myworkcell_coreConfig.cmake
[2.848s] -- Up-to-date: /home/riley/ros2_ws/install/myworkcell_core/share/myworkcell_core/cmake/myworkcell_coreConfig-version.cmake
[2.848s] -- Up-to-date: /home/riley/ros2_ws/install/myworkcell_core/share/myworkcell_core/package.xml
[2.852s] Invoked command in '/home/riley/ros2_ws/build/myworkcell_core' returned '0': AMENT_PREFIX_PATH=/home/riley/ros2_ws/install/fake_ar_publisher:${AMENT_PREFIX_PATH} CMAKE_PREFIX_PATH=/home/riley/ros2_ws/install/fake_ar_publisher:/opt/ros/humble LD_LIBRARY_PATH=/home/riley/ros2_ws/install/fake_ar_publisher/lib:${LD_LIBRARY_PATH} PYTHONPATH=/home/riley/ros2_ws/install/fake_ar_publisher/local/lib/python3.10/dist-packages:${PYTHONPATH} /usr/bin/cmake --install /home/riley/ros2_ws/build/myworkcell_core
