[0.198s] Invoking command in '/home/riley/ros2_ws/build/my_package': CMAKE_PREFIX_PATH=${CMAKE_PREFIX_PATH}:/home/riley/ros2_ws/src/install/six_leg_controller:/home/riley/ros2_ws/install/six_leg_controller:/opt/ros/humble /usr/bin/cmake /home/riley/ros2_ws/src/my_package -DCMAKE_INSTALL_PREFIX=/home/riley/ros2_ws/install/my_package
[0.257s] -- The C compiler identification is GNU 11.4.0
[0.306s] -- The CXX compiler identification is GNU 11.4.0
[0.315s] -- Detecting C compiler ABI info
[0.378s] -- Detecting C compiler ABI info - done
[0.383s] -- Check for working C compiler: /usr/bin/cc - skipped
[0.383s] -- Detecting C compile features
[0.384s] -- Detecting C compile features - done
[0.386s] -- Detecting CXX compiler ABI info
[0.457s] -- Detecting CXX compiler ABI info - done
[0.459s] -- Check for working CXX compiler: /usr/bin/c++ - skipped
[0.459s] -- Detecting CXX compile features
[0.459s] -- Detecting CXX compile features - done
[0.461s] -- Found ament_cmake: 1.3.5 (/opt/ros/humble/share/ament_cmake/cmake)
[0.608s] -- Found Python3: /usr/bin/python3.10 (found version "3.10.12") found components: Interpreter 
[0.691s] -- Found ament_lint_auto: 0.12.8 (/opt/ros/humble/share/ament_lint_auto/cmake)
[0.757s] -- Added test 'cppcheck' to perform static code analysis on C / C++ code
[0.757s] -- Configured cppcheck include dirs: $<BUILD_INTERFACE:/home/riley/ros2_ws/src/my_package/include>
[0.757s] -- Configured cppcheck exclude dirs and/or files: 
[0.758s] -- Added test 'lint_cmake' to check CMake code style
[0.758s] -- Added test 'uncrustify' to check C / C++ code style
[0.758s] -- Configured uncrustify additional arguments: 
[0.759s] -- Added test 'xmllint' to check XML markup files
[0.760s] -- Configuring done
[0.763s] -- Generating done
[0.763s] -- Build files have been written to: /home/riley/ros2_ws/build/my_package
[0.767s] Invoked command in '/home/riley/ros2_ws/build/my_package' returned '0': CMAKE_PREFIX_PATH=${CMAKE_PREFIX_PATH}:/home/riley/ros2_ws/src/install/six_leg_controller:/home/riley/ros2_ws/install/six_leg_controller:/opt/ros/humble /usr/bin/cmake /home/riley/ros2_ws/src/my_package -DCMAKE_INSTALL_PREFIX=/home/riley/ros2_ws/install/my_package
[0.768s] Invoking command in '/home/riley/ros2_ws/build/my_package': CMAKE_PREFIX_PATH=${CMAKE_PREFIX_PATH}:/home/riley/ros2_ws/src/install/six_leg_controller:/home/riley/ros2_ws/install/six_leg_controller:/opt/ros/humble /usr/bin/cmake --build /home/riley/ros2_ws/build/my_package -- -j8 -l8
[0.812s] [ 50%] [32mBuilding CXX object CMakeFiles/my_node.dir/src/my_node.cpp.o[0m
[0.844s] [100%] [32m[1mLinking CXX executable my_node[0m
[0.882s] [100%] Built target my_node
[0.891s] Invoked command in '/home/riley/ros2_ws/build/my_package' returned '0': CMAKE_PREFIX_PATH=${CMAKE_PREFIX_PATH}:/home/riley/ros2_ws/src/install/six_leg_controller:/home/riley/ros2_ws/install/six_leg_controller:/opt/ros/humble /usr/bin/cmake --build /home/riley/ros2_ws/build/my_package -- -j8 -l8
[0.912s] Invoking command in '/home/riley/ros2_ws/build/my_package': CMAKE_PREFIX_PATH=${CMAKE_PREFIX_PATH}:/home/riley/ros2_ws/src/install/six_leg_controller:/home/riley/ros2_ws/install/six_leg_controller:/opt/ros/humble /usr/bin/cmake --install /home/riley/ros2_ws/build/my_package
[0.920s] -- Install configuration: ""
[0.920s] -- Installing: /home/riley/ros2_ws/install/my_package/lib/my_package/my_node
[0.920s] -- Installing: /home/riley/ros2_ws/install/my_package/share/ament_index/resource_index/package_run_dependencies/my_package
[0.920s] -- Installing: /home/riley/ros2_ws/install/my_package/share/ament_index/resource_index/parent_prefix_path/my_package
[0.920s] -- Installing: /home/riley/ros2_ws/install/my_package/share/my_package/environment/ament_prefix_path.sh
[0.920s] -- Installing: /home/riley/ros2_ws/install/my_package/share/my_package/environment/ament_prefix_path.dsv
[0.921s] -- Installing: /home/riley/ros2_ws/install/my_package/share/my_package/environment/path.sh
[0.921s] -- Installing: /home/riley/ros2_ws/install/my_package/share/my_package/environment/path.dsv
[0.921s] -- Installing: /home/riley/ros2_ws/install/my_package/share/my_package/local_setup.bash
[0.921s] -- Installing: /home/riley/ros2_ws/install/my_package/share/my_package/local_setup.sh
[0.921s] -- Installing: /home/riley/ros2_ws/install/my_package/share/my_package/local_setup.zsh
[0.921s] -- Installing: /home/riley/ros2_ws/install/my_package/share/my_package/local_setup.dsv
[0.921s] -- Installing: /home/riley/ros2_ws/install/my_package/share/my_package/package.dsv
[0.922s] -- Installing: /home/riley/ros2_ws/install/my_package/share/ament_index/resource_index/packages/my_package
[0.922s] -- Installing: /home/riley/ros2_ws/install/my_package/share/my_package/cmake/my_packageConfig.cmake
[0.922s] -- Installing: /home/riley/ros2_ws/install/my_package/share/my_package/cmake/my_packageConfig-version.cmake
[0.922s] -- Installing: /home/riley/ros2_ws/install/my_package/share/my_package/package.xml
[0.924s] Invoked command in '/home/riley/ros2_ws/build/my_package' returned '0': CMAKE_PREFIX_PATH=${CMAKE_PREFIX_PATH}:/home/riley/ros2_ws/src/install/six_leg_controller:/home/riley/ros2_ws/install/six_leg_controller:/opt/ros/humble /usr/bin/cmake --install /home/riley/ros2_ws/build/my_package
