[0.065s] Invoking command in '/home/riley/ros2_ws/build/tutorial_interfaces': CMAKE_PREFIX_PATH=${CMAKE_PREFIX_PATH}:/home/riley/ros2_ws/install/six_leg_controller:/home/riley/ros2_ws/src/install/six_leg_controller:/opt/ros/humble /usr/bin/cmake /home/riley/ros2_ws/src/tutorial_interfaces -DCMAKE_INSTALL_PREFIX=/home/riley/ros2_ws/install/tutorial_interfaces
[0.103s] -- The C compiler identification is GNU 11.4.0
[0.148s] -- The CXX compiler identification is GNU 11.4.0
[0.154s] -- Detecting C compiler ABI info
[0.208s] -- Detecting C compiler ABI info - done
[0.212s] -- Check for working C compiler: /usr/bin/cc - skipped
[0.212s] -- Detecting C compile features
[0.212s] -- Detecting C compile features - done
[0.215s] -- Detecting CXX compiler ABI info
[0.276s] -- Detecting CXX compiler ABI info - done
[0.281s] -- Check for working CXX compiler: /usr/bin/c++ - skipped
[0.281s] -- Detecting CXX compile features
[0.282s] -- Detecting CXX compile features - done
[0.284s] -- Found ament_cmake: 1.3.5 (/opt/ros/humble/share/ament_cmake/cmake)
[0.415s] -- Found Python3: /usr/bin/python3.10 (found version "3.10.12") found components: Interpreter 
[0.506s] -- Found geometry_msgs: 4.2.3 (/opt/ros/humble/share/geometry_msgs/cmake)
[0.539s] -- Found rosidl_generator_c: 3.1.5 (/opt/ros/humble/share/rosidl_generator_c/cmake)
[0.543s] -- Found rosidl_adapter: 3.1.5 (/opt/ros/humble/share/rosidl_adapter/cmake)
[0.551s] -- Found rosidl_generator_cpp: 3.1.5 (/opt/ros/humble/share/rosidl_generator_cpp/cmake)
[0.562s] -- Using all available rosidl_typesupport_c: rosidl_typesupport_fastrtps_c;rosidl_typesupport_introspection_c
[0.578s] -- Using all available rosidl_typesupport_cpp: rosidl_typesupport_fastrtps_cpp;rosidl_typesupport_introspection_cpp
[0.668s] [31mCMake Error at /opt/ros/humble/share/rosidl_cmake/cmake/rosidl_generate_interfaces.cmake:93 (message):
[0.668s]   rosidl_generate_interfaces() the passed file 'msg/Num.msg' doesn't exist
[0.668s]   relative to the CMAKE_CURRENT_SOURCE_DIR
[0.668s]   '/home/riley/ros2_ws/src/tutorial_interfaces'
[0.668s] Call Stack (most recent call first):
[0.668s]   CMakeLists.txt:10 (rosidl_generate_interfaces)
[0.668s] 
[0.668s] [0m
[0.669s] -- Configuring incomplete, errors occurred!
[0.669s] See also "/home/riley/ros2_ws/build/tutorial_interfaces/CMakeFiles/CMakeOutput.log".
[0.673s] Invoked command in '/home/riley/ros2_ws/build/tutorial_interfaces' returned '1': CMAKE_PREFIX_PATH=${CMAKE_PREFIX_PATH}:/home/riley/ros2_ws/install/six_leg_controller:/home/riley/ros2_ws/src/install/six_leg_controller:/opt/ros/humble /usr/bin/cmake /home/riley/ros2_ws/src/tutorial_interfaces -DCMAKE_INSTALL_PREFIX=/home/riley/ros2_ws/install/tutorial_interfaces
