[0.278s] Invoking command in '/home/riley/ros2_ws/src/build/cpp_srvcli': CMAKE_PREFIX_PATH=${CMAKE_PREFIX_PATH}:/home/riley/ros2_ws/src/install/six_leg_controller:/home/riley/ros2_ws/install/six_leg_controller:/opt/ros/humble /usr/bin/cmake /home/riley/ros2_ws/src/cpp_srvcli -DCMAKE_INSTALL_PREFIX=/home/riley/ros2_ws/src/install/cpp_srvcli
[0.373s] -- The C compiler identification is GNU 11.4.0
[0.428s] -- The CXX compiler identification is GNU 11.4.0
[0.433s] -- Detecting C compiler ABI info
[0.510s] -- Detecting C compiler ABI info - done
[0.517s] -- Check for working C compiler: /usr/bin/cc - skipped
[0.517s] -- Detecting C compile features
[0.517s] -- Detecting C compile features - done
[0.519s] -- Detecting CXX compiler ABI info
[0.653s] -- Detecting CXX compiler ABI info - done
[0.659s] -- Check for working CXX compiler: /usr/bin/c++ - skipped
[0.659s] -- Detecting CXX compile features
[0.659s] -- Detecting CXX compile features - done
[0.662s] -- Found ament_cmake: 1.3.5 (/opt/ros/humble/share/ament_cmake/cmake)
[0.884s] -- Found Python3: /usr/bin/python3.10 (found version "3.10.12") found components: Interpreter 
[1.006s] -- Found rclcpp: 16.0.6 (/opt/ros/humble/share/rclcpp/cmake)
[1.072s] -- Found rosidl_generator_c: 3.1.5 (/opt/ros/humble/share/rosidl_generator_c/cmake)
[1.081s] -- Found rosidl_adapter: 3.1.5 (/opt/ros/humble/share/rosidl_adapter/cmake)
[1.091s] -- Found rosidl_generator_cpp: 3.1.5 (/opt/ros/humble/share/rosidl_generator_cpp/cmake)
[1.113s] -- Using all available rosidl_typesupport_c: rosidl_typesupport_fastrtps_c;rosidl_typesupport_introspection_c
[1.139s] -- Using all available rosidl_typesupport_cpp: rosidl_typesupport_fastrtps_cpp;rosidl_typesupport_introspection_cpp
[1.219s] -- Found rmw_implementation_cmake: 6.1.1 (/opt/ros/humble/share/rmw_implementation_cmake/cmake)
[1.222s] -- Found rmw_fastrtps_cpp: 6.2.4 (/opt/ros/humble/share/rmw_fastrtps_cpp/cmake)
[1.346s] -- Found OpenSSL: /usr/lib/x86_64-linux-gnu/libcrypto.so (found version "3.0.2")  
[1.381s] -- Found FastRTPS: /opt/ros/humble/include  
[1.438s] -- Using RMW implementation 'rmw_fastrtps_cpp' as default
[1.452s] -- Looking for pthread.h
[1.547s] -- Looking for pthread.h - found
[1.548s] -- Performing Test CMAKE_HAVE_LIBC_PTHREAD
[1.655s] -- Performing Test CMAKE_HAVE_LIBC_PTHREAD - Success
[1.655s] -- Found Threads: TRUE  
[1.797s] -- Found example_interfaces: 0.9.3 (/opt/ros/humble/share/example_interfaces/cmake)
[2.024s] -- Configuring done
[2.033s] -- Generating done
[2.034s] -- Build files have been written to: /home/riley/ros2_ws/src/build/cpp_srvcli
[2.042s] Invoked command in '/home/riley/ros2_ws/src/build/cpp_srvcli' returned '0': CMAKE_PREFIX_PATH=${CMAKE_PREFIX_PATH}:/home/riley/ros2_ws/src/install/six_leg_controller:/home/riley/ros2_ws/install/six_leg_controller:/opt/ros/humble /usr/bin/cmake /home/riley/ros2_ws/src/cpp_srvcli -DCMAKE_INSTALL_PREFIX=/home/riley/ros2_ws/src/install/cpp_srvcli
[2.043s] Invoking command in '/home/riley/ros2_ws/src/build/cpp_srvcli': CMAKE_PREFIX_PATH=${CMAKE_PREFIX_PATH}:/home/riley/ros2_ws/src/install/six_leg_controller:/home/riley/ros2_ws/install/six_leg_controller:/opt/ros/humble /usr/bin/cmake --build /home/riley/ros2_ws/src/build/cpp_srvcli -- -j8 -l8
[2.101s] [ 25%] [32mBuilding CXX object CMakeFiles/client.dir/src/add_two_ints_client.cpp.o[0m
[2.101s] [ 50%] [32mBuilding CXX object CMakeFiles/server.dir/src/add_two_ints_server.cpp.o[0m
[6.643s] [ 75%] [32m[1mLinking CXX executable server[0m
[6.782s] [ 75%] Built target server
[6.879s] [100%] [32m[1mLinking CXX executable client[0m
[6.991s] [100%] Built target client
[7.003s] Invoked command in '/home/riley/ros2_ws/src/build/cpp_srvcli' returned '0': CMAKE_PREFIX_PATH=${CMAKE_PREFIX_PATH}:/home/riley/ros2_ws/src/install/six_leg_controller:/home/riley/ros2_ws/install/six_leg_controller:/opt/ros/humble /usr/bin/cmake --build /home/riley/ros2_ws/src/build/cpp_srvcli -- -j8 -l8
[7.028s] Invoking command in '/home/riley/ros2_ws/src/build/cpp_srvcli': CMAKE_PREFIX_PATH=${CMAKE_PREFIX_PATH}:/home/riley/ros2_ws/src/install/six_leg_controller:/home/riley/ros2_ws/install/six_leg_controller:/opt/ros/humble /usr/bin/cmake --install /home/riley/ros2_ws/src/build/cpp_srvcli
[7.034s] -- Install configuration: ""
[7.035s] -- Installing: /home/riley/ros2_ws/src/install/cpp_srvcli/lib/cpp_srvcli/server
[7.035s] -- Set runtime path of "/home/riley/ros2_ws/src/install/cpp_srvcli/lib/cpp_srvcli/server" to ""
[7.035s] -- Installing: /home/riley/ros2_ws/src/install/cpp_srvcli/share/ament_index/resource_index/package_run_dependencies/cpp_srvcli
[7.036s] -- Installing: /home/riley/ros2_ws/src/install/cpp_srvcli/share/ament_index/resource_index/parent_prefix_path/cpp_srvcli
[7.036s] -- Installing: /home/riley/ros2_ws/src/install/cpp_srvcli/share/cpp_srvcli/environment/ament_prefix_path.sh
[7.036s] -- Installing: /home/riley/ros2_ws/src/install/cpp_srvcli/share/cpp_srvcli/environment/ament_prefix_path.dsv
[7.036s] -- Installing: /home/riley/ros2_ws/src/install/cpp_srvcli/share/cpp_srvcli/environment/path.sh
[7.036s] -- Installing: /home/riley/ros2_ws/src/install/cpp_srvcli/share/cpp_srvcli/environment/path.dsv
[7.036s] -- Installing: /home/riley/ros2_ws/src/install/cpp_srvcli/share/cpp_srvcli/local_setup.bash
[7.036s] -- Installing: /home/riley/ros2_ws/src/install/cpp_srvcli/share/cpp_srvcli/local_setup.sh
[7.037s] -- Installing: /home/riley/ros2_ws/src/install/cpp_srvcli/share/cpp_srvcli/local_setup.zsh
[7.037s] -- Installing: /home/riley/ros2_ws/src/install/cpp_srvcli/share/cpp_srvcli/local_setup.dsv
[7.037s] -- Installing: /home/riley/ros2_ws/src/install/cpp_srvcli/share/cpp_srvcli/package.dsv
[7.037s] -- Installing: /home/riley/ros2_ws/src/install/cpp_srvcli/share/ament_index/resource_index/packages/cpp_srvcli
[7.037s] -- Installing: /home/riley/ros2_ws/src/install/cpp_srvcli/share/cpp_srvcli/cmake/cpp_srvcliConfig.cmake
[7.037s] -- Installing: /home/riley/ros2_ws/src/install/cpp_srvcli/share/cpp_srvcli/cmake/cpp_srvcliConfig-version.cmake
[7.037s] -- Installing: /home/riley/ros2_ws/src/install/cpp_srvcli/share/cpp_srvcli/package.xml
[7.039s] Invoked command in '/home/riley/ros2_ws/src/build/cpp_srvcli' returned '0': CMAKE_PREFIX_PATH=${CMAKE_PREFIX_PATH}:/home/riley/ros2_ws/src/install/six_leg_controller:/home/riley/ros2_ws/install/six_leg_controller:/opt/ros/humble /usr/bin/cmake --install /home/riley/ros2_ws/src/build/cpp_srvcli
