[0.048s] Invoking command in '/home/riley/ros2_ws/build/myworkcell_core': AMENT_PREFIX_PATH=/home/riley/ros2_ws/install/fake_ar_publisher:${AMENT_PREFIX_PATH} CMAKE_PREFIX_PATH=/home/riley/ros2_ws/install/fake_ar_publisher:/opt/ros/humble LD_LIBRARY_PATH=/home/riley/ros2_ws/install/fake_ar_publisher/lib:${LD_LIBRARY_PATH} PYTHONPATH=/home/riley/ros2_ws/install/fake_ar_publisher/local/lib/python3.10/dist-packages:${PYTHONPATH} /usr/bin/cmake --build /home/riley/ros2_ws/build/myworkcell_core -- -j8 -l8
[0.093s] [35m[1mConsolidate compiler generated dependencies of target vision_node[0m
[0.119s] [100%] Built target vision_node
[0.132s] Invoked command in '/home/riley/ros2_ws/build/myworkcell_core' returned '0': AMENT_PREFIX_PATH=/home/riley/ros2_ws/install/fake_ar_publisher:${AMENT_PREFIX_PATH} CMAKE_PREFIX_PATH=/home/riley/ros2_ws/install/fake_ar_publisher:/opt/ros/humble LD_LIBRARY_PATH=/home/riley/ros2_ws/install/fake_ar_publisher/lib:${LD_LIBRARY_PATH} PYTHONPATH=/home/riley/ros2_ws/install/fake_ar_publisher/local/lib/python3.10/dist-packages:${PYTHONPATH} /usr/bin/cmake --build /home/riley/ros2_ws/build/myworkcell_core -- -j8 -l8
[0.159s] Invoking command in '/home/riley/ros2_ws/build/myworkcell_core': AMENT_PREFIX_PATH=/home/riley/ros2_ws/install/fake_ar_publisher:${AMENT_PREFIX_PATH} CMAKE_PREFIX_PATH=/home/riley/ros2_ws/install/fake_ar_publisher:/opt/ros/humble LD_LIBRARY_PATH=/home/riley/ros2_ws/install/fake_ar_publisher/lib:${LD_LIBRARY_PATH} PYTHONPATH=/home/riley/ros2_ws/install/fake_ar_publisher/local/lib/python3.10/dist-packages:${PYTHONPATH} /usr/bin/cmake --install /home/riley/ros2_ws/build/myworkcell_core
[0.166s] -- Install configuration: ""
[0.166s] -- Up-to-date: /home/riley/ros2_ws/install/myworkcell_core/lib/myworkcell_core/vision_node
[0.166s] -- Up-to-date: /home/riley/ros2_ws/install/myworkcell_core/share/ament_index/resource_index/package_run_dependencies/myworkcell_core
[0.166s] -- Up-to-date: /home/riley/ros2_ws/install/myworkcell_core/share/ament_index/resource_index/parent_prefix_path/myworkcell_core
[0.167s] -- Up-to-date: /home/riley/ros2_ws/install/myworkcell_core/share/myworkcell_core/environment/ament_prefix_path.sh
[0.167s] -- Up-to-date: /home/riley/ros2_ws/install/myworkcell_core/share/myworkcell_core/environment/ament_prefix_path.dsv
[0.167s] -- Up-to-date: /home/riley/ros2_ws/install/myworkcell_core/share/myworkcell_core/environment/path.sh
[0.167s] -- Up-to-date: /home/riley/ros2_ws/install/myworkcell_core/share/myworkcell_core/environment/path.dsv
[0.167s] -- Up-to-date: /home/riley/ros2_ws/install/myworkcell_core/share/myworkcell_core/local_setup.bash
[0.167s] -- Up-to-date: /home/riley/ros2_ws/install/myworkcell_core/share/myworkcell_core/local_setup.sh
[0.167s] -- Up-to-date: /home/riley/ros2_ws/install/myworkcell_core/share/myworkcell_core/local_setup.zsh
[0.168s] -- Up-to-date: /home/riley/ros2_ws/install/myworkcell_core/share/myworkcell_core/local_setup.dsv
[0.168s] -- Installing: /home/riley/ros2_ws/install/myworkcell_core/share/myworkcell_core/package.dsv
[0.168s] -- Up-to-date: /home/riley/ros2_ws/install/myworkcell_core/share/ament_index/resource_index/packages/myworkcell_core
[0.168s] -- Up-to-date: /home/riley/ros2_ws/install/myworkcell_core/share/myworkcell_core/cmake/myworkcell_coreConfig.cmake
[0.168s] -- Up-to-date: /home/riley/ros2_ws/install/myworkcell_core/share/myworkcell_core/cmake/myworkcell_coreConfig-version.cmake
[0.169s] -- Up-to-date: /home/riley/ros2_ws/install/myworkcell_core/share/myworkcell_core/package.xml
[0.202s] Invoked command in '/home/riley/ros2_ws/build/myworkcell_core' returned '0': AMENT_PREFIX_PATH=/home/riley/ros2_ws/install/fake_ar_publisher:${AMENT_PREFIX_PATH} CMAKE_PREFIX_PATH=/home/riley/ros2_ws/install/fake_ar_publisher:/opt/ros/humble LD_LIBRARY_PATH=/home/riley/ros2_ws/install/fake_ar_publisher/lib:${LD_LIBRARY_PATH} PYTHONPATH=/home/riley/ros2_ws/install/fake_ar_publisher/local/lib/python3.10/dist-packages:${PYTHONPATH} /usr/bin/cmake --install /home/riley/ros2_ws/build/myworkcell_core
