-- The C compiler identification is GNU 11.4.0
-- The CXX compiler identification is GNU 11.4.0
-- Detecting C compiler ABI info
-- Detecting C compiler ABI info - done
-- Check for working C compiler: /usr/bin/cc - skipped
-- Detecting C compile features
-- Detecting C compile features - done
-- Detecting CXX compiler ABI info
-- Detecting CXX compiler ABI info - done
-- Check for working CXX compiler: /usr/bin/c++ - skipped
-- Detecting CXX compile features
-- Detecting CXX compile features - done
-- Found ament_cmake: 1.3.5 (/opt/ros/humble/share/ament_cmake/cmake)
-- Found Python3: /usr/bin/python3.10 (found version "3.10.12") found components: Interpreter 
-- Found rclcpp: 16.0.6 (/opt/ros/humble/share/rclcpp/cmake)
-- Found rosidl_generator_c: 3.1.5 (/opt/ros/humble/share/rosidl_generator_c/cmake)
-- Found rosidl_adapter: 3.1.5 (/opt/ros/humble/share/rosidl_adapter/cmake)
-- Found rosidl_generator_cpp: 3.1.5 (/opt/ros/humble/share/rosidl_generator_cpp/cmake)
-- Using all available rosidl_typesupport_c: rosidl_typesupport_fastrtps_c;rosidl_typesupport_introspection_c
-- Using all available rosidl_typesupport_cpp: rosidl_typesupport_fastrtps_cpp;rosidl_typesupport_introspection_cpp
-- Found rmw_implementation_cmake: 6.1.1 (/opt/ros/humble/share/rmw_implementation_cmake/cmake)
-- Found rmw_fastrtps_cpp: 6.2.4 (/opt/ros/humble/share/rmw_fastrtps_cpp/cmake)
-- Found OpenSSL: /usr/lib/x86_64-linux-gnu/libcrypto.so (found version "3.0.2")  
-- Found FastRTPS: /opt/ros/humble/include  
-- Using RMW implementation 'rmw_fastrtps_cpp' as default
-- Looking for pthread.h
-- Looking for pthread.h - found
-- Performing Test CMAKE_HAVE_LIBC_PTHREAD
-- Performing Test CMAKE_HAVE_LIBC_PTHREAD - Success
-- Found Threads: TRUE  
-- Found fake_ar_publisher: 0.0.0 (/home/riley/ros2_ws/src/install/fake_ar_publisher/share/fake_ar_publisher/cmake)
-- Found ament_lint_auto: 0.12.8 (/opt/ros/humble/share/ament_lint_auto/cmake)
-- Added test 'cppcheck' to perform static code analysis on C / C++ code
-- Configured cppcheck include dirs: 
-- Configured cppcheck exclude dirs and/or files: 
-- Added test 'lint_cmake' to check CMake code style
-- Added test 'uncrustify' to check C / C++ code style
-- Configured uncrustify additional arguments: 
-- Added test 'xmllint' to check XML markup files
-- Configuring done
-- Generating done
-- Build files have been written to: /home/riley/ros2_ws/src/build/myworkcell_core
[ 50%] [32mBuilding CXX object CMakeFiles/vision_node.dir/src/vision_node.cpp.o[0m
[100%] [32m[1mLinking CXX executable vision_node[0m
[100%] Built target vision_node
-- Install configuration: ""
-- Installing: /home/riley/ros2_ws/src/install/myworkcell_core/lib/myworkcell_core/vision_node
-- Set runtime path of "/home/riley/ros2_ws/src/install/myworkcell_core/lib/myworkcell_core/vision_node" to ""
-- Installing: /home/riley/ros2_ws/src/install/myworkcell_core/share/ament_index/resource_index/package_run_dependencies/myworkcell_core
-- Installing: /home/riley/ros2_ws/src/install/myworkcell_core/share/ament_index/resource_index/parent_prefix_path/myworkcell_core
-- Installing: /home/riley/ros2_ws/src/install/myworkcell_core/share/myworkcell_core/environment/ament_prefix_path.sh
-- Installing: /home/riley/ros2_ws/src/install/myworkcell_core/share/myworkcell_core/environment/ament_prefix_path.dsv
-- Installing: /home/riley/ros2_ws/src/install/myworkcell_core/share/myworkcell_core/environment/path.sh
-- Installing: /home/riley/ros2_ws/src/install/myworkcell_core/share/myworkcell_core/environment/path.dsv
-- Installing: /home/riley/ros2_ws/src/install/myworkcell_core/share/myworkcell_core/local_setup.bash
-- Installing: /home/riley/ros2_ws/src/install/myworkcell_core/share/myworkcell_core/local_setup.sh
-- Installing: /home/riley/ros2_ws/src/install/myworkcell_core/share/myworkcell_core/local_setup.zsh
-- Installing: /home/riley/ros2_ws/src/install/myworkcell_core/share/myworkcell_core/local_setup.dsv
-- Installing: /home/riley/ros2_ws/src/install/myworkcell_core/share/myworkcell_core/package.dsv
-- Installing: /home/riley/ros2_ws/src/install/myworkcell_core/share/ament_index/resource_index/packages/myworkcell_core
-- Installing: /home/riley/ros2_ws/src/install/myworkcell_core/share/myworkcell_core/cmake/myworkcell_coreConfig.cmake
-- Installing: /home/riley/ros2_ws/src/install/myworkcell_core/share/myworkcell_core/cmake/myworkcell_coreConfig-version.cmake
-- Installing: /home/riley/ros2_ws/src/install/myworkcell_core/share/myworkcell_core/package.xml
