[0.042s] Invoking command in '/home/riley/ros2_ws/src/build/myworkcell_core': AMENT_PREFIX_PATH=/home/riley/ros2_ws/src/install/fake_ar_publisher:${AMENT_PREFIX_PATH} CMAKE_PREFIX_PATH=/home/riley/ros2_ws/src/install/fake_ar_publisher:/opt/ros/humble LD_LIBRARY_PATH=/home/riley/ros2_ws/src/install/fake_ar_publisher/lib:${LD_LIBRARY_PATH} PYTHONPATH=/home/riley/ros2_ws/src/install/fake_ar_publisher/local/lib/python3.10/dist-packages:${PYTHONPATH} /usr/bin/cmake /home/riley/ros2_ws/src/myworkcell_core -DCMAKE_INSTALL_PREFIX=/home/riley/ros2_ws/src/install/myworkcell_core
[0.089s] -- The C compiler identification is GNU 11.4.0
[0.126s] -- The CXX compiler identification is GNU 11.4.0
[0.131s] -- Detecting C compiler ABI info
[0.191s] -- Detecting C compiler ABI info - done
[0.196s] -- Check for working C compiler: /usr/bin/cc - skipped
[0.197s] -- Detecting C compile features
[0.197s] -- Detecting C compile features - done
[0.199s] -- Detecting CXX compiler ABI info
[0.252s] -- Detecting CXX compiler ABI info - done
[0.258s] -- Check for working CXX compiler: /usr/bin/c++ - skipped
[0.258s] -- Detecting CXX compile features
[0.258s] -- Detecting CXX compile features - done
[0.260s] -- Found ament_cmake: 1.3.5 (/opt/ros/humble/share/ament_cmake/cmake)
[0.379s] -- Found Python3: /usr/bin/python3.10 (found version "3.10.12") found components: Interpreter 
[0.441s] -- Found rclcpp: 16.0.6 (/opt/ros/humble/share/rclcpp/cmake)
[0.470s] -- Found rosidl_generator_c: 3.1.5 (/opt/ros/humble/share/rosidl_generator_c/cmake)
[0.474s] -- Found rosidl_adapter: 3.1.5 (/opt/ros/humble/share/rosidl_adapter/cmake)
[0.482s] -- Found rosidl_generator_cpp: 3.1.5 (/opt/ros/humble/share/rosidl_generator_cpp/cmake)
[0.491s] -- Using all available rosidl_typesupport_c: rosidl_typesupport_fastrtps_c;rosidl_typesupport_introspection_c
[0.504s] -- Using all available rosidl_typesupport_cpp: rosidl_typesupport_fastrtps_cpp;rosidl_typesupport_introspection_cpp
[0.554s] -- Found rmw_implementation_cmake: 6.1.1 (/opt/ros/humble/share/rmw_implementation_cmake/cmake)
[0.556s] -- Found rmw_fastrtps_cpp: 6.2.4 (/opt/ros/humble/share/rmw_fastrtps_cpp/cmake)
[0.623s] -- Found OpenSSL: /usr/lib/x86_64-linux-gnu/libcrypto.so (found version "3.0.2")  
[0.647s] -- Found FastRTPS: /opt/ros/humble/include  
[0.684s] -- Using RMW implementation 'rmw_fastrtps_cpp' as default
[0.692s] -- Looking for pthread.h
[0.743s] -- Looking for pthread.h - found
[0.744s] -- Performing Test CMAKE_HAVE_LIBC_PTHREAD
[0.801s] -- Performing Test CMAKE_HAVE_LIBC_PTHREAD - Success
[0.802s] -- Found Threads: TRUE  
[0.905s] -- Found fake_ar_publisher: 0.0.0 (/home/riley/ros2_ws/src/install/fake_ar_publisher/share/fake_ar_publisher/cmake)
[1.133s] -- Found ament_lint_auto: 0.12.8 (/opt/ros/humble/share/ament_lint_auto/cmake)
[1.185s] -- Added test 'cppcheck' to perform static code analysis on C / C++ code
[1.185s] -- Configured cppcheck include dirs: 
[1.185s] -- Configured cppcheck exclude dirs and/or files: 
[1.185s] -- Added test 'lint_cmake' to check CMake code style
[1.186s] -- Added test 'uncrustify' to check C / C++ code style
[1.186s] -- Configured uncrustify additional arguments: 
[1.186s] -- Added test 'xmllint' to check XML markup files
[1.187s] -- Configuring done
[1.192s] -- Generating done
[1.193s] -- Build files have been written to: /home/riley/ros2_ws/src/build/myworkcell_core
[1.200s] Invoked command in '/home/riley/ros2_ws/src/build/myworkcell_core' returned '0': AMENT_PREFIX_PATH=/home/riley/ros2_ws/src/install/fake_ar_publisher:${AMENT_PREFIX_PATH} CMAKE_PREFIX_PATH=/home/riley/ros2_ws/src/install/fake_ar_publisher:/opt/ros/humble LD_LIBRARY_PATH=/home/riley/ros2_ws/src/install/fake_ar_publisher/lib:${LD_LIBRARY_PATH} PYTHONPATH=/home/riley/ros2_ws/src/install/fake_ar_publisher/local/lib/python3.10/dist-packages:${PYTHONPATH} /usr/bin/cmake /home/riley/ros2_ws/src/myworkcell_core -DCMAKE_INSTALL_PREFIX=/home/riley/ros2_ws/src/install/myworkcell_core
[1.201s] Invoking command in '/home/riley/ros2_ws/src/build/myworkcell_core': AMENT_PREFIX_PATH=/home/riley/ros2_ws/src/install/fake_ar_publisher:${AMENT_PREFIX_PATH} CMAKE_PREFIX_PATH=/home/riley/ros2_ws/src/install/fake_ar_publisher:/opt/ros/humble LD_LIBRARY_PATH=/home/riley/ros2_ws/src/install/fake_ar_publisher/lib:${LD_LIBRARY_PATH} PYTHONPATH=/home/riley/ros2_ws/src/install/fake_ar_publisher/local/lib/python3.10/dist-packages:${PYTHONPATH} /usr/bin/cmake --build /home/riley/ros2_ws/src/build/myworkcell_core -- -j8 -l8
[1.234s] [ 50%] [32mBuilding CXX object CMakeFiles/vision_node.dir/src/vision_node.cpp.o[0m
[3.221s] [100%] [32m[1mLinking CXX executable vision_node[0m
[3.320s] [100%] Built target vision_node
[3.328s] Invoked command in '/home/riley/ros2_ws/src/build/myworkcell_core' returned '0': AMENT_PREFIX_PATH=/home/riley/ros2_ws/src/install/fake_ar_publisher:${AMENT_PREFIX_PATH} CMAKE_PREFIX_PATH=/home/riley/ros2_ws/src/install/fake_ar_publisher:/opt/ros/humble LD_LIBRARY_PATH=/home/riley/ros2_ws/src/install/fake_ar_publisher/lib:${LD_LIBRARY_PATH} PYTHONPATH=/home/riley/ros2_ws/src/install/fake_ar_publisher/local/lib/python3.10/dist-packages:${PYTHONPATH} /usr/bin/cmake --build /home/riley/ros2_ws/src/build/myworkcell_core -- -j8 -l8
[3.346s] Invoking command in '/home/riley/ros2_ws/src/build/myworkcell_core': AMENT_PREFIX_PATH=/home/riley/ros2_ws/src/install/fake_ar_publisher:${AMENT_PREFIX_PATH} CMAKE_PREFIX_PATH=/home/riley/ros2_ws/src/install/fake_ar_publisher:/opt/ros/humble LD_LIBRARY_PATH=/home/riley/ros2_ws/src/install/fake_ar_publisher/lib:${LD_LIBRARY_PATH} PYTHONPATH=/home/riley/ros2_ws/src/install/fake_ar_publisher/local/lib/python3.10/dist-packages:${PYTHONPATH} /usr/bin/cmake --install /home/riley/ros2_ws/src/build/myworkcell_core
[3.351s] -- Install configuration: ""
[3.351s] -- Installing: /home/riley/ros2_ws/src/install/myworkcell_core/lib/myworkcell_core/vision_node
[3.351s] -- Set runtime path of "/home/riley/ros2_ws/src/install/myworkcell_core/lib/myworkcell_core/vision_node" to ""
[3.352s] -- Installing: /home/riley/ros2_ws/src/install/myworkcell_core/share/ament_index/resource_index/package_run_dependencies/myworkcell_core
[3.352s] -- Installing: /home/riley/ros2_ws/src/install/myworkcell_core/share/ament_index/resource_index/parent_prefix_path/myworkcell_core
[3.352s] -- Installing: /home/riley/ros2_ws/src/install/myworkcell_core/share/myworkcell_core/environment/ament_prefix_path.sh
[3.352s] -- Installing: /home/riley/ros2_ws/src/install/myworkcell_core/share/myworkcell_core/environment/ament_prefix_path.dsv
[3.352s] -- Installing: /home/riley/ros2_ws/src/install/myworkcell_core/share/myworkcell_core/environment/path.sh
[3.352s] -- Installing: /home/riley/ros2_ws/src/install/myworkcell_core/share/myworkcell_core/environment/path.dsv
[3.352s] -- Installing: /home/riley/ros2_ws/src/install/myworkcell_core/share/myworkcell_core/local_setup.bash
[3.352s] -- Installing: /home/riley/ros2_ws/src/install/myworkcell_core/share/myworkcell_core/local_setup.sh
[3.353s] -- Installing: /home/riley/ros2_ws/src/install/myworkcell_core/share/myworkcell_core/local_setup.zsh
[3.353s] -- Installing: /home/riley/ros2_ws/src/install/myworkcell_core/share/myworkcell_core/local_setup.dsv
[3.353s] -- Installing: /home/riley/ros2_ws/src/install/myworkcell_core/share/myworkcell_core/package.dsv
[3.353s] -- Installing: /home/riley/ros2_ws/src/install/myworkcell_core/share/ament_index/resource_index/packages/myworkcell_core
[3.353s] -- Installing: /home/riley/ros2_ws/src/install/myworkcell_core/share/myworkcell_core/cmake/myworkcell_coreConfig.cmake
[3.353s] -- Installing: /home/riley/ros2_ws/src/install/myworkcell_core/share/myworkcell_core/cmake/myworkcell_coreConfig-version.cmake
[3.353s] -- Installing: /home/riley/ros2_ws/src/install/myworkcell_core/share/myworkcell_core/package.xml
[3.355s] Invoked command in '/home/riley/ros2_ws/src/build/myworkcell_core' returned '0': AMENT_PREFIX_PATH=/home/riley/ros2_ws/src/install/fake_ar_publisher:${AMENT_PREFIX_PATH} CMAKE_PREFIX_PATH=/home/riley/ros2_ws/src/install/fake_ar_publisher:/opt/ros/humble LD_LIBRARY_PATH=/home/riley/ros2_ws/src/install/fake_ar_publisher/lib:${LD_LIBRARY_PATH} PYTHONPATH=/home/riley/ros2_ws/src/install/fake_ar_publisher/local/lib/python3.10/dist-packages:${PYTHONPATH} /usr/bin/cmake --install /home/riley/ros2_ws/src/build/myworkcell_core
