[0.160s] Invoking command in '/home/riley/ros2_ws/src/build/fake_ar_publisher': CMAKE_PREFIX_PATH=/opt/ros/humble /usr/bin/cmake /home/riley/ros2_ws/src/fake_ar_publisher -DCMAKE_INSTALL_PREFIX=/home/riley/ros2_ws/src/install/fake_ar_publisher
[0.259s] -- The C compiler identification is GNU 11.4.0
[0.327s] -- The CXX compiler identification is GNU 11.4.0
[0.338s] -- Detecting C compiler ABI info
[0.399s] -- Detecting C compiler ABI info - done
[0.403s] -- Check for working C compiler: /usr/bin/cc - skipped
[0.403s] -- Detecting C compile features
[0.404s] -- Detecting C compile features - done
[0.405s] -- Detecting CXX compiler ABI info
[0.469s] -- Detecting CXX compiler ABI info - done
[0.474s] -- Check for working CXX compiler: /usr/bin/c++ - skipped
[0.474s] -- Detecting CXX compile features
[0.474s] -- Detecting CXX compile features - done
[0.475s] -- Found ament_cmake: 1.3.5 (/opt/ros/humble/share/ament_cmake/cmake)
[0.608s] -- Found Python3: /usr/bin/python3.10 (found version "3.10.12") found components: Interpreter 
[0.698s] -- Found rclcpp: 16.0.6 (/opt/ros/humble/share/rclcpp/cmake)
[0.753s] -- Found rosidl_generator_c: 3.1.5 (/opt/ros/humble/share/rosidl_generator_c/cmake)
[0.759s] -- Found rosidl_adapter: 3.1.5 (/opt/ros/humble/share/rosidl_adapter/cmake)
[0.769s] -- Found rosidl_generator_cpp: 3.1.5 (/opt/ros/humble/share/rosidl_generator_cpp/cmake)
[0.786s] -- Using all available rosidl_typesupport_c: rosidl_typesupport_fastrtps_c;rosidl_typesupport_introspection_c
[0.806s] -- Using all available rosidl_typesupport_cpp: rosidl_typesupport_fastrtps_cpp;rosidl_typesupport_introspection_cpp
[0.880s] -- Found rmw_implementation_cmake: 6.1.1 (/opt/ros/humble/share/rmw_implementation_cmake/cmake)
[0.883s] -- Found rmw_fastrtps_cpp: 6.2.4 (/opt/ros/humble/share/rmw_fastrtps_cpp/cmake)
[0.974s] -- Found OpenSSL: /usr/lib/x86_64-linux-gnu/libcrypto.so (found version "3.0.2")  
[0.996s] -- Found FastRTPS: /opt/ros/humble/include  
[1.032s] -- Using RMW implementation 'rmw_fastrtps_cpp' as default
[1.044s] -- Looking for pthread.h
[1.100s] -- Looking for pthread.h - found
[1.101s] -- Performing Test CMAKE_HAVE_LIBC_PTHREAD
[1.153s] -- Performing Test CMAKE_HAVE_LIBC_PTHREAD - Success
[1.154s] -- Found Threads: TRUE  
[1.287s] -- Found geometry_msgs: 4.2.3 (/opt/ros/humble/share/geometry_msgs/cmake)
[1.330s] -- Found visualization_msgs: 4.2.3 (/opt/ros/humble/share/visualization_msgs/cmake)
[1.493s] -- Found rosidl_default_generators: 1.2.0 (/opt/ros/humble/share/rosidl_default_generators/cmake)
[1.731s] -- Found ament_cmake_ros: 0.10.0 (/opt/ros/humble/share/ament_cmake_ros/cmake)
[2.149s] -- Using all available rosidl_typesupport_c: rosidl_typesupport_fastrtps_c;rosidl_typesupport_introspection_c
[2.288s] -- Using all available rosidl_typesupport_cpp: rosidl_typesupport_fastrtps_cpp;rosidl_typesupport_introspection_cpp
[2.308s] -- Found PythonInterp: /usr/bin/python3 (found suitable version "3.10.12", minimum required is "3.6") 
[2.310s] -- Found python_cmake_module: 0.10.0 (/opt/ros/humble/share/python_cmake_module/cmake)
[2.335s] -- Found PythonLibs: /usr/lib/x86_64-linux-gnu/libpython3.10.so (found suitable version "3.10.12", minimum required is "3.5") 
[2.335s] -- Using PYTHON_EXECUTABLE: /usr/bin/python3
[2.335s] -- Using PYTHON_INCLUDE_DIRS: /usr/include/python3.10
[2.336s] -- Using PYTHON_LIBRARIES: /usr/lib/x86_64-linux-gnu/libpython3.10.so
[2.355s] -- Found PythonExtra: .so  
[2.408s] [0mCMake Deprecation Warning at /opt/ros/humble/share/rosidl_cmake/cmake/rosidl_target_interfaces.cmake:32 (message):
[2.408s]   Use rosidl_get_typesupport_target() and target_link_libraries() instead of
[2.408s]   rosidl_target_interfaces()
[2.408s] Call Stack (most recent call first):
[2.408s]   CMakeLists.txt:38 (rosidl_target_interfaces)
[2.408s] 
[2.408s] [0m
[2.409s] -- Found ament_lint_auto: 0.12.8 (/opt/ros/humble/share/ament_lint_auto/cmake)
[2.418s] -- Configuring done
[2.456s] -- Generating done
[2.459s] -- Build files have been written to: /home/riley/ros2_ws/src/build/fake_ar_publisher
[2.469s] Invoked command in '/home/riley/ros2_ws/src/build/fake_ar_publisher' returned '0': CMAKE_PREFIX_PATH=/opt/ros/humble /usr/bin/cmake /home/riley/ros2_ws/src/fake_ar_publisher -DCMAKE_INSTALL_PREFIX=/home/riley/ros2_ws/src/install/fake_ar_publisher
[2.470s] Invoking command in '/home/riley/ros2_ws/src/build/fake_ar_publisher': CMAKE_PREFIX_PATH=/opt/ros/humble /usr/bin/cmake --build /home/riley/ros2_ws/src/build/fake_ar_publisher -- -j8 -l8
[2.500s] [  3%] [34m[1mGenerating C code for ROS interfaces[0m
[2.511s] [  6%] [34m[1mGenerating C++ code for ROS interfaces[0m
[2.518s] [  6%] Built target ament_cmake_python_copy_fake_ar_publisher
[2.748s] [  6%] Built target fake_ar_publisher__cpp
[2.756s] running egg_info
[2.757s] [  9%] [34m[1mGenerating C++ type support dispatch for ROS interfaces[0m
[2.757s] creating fake_ar_publisher.egg-info
[2.757s] writing fake_ar_publisher.egg-info/PKG-INFO
[2.757s] writing dependency_links to fake_ar_publisher.egg-info/dependency_links.txt
[2.757s] writing top-level names to fake_ar_publisher.egg-info/top_level.txt
[2.757s] writing manifest file 'fake_ar_publisher.egg-info/SOURCES.txt'
[2.759s] [ 12%] [34m[1mGenerating C++ introspection for ROS interfaces[0m
[2.759s] reading manifest file 'fake_ar_publisher.egg-info/SOURCES.txt'
[2.760s] writing manifest file 'fake_ar_publisher.egg-info/SOURCES.txt'
[2.763s] [ 15%] [34m[1mGenerating C++ type support for eProsima Fast-RTPS[0m
[2.768s] [ 18%] [32mBuilding C object CMakeFiles/fake_ar_publisher__rosidl_generator_c.dir/rosidl_generator_c/fake_ar_publisher/msg/detail/ar_marker__functions.c.o[0m
[2.796s] [ 18%] Built target ament_cmake_python_build_fake_ar_publisher_egg
[2.830s] [ 21%] [32m[1mLinking C shared library libfake_ar_publisher__rosidl_generator_c.so[0m
[2.871s] [ 21%] Built target fake_ar_publisher__rosidl_generator_c
[2.883s] [ 27%] [34m[1mGenerating C type support dispatch for ROS interfaces[0m
[2.883s] [ 27%] [34m[1mGenerating C type support for eProsima Fast-RTPS[0m
[2.884s] [ 30%] [34m[1mGenerating C introspection for ROS interfaces[0m
[3.004s] [ 33%] [32mBuilding CXX object CMakeFiles/fake_ar_publisher__rosidl_typesupport_cpp.dir/rosidl_typesupport_cpp/fake_ar_publisher/msg/ar_marker__type_support.cpp.o[0m
[3.017s] [ 39%] [32mBuilding CXX object CMakeFiles/fake_ar_publisher__rosidl_typesupport_introspection_cpp.dir/rosidl_typesupport_introspection_cpp/fake_ar_publisher/msg/detail/ar_marker__type_support.cpp.o[0m
[3.017s] [ 39%] [32mBuilding CXX object CMakeFiles/fake_ar_publisher__rosidl_typesupport_fastrtps_cpp.dir/rosidl_typesupport_fastrtps_cpp/fake_ar_publisher/msg/detail/dds_fastrtps/ar_marker__type_support.cpp.o[0m
[3.127s] [ 42%] [32mBuilding CXX object CMakeFiles/fake_ar_publisher__rosidl_typesupport_c.dir/rosidl_typesupport_c/fake_ar_publisher/msg/ar_marker__type_support.cpp.o[0m
[3.150s] [ 45%] [32mBuilding C object CMakeFiles/fake_ar_publisher__rosidl_typesupport_introspection_c.dir/rosidl_typesupport_introspection_c/fake_ar_publisher/msg/detail/ar_marker__type_support.c.o[0m
[3.163s] [ 48%] [32mBuilding CXX object CMakeFiles/fake_ar_publisher__rosidl_typesupport_fastrtps_c.dir/rosidl_typesupport_fastrtps_c/fake_ar_publisher/msg/detail/ar_marker__type_support_c.cpp.o[0m
[3.172s] [ 51%] [32m[1mLinking CXX shared library libfake_ar_publisher__rosidl_typesupport_c.so[0m
[3.205s] [ 54%] [32m[1mLinking C shared library libfake_ar_publisher__rosidl_typesupport_introspection_c.so[0m
[3.226s] [ 54%] Built target fake_ar_publisher__rosidl_typesupport_c
[3.246s] [ 54%] Built target fake_ar_publisher__rosidl_typesupport_introspection_c
[3.330s] [ 57%] [32m[1mLinking CXX shared library libfake_ar_publisher__rosidl_typesupport_cpp.so[0m
[3.371s] [ 57%] Built target fake_ar_publisher__rosidl_typesupport_cpp
[3.430s] [ 60%] [32m[1mLinking CXX shared library libfake_ar_publisher__rosidl_typesupport_introspection_cpp.so[0m
[3.460s] [ 63%] [32m[1mLinking CXX shared library libfake_ar_publisher__rosidl_typesupport_fastrtps_cpp.so[0m
[3.500s] [ 63%] Built target fake_ar_publisher__rosidl_typesupport_introspection_cpp
[3.506s] [ 66%] [32m[1mLinking CXX shared library libfake_ar_publisher__rosidl_typesupport_fastrtps_c.so[0m
[3.530s] [ 66%] Built target fake_ar_publisher__rosidl_typesupport_fastrtps_cpp
[3.576s] [ 66%] Built target fake_ar_publisher__rosidl_typesupport_fastrtps_c
[3.591s] [ 66%] Built target fake_ar_publisher
[3.610s] [ 69%] [32mBuilding CXX object CMakeFiles/fake_ar_publisher_node.dir/src/fake_ar_publisher.cpp.o[0m
[3.611s] [ 72%] [34m[1mGenerating Python code for ROS interfaces[0m
[3.835s] [ 72%] Built target fake_ar_publisher__py
[3.850s] [ 75%] [32mBuilding C object CMakeFiles/fake_ar_publisher__rosidl_generator_py.dir/rosidl_generator_py/fake_ar_publisher/msg/_ar_marker_s.c.o[0m
[3.954s] [ 78%] [32m[1mLinking C shared library rosidl_generator_py/fake_ar_publisher/libfake_ar_publisher__rosidl_generator_py.so[0m
[3.993s] [ 78%] Built target fake_ar_publisher__rosidl_generator_py
[4.010s] [ 81%] [32mBuilding C object CMakeFiles/fake_ar_publisher__rosidl_typesupport_fastrtps_c__pyext.dir/rosidl_generator_py/fake_ar_publisher/_fake_ar_publisher_s.ep.rosidl_typesupport_fastrtps_c.c.o[0m
[4.014s] [ 84%] [32mBuilding C object CMakeFiles/fake_ar_publisher__rosidl_typesupport_introspection_c__pyext.dir/rosidl_generator_py/fake_ar_publisher/_fake_ar_publisher_s.ep.rosidl_typesupport_introspection_c.c.o[0m
[4.015s] [ 87%] [32mBuilding C object CMakeFiles/fake_ar_publisher__rosidl_typesupport_c__pyext.dir/rosidl_generator_py/fake_ar_publisher/_fake_ar_publisher_s.ep.rosidl_typesupport_c.c.o[0m
[4.112s] [ 90%] [32m[1mLinking C shared library rosidl_generator_py/fake_ar_publisher/fake_ar_publisher_s__rosidl_typesupport_c.cpython-310-x86_64-linux-gnu.so[0m
[4.112s] [ 93%] [32m[1mLinking C shared library rosidl_generator_py/fake_ar_publisher/fake_ar_publisher_s__rosidl_typesupport_fastrtps_c.cpython-310-x86_64-linux-gnu.so[0m
[4.114s] [ 96%] [32m[1mLinking C shared library rosidl_generator_py/fake_ar_publisher/fake_ar_publisher_s__rosidl_typesupport_introspection_c.cpython-310-x86_64-linux-gnu.so[0m
[4.143s] [ 96%] Built target fake_ar_publisher__rosidl_typesupport_c__pyext
[4.145s] [ 96%] Built target fake_ar_publisher__rosidl_typesupport_introspection_c__pyext
[4.145s] [ 96%] Built target fake_ar_publisher__rosidl_typesupport_fastrtps_c__pyext
[7.628s] [100%] [32m[1mLinking CXX executable fake_ar_publisher_node[0m
[7.804s] [100%] Built target fake_ar_publisher_node
[7.814s] Invoked command in '/home/riley/ros2_ws/src/build/fake_ar_publisher' returned '0': CMAKE_PREFIX_PATH=/opt/ros/humble /usr/bin/cmake --build /home/riley/ros2_ws/src/build/fake_ar_publisher -- -j8 -l8
[7.859s] Invoking command in '/home/riley/ros2_ws/src/build/fake_ar_publisher': CMAKE_PREFIX_PATH=/opt/ros/humble /usr/bin/cmake --install /home/riley/ros2_ws/src/build/fake_ar_publisher
[7.867s] -- Install configuration: ""
[7.867s] -- Installing: /home/riley/ros2_ws/src/install/fake_ar_publisher/share/ament_index/resource_index/rosidl_interfaces/fake_ar_publisher
[7.867s] -- Installing: /home/riley/ros2_ws/src/install/fake_ar_publisher/include/fake_ar_publisher/fake_ar_publisher
[7.867s] -- Installing: /home/riley/ros2_ws/src/install/fake_ar_publisher/include/fake_ar_publisher/fake_ar_publisher/msg
[7.867s] -- Installing: /home/riley/ros2_ws/src/install/fake_ar_publisher/include/fake_ar_publisher/fake_ar_publisher/msg/detail
[7.868s] -- Installing: /home/riley/ros2_ws/src/install/fake_ar_publisher/include/fake_ar_publisher/fake_ar_publisher/msg/detail/ar_marker__type_support.h
[7.868s] -- Installing: /home/riley/ros2_ws/src/install/fake_ar_publisher/include/fake_ar_publisher/fake_ar_publisher/msg/detail/ar_marker__functions.c
[7.868s] -- Installing: /home/riley/ros2_ws/src/install/fake_ar_publisher/include/fake_ar_publisher/fake_ar_publisher/msg/detail/ar_marker__functions.h
[7.868s] -- Installing: /home/riley/ros2_ws/src/install/fake_ar_publisher/include/fake_ar_publisher/fake_ar_publisher/msg/detail/ar_marker__struct.h
[7.868s] -- Installing: /home/riley/ros2_ws/src/install/fake_ar_publisher/include/fake_ar_publisher/fake_ar_publisher/msg/rosidl_generator_c__visibility_control.h
[7.868s] -- Installing: /home/riley/ros2_ws/src/install/fake_ar_publisher/include/fake_ar_publisher/fake_ar_publisher/msg/ar_marker.h
[7.869s] -- Installing: /home/riley/ros2_ws/src/install/fake_ar_publisher/share/fake_ar_publisher/environment/library_path.sh
[7.869s] -- Installing: /home/riley/ros2_ws/src/install/fake_ar_publisher/share/fake_ar_publisher/environment/library_path.dsv
[7.869s] -- Installing: /home/riley/ros2_ws/src/install/fake_ar_publisher/lib/libfake_ar_publisher__rosidl_generator_c.so
[7.869s] -- Set runtime path of "/home/riley/ros2_ws/src/install/fake_ar_publisher/lib/libfake_ar_publisher__rosidl_generator_c.so" to ""
[7.870s] -- Up-to-date: /home/riley/ros2_ws/src/install/fake_ar_publisher/include/fake_ar_publisher/fake_ar_publisher
[7.870s] -- Up-to-date: /home/riley/ros2_ws/src/install/fake_ar_publisher/include/fake_ar_publisher/fake_ar_publisher/msg
[7.870s] -- Installing: /home/riley/ros2_ws/src/install/fake_ar_publisher/include/fake_ar_publisher/fake_ar_publisher/msg/rosidl_typesupport_fastrtps_c__visibility_control.h
[7.870s] -- Up-to-date: /home/riley/ros2_ws/src/install/fake_ar_publisher/include/fake_ar_publisher/fake_ar_publisher/msg/detail
[7.870s] -- Installing: /home/riley/ros2_ws/src/install/fake_ar_publisher/include/fake_ar_publisher/fake_ar_publisher/msg/detail/ar_marker__rosidl_typesupport_fastrtps_c.h
[7.870s] -- Installing: /home/riley/ros2_ws/src/install/fake_ar_publisher/lib/libfake_ar_publisher__rosidl_typesupport_fastrtps_c.so
[7.871s] -- Set runtime path of "/home/riley/ros2_ws/src/install/fake_ar_publisher/lib/libfake_ar_publisher__rosidl_typesupport_fastrtps_c.so" to ""
[7.871s] -- Up-to-date: /home/riley/ros2_ws/src/install/fake_ar_publisher/include/fake_ar_publisher/fake_ar_publisher
[7.871s] -- Up-to-date: /home/riley/ros2_ws/src/install/fake_ar_publisher/include/fake_ar_publisher/fake_ar_publisher/msg
[7.871s] -- Up-to-date: /home/riley/ros2_ws/src/install/fake_ar_publisher/include/fake_ar_publisher/fake_ar_publisher/msg/detail
[7.871s] -- Installing: /home/riley/ros2_ws/src/install/fake_ar_publisher/include/fake_ar_publisher/fake_ar_publisher/msg/detail/ar_marker__struct.hpp
[7.871s] -- Installing: /home/riley/ros2_ws/src/install/fake_ar_publisher/include/fake_ar_publisher/fake_ar_publisher/msg/detail/ar_marker__builder.hpp
[7.871s] -- Installing: /home/riley/ros2_ws/src/install/fake_ar_publisher/include/fake_ar_publisher/fake_ar_publisher/msg/detail/ar_marker__traits.hpp
[7.872s] -- Installing: /home/riley/ros2_ws/src/install/fake_ar_publisher/include/fake_ar_publisher/fake_ar_publisher/msg/ar_marker.hpp
[7.872s] -- Up-to-date: /home/riley/ros2_ws/src/install/fake_ar_publisher/include/fake_ar_publisher/fake_ar_publisher
[7.872s] -- Up-to-date: /home/riley/ros2_ws/src/install/fake_ar_publisher/include/fake_ar_publisher/fake_ar_publisher/msg
[7.872s] -- Up-to-date: /home/riley/ros2_ws/src/install/fake_ar_publisher/include/fake_ar_publisher/fake_ar_publisher/msg/detail
[7.872s] -- Installing: /home/riley/ros2_ws/src/install/fake_ar_publisher/include/fake_ar_publisher/fake_ar_publisher/msg/detail/ar_marker__rosidl_typesupport_fastrtps_cpp.hpp
[7.872s] -- Installing: /home/riley/ros2_ws/src/install/fake_ar_publisher/include/fake_ar_publisher/fake_ar_publisher/msg/detail/dds_fastrtps
[7.873s] -- Installing: /home/riley/ros2_ws/src/install/fake_ar_publisher/include/fake_ar_publisher/fake_ar_publisher/msg/rosidl_typesupport_fastrtps_cpp__visibility_control.h
[7.873s] -- Installing: /home/riley/ros2_ws/src/install/fake_ar_publisher/lib/libfake_ar_publisher__rosidl_typesupport_fastrtps_cpp.so
[7.873s] -- Set runtime path of "/home/riley/ros2_ws/src/install/fake_ar_publisher/lib/libfake_ar_publisher__rosidl_typesupport_fastrtps_cpp.so" to ""
[7.873s] -- Up-to-date: /home/riley/ros2_ws/src/install/fake_ar_publisher/include/fake_ar_publisher/fake_ar_publisher
[7.873s] -- Up-to-date: /home/riley/ros2_ws/src/install/fake_ar_publisher/include/fake_ar_publisher/fake_ar_publisher/msg
[7.873s] -- Installing: /home/riley/ros2_ws/src/install/fake_ar_publisher/include/fake_ar_publisher/fake_ar_publisher/msg/rosidl_typesupport_introspection_c__visibility_control.h
[7.874s] -- Up-to-date: /home/riley/ros2_ws/src/install/fake_ar_publisher/include/fake_ar_publisher/fake_ar_publisher/msg/detail
[7.874s] -- Installing: /home/riley/ros2_ws/src/install/fake_ar_publisher/include/fake_ar_publisher/fake_ar_publisher/msg/detail/ar_marker__type_support.c
[7.874s] -- Installing: /home/riley/ros2_ws/src/install/fake_ar_publisher/include/fake_ar_publisher/fake_ar_publisher/msg/detail/ar_marker__rosidl_typesupport_introspection_c.h
[7.874s] -- Installing: /home/riley/ros2_ws/src/install/fake_ar_publisher/lib/libfake_ar_publisher__rosidl_typesupport_introspection_c.so
[7.874s] -- Set runtime path of "/home/riley/ros2_ws/src/install/fake_ar_publisher/lib/libfake_ar_publisher__rosidl_typesupport_introspection_c.so" to ""
[7.874s] -- Installing: /home/riley/ros2_ws/src/install/fake_ar_publisher/lib/libfake_ar_publisher__rosidl_typesupport_c.so
[7.875s] -- Set runtime path of "/home/riley/ros2_ws/src/install/fake_ar_publisher/lib/libfake_ar_publisher__rosidl_typesupport_c.so" to ""
[7.875s] -- Up-to-date: /home/riley/ros2_ws/src/install/fake_ar_publisher/include/fake_ar_publisher/fake_ar_publisher
[7.875s] -- Up-to-date: /home/riley/ros2_ws/src/install/fake_ar_publisher/include/fake_ar_publisher/fake_ar_publisher/msg
[7.875s] -- Up-to-date: /home/riley/ros2_ws/src/install/fake_ar_publisher/include/fake_ar_publisher/fake_ar_publisher/msg/detail
[7.875s] -- Installing: /home/riley/ros2_ws/src/install/fake_ar_publisher/include/fake_ar_publisher/fake_ar_publisher/msg/detail/ar_marker__type_support.cpp
[7.875s] -- Installing: /home/riley/ros2_ws/src/install/fake_ar_publisher/include/fake_ar_publisher/fake_ar_publisher/msg/detail/ar_marker__rosidl_typesupport_introspection_cpp.hpp
[7.876s] -- Installing: /home/riley/ros2_ws/src/install/fake_ar_publisher/lib/libfake_ar_publisher__rosidl_typesupport_introspection_cpp.so
[7.876s] -- Set runtime path of "/home/riley/ros2_ws/src/install/fake_ar_publisher/lib/libfake_ar_publisher__rosidl_typesupport_introspection_cpp.so" to ""
[7.876s] -- Installing: /home/riley/ros2_ws/src/install/fake_ar_publisher/lib/libfake_ar_publisher__rosidl_typesupport_cpp.so
[7.876s] -- Set runtime path of "/home/riley/ros2_ws/src/install/fake_ar_publisher/lib/libfake_ar_publisher__rosidl_typesupport_cpp.so" to ""
[7.876s] -- Installing: /home/riley/ros2_ws/src/install/fake_ar_publisher/share/fake_ar_publisher/environment/pythonpath.sh
[7.877s] -- Installing: /home/riley/ros2_ws/src/install/fake_ar_publisher/share/fake_ar_publisher/environment/pythonpath.dsv
[7.877s] -- Installing: /home/riley/ros2_ws/src/install/fake_ar_publisher/local/lib/python3.10/dist-packages/fake_ar_publisher-0.0.0-py3.10.egg-info
[7.877s] -- Installing: /home/riley/ros2_ws/src/install/fake_ar_publisher/local/lib/python3.10/dist-packages/fake_ar_publisher-0.0.0-py3.10.egg-info/SOURCES.txt
[7.877s] -- Installing: /home/riley/ros2_ws/src/install/fake_ar_publisher/local/lib/python3.10/dist-packages/fake_ar_publisher-0.0.0-py3.10.egg-info/dependency_links.txt
[7.877s] -- Installing: /home/riley/ros2_ws/src/install/fake_ar_publisher/local/lib/python3.10/dist-packages/fake_ar_publisher-0.0.0-py3.10.egg-info/PKG-INFO
[7.877s] -- Installing: /home/riley/ros2_ws/src/install/fake_ar_publisher/local/lib/python3.10/dist-packages/fake_ar_publisher-0.0.0-py3.10.egg-info/top_level.txt
[7.878s] -- Installing: /home/riley/ros2_ws/src/install/fake_ar_publisher/local/lib/python3.10/dist-packages/fake_ar_publisher
[7.878s] -- Installing: /home/riley/ros2_ws/src/install/fake_ar_publisher/local/lib/python3.10/dist-packages/fake_ar_publisher/_fake_ar_publisher_s.ep.rosidl_typesupport_introspection_c.c
[7.878s] -- Installing: /home/riley/ros2_ws/src/install/fake_ar_publisher/local/lib/python3.10/dist-packages/fake_ar_publisher/fake_ar_publisher_s__rosidl_typesupport_c.cpython-310-x86_64-linux-gnu.so
[7.878s] -- Installing: /home/riley/ros2_ws/src/install/fake_ar_publisher/local/lib/python3.10/dist-packages/fake_ar_publisher/libfake_ar_publisher__rosidl_generator_py.so
[7.878s] -- Installing: /home/riley/ros2_ws/src/install/fake_ar_publisher/local/lib/python3.10/dist-packages/fake_ar_publisher/_fake_ar_publisher_s.ep.rosidl_typesupport_fastrtps_c.c
[7.879s] -- Installing: /home/riley/ros2_ws/src/install/fake_ar_publisher/local/lib/python3.10/dist-packages/fake_ar_publisher/__init__.py
[7.879s] -- Installing: /home/riley/ros2_ws/src/install/fake_ar_publisher/local/lib/python3.10/dist-packages/fake_ar_publisher/_fake_ar_publisher_s.ep.rosidl_typesupport_c.c
[7.879s] -- Installing: /home/riley/ros2_ws/src/install/fake_ar_publisher/local/lib/python3.10/dist-packages/fake_ar_publisher/fake_ar_publisher_s__rosidl_typesupport_fastrtps_c.cpython-310-x86_64-linux-gnu.so
[7.879s] -- Installing: /home/riley/ros2_ws/src/install/fake_ar_publisher/local/lib/python3.10/dist-packages/fake_ar_publisher/fake_ar_publisher_s__rosidl_typesupport_introspection_c.cpython-310-x86_64-linux-gnu.so
[7.879s] -- Installing: /home/riley/ros2_ws/src/install/fake_ar_publisher/local/lib/python3.10/dist-packages/fake_ar_publisher/msg
[7.880s] -- Installing: /home/riley/ros2_ws/src/install/fake_ar_publisher/local/lib/python3.10/dist-packages/fake_ar_publisher/msg/_ar_marker.py
[7.880s] -- Installing: /home/riley/ros2_ws/src/install/fake_ar_publisher/local/lib/python3.10/dist-packages/fake_ar_publisher/msg/_ar_marker_s.c
[7.880s] -- Installing: /home/riley/ros2_ws/src/install/fake_ar_publisher/local/lib/python3.10/dist-packages/fake_ar_publisher/msg/__init__.py
[7.905s] Listing '/home/riley/ros2_ws/src/install/fake_ar_publisher/local/lib/python3.10/dist-packages/fake_ar_publisher'...
[7.905s] Compiling '/home/riley/ros2_ws/src/install/fake_ar_publisher/local/lib/python3.10/dist-packages/fake_ar_publisher/__init__.py'...
[7.905s] Listing '/home/riley/ros2_ws/src/install/fake_ar_publisher/local/lib/python3.10/dist-packages/fake_ar_publisher/msg'...
[7.905s] Compiling '/home/riley/ros2_ws/src/install/fake_ar_publisher/local/lib/python3.10/dist-packages/fake_ar_publisher/msg/__init__.py'...
[7.905s] Compiling '/home/riley/ros2_ws/src/install/fake_ar_publisher/local/lib/python3.10/dist-packages/fake_ar_publisher/msg/_ar_marker.py'...
[7.908s] -- Installing: /home/riley/ros2_ws/src/install/fake_ar_publisher/local/lib/python3.10/dist-packages/fake_ar_publisher/fake_ar_publisher_s__rosidl_typesupport_fastrtps_c.cpython-310-x86_64-linux-gnu.so
[7.908s] -- Set runtime path of "/home/riley/ros2_ws/src/install/fake_ar_publisher/local/lib/python3.10/dist-packages/fake_ar_publisher/fake_ar_publisher_s__rosidl_typesupport_fastrtps_c.cpython-310-x86_64-linux-gnu.so" to ""
[7.909s] -- Installing: /home/riley/ros2_ws/src/install/fake_ar_publisher/local/lib/python3.10/dist-packages/fake_ar_publisher/fake_ar_publisher_s__rosidl_typesupport_introspection_c.cpython-310-x86_64-linux-gnu.so
[7.909s] -- Set runtime path of "/home/riley/ros2_ws/src/install/fake_ar_publisher/local/lib/python3.10/dist-packages/fake_ar_publisher/fake_ar_publisher_s__rosidl_typesupport_introspection_c.cpython-310-x86_64-linux-gnu.so" to ""
[7.909s] -- Installing: /home/riley/ros2_ws/src/install/fake_ar_publisher/local/lib/python3.10/dist-packages/fake_ar_publisher/fake_ar_publisher_s__rosidl_typesupport_c.cpython-310-x86_64-linux-gnu.so
[7.910s] -- Set runtime path of "/home/riley/ros2_ws/src/install/fake_ar_publisher/local/lib/python3.10/dist-packages/fake_ar_publisher/fake_ar_publisher_s__rosidl_typesupport_c.cpython-310-x86_64-linux-gnu.so" to ""
[7.910s] -- Installing: /home/riley/ros2_ws/src/install/fake_ar_publisher/lib/libfake_ar_publisher__rosidl_generator_py.so
[7.910s] -- Set runtime path of "/home/riley/ros2_ws/src/install/fake_ar_publisher/lib/libfake_ar_publisher__rosidl_generator_py.so" to ""
[7.910s] -- Installing: /home/riley/ros2_ws/src/install/fake_ar_publisher/share/fake_ar_publisher/msg/ARMarker.idl
[7.910s] -- Installing: /home/riley/ros2_ws/src/install/fake_ar_publisher/share/fake_ar_publisher/msg/ARMarker.msg
[7.911s] -- Installing: /home/riley/ros2_ws/src/install/fake_ar_publisher/lib/fake_ar_publisher/fake_ar_publisher_node
[7.912s] -- Set runtime path of "/home/riley/ros2_ws/src/install/fake_ar_publisher/lib/fake_ar_publisher/fake_ar_publisher_node" to ""
[7.912s] -- Installing: /home/riley/ros2_ws/src/install/fake_ar_publisher/share/ament_index/resource_index/package_run_dependencies/fake_ar_publisher
[7.912s] -- Installing: /home/riley/ros2_ws/src/install/fake_ar_publisher/share/ament_index/resource_index/parent_prefix_path/fake_ar_publisher
[7.912s] -- Installing: /home/riley/ros2_ws/src/install/fake_ar_publisher/share/fake_ar_publisher/environment/ament_prefix_path.sh
[7.913s] -- Installing: /home/riley/ros2_ws/src/install/fake_ar_publisher/share/fake_ar_publisher/environment/ament_prefix_path.dsv
[7.913s] -- Installing: /home/riley/ros2_ws/src/install/fake_ar_publisher/share/fake_ar_publisher/environment/path.sh
[7.913s] -- Installing: /home/riley/ros2_ws/src/install/fake_ar_publisher/share/fake_ar_publisher/environment/path.dsv
[7.913s] -- Installing: /home/riley/ros2_ws/src/install/fake_ar_publisher/share/fake_ar_publisher/local_setup.bash
[7.913s] -- Installing: /home/riley/ros2_ws/src/install/fake_ar_publisher/share/fake_ar_publisher/local_setup.sh
[7.914s] -- Installing: /home/riley/ros2_ws/src/install/fake_ar_publisher/share/fake_ar_publisher/local_setup.zsh
[7.914s] -- Installing: /home/riley/ros2_ws/src/install/fake_ar_publisher/share/fake_ar_publisher/local_setup.dsv
[7.914s] -- Installing: /home/riley/ros2_ws/src/install/fake_ar_publisher/share/fake_ar_publisher/package.dsv
[7.914s] -- Installing: /home/riley/ros2_ws/src/install/fake_ar_publisher/share/ament_index/resource_index/packages/fake_ar_publisher
[7.914s] -- Installing: /home/riley/ros2_ws/src/install/fake_ar_publisher/share/fake_ar_publisher/cmake/export_fake_ar_publisher__rosidl_generator_cExport.cmake
[7.915s] -- Installing: /home/riley/ros2_ws/src/install/fake_ar_publisher/share/fake_ar_publisher/cmake/export_fake_ar_publisher__rosidl_generator_cExport-noconfig.cmake
[7.915s] -- Installing: /home/riley/ros2_ws/src/install/fake_ar_publisher/share/fake_ar_publisher/cmake/export_fake_ar_publisher__rosidl_typesupport_fastrtps_cExport.cmake
[7.915s] -- Installing: /home/riley/ros2_ws/src/install/fake_ar_publisher/share/fake_ar_publisher/cmake/export_fake_ar_publisher__rosidl_typesupport_fastrtps_cExport-noconfig.cmake
[7.915s] -- Installing: /home/riley/ros2_ws/src/install/fake_ar_publisher/share/fake_ar_publisher/cmake/export_fake_ar_publisher__rosidl_generator_cppExport.cmake
[7.915s] -- Installing: /home/riley/ros2_ws/src/install/fake_ar_publisher/share/fake_ar_publisher/cmake/export_fake_ar_publisher__rosidl_typesupport_fastrtps_cppExport.cmake
[7.916s] -- Installing: /home/riley/ros2_ws/src/install/fake_ar_publisher/share/fake_ar_publisher/cmake/export_fake_ar_publisher__rosidl_typesupport_fastrtps_cppExport-noconfig.cmake
[7.916s] -- Installing: /home/riley/ros2_ws/src/install/fake_ar_publisher/share/fake_ar_publisher/cmake/fake_ar_publisher__rosidl_typesupport_introspection_cExport.cmake
[7.916s] -- Installing: /home/riley/ros2_ws/src/install/fake_ar_publisher/share/fake_ar_publisher/cmake/fake_ar_publisher__rosidl_typesupport_introspection_cExport-noconfig.cmake
[7.916s] -- Installing: /home/riley/ros2_ws/src/install/fake_ar_publisher/share/fake_ar_publisher/cmake/fake_ar_publisher__rosidl_typesupport_cExport.cmake
[7.917s] -- Installing: /home/riley/ros2_ws/src/install/fake_ar_publisher/share/fake_ar_publisher/cmake/fake_ar_publisher__rosidl_typesupport_cExport-noconfig.cmake
[7.917s] -- Installing: /home/riley/ros2_ws/src/install/fake_ar_publisher/share/fake_ar_publisher/cmake/fake_ar_publisher__rosidl_typesupport_introspection_cppExport.cmake
[7.917s] -- Installing: /home/riley/ros2_ws/src/install/fake_ar_publisher/share/fake_ar_publisher/cmake/fake_ar_publisher__rosidl_typesupport_introspection_cppExport-noconfig.cmake
[7.917s] -- Installing: /home/riley/ros2_ws/src/install/fake_ar_publisher/share/fake_ar_publisher/cmake/fake_ar_publisher__rosidl_typesupport_cppExport.cmake
[7.917s] -- Installing: /home/riley/ros2_ws/src/install/fake_ar_publisher/share/fake_ar_publisher/cmake/fake_ar_publisher__rosidl_typesupport_cppExport-noconfig.cmake
[7.918s] -- Installing: /home/riley/ros2_ws/src/install/fake_ar_publisher/share/fake_ar_publisher/cmake/export_fake_ar_publisher__rosidl_generator_pyExport.cmake
[7.918s] -- Installing: /home/riley/ros2_ws/src/install/fake_ar_publisher/share/fake_ar_publisher/cmake/export_fake_ar_publisher__rosidl_generator_pyExport-noconfig.cmake
[7.918s] -- Installing: /home/riley/ros2_ws/src/install/fake_ar_publisher/share/fake_ar_publisher/cmake/rosidl_cmake-extras.cmake
[7.918s] -- Installing: /home/riley/ros2_ws/src/install/fake_ar_publisher/share/fake_ar_publisher/cmake/ament_cmake_export_dependencies-extras.cmake
[7.918s] -- Installing: /home/riley/ros2_ws/src/install/fake_ar_publisher/share/fake_ar_publisher/cmake/ament_cmake_export_include_directories-extras.cmake
[7.918s] -- Installing: /home/riley/ros2_ws/src/install/fake_ar_publisher/share/fake_ar_publisher/cmake/ament_cmake_export_libraries-extras.cmake
[7.919s] -- Installing: /home/riley/ros2_ws/src/install/fake_ar_publisher/share/fake_ar_publisher/cmake/ament_cmake_export_targets-extras.cmake
[7.919s] -- Installing: /home/riley/ros2_ws/src/install/fake_ar_publisher/share/fake_ar_publisher/cmake/rosidl_cmake_export_typesupport_targets-extras.cmake
[7.919s] -- Installing: /home/riley/ros2_ws/src/install/fake_ar_publisher/share/fake_ar_publisher/cmake/rosidl_cmake_export_typesupport_libraries-extras.cmake
[7.919s] -- Installing: /home/riley/ros2_ws/src/install/fake_ar_publisher/share/fake_ar_publisher/cmake/fake_ar_publisherConfig.cmake
[7.919s] -- Installing: /home/riley/ros2_ws/src/install/fake_ar_publisher/share/fake_ar_publisher/cmake/fake_ar_publisherConfig-version.cmake
[7.920s] -- Installing: /home/riley/ros2_ws/src/install/fake_ar_publisher/share/fake_ar_publisher/package.xml
[7.922s] Invoked command in '/home/riley/ros2_ws/src/build/fake_ar_publisher' returned '0': CMAKE_PREFIX_PATH=/opt/ros/humble /usr/bin/cmake --install /home/riley/ros2_ws/src/build/fake_ar_publisher
